#
# A fatal error has been detected by the Java Runtime Environment:
#
#  SIGSEGV (0xb) at pc=0x00007ff2bfb80b1e, pid=8454, tid=8488
#
# JRE version: OpenJDK Runtime Environment (10.0.2+13) (build 10.0.2+13-Ubuntu-1ubuntu0.18.04.2)
# Java VM: OpenJDK 64-Bit Server VM (10.0.2+13-Ubuntu-1ubuntu0.18.04.2, mixed mode, tiered, compressed oops, g1 gc, linux-amd64)
# Problematic frame:
# v  ~BufferBlob::jni_fast_GetLongField
#
# Core dump will be written. Default location: Core dumps may be processed with "/usr/share/apport/apport %p %s %c %d %P" (or dumping to /home/leanderson/Documentos/workspace-eclypse/projeto_POO_lanchonete/projeto_lanchonete_poo/core.8454)
#
# If you would like to submit a bug report, please visit:
#   http://bugreport.java.com/bugreport/crash.jsp
# The crash happened outside the Java Virtual Machine in native code.
# See problematic frame for where to report the bug.
#

---------------  S U M M A R Y ------------

Command Line: -Dfile.encoding=UTF-8 com.lanchonete.view.TelaInicial

Host: Intel(R) Core(TM) i7-7500U CPU @ 2.70GHz, 4 cores, 7G, Ubuntu 18.04.1 LTS
Time: Tue Oct  2 13:06:24 2018 -03 elapsed time: 8856 seconds (0d 2h 27m 36s)

---------------  T H R E A D  ---------------

Current thread (0x00007ff2d83b2800):  JavaThread "AWT-XAWT" daemon [_thread_in_native, id=8488, stack(0x00007ff2ac04f000,0x00007ff2ac150000)]

Stack: [0x00007ff2ac04f000,0x00007ff2ac150000],  sp=0x00007ff2ac14e878,  free space=1022k
Native frames: (J=compiled Java code, A=aot compiled Java code, j=interpreted, Vv=VM code, C=native code)
v  ~BufferBlob::jni_fast_GetLongField
C  [libX11.so.6+0x64b1d]  _XimServerDestroy+0x3d

Java frames: (J=compiled Java code, j=interpreted, Vv=VM code)
J 1433  sun.awt.X11.XlibWrapper.XFilterEvent(JJ)Z java.desktop@10.0.2 (0 bytes) @ 0x00007ff2c7673704 [0x00007ff2c76736c0+0x0000000000000044]
j  sun.awt.X11.XToolkit.run(Z)V+287 java.desktop@10.0.2
j  sun.awt.X11.XToolkit.run()V+5 java.desktop@10.0.2
j  java.lang.Thread.run()V+11 java.base@10.0.2
v  ~StubRoutines::call_stub

siginfo: si_signo: 11 (SIGSEGV), si_code: 1 (SEGV_MAPERR), si_addr: 0x0000000000000000

Register to memory mapping:

RAX=0x00007ff2e1140a80: <offset 0x0000000001274a80> in /usr/lib/jvm/java-11-openjdk-amd64/lib/server/libjvm.so at 0x00007ff2dfecc000
RBX=0x00007ff2d83b2a00 is an unknown value
RCX=0x0000000000000000 is an unknown value
RDX=0x0000000000000042 is an unknown value
RSP=0x00007ff2ac14e878 is pointing into the stack for thread: 0x00007ff2d83b2800
RBP=0x00007ff2ac14e8a0 is pointing into the stack for thread: 0x00007ff2d83b2800
RSI=0x0000000000000000 is an unknown value
RDI=0x00007ff2d83b2a00 is an unknown value
R8 =0x00007ff2631b39b0: <offset 0x000000000005c9b0> in /usr/lib/x86_64-linux-gnu/libX11.so.6 at 0x00007ff263157000
R9 =0x0000000000000000 is an unknown value
R10=0x00000000000045ec is an unknown value
R11=0x00007ff2c76736d8 is at entry_point+24 in (nmethod*)0x00007ff2c7673510
R12=0x0000000000000000 is an unknown value
R13=0x0000000000000000 is an unknown value
R14=0x00007ff2639045c0: <offset 0x00000000002635c0> in /usr/lib/jvm/java-11-openjdk-amd64/lib/libawt_xawt.so at 0x00007ff2636a1000
R15=0x00007ff2d83b2800 is a thread


Registers:
RAX=0x00007ff2e1140a80, RBX=0x00007ff2d83b2a00, RCX=0x0000000000000000, RDX=0x0000000000000042
RSP=0x00007ff2ac14e878, RBP=0x00007ff2ac14e8a0, RSI=0x0000000000000000, RDI=0x00007ff2d83b2a00
R8 =0x00007ff2631b39b0, R9 =0x0000000000000000, R10=0x00000000000045ec, R11=0x00007ff2c76736d8
R12=0x0000000000000000, R13=0x0000000000000000, R14=0x00007ff2639045c0, R15=0x00007ff2d83b2800
RIP=0x00007ff2bfb80b1e, EFLAGS=0x0000000000010246, CSGSFS=0x002b000000000033, ERR=0x0000000000000004
  TRAPNO=0x000000000000000e

Top of Stack: (sp=0x00007ff2ac14e878)
0x00007ff2ac14e878:   00007ff2636d81d4 00007ff2bdb8fa50
0x00007ff2ac14e888:   0000000000000000 00007ff2ac14e948
0x00007ff2ac14e898:   00007ff2ac14e920 00007ff240337940
0x00007ff2ac14e8a8:   00007ff2631bbb1d 00007ff2bdb8fa50 

Instructions: (pc=0x00007ff2bfb80b1e)
0x00007ff2bfb80afe:   00 00 44 8b 15 7d b8 60 21 4c 8b ce 41 f6 c2 01
0x00007ff2bfb80b0e:   0f 85 32 00 00 00 4d 33 ca 4d 33 ca 49 83 e1 fe
0x00007ff2bfb80b1e:   4d 8b 09 4c 8b da 49 c1 eb 02 4b 8b 04 19 49 bb
0x00007ff2bfb80b2e:   84 c3 18 e1 f2 7f 00 00 4c 33 d8 4c 33 d8 45 3b 



---------------  P R O C E S S  ---------------

Threads class SMR info:
_java_thread_list=0x000055cebfcdbbe0, length=15, elements={
0x00007ff2d8131800, 0x00007ff2d8133800, 0x00007ff2d8147000, 0x00007ff2d8149000,
0x00007ff2d814b000, 0x00007ff2d814d000, 0x00007ff2d814f000, 0x00007ff2d81bc000,
0x00007ff2d81ca800, 0x00007ff2d83b1000, 0x00007ff2d83b2800, 0x00007ff2d83b8000,
0x00007ff2d83b9800, 0x00007ff2d8011800, 0x00007ff24033c000
}

Java Threads: ( => current thread )
  0x00007ff2d8131800 JavaThread "Reference Handler" daemon [_thread_blocked, id=8474, stack(0x00007ff2bd375000,0x00007ff2bd476000)]
  0x00007ff2d8133800 JavaThread "Finalizer" daemon [_thread_blocked, id=8475, stack(0x00007ff2bd274000,0x00007ff2bd375000)]
  0x00007ff2d8147000 JavaThread "Signal Dispatcher" daemon [_thread_in_vm, id=8476, stack(0x00007ff2bc7a4000,0x00007ff2bc8a5000)]
  0x00007ff2d8149000 JavaThread "C2 CompilerThread0" daemon [_thread_blocked, id=8477, stack(0x00007ff2bc6a3000,0x00007ff2bc7a4000)]
  0x00007ff2d814b000 JavaThread "C2 CompilerThread1" daemon [_thread_blocked, id=8478, stack(0x00007ff2bc5a2000,0x00007ff2bc6a3000)]
  0x00007ff2d814d000 JavaThread "C1 CompilerThread2" daemon [_thread_blocked, id=8479, stack(0x00007ff2bc4a1000,0x00007ff2bc5a2000)]
  0x00007ff2d814f000 JavaThread "Sweeper thread" daemon [_thread_blocked, id=8480, stack(0x00007ff2bc3a0000,0x00007ff2bc4a1000)]
  0x00007ff2d81bc000 JavaThread "Service Thread" daemon [_thread_blocked, id=8481, stack(0x00007ff2bc29f000,0x00007ff2bc3a0000)]
  0x00007ff2d81ca800 JavaThread "Common-Cleaner" daemon [_thread_blocked, id=8483, stack(0x00007ff2bc09c000,0x00007ff2bc19d000)]
  0x00007ff2d83b1000 JavaThread "Java2D Disposer" daemon [_thread_blocked, id=8487, stack(0x00007ff260048000,0x00007ff260149000)]
=>0x00007ff2d83b2800 JavaThread "AWT-XAWT" daemon [_thread_in_native, id=8488, stack(0x00007ff2ac04f000,0x00007ff2ac150000)]
  0x00007ff2d83b8000 JavaThread "AWT-Shutdown" [_thread_blocked, id=8489, stack(0x00007ff259c8b000,0x00007ff259d8c000)]
  0x00007ff2d83b9800 JavaThread "AWT-EventQueue-0" [_thread_blocked, id=8490, stack(0x00007ff259b8a000,0x00007ff259c8b000)]
  0x00007ff2d8011800 JavaThread "DestroyJavaVM" [_thread_blocked, id=8460, stack(0x00007ff2e1ef3000,0x00007ff2e1ff4000)]
  0x00007ff24033c000 JavaThread "TimerQueue" daemon [_thread_blocked, id=8491, stack(0x00007ff259489000,0x00007ff25958a000)]

Other Threads:
  0x00007ff2d8127800 VMThread "VM Thread" [stack: 0x00007ff2dc084000,0x00007ff2dc184000] [id=8473]
  0x00007ff2d81be000 WatcherThread [stack: 0x00007ff2bc19f000,0x00007ff2bc29f000] [id=8482]
  0x00007ff2d8028000 GCTaskThread "GC Thread#0" [stack: 0x00007ff2de01d000,0x00007ff2de11d000] [id=8462]
  0x00007ff2d8029800 GCTaskThread "GC Thread#1" [stack: 0x00007ff2ddf1b000,0x00007ff2de01b000] [id=8463]
  0x00007ff2d802b000 GCTaskThread "GC Thread#2" [stack: 0x00007ff2dde19000,0x00007ff2ddf19000] [id=8464]
  0x00007ff2d802d000 GCTaskThread "GC Thread#3" [stack: 0x00007ff2ddd17000,0x00007ff2dde17000] [id=8465]
  0x00007ff2d8056000 ConcurrentGCThread "G1 Main Marker" [stack: 0x00007ff2dcc8f000,0x00007ff2dcd8f000] [id=8466]
  0x00007ff2d8058000 ConcurrentGCThread "G1 Conc#0" [stack: 0x00007ff2dcb8d000,0x00007ff2dcc8d000] [id=8467]
  0x00007ff2d80bf800 ConcurrentGCThread "G1 Refine#0" [stack: 0x00007ff2dc687000,0x00007ff2dc787000] [id=8468]
  0x00007ff2d80c1800 ConcurrentGCThread "G1 Refine#1" [stack: 0x00007ff2dc585000,0x00007ff2dc685000] [id=8469]
  0x00007ff2d80c3000 ConcurrentGCThread "G1 Refine#2" [stack: 0x00007ff2dc483000,0x00007ff2dc583000] [id=8470]
  0x00007ff2d80c5000 ConcurrentGCThread "G1 Refine#3" [stack: 0x00007ff2dc381000,0x00007ff2dc481000] [id=8471]
  0x00007ff2d80c6800 ConcurrentGCThread "G1 Young RemSet Sampling" [stack: 0x00007ff2dc27f000,0x00007ff2dc37f000] [id=8472]

Threads with active compile tasks:

VM state:not at safepoint (normal execution)

VM Mutex/Monitor currently owned by a thread:  ([mutex/lock_event])
[0x00007ff2d800dc40] Threads_lock - owner thread: 0x00007ff2d8147000

Heap address: 0x0000000085400000, size: 1964 MB, Compressed Oops mode: 32-bit
Narrow klass base: 0x0000000000000000, Narrow klass shift: 3
Compressed class space size: 1073741824 Address: 0x0000000100000000

Heap:
 garbage-first heap   total 126976K, used 7429K [0x0000000085400000, 0x0000000100000000)
  region size 1024K, 5 young (5120K), 1 survivors (1024K)
 Metaspace       used 20981K, capacity 21536K, committed 21808K, reserved 1069056K
  class space    used 2133K, capacity 2395K, committed 2432K, reserved 1048576K
Heap Regions: E=young(eden), S=young(survivor), O=old, HS=humongous(starts), HC=humongous(continues), CS=collection set, F=free, A=archive, TS=gc time stamp, AC=allocation context, TAMS=top-at-mark-start (previous, next)
|   0|0x0000000085400000, 0x0000000085500000, 0x0000000085500000|100%| O|  |TS  0|AC  0|TAMS 0x0000000085500000, 0x0000000085500000|
|   1|0x0000000085500000, 0x0000000085600000, 0x0000000085600000|100%| O|  |TS  0|AC  0|TAMS 0x0000000085600000, 0x0000000085600000|
|   2|0x0000000085600000, 0x0000000085700000, 0x0000000085700000|100%| O|  |TS  0|AC  0|TAMS 0x0000000085700000, 0x0000000085700000|
|   3|0x0000000085700000, 0x0000000085741600, 0x0000000085800000| 25%| O|  |TS  0|AC  0|TAMS 0x0000000085741600, 0x0000000085741600|
|   4|0x0000000085800000, 0x0000000085800000, 0x0000000085900000|  0%| F|  |TS  0|AC  0|TAMS 0x0000000085800000, 0x0000000085800000|
|   5|0x0000000085900000, 0x0000000085900000, 0x0000000085a00000|  0%| F|  |TS  0|AC  0|TAMS 0x0000000085900000, 0x0000000085900000|
|   6|0x0000000085a00000, 0x0000000085a00000, 0x0000000085b00000|  0%| F|  |TS  0|AC  0|TAMS 0x0000000085a00000, 0x0000000085a00000|
|   7|0x0000000085b00000, 0x0000000085b00000, 0x0000000085c00000|  0%| F|  |TS  0|AC  0|TAMS 0x0000000085b00000, 0x0000000085b00000|
|   8|0x0000000085c00000, 0x0000000085c00000, 0x0000000085d00000|  0%| F|  |TS  0|AC  0|TAMS 0x0000000085c00000, 0x0000000085c00000|
|   9|0x0000000085d00000, 0x0000000085d00000, 0x0000000085e00000|  0%| F|  |TS  0|AC  0|TAMS 0x0000000085d00000, 0x0000000085d00000|
|  10|0x0000000085e00000, 0x0000000085e00000, 0x0000000085f00000|  0%| F|  |TS  0|AC  0|TAMS 0x0000000085e00000, 0x0000000085e00000|
|  11|0x0000000085f00000, 0x0000000085f00000, 0x0000000086000000|  0%| F|  |TS  0|AC  0|TAMS 0x0000000085f00000, 0x0000000085f00000|
|  12|0x0000000086000000, 0x0000000086000000, 0x0000000086100000|  0%| F|  |TS  0|AC  0|TAMS 0x0000000086000000, 0x0000000086000000|
|  13|0x0000000086100000, 0x0000000086100000, 0x0000000086200000|  0%| F|  |TS  0|AC  0|TAMS 0x0000000086100000, 0x0000000086100000|
|  14|0x0000000086200000, 0x0000000086200000, 0x0000000086300000|  0%| F|  |TS  0|AC  0|TAMS 0x0000000086200000, 0x0000000086200000|
|  15|0x0000000086300000, 0x0000000086300000, 0x0000000086400000|  0%| F|  |TS  0|AC  0|TAMS 0x0000000086300000, 0x0000000086300000|
|  16|0x0000000086400000, 0x0000000086400000, 0x0000000086500000|  0%| F|  |TS  0|AC  0|TAMS 0x0000000086400000, 0x0000000086400000|
|  17|0x0000000086500000, 0x0000000086500000, 0x0000000086600000|  0%| F|  |TS  0|AC  0|TAMS 0x0000000086500000, 0x0000000086500000|
|  18|0x0000000086600000, 0x0000000086600000, 0x0000000086700000|  0%| F|  |TS  0|AC  0|TAMS 0x0000000086600000, 0x0000000086600000|
|  19|0x0000000086700000, 0x0000000086700000, 0x0000000086800000|  0%| F|  |TS  0|AC  0|TAMS 0x0000000086700000, 0x0000000086700000|
|  20|0x0000000086800000, 0x0000000086800000, 0x0000000086900000|  0%| F|  |TS  0|AC  0|TAMS 0x0000000086800000, 0x0000000086800000|
|  21|0x0000000086900000, 0x0000000086900000, 0x0000000086a00000|  0%| F|  |TS  0|AC  0|TAMS 0x0000000086900000, 0x0000000086900000|
|  22|0x0000000086a00000, 0x0000000086a00000, 0x0000000086b00000|  0%| F|  |TS  0|AC  0|TAMS 0x0000000086a00000, 0x0000000086a00000|
|  23|0x0000000086b00000, 0x0000000086b00000, 0x0000000086c00000|  0%| F|  |TS  0|AC  0|TAMS 0x0000000086b00000, 0x0000000086b00000|
|  24|0x0000000086c00000, 0x0000000086c00000, 0x0000000086d00000|  0%| F|  |TS  0|AC  0|TAMS 0x0000000086c00000, 0x0000000086c00000|
|  25|0x0000000086d00000, 0x0000000086d00000, 0x0000000086e00000|  0%| F|  |TS  0|AC  0|TAMS 0x0000000086d00000, 0x0000000086d00000|
|  26|0x0000000086e00000, 0x0000000086e00000, 0x0000000086f00000|  0%| F|  |TS  0|AC  0|TAMS 0x0000000086e00000, 0x0000000086e00000|
|  27|0x0000000086f00000, 0x0000000086f00000, 0x0000000087000000|  0%| F|  |TS  0|AC  0|TAMS 0x0000000086f00000, 0x0000000086f00000|
|  28|0x0000000087000000, 0x0000000087000000, 0x0000000087100000|  0%| F|  |TS  0|AC  0|TAMS 0x0000000087000000, 0x0000000087000000|
|  29|0x0000000087100000, 0x0000000087100000, 0x0000000087200000|  0%| F|  |TS  0|AC  0|TAMS 0x0000000087100000, 0x0000000087100000|
|  30|0x0000000087200000, 0x0000000087200000, 0x0000000087300000|  0%| F|  |TS  0|AC  0|TAMS 0x0000000087200000, 0x0000000087200000|
|  31|0x0000000087300000, 0x0000000087300000, 0x0000000087400000|  0%| F|  |TS  0|AC  0|TAMS 0x0000000087300000, 0x0000000087300000|
|  32|0x0000000087400000, 0x0000000087400000, 0x0000000087500000|  0%| F|  |TS  0|AC  0|TAMS 0x0000000087400000, 0x0000000087400000|
|  33|0x0000000087500000, 0x0000000087500000, 0x0000000087600000|  0%| F|  |TS  0|AC  0|TAMS 0x0000000087500000, 0x0000000087500000|
|  34|0x0000000087600000, 0x0000000087600000, 0x0000000087700000|  0%| F|  |TS  0|AC  0|TAMS 0x0000000087600000, 0x0000000087600000|
|  35|0x0000000087700000, 0x0000000087700000, 0x0000000087800000|  0%| F|  |TS  0|AC  0|TAMS 0x0000000087700000, 0x0000000087700000|
|  36|0x0000000087800000, 0x0000000087800000, 0x0000000087900000|  0%| F|  |TS  0|AC  0|TAMS 0x0000000087800000, 0x0000000087800000|
|  37|0x0000000087900000, 0x0000000087900000, 0x0000000087a00000|  0%| F|  |TS  0|AC  0|TAMS 0x0000000087900000, 0x0000000087900000|
|  38|0x0000000087a00000, 0x0000000087a00000, 0x0000000087b00000|  0%| F|  |TS  0|AC  0|TAMS 0x0000000087a00000, 0x0000000087a00000|
|  39|0x0000000087b00000, 0x0000000087b00000, 0x0000000087c00000|  0%| F|  |TS  0|AC  0|TAMS 0x0000000087b00000, 0x0000000087b00000|
|  40|0x0000000087c00000, 0x0000000087c00000, 0x0000000087d00000|  0%| F|  |TS  0|AC  0|TAMS 0x0000000087c00000, 0x0000000087c00000|
|  41|0x0000000087d00000, 0x0000000087d00000, 0x0000000087e00000|  0%| F|  |TS  0|AC  0|TAMS 0x0000000087d00000, 0x0000000087d00000|
|  42|0x0000000087e00000, 0x0000000087e00000, 0x0000000087f00000|  0%| F|  |TS  0|AC  0|TAMS 0x0000000087e00000, 0x0000000087e00000|
|  43|0x0000000087f00000, 0x0000000087f00000, 0x0000000088000000|  0%| F|  |TS  0|AC  0|TAMS 0x0000000087f00000, 0x0000000087f00000|
|  44|0x0000000088000000, 0x0000000088000000, 0x0000000088100000|  0%| F|  |TS  0|AC  0|TAMS 0x0000000088000000, 0x0000000088000000|
|  45|0x0000000088100000, 0x0000000088100000, 0x0000000088200000|  0%| F|  |TS  0|AC  0|TAMS 0x0000000088100000, 0x0000000088100000|
|  46|0x0000000088200000, 0x0000000088200000, 0x0000000088300000|  0%| F|  |TS  0|AC  0|TAMS 0x0000000088200000, 0x0000000088200000|
|  47|0x0000000088300000, 0x0000000088300000, 0x0000000088400000|  0%| F|  |TS  0|AC  0|TAMS 0x0000000088300000, 0x0000000088300000|
|  48|0x0000000088400000, 0x0000000088400000, 0x0000000088500000|  0%| F|  |TS  0|AC  0|TAMS 0x0000000088400000, 0x0000000088400000|
|  49|0x0000000088500000, 0x0000000088500000, 0x0000000088600000|  0%| F|  |TS  0|AC  0|TAMS 0x0000000088500000, 0x0000000088500000|
|  50|0x0000000088600000, 0x0000000088600000, 0x0000000088700000|  0%| F|  |TS  0|AC  0|TAMS 0x0000000088600000, 0x0000000088600000|
|  51|0x0000000088700000, 0x0000000088700000, 0x0000000088800000|  0%| F|  |TS  0|AC  0|TAMS 0x0000000088700000, 0x0000000088700000|
|  52|0x0000000088800000, 0x0000000088800000, 0x0000000088900000|  0%| F|  |TS  0|AC  0|TAMS 0x0000000088800000, 0x0000000088800000|
|  53|0x0000000088900000, 0x0000000088900000, 0x0000000088a00000|  0%| F|  |TS  0|AC  0|TAMS 0x0000000088900000, 0x0000000088900000|
|  54|0x0000000088a00000, 0x0000000088a00000, 0x0000000088b00000|  0%| F|  |TS  0|AC  0|TAMS 0x0000000088a00000, 0x0000000088a00000|
|  55|0x0000000088b00000, 0x0000000088b00000, 0x0000000088c00000|  0%| F|  |TS  0|AC  0|TAMS 0x0000000088b00000, 0x0000000088b00000|
|  56|0x0000000088c00000, 0x0000000088c00000, 0x0000000088d00000|  0%| F|  |TS  0|AC  0|TAMS 0x0000000088c00000, 0x0000000088c00000|
|  57|0x0000000088d00000, 0x0000000088d00000, 0x0000000088e00000|  0%| F|  |TS  0|AC  0|TAMS 0x0000000088d00000, 0x0000000088d00000|
|  58|0x0000000088e00000, 0x0000000088e00000, 0x0000000088f00000|  0%| F|  |TS  0|AC  0|TAMS 0x0000000088e00000, 0x0000000088e00000|
|  59|0x0000000088f00000, 0x0000000088f00000, 0x0000000089000000|  0%| F|  |TS  0|AC  0|TAMS 0x0000000088f00000, 0x0000000088f00000|
|  60|0x0000000089000000, 0x0000000089000000, 0x0000000089100000|  0%| F|  |TS  0|AC  0|TAMS 0x0000000089000000, 0x0000000089000000|
|  61|0x0000000089100000, 0x0000000089100000, 0x0000000089200000|  0%| F|  |TS  0|AC  0|TAMS 0x0000000089100000, 0x0000000089100000|
|  62|0x0000000089200000, 0x0000000089200000, 0x0000000089300000|  0%| F|  |TS  0|AC  0|TAMS 0x0000000089200000, 0x0000000089200000|
|  63|0x0000000089300000, 0x0000000089300000, 0x0000000089400000|  0%| F|  |TS  0|AC  0|TAMS 0x0000000089300000, 0x0000000089300000|
|  64|0x0000000089400000, 0x0000000089400000, 0x0000000089500000|  0%| F|  |TS  0|AC  0|TAMS 0x0000000089400000, 0x0000000089400000|
|  65|0x0000000089500000, 0x0000000089500000, 0x0000000089600000|  0%| F|  |TS  0|AC  0|TAMS 0x0000000089500000, 0x0000000089500000|
|  66|0x0000000089600000, 0x0000000089600000, 0x0000000089700000|  0%| F|  |TS  0|AC  0|TAMS 0x0000000089600000, 0x0000000089600000|
|  67|0x0000000089700000, 0x0000000089700000, 0x0000000089800000|  0%| F|  |TS  0|AC  0|TAMS 0x0000000089700000, 0x0000000089700000|
|  68|0x0000000089800000, 0x0000000089800000, 0x0000000089900000|  0%| F|  |TS  0|AC  0|TAMS 0x0000000089800000, 0x0000000089800000|
|  69|0x0000000089900000, 0x0000000089900000, 0x0000000089a00000|  0%| F|  |TS  0|AC  0|TAMS 0x0000000089900000, 0x0000000089900000|
|  70|0x0000000089a00000, 0x0000000089a00000, 0x0000000089b00000|  0%| F|  |TS  0|AC  0|TAMS 0x0000000089a00000, 0x0000000089a00000|
|  71|0x0000000089b00000, 0x0000000089b00000, 0x0000000089c00000|  0%| F|  |TS  0|AC  0|TAMS 0x0000000089b00000, 0x0000000089b00000|
|  72|0x0000000089c00000, 0x0000000089c00000, 0x0000000089d00000|  0%| F|  |TS  0|AC  0|TAMS 0x0000000089c00000, 0x0000000089c00000|
|  73|0x0000000089d00000, 0x0000000089d00000, 0x0000000089e00000|  0%| F|  |TS  0|AC  0|TAMS 0x0000000089d00000, 0x0000000089d00000|
|  74|0x0000000089e00000, 0x0000000089e00000, 0x0000000089f00000|  0%| F|  |TS  0|AC  0|TAMS 0x0000000089e00000, 0x0000000089e00000|
|  75|0x0000000089f00000, 0x0000000089f00000, 0x000000008a000000|  0%| F|  |TS  0|AC  0|TAMS 0x0000000089f00000, 0x0000000089f00000|
|  76|0x000000008a000000, 0x000000008a000000, 0x000000008a100000|  0%| F|  |TS  0|AC  0|TAMS 0x000000008a000000, 0x000000008a000000|
|  77|0x000000008a100000, 0x000000008a100000, 0x000000008a200000|  0%| F|  |TS  0|AC  0|TAMS 0x000000008a100000, 0x000000008a100000|
|  78|0x000000008a200000, 0x000000008a200000, 0x000000008a300000|  0%| F|  |TS  0|AC  0|TAMS 0x000000008a200000, 0x000000008a200000|
|  79|0x000000008a300000, 0x000000008a300000, 0x000000008a400000|  0%| F|  |TS  0|AC  0|TAMS 0x000000008a300000, 0x000000008a300000|
|  80|0x000000008a400000, 0x000000008a400000, 0x000000008a500000|  0%| F|  |TS  0|AC  0|TAMS 0x000000008a400000, 0x000000008a400000|
|  81|0x000000008a500000, 0x000000008a500000, 0x000000008a600000|  0%| F|  |TS  0|AC  0|TAMS 0x000000008a500000, 0x000000008a500000|
|  82|0x000000008a600000, 0x000000008a600000, 0x000000008a700000|  0%| F|  |TS  0|AC  0|TAMS 0x000000008a600000, 0x000000008a600000|
|  83|0x000000008a700000, 0x000000008a700000, 0x000000008a800000|  0%| F|  |TS  0|AC  0|TAMS 0x000000008a700000, 0x000000008a700000|
|  84|0x000000008a800000, 0x000000008a800000, 0x000000008a900000|  0%| F|  |TS  0|AC  0|TAMS 0x000000008a800000, 0x000000008a800000|
|  85|0x000000008a900000, 0x000000008a900000, 0x000000008aa00000|  0%| F|  |TS  0|AC  0|TAMS 0x000000008a900000, 0x000000008a900000|
|  86|0x000000008aa00000, 0x000000008aa00000, 0x000000008ab00000|  0%| F|  |TS  0|AC  0|TAMS 0x000000008aa00000, 0x000000008aa00000|
|  87|0x000000008ab00000, 0x000000008ab00000, 0x000000008ac00000|  0%| F|  |TS  0|AC  0|TAMS 0x000000008ab00000, 0x000000008ab00000|
|  88|0x000000008ac00000, 0x000000008ac00000, 0x000000008ad00000|  0%| F|  |TS  0|AC  0|TAMS 0x000000008ac00000, 0x000000008ac00000|
|  89|0x000000008ad00000, 0x000000008ad00000, 0x000000008ae00000|  0%| F|  |TS  0|AC  0|TAMS 0x000000008ad00000, 0x000000008ad00000|
|  90|0x000000008ae00000, 0x000000008ae00000, 0x000000008af00000|  0%| F|  |TS  0|AC  0|TAMS 0x000000008ae00000, 0x000000008ae00000|
|  91|0x000000008af00000, 0x000000008af00000, 0x000000008b000000|  0%| F|  |TS  0|AC  0|TAMS 0x000000008af00000, 0x000000008af00000|
|  92|0x000000008b000000, 0x000000008b000000, 0x000000008b100000|  0%| F|  |TS  0|AC  0|TAMS 0x000000008b000000, 0x000000008b000000|
|  93|0x000000008b100000, 0x000000008b100000, 0x000000008b200000|  0%| F|  |TS  0|AC  0|TAMS 0x000000008b100000, 0x000000008b100000|
|  94|0x000000008b200000, 0x000000008b200000, 0x000000008b300000|  0%| F|  |TS  0|AC  0|TAMS 0x000000008b200000, 0x000000008b200000|
|  95|0x000000008b300000, 0x000000008b300000, 0x000000008b400000|  0%| F|  |TS  0|AC  0|TAMS 0x000000008b300000, 0x000000008b300000|
|  96|0x000000008b400000, 0x000000008b400000, 0x000000008b500000|  0%| F|  |TS  0|AC  0|TAMS 0x000000008b400000, 0x000000008b400000|
|  97|0x000000008b500000, 0x000000008b500000, 0x000000008b600000|  0%| F|  |TS  0|AC  0|TAMS 0x000000008b500000, 0x000000008b500000|
|  98|0x000000008b600000, 0x000000008b600000, 0x000000008b700000|  0%| F|  |TS  0|AC  0|TAMS 0x000000008b600000, 0x000000008b600000|
|  99|0x000000008b700000, 0x000000008b700000, 0x000000008b800000|  0%| F|  |TS  0|AC  0|TAMS 0x000000008b700000, 0x000000008b700000|
| 100|0x000000008b800000, 0x000000008b800000, 0x000000008b900000|  0%| F|  |TS  0|AC  0|TAMS 0x000000008b800000, 0x000000008b800000|
| 101|0x000000008b900000, 0x000000008b900000, 0x000000008ba00000|  0%| F|  |TS  0|AC  0|TAMS 0x000000008b900000, 0x000000008b900000|
| 102|0x000000008ba00000, 0x000000008ba00000, 0x000000008bb00000|  0%| F|  |TS  0|AC  0|TAMS 0x000000008ba00000, 0x000000008ba00000|
| 103|0x000000008bb00000, 0x000000008bb00000, 0x000000008bc00000|  0%| F|  |TS  0|AC  0|TAMS 0x000000008bb00000, 0x000000008bb00000|
| 104|0x000000008bc00000, 0x000000008bc00000, 0x000000008bd00000|  0%| F|  |TS  0|AC  0|TAMS 0x000000008bc00000, 0x000000008bc00000|
| 105|0x000000008bd00000, 0x000000008bd00000, 0x000000008be00000|  0%| F|  |TS  0|AC  0|TAMS 0x000000008bd00000, 0x000000008bd00000|
| 106|0x000000008be00000, 0x000000008be00000, 0x000000008bf00000|  0%| F|  |TS  0|AC  0|TAMS 0x000000008be00000, 0x000000008be00000|
| 107|0x000000008bf00000, 0x000000008bf00000, 0x000000008c000000|  0%| F|  |TS  0|AC  0|TAMS 0x000000008bf00000, 0x000000008bf00000|
| 108|0x000000008c000000, 0x000000008c000000, 0x000000008c100000|  0%| F|  |TS  0|AC  0|TAMS 0x000000008c000000, 0x000000008c000000|
| 109|0x000000008c100000, 0x000000008c100000, 0x000000008c200000|  0%| F|  |TS  0|AC  0|TAMS 0x000000008c100000, 0x000000008c100000|
| 110|0x000000008c200000, 0x000000008c200000, 0x000000008c300000|  0%| F|  |TS  0|AC  0|TAMS 0x000000008c200000, 0x000000008c200000|
| 111|0x000000008c300000, 0x000000008c300000, 0x000000008c400000|  0%| F|  |TS  0|AC  0|TAMS 0x000000008c300000, 0x000000008c300000|
| 112|0x000000008c400000, 0x000000008c400000, 0x000000008c500000|  0%| F|  |TS  0|AC  0|TAMS 0x000000008c400000, 0x000000008c400000|
| 113|0x000000008c500000, 0x000000008c500000, 0x000000008c600000|  0%| F|  |TS  0|AC  0|TAMS 0x000000008c500000, 0x000000008c500000|
| 114|0x000000008c600000, 0x000000008c600000, 0x000000008c700000|  0%| F|  |TS  0|AC  0|TAMS 0x000000008c600000, 0x000000008c600000|
| 115|0x000000008c700000, 0x000000008c700000, 0x000000008c800000|  0%| F|  |TS  0|AC  0|TAMS 0x000000008c700000, 0x000000008c700000|
| 116|0x000000008c800000, 0x000000008c800000, 0x000000008c900000|  0%| F|  |TS  0|AC  0|TAMS 0x000000008c800000, 0x000000008c800000|
| 117|0x000000008c900000, 0x000000008c900000, 0x000000008ca00000|  0%| F|  |TS  0|AC  0|TAMS 0x000000008c900000, 0x000000008c900000|
| 118|0x000000008ca00000, 0x000000008cb00000, 0x000000008cb00000|100%| S|CS|TS  0|AC  0|TAMS 0x000000008ca00000, 0x000000008ca00000|
| 119|0x000000008cb00000, 0x000000008cb00000, 0x000000008cc00000|  0%| F|  |TS  0|AC  0|TAMS 0x000000008cb00000, 0x000000008cb00000|
| 120|0x000000008cc00000, 0x000000008cd00000, 0x000000008cd00000|100%| E|  |TS  0|AC  0|TAMS 0x000000008cc00000, 0x000000008cc00000|
| 121|0x000000008cd00000, 0x000000008ce00000, 0x000000008ce00000|100%| E|CS|TS  0|AC  0|TAMS 0x000000008cd00000, 0x000000008cd00000|
| 122|0x000000008ce00000, 0x000000008cf00000, 0x000000008cf00000|100%| E|CS|TS  0|AC  0|TAMS 0x000000008ce00000, 0x000000008ce00000|
| 123|0x000000008cf00000, 0x000000008d000000, 0x000000008d000000|100%| E|CS|TS  0|AC  0|TAMS 0x000000008cf00000, 0x000000008cf00000|

Card table byte_map: [0x00007ff2dd165000,0x00007ff2dd53b000] byte_map_base: 0x00007ff2dcd3b000

Marking Bits (Prev, Next): (CMBitMap*) 0x00007ff2d8055418, (CMBitMap*) 0x00007ff2d80553e0
 Prev Bits: [0x00007ff2ae150000, 0x00007ff2b0000000)
 Next Bits: [0x00007ff2bdc76000, 0x00007ff2bfb26000)

Polling page: 0x00007ff2e2012000

CodeHeap 'non-profiled nmethods': size=120032Kb used=707Kb max_used=740Kb free=119324Kb
 bounds [0x00007ff2c75ee000, 0x00007ff2c785e000, 0x00007ff2ceb26000]
CodeHeap 'profiled nmethods': size=120032Kb used=3943Kb max_used=4499Kb free=116089Kb
 bounds [0x00007ff2c00b6000, 0x00007ff2c0526000, 0x00007ff2c75ee000]
CodeHeap 'non-nmethods': size=5696Kb used=1270Kb max_used=1287Kb free=4425Kb
 bounds [0x00007ff2bfb26000, 0x00007ff2bfd96000, 0x00007ff2c00b6000]
 total_blobs=3285 nmethods=2008 adapters=614
 compilation: enabled

Compilation events (10 events):
Event: 3601,855 Thread 0x00007ff2d814d000 2209       3       java.awt.Container::updateGraphicsData (59 bytes)
Event: 3601,856 Thread 0x00007ff2d814d000 nmethod 2209 0x00007ff2c00b9190 code [0x00007ff2c00b93e0, 0x00007ff2c00b9c68]
Event: 3601,856 Thread 0x00007ff2d814d000 2210       3       java.awt.Component::updateGraphicsData (59 bytes)
Event: 3601,856 Thread 0x00007ff2d814d000 nmethod 2210 0x00007ff2c00b8790 code [0x00007ff2c00b89a0, 0x00007ff2c00b9018]
Event: 3601,857 Thread 0x00007ff2d814b000 2211       4       java.util.HashSet::add (20 bytes)
Event: 3601,858 Thread 0x00007ff2d814b000 nmethod 2211 0x00007ff2c75ee610 code [0x00007ff2c75ee7c0, 0x00007ff2c75ee868]
Event: 3601,951 Thread 0x00007ff2d814d000 2212       3       sun.awt.XSettings$Update::needBytes (36 bytes)
Event: 3601,952 Thread 0x00007ff2d814d000 nmethod 2212 0x00007ff2c00ba690 code [0x00007ff2c00ba860, 0x00007ff2c00baaf8]
Event: 6340,366 Thread 0x00007ff2d814d000 2213       3       sun.awt.X11.XClientMessageEvent::get_message_type (20 bytes)
Event: 6340,368 Thread 0x00007ff2d814d000 nmethod 2213 0x00007ff2c00bbf90 code [0x00007ff2c00bc180, 0x00007ff2c00bc628]

GC Heap History (4 events):
Event: 3,073 GC heap before
{Heap before GC invocations=0 (full 0):
 garbage-first heap   total 126976K, used 14336K [0x0000000085400000, 0x0000000100000000)
  region size 1024K, 14 young (14336K), 0 survivors (0K)
 Metaspace       used 17643K, capacity 18167K, committed 18560K, reserved 1064960K
  class space    used 1798K, capacity 2050K, committed 2176K, reserved 1048576K
}
Event: 3,088 GC heap after
{Heap after GC invocations=1 (full 0):
 garbage-first heap   total 126976K, used 3268K [0x0000000085400000, 0x0000000100000000)
  region size 1024K, 2 young (2048K), 2 survivors (2048K)
 Metaspace       used 17643K, capacity 18167K, committed 18560K, reserved 1064960K
  class space    used 1798K, capacity 2050K, committed 2176K, reserved 1048576K
}
Event: 15,247 GC heap before
{Heap before GC invocations=1 (full 0):
 garbage-first heap   total 126976K, used 7364K [0x0000000085400000, 0x0000000100000000)
  region size 1024K, 7 young (7168K), 2 survivors (2048K)
 Metaspace       used 20520K, capacity 21050K, committed 21296K, reserved 1069056K
  class space    used 2100K, capacity 2362K, committed 2432K, reserved 1048576K
}
Event: 15,255 GC heap after
{Heap after GC invocations=2 (full 0):
 garbage-first heap   total 126976K, used 4357K [0x0000000085400000, 0x0000000100000000)
  region size 1024K, 1 young (1024K), 1 survivors (1024K)
 Metaspace       used 20520K, capacity 21050K, committed 21296K, reserved 1069056K
  class space    used 2100K, capacity 2362K, committed 2432K, reserved 1048576K
}

Deoptimization events (10 events):
Event: 10,023 Thread 0x00007ff2d83b9800 Uncommon trap: reason=unstable_if action=reinterpret pc=0x00007ff2c7634628 method=java.lang.ref.ReferenceQueue.poll()Ljava/lang/ref/Reference; @ 4 c2
Event: 12,463 Thread 0x00007ff2d83b9800 Uncommon trap: reason=unstable_if action=reinterpret pc=0x00007ff2c75f6f8c method=java.lang.String.isLatin1()Z @ 10 c2
Event: 12,471 Thread 0x00007ff2d83b9800 Uncommon trap: reason=unstable_if action=reinterpret pc=0x00007ff2c7608480 method=java.lang.StringLatin1.replace([BCC)Ljava/lang/String; @ 19 c2
Event: 12,471 Thread 0x00007ff2d83b9800 Uncommon trap: reason=unstable_if action=reinterpret pc=0x00007ff2c7620398 method=jdk.internal.org.objectweb.asm.Type.getArgumentsAndReturnSizes(Ljava/lang/String;)I @ 88 c2
Event: 12,497 Thread 0x00007ff2d83b9800 Uncommon trap: reason=unstable_if action=reinterpret pc=0x00007ff2c764a314 method=java.lang.AbstractStringBuilder.putStringAt(ILjava/lang/String;)V @ 8 c2
Event: 12,497 Thread 0x00007ff2d83b9800 Uncommon trap: reason=unstable_if action=reinterpret pc=0x00007ff2c7624f34 method=java.lang.AbstractStringBuilder.putStringAt(ILjava/lang/String;)V @ 8 c2
Event: 12,497 Thread 0x00007ff2d83b9800 Uncommon trap: reason=unstable_if action=reinterpret pc=0x00007ff2c762316c method=java.lang.String.getBytes([BIB)V @ 5 c2
Event: 12,497 Thread 0x00007ff2d83b9800 Uncommon trap: reason=unstable_if action=reinterpret pc=0x00007ff2c7618a40 method=java.lang.AbstractStringBuilder.isLatin1()Z @ 10 c2
Event: 12,497 Thread 0x00007ff2d83b9800 Uncommon trap: reason=unstable_if action=reinterpret pc=0x00007ff2c7637040 method=java.lang.AbstractStringBuilder.isLatin1()Z @ 10 c2
Event: 12,505 Thread 0x00007ff2d83b9800 Uncommon trap: reason=intrinsic_or_type_checked_inlining action=make_not_entrant pc=0x00007ff2c76784f0 method=java.util.Arrays.copyOf([Ljava/lang/Object;ILjava/lang/Class;)[Ljava/lang/Object; @ 35 c2

Classes redefined (0 events):
No events

Internal exceptions (10 events):
Event: 12,589 Thread 0x00007ff2d83b9800 Exception <a 'java/lang/UnsupportedOperationException'{0x000000008ccdfa08}: > (0x000000008ccdfa08) thrown at [/build/openjdk-lts-xioZJb/openjdk-lts-10.0.2+13/src/hotspot/share/prims/jni.cpp, line 632]
Event: 13,438 Thread 0x00007ff2401fc800 Exception <a 'java/lang/NoSuchMethodError'{0x000000008cb87520}: method resolution failed> (0x000000008cb87520) thrown at [/build/openjdk-lts-xioZJb/openjdk-lts-10.0.2+13/src/hotspot/share/prims/methodHandles.cpp, line 1226]
Event: 13,441 Thread 0x00007ff2401fc800 Exception <a 'java/lang/NoSuchMethodError'{0x000000008cb93528}: method resolution failed> (0x000000008cb93528) thrown at [/build/openjdk-lts-xioZJb/openjdk-lts-10.0.2+13/src/hotspot/share/prims/methodHandles.cpp, line 1226]
Event: 13,548 Thread 0x00007ff2d83b9800 Exception <a 'java/lang/UnsupportedOperationException'{0x000000008cb50b20}: > (0x000000008cb50b20) thrown at [/build/openjdk-lts-xioZJb/openjdk-lts-10.0.2+13/src/hotspot/share/prims/jni.cpp, line 632]
Event: 15,222 Thread 0x00007ff2d83b9800 Exception <a 'java/lang/NoSuchMethodError'{0x000000008cbb2578}: <clinit>> (0x000000008cbb2578) thrown at [/build/openjdk-lts-xioZJb/openjdk-lts-10.0.2+13/src/hotspot/share/prims/jni.cpp, line 1366]
Event: 15,354 Thread 0x00007ff2d83b9800 Exception <a 'java/lang/UnsupportedOperationException'{0x000000008cf2e670}: > (0x000000008cf2e670) thrown at [/build/openjdk-lts-xioZJb/openjdk-lts-10.0.2+13/src/hotspot/share/prims/jni.cpp, line 632]
Event: 16,992 Thread 0x00007ff2d83b9800 Exception <a 'java/lang/UnsupportedOperationException'{0x000000008ce3c550}: > (0x000000008ce3c550) thrown at [/build/openjdk-lts-xioZJb/openjdk-lts-10.0.2+13/src/hotspot/share/prims/jni.cpp, line 632]
Event: 19,585 Thread 0x00007ff2d83b9800 Exception <a 'java/lang/UnsupportedOperationException'{0x000000008ceb9c50}: > (0x000000008ceb9c50) thrown at [/build/openjdk-lts-xioZJb/openjdk-lts-10.0.2+13/src/hotspot/share/prims/jni.cpp, line 632]
Event: 21,614 Thread 0x00007ff2d83b9800 Exception <a 'java/lang/UnsupportedOperationException'{0x000000008cd2df88}: > (0x000000008cd2df88) thrown at [/build/openjdk-lts-xioZJb/openjdk-lts-10.0.2+13/src/hotspot/share/prims/jni.cpp, line 632]
Event: 23,791 Thread 0x00007ff2d83b9800 Exception <a 'java/lang/UnsupportedOperationException'{0x000000008cd8c710}: > (0x000000008cd8c710) thrown at [/build/openjdk-lts-xioZJb/openjdk-lts-10.0.2+13/src/hotspot/share/prims/jni.cpp, line 632]

Events (10 events):
Event: 3601,951 Executing VM operation: RevokeBias
Event: 3601,951 Executing VM operation: RevokeBias done
Event: 3601,951 Executing VM operation: RevokeBias
Event: 3601,951 Executing VM operation: RevokeBias done
Event: 3601,951 Executing VM operation: RevokeBias
Event: 3601,951 Executing VM operation: RevokeBias done
Event: 3601,951 Executing VM operation: RevokeBias
Event: 3601,951 Executing VM operation: RevokeBias done
Event: 3601,951 loading class sun/awt/X11/XAWTXSettings$1
Event: 3602,066 loading class sun/awt/X11/XAWTXSettings$1 done


Dynamic libraries:
85400000-8d000000 rw-p 00000000 00:00 0 
8d000000-100000000 ---p 00000000 00:00 0 
100000000-100260000 rw-p 00000000 00:00 0 
100260000-140000000 ---p 00000000 00:00 0 
55cebe6b0000-55cebe6b1000 r-xp 00000000 08:02 5114154                    /usr/lib/jvm/java-11-openjdk-amd64/bin/java
55cebe8b1000-55cebe8b2000 r--p 00001000 08:02 5114154                    /usr/lib/jvm/java-11-openjdk-amd64/bin/java
55cebe8b2000-55cebe8b3000 rw-p 00002000 08:02 5114154                    /usr/lib/jvm/java-11-openjdk-amd64/bin/java
55cebfcb3000-55cebfcfa000 rw-p 00000000 00:00 0                          [heap]
7ff234000000-7ff234021000 rw-p 00000000 00:00 0 
7ff234021000-7ff238000000 ---p 00000000 00:00 0 
7ff23c000000-7ff23c021000 rw-p 00000000 00:00 0 
7ff23c021000-7ff240000000 ---p 00000000 00:00 0 
7ff240000000-7ff24034b000 rw-p 00000000 00:00 0 
7ff24034b000-7ff244000000 ---p 00000000 00:00 0 
7ff244000000-7ff244021000 rw-p 00000000 00:00 0 
7ff244021000-7ff248000000 ---p 00000000 00:00 0 
7ff248000000-7ff248021000 rw-p 00000000 00:00 0 
7ff248021000-7ff24c000000 ---p 00000000 00:00 0 
7ff24c000000-7ff24c021000 rw-p 00000000 00:00 0 
7ff24c021000-7ff250000000 ---p 00000000 00:00 0 
7ff250000000-7ff250021000 rw-p 00000000 00:00 0 
7ff250021000-7ff254000000 ---p 00000000 00:00 0 
7ff254000000-7ff254021000 rw-p 00000000 00:00 0 
7ff254021000-7ff258000000 ---p 00000000 00:00 0 
7ff258f88000-7ff259074000 rw-p 00000000 00:00 0 
7ff259074000-7ff25918c000 ---p 00000000 00:00 0 
7ff25918c000-7ff259489000 rw-p 00000000 00:00 0 
7ff259489000-7ff25948d000 ---p 00000000 00:00 0 
7ff25948d000-7ff25978a000 rw-p 00000000 00:00 0 
7ff25978a000-7ff25998a000 rw-p 00000000 00:00 0 
7ff25998a000-7ff259b8a000 rw-p 00000000 00:00 0 
7ff259b8a000-7ff259b8e000 ---p 00000000 00:00 0 
7ff259b8e000-7ff259c8b000 rw-p 00000000 00:00 0 
7ff259c8b000-7ff259c8f000 ---p 00000000 00:00 0 
7ff259c8f000-7ff259d8c000 rw-p 00000000 00:00 0 
7ff259d8c000-7ff259d91000 r-xp 00000000 08:02 4202137                    /usr/lib/x86_64-linux-gnu/libXfixes.so.3.1.0
7ff259d91000-7ff259f90000 ---p 00005000 08:02 4202137                    /usr/lib/x86_64-linux-gnu/libXfixes.so.3.1.0
7ff259f90000-7ff259f91000 r--p 00004000 08:02 4202137                    /usr/lib/x86_64-linux-gnu/libXfixes.so.3.1.0
7ff259f91000-7ff259f92000 rw-p 00005000 08:02 4202137                    /usr/lib/x86_64-linux-gnu/libXfixes.so.3.1.0
7ff259f92000-7ff259f9b000 r-xp 00000000 08:02 4202129                    /usr/lib/x86_64-linux-gnu/libXcursor.so.1.0.2
7ff259f9b000-7ff25a19a000 ---p 00009000 08:02 4202129                    /usr/lib/x86_64-linux-gnu/libXcursor.so.1.0.2
7ff25a19a000-7ff25a19b000 r--p 00008000 08:02 4202129                    /usr/lib/x86_64-linux-gnu/libXcursor.so.1.0.2
7ff25a19b000-7ff25a19c000 rw-p 00009000 08:02 4202129                    /usr/lib/x86_64-linux-gnu/libXcursor.so.1.0.2
7ff25a19c000-7ff25a19d000 ---p 00000000 00:00 0 
7ff25a19d000-7ff25a99d000 rw-p 00000000 00:00 0 
7ff25a99d000-7ff25a99e000 ---p 00000000 00:00 0 
7ff25a99e000-7ff25b19e000 rw-p 00000000 00:00 0 
7ff25b19e000-7ff25b19f000 ---p 00000000 00:00 0 
7ff25b19f000-7ff25b99f000 rw-p 00000000 00:00 0 
7ff25b99f000-7ff25b9ab000 r-xp 00000000 08:02 4459896                    /usr/lib/x86_64-linux-gnu/gio/modules/libdconfsettings.so
7ff25b9ab000-7ff25bbaa000 ---p 0000c000 08:02 4459896                    /usr/lib/x86_64-linux-gnu/gio/modules/libdconfsettings.so
7ff25bbaa000-7ff25bbab000 r--p 0000b000 08:02 4459896                    /usr/lib/x86_64-linux-gnu/gio/modules/libdconfsettings.so
7ff25bbab000-7ff25bbac000 rw-p 0000c000 08:02 4459896                    /usr/lib/x86_64-linux-gnu/gio/modules/libdconfsettings.so
7ff25bbac000-7ff25bbb2000 r-xp 00000000 08:02 32248880                   /lib/x86_64-linux-gnu/libuuid.so.1.3.0
7ff25bbb2000-7ff25bdb1000 ---p 00006000 08:02 32248880                   /lib/x86_64-linux-gnu/libuuid.so.1.3.0
7ff25bdb1000-7ff25bdb2000 r--p 00005000 08:02 32248880                   /lib/x86_64-linux-gnu/libuuid.so.1.3.0
7ff25bdb2000-7ff25bdb3000 rw-p 00006000 08:02 32248880                   /lib/x86_64-linux-gnu/libuuid.so.1.3.0
7ff25bdb3000-7ff25bdfa000 r-xp 00000000 08:02 32248549                   /lib/x86_64-linux-gnu/libblkid.so.1.1.0
7ff25bdfa000-7ff25bffa000 ---p 00047000 08:02 32248549                   /lib/x86_64-linux-gnu/libblkid.so.1.1.0
7ff25bffa000-7ff25bffe000 r--p 00047000 08:02 32248549                   /lib/x86_64-linux-gnu/libblkid.so.1.1.0
7ff25bffe000-7ff25bfff000 rw-p 0004b000 08:02 32248549                   /lib/x86_64-linux-gnu/libblkid.so.1.1.0
7ff25bfff000-7ff25c000000 rw-p 00000000 00:00 0 
7ff25c000000-7ff25c021000 rw-p 00000000 00:00 0 
7ff25c021000-7ff260000000 ---p 00000000 00:00 0 
7ff260048000-7ff26004c000 ---p 00000000 00:00 0 
7ff26004c000-7ff260149000 rw-p 00000000 00:00 0 
7ff260149000-7ff2601b9000 r-xp 00000000 08:02 32248504                   /lib/x86_64-linux-gnu/libpcre.so.3.13.3
7ff2601b9000-7ff2603b9000 ---p 00070000 08:02 32248504                   /lib/x86_64-linux-gnu/libpcre.so.3.13.3
7ff2603b9000-7ff2603ba000 r--p 00070000 08:02 32248504                   /lib/x86_64-linux-gnu/libpcre.so.3.13.3
7ff2603ba000-7ff2603bb000 rw-p 00071000 08:02 32248504                   /lib/x86_64-linux-gnu/libpcre.so.3.13.3
7ff2603bb000-7ff2603c2000 r-xp 00000000 08:02 4202464                    /usr/lib/x86_64-linux-gnu/libffi.so.6.0.4
7ff2603c2000-7ff2605c1000 ---p 00007000 08:02 4202464                    /usr/lib/x86_64-linux-gnu/libffi.so.6.0.4
7ff2605c1000-7ff2605c2000 r--p 00006000 08:02 4202464                    /usr/lib/x86_64-linux-gnu/libffi.so.6.0.4
7ff2605c2000-7ff2605c3000 rw-p 00007000 08:02 4202464                    /usr/lib/x86_64-linux-gnu/libffi.so.6.0.4
7ff2605c3000-7ff260614000 r-xp 00000000 08:02 32248415                   /lib/x86_64-linux-gnu/libmount.so.1.1.0
7ff260614000-7ff260813000 ---p 00051000 08:02 32248415                   /lib/x86_64-linux-gnu/libmount.so.1.1.0
7ff260813000-7ff260815000 r--p 00050000 08:02 32248415                   /lib/x86_64-linux-gnu/libmount.so.1.1.0
7ff260815000-7ff260816000 rw-p 00052000 08:02 32248415                   /lib/x86_64-linux-gnu/libmount.so.1.1.0
7ff260816000-7ff260817000 rw-p 00000000 00:00 0 
7ff260817000-7ff26082e000 r-xp 00000000 08:02 32248521                   /lib/x86_64-linux-gnu/libresolv-2.27.so
7ff26082e000-7ff260a2e000 ---p 00017000 08:02 32248521                   /lib/x86_64-linux-gnu/libresolv-2.27.so
7ff260a2e000-7ff260a2f000 r--p 00017000 08:02 32248521                   /lib/x86_64-linux-gnu/libresolv-2.27.so
7ff260a2f000-7ff260a30000 rw-p 00018000 08:02 32248521                   /lib/x86_64-linux-gnu/libresolv-2.27.so
7ff260a30000-7ff260a32000 rw-p 00000000 00:00 0 
7ff260a32000-7ff260a57000 r-xp 00000000 08:02 32248527                   /lib/x86_64-linux-gnu/libselinux.so.1
7ff260a57000-7ff260c56000 ---p 00025000 08:02 32248527                   /lib/x86_64-linux-gnu/libselinux.so.1
7ff260c56000-7ff260c57000 r--p 00024000 08:02 32248527                   /lib/x86_64-linux-gnu/libselinux.so.1
7ff260c57000-7ff260c58000 rw-p 00025000 08:02 32248527                   /lib/x86_64-linux-gnu/libselinux.so.1
7ff260c58000-7ff260c5a000 rw-p 00000000 00:00 0 
7ff260c5a000-7ff260d6d000 r-xp 00000000 08:02 4194647                    /usr/lib/x86_64-linux-gnu/libglib-2.0.so.0.5600.2
7ff260d6d000-7ff260f6d000 ---p 00113000 08:02 4194647                    /usr/lib/x86_64-linux-gnu/libglib-2.0.so.0.5600.2
7ff260f6d000-7ff260f6e000 r--p 00113000 08:02 4194647                    /usr/lib/x86_64-linux-gnu/libglib-2.0.so.0.5600.2
7ff260f6e000-7ff260f6f000 rw-p 00114000 08:02 4194647                    /usr/lib/x86_64-linux-gnu/libglib-2.0.so.0.5600.2
7ff260f6f000-7ff260f70000 rw-p 00000000 00:00 0 
7ff260f70000-7ff260f73000 r-xp 00000000 08:02 4194670                    /usr/lib/x86_64-linux-gnu/libgmodule-2.0.so.0.5600.2
7ff260f73000-7ff261172000 ---p 00003000 08:02 4194670                    /usr/lib/x86_64-linux-gnu/libgmodule-2.0.so.0.5600.2
7ff261172000-7ff261173000 r--p 00002000 08:02 4194670                    /usr/lib/x86_64-linux-gnu/libgmodule-2.0.so.0.5600.2
7ff261173000-7ff261174000 rw-p 00003000 08:02 4194670                    /usr/lib/x86_64-linux-gnu/libgmodule-2.0.so.0.5600.2
7ff261174000-7ff2611c6000 r-xp 00000000 08:02 4194671                    /usr/lib/x86_64-linux-gnu/libgobject-2.0.so.0.5600.2
7ff2611c6000-7ff2613c6000 ---p 00052000 08:02 4194671                    /usr/lib/x86_64-linux-gnu/libgobject-2.0.so.0.5600.2
7ff2613c6000-7ff2613c7000 r--p 00052000 08:02 4194671                    /usr/lib/x86_64-linux-gnu/libgobject-2.0.so.0.5600.2
7ff2613c7000-7ff2613c8000 rw-p 00053000 08:02 4194671                    /usr/lib/x86_64-linux-gnu/libgobject-2.0.so.0.5600.2
7ff2613c8000-7ff26155d000 r-xp 00000000 08:02 4194639                    /usr/lib/x86_64-linux-gnu/libgio-2.0.so.0.5600.2
7ff26155d000-7ff26175d000 ---p 00195000 08:02 4194639                    /usr/lib/x86_64-linux-gnu/libgio-2.0.so.0.5600.2
7ff26175d000-7ff261764000 r--p 00195000 08:02 4194639                    /usr/lib/x86_64-linux-gnu/libgio-2.0.so.0.5600.2
7ff261764000-7ff261765000 rw-p 0019c000 08:02 4194639                    /usr/lib/x86_64-linux-gnu/libgio-2.0.so.0.5600.2
7ff261765000-7ff261767000 rw-p 00000000 00:00 0 
7ff261767000-7ff261771000 r-xp 00000000 08:02 4202153                    /usr/lib/x86_64-linux-gnu/libXrandr.so.2.2.0
7ff261771000-7ff261970000 ---p 0000a000 08:02 4202153                    /usr/lib/x86_64-linux-gnu/libXrandr.so.2.2.0
7ff261970000-7ff261971000 r--p 00009000 08:02 4202153                    /usr/lib/x86_64-linux-gnu/libXrandr.so.2.2.0
7ff261971000-7ff261972000 rw-p 0000a000 08:02 4202153                    /usr/lib/x86_64-linux-gnu/libXrandr.so.2.2.0
7ff261972000-7ff261b72000 rw-p 00000000 00:00 0 
7ff261b72000-7ff261ba3000 r-xp 00000000 08:02 4194945                    /usr/lib/x86_64-linux-gnu/libpng16.so.16.34.0
7ff261ba3000-7ff261da2000 ---p 00031000 08:02 4194945                    /usr/lib/x86_64-linux-gnu/libpng16.so.16.34.0
7ff261da2000-7ff261da3000 r--p 00030000 08:02 4194945                    /usr/lib/x86_64-linux-gnu/libpng16.so.16.34.0
7ff261da3000-7ff261da4000 rw-p 00031000 08:02 4194945                    /usr/lib/x86_64-linux-gnu/libpng16.so.16.34.0
7ff261da4000-7ff261e51000 r-xp 00000000 08:02 4202496                    /usr/lib/x86_64-linux-gnu/libfreetype.so.6.15.0
7ff261e51000-7ff262050000 ---p 000ad000 08:02 4202496                    /usr/lib/x86_64-linux-gnu/libfreetype.so.6.15.0
7ff262050000-7ff262057000 r--p 000ac000 08:02 4202496                    /usr/lib/x86_64-linux-gnu/libfreetype.so.6.15.0
7ff262057000-7ff262058000 rw-p 000b3000 08:02 4202496                    /usr/lib/x86_64-linux-gnu/libfreetype.so.6.15.0
7ff262058000-7ff2620ed000 r-xp 00000000 08:02 5245845                    /usr/lib/jvm/java-11-openjdk-amd64/lib/libfontmanager.so
7ff2620ed000-7ff2622ed000 ---p 00095000 08:02 5245845                    /usr/lib/jvm/java-11-openjdk-amd64/lib/libfontmanager.so
7ff2622ed000-7ff2622ee000 r--p 00095000 08:02 5245845                    /usr/lib/jvm/java-11-openjdk-amd64/lib/libfontmanager.so
7ff2622ee000-7ff2622ef000 rw-p 00096000 08:02 5245845                    /usr/lib/jvm/java-11-openjdk-amd64/lib/libfontmanager.so
7ff2622ef000-7ff2622f0000 rw-p 00000000 00:00 0 
7ff2622f0000-7ff262303000 r-xp 00000000 08:02 32248378                   /lib/x86_64-linux-gnu/libbsd.so.0.8.7
7ff262303000-7ff262502000 ---p 00013000 08:02 32248378                   /lib/x86_64-linux-gnu/libbsd.so.0.8.7
7ff262502000-7ff262503000 r--p 00012000 08:02 32248378                   /lib/x86_64-linux-gnu/libbsd.so.0.8.7
7ff262503000-7ff262504000 rw-p 00013000 08:02 32248378                   /lib/x86_64-linux-gnu/libbsd.so.0.8.7
7ff262504000-7ff262505000 rw-p 00000000 00:00 0 
7ff262505000-7ff26250a000 r-xp 00000000 08:02 4202133                    /usr/lib/x86_64-linux-gnu/libXdmcp.so.6.0.0
7ff26250a000-7ff262709000 ---p 00005000 08:02 4202133                    /usr/lib/x86_64-linux-gnu/libXdmcp.so.6.0.0
7ff262709000-7ff26270a000 r--p 00004000 08:02 4202133                    /usr/lib/x86_64-linux-gnu/libXdmcp.so.6.0.0
7ff26270a000-7ff26270b000 rw-p 00005000 08:02 4202133                    /usr/lib/x86_64-linux-gnu/libXdmcp.so.6.0.0
7ff26270b000-7ff26270d000 r-xp 00000000 08:02 4202122                    /usr/lib/x86_64-linux-gnu/libXau.so.6.0.0
7ff26270d000-7ff26290d000 ---p 00002000 08:02 4202122                    /usr/lib/x86_64-linux-gnu/libXau.so.6.0.0
7ff26290d000-7ff26290e000 r--p 00002000 08:02 4202122                    /usr/lib/x86_64-linux-gnu/libXau.so.6.0.0
7ff26290e000-7ff26290f000 rw-p 00003000 08:02 4202122                    /usr/lib/x86_64-linux-gnu/libXau.so.6.0.0
7ff26290f000-7ff262935000 r-xp 00000000 08:02 4203326                    /usr/lib/x86_64-linux-gnu/libxcb.so.1.1.0
7ff262935000-7ff262b35000 ---p 00026000 08:02 4203326                    /usr/lib/x86_64-linux-gnu/libxcb.so.1.1.0
7ff262b35000-7ff262b36000 r--p 00026000 08:02 4203326                    /usr/lib/x86_64-linux-gnu/libxcb.so.1.1.0
7ff262b36000-7ff262b37000 rw-p 00027000 08:02 4203326                    /usr/lib/x86_64-linux-gnu/libxcb.so.1.1.0
7ff262b37000-7ff262b46000 r-xp 00000000 08:02 4202143                    /usr/lib/x86_64-linux-gnu/libXi.so.6.1.0
7ff262b46000-7ff262d45000 ---p 0000f000 08:02 4202143                    /usr/lib/x86_64-linux-gnu/libXi.so.6.1.0
7ff262d45000-7ff262d46000 r--p 0000e000 08:02 4202143                    /usr/lib/x86_64-linux-gnu/libXi.so.6.1.0
7ff262d46000-7ff262d47000 rw-p 0000f000 08:02 4202143                    /usr/lib/x86_64-linux-gnu/libXi.so.6.1.0
7ff262d47000-7ff262d4c000 r-xp 00000000 08:02 4202161                    /usr/lib/x86_64-linux-gnu/libXtst.so.6.1.0
7ff262d4c000-7ff262f4b000 ---p 00005000 08:02 4202161                    /usr/lib/x86_64-linux-gnu/libXtst.so.6.1.0
7ff262f4b000-7ff262f4c000 r--p 00004000 08:02 4202161                    /usr/lib/x86_64-linux-gnu/libXtst.so.6.1.0
7ff262f4c000-7ff262f4d000 rw-p 00005000 08:02 4202161                    /usr/lib/x86_64-linux-gnu/libXtst.so.6.1.0
7ff262f4d000-7ff262f56000 r-xp 00000000 08:02 4202155                    /usr/lib/x86_64-linux-gnu/libXrender.so.1.3.0
7ff262f56000-7ff263155000 ---p 00009000 08:02 4202155                    /usr/lib/x86_64-linux-gnu/libXrender.so.1.3.0
7ff263155000-7ff263156000 r--p 00008000 08:02 4202155                    /usr/lib/x86_64-linux-gnu/libXrender.so.1.3.0
7ff263156000-7ff263157000 rw-p 00009000 08:02 4202155                    /usr/lib/x86_64-linux-gnu/libXrender.so.1.3.0
7ff263157000-7ff26328a000 r-xp 00000000 08:02 4196974                    /usr/lib/x86_64-linux-gnu/libX11.so.6.3.0
7ff26328a000-7ff26348a000 ---p 00133000 08:02 4196974                    /usr/lib/x86_64-linux-gnu/libX11.so.6.3.0
7ff26348a000-7ff26348b000 r--p 00133000 08:02 4196974                    /usr/lib/x86_64-linux-gnu/libX11.so.6.3.0
7ff26348b000-7ff26348f000 rw-p 00134000 08:02 4196974                    /usr/lib/x86_64-linux-gnu/libX11.so.6.3.0
7ff26348f000-7ff2634a0000 r-xp 00000000 08:02 4202135                    /usr/lib/x86_64-linux-gnu/libXext.so.6.4.0
7ff2634a0000-7ff26369f000 ---p 00011000 08:02 4202135                    /usr/lib/x86_64-linux-gnu/libXext.so.6.4.0
7ff26369f000-7ff2636a0000 r--p 00010000 08:02 4202135                    /usr/lib/x86_64-linux-gnu/libXext.so.6.4.0
7ff2636a0000-7ff2636a1000 rw-p 00011000 08:02 4202135                    /usr/lib/x86_64-linux-gnu/libXext.so.6.4.0
7ff2636a1000-7ff263700000 r-xp 00000000 08:02 5245842                    /usr/lib/jvm/java-11-openjdk-amd64/lib/libawt_xawt.so
7ff263700000-7ff2638ff000 ---p 0005f000 08:02 5245842                    /usr/lib/jvm/java-11-openjdk-amd64/lib/libawt_xawt.so
7ff2638ff000-7ff263900000 r--p 0005e000 08:02 5245842                    /usr/lib/jvm/java-11-openjdk-amd64/lib/libawt_xawt.so
7ff263900000-7ff263903000 rw-p 0005f000 08:02 5245842                    /usr/lib/jvm/java-11-openjdk-amd64/lib/libawt_xawt.so
7ff263903000-7ff263905000 rw-p 00000000 00:00 0 
7ff263905000-7ff2639a5000 r-xp 00000000 08:02 5245839                    /usr/lib/jvm/java-11-openjdk-amd64/lib/libawt.so
7ff2639a5000-7ff263ba5000 ---p 000a0000 08:02 5245839                    /usr/lib/jvm/java-11-openjdk-amd64/lib/libawt.so
7ff263ba5000-7ff263ba6000 r--p 000a0000 08:02 5245839                    /usr/lib/jvm/java-11-openjdk-amd64/lib/libawt.so
7ff263ba6000-7ff263bb1000 rw-p 000a1000 08:02 5245839                    /usr/lib/jvm/java-11-openjdk-amd64/lib/libawt.so
7ff263bb1000-7ff263bd6000 rw-p 00000000 00:00 0 
7ff263bd6000-7ff263bed000 r-xp 00000000 08:02 5245867                    /usr/lib/jvm/java-11-openjdk-amd64/lib/libnet.so
7ff263bed000-7ff263dec000 ---p 00017000 08:02 5245867                    /usr/lib/jvm/java-11-openjdk-amd64/lib/libnet.so
7ff263dec000-7ff263ded000 r--p 00016000 08:02 5245867                    /usr/lib/jvm/java-11-openjdk-amd64/lib/libnet.so
7ff263ded000-7ff263dee000 rw-p 00017000 08:02 5245867                    /usr/lib/jvm/java-11-openjdk-amd64/lib/libnet.so
7ff263dee000-7ff263dff000 r-xp 00000000 08:02 5245868                    /usr/lib/jvm/java-11-openjdk-amd64/lib/libnio.so
7ff263dff000-7ff263ffe000 ---p 00011000 08:02 5245868                    /usr/lib/jvm/java-11-openjdk-amd64/lib/libnio.so
7ff263ffe000-7ff263fff000 r--p 00010000 08:02 5245868                    /usr/lib/jvm/java-11-openjdk-amd64/lib/libnio.so
7ff263fff000-7ff264000000 rw-p 00011000 08:02 5245868                    /usr/lib/jvm/java-11-openjdk-amd64/lib/libnio.so
7ff264000000-7ff264021000 rw-p 00000000 00:00 0 
7ff264021000-7ff268000000 ---p 00000000 00:00 0 
7ff268000000-7ff268021000 rw-p 00000000 00:00 0 
7ff268021000-7ff26c000000 ---p 00000000 00:00 0 
7ff26c000000-7ff26c7a1000 rw-p 00000000 00:00 0 
7ff26c7a1000-7ff270000000 ---p 00000000 00:00 0 
7ff270000000-7ff270021000 rw-p 00000000 00:00 0 
7ff270021000-7ff274000000 ---p 00000000 00:00 0 
7ff274000000-7ff274899000 rw-p 00000000 00:00 0 
7ff274899000-7ff278000000 ---p 00000000 00:00 0 
7ff278000000-7ff278672000 rw-p 00000000 00:00 0 
7ff278672000-7ff27c000000 ---p 00000000 00:00 0 
7ff27c000000-7ff27c021000 rw-p 00000000 00:00 0 
7ff27c021000-7ff280000000 ---p 00000000 00:00 0 
7ff280000000-7ff280021000 rw-p 00000000 00:00 0 
7ff280021000-7ff284000000 ---p 00000000 00:00 0 
7ff284000000-7ff284033000 rw-p 00000000 00:00 0 
7ff284033000-7ff288000000 ---p 00000000 00:00 0 
7ff288000000-7ff288021000 rw-p 00000000 00:00 0 
7ff288021000-7ff28c000000 ---p 00000000 00:00 0 
7ff28c000000-7ff28c021000 rw-p 00000000 00:00 0 
7ff28c021000-7ff290000000 ---p 00000000 00:00 0 
7ff290000000-7ff290021000 rw-p 00000000 00:00 0 
7ff290021000-7ff294000000 ---p 00000000 00:00 0 
7ff294000000-7ff294021000 rw-p 00000000 00:00 0 
7ff294021000-7ff298000000 ---p 00000000 00:00 0 
7ff298000000-7ff298021000 rw-p 00000000 00:00 0 
7ff298021000-7ff29c000000 ---p 00000000 00:00 0 
7ff29c000000-7ff29c021000 rw-p 00000000 00:00 0 
7ff29c021000-7ff2a0000000 ---p 00000000 00:00 0 
7ff2a0000000-7ff2a0021000 rw-p 00000000 00:00 0 
7ff2a0021000-7ff2a4000000 ---p 00000000 00:00 0 
7ff2a4000000-7ff2a4021000 rw-p 00000000 00:00 0 
7ff2a4021000-7ff2a8000000 ---p 00000000 00:00 0 
7ff2a8000000-7ff2a8021000 rw-p 00000000 00:00 0 
7ff2a8021000-7ff2ac000000 ---p 00000000 00:00 0 
7ff2ac04f000-7ff2ac053000 ---p 00000000 00:00 0 
7ff2ac053000-7ff2ae340000 rw-p 00000000 00:00 0 
7ff2ae340000-7ff2b0000000 ---p 00000000 00:00 0 
7ff2b0000000-7ff2b0021000 rw-p 00000000 00:00 0 
7ff2b0021000-7ff2b4000000 ---p 00000000 00:00 0 
7ff2b4000000-7ff2b4021000 rw-p 00000000 00:00 0 
7ff2b4021000-7ff2b8000000 ---p 00000000 00:00 0 
7ff2b8000000-7ff2b8021000 rw-p 00000000 00:00 0 
7ff2b8021000-7ff2bc000000 ---p 00000000 00:00 0 
7ff2bc031000-7ff2bc049000 r--p 00000000 08:02 6031431                    /usr/share/locale-langpack/pt/LC_MESSAGES/libc.mo
7ff2bc049000-7ff2bc09c000 r--p 00000000 08:02 5246617                    /usr/share/glib-2.0/schemas/gschemas.compiled
7ff2bc09c000-7ff2bc0a0000 ---p 00000000 00:00 0 
7ff2bc0a0000-7ff2bc19d000 rw-p 00000000 00:00 0 
7ff2bc19d000-7ff2bc19e000 ---p 00000000 00:00 0 
7ff2bc19e000-7ff2bc29f000 rw-p 00000000 00:00 0 
7ff2bc29f000-7ff2bc2a3000 ---p 00000000 00:00 0 
7ff2bc2a3000-7ff2bc3a0000 rw-p 00000000 00:00 0 
7ff2bc3a0000-7ff2bc3a4000 ---p 00000000 00:00 0 
7ff2bc3a4000-7ff2bc4a1000 rw-p 00000000 00:00 0 
7ff2bc4a1000-7ff2bc4a5000 ---p 00000000 00:00 0 
7ff2bc4a5000-7ff2bc5a2000 rw-p 00000000 00:00 0 
7ff2bc5a2000-7ff2bc5a6000 ---p 00000000 00:00 0 
7ff2bc5a6000-7ff2bc6a3000 rw-p 00000000 00:00 0 
7ff2bc6a3000-7ff2bc6a7000 ---p 00000000 00:00 0 
7ff2bc6a7000-7ff2bc7a4000 rw-p 00000000 00:00 0 
7ff2bc7a4000-7ff2bc7a8000 ---p 00000000 00:00 0 
7ff2bc7a8000-7ff2bc8a5000 rw-p 00000000 00:00 0 
7ff2bc8a5000-7ff2bd274000 r--p 00000000 08:02 4201103                    /usr/lib/locale/locale-archive
7ff2bd274000-7ff2bd278000 ---p 00000000 00:00 0 
7ff2bd278000-7ff2bd375000 rw-p 00000000 00:00 0 
7ff2bd375000-7ff2bd379000 ---p 00000000 00:00 0 
7ff2bd379000-7ff2bde66000 rw-p 00000000 00:00 0 
7ff2bde66000-7ff2bfb26000 ---p 00000000 00:00 0 
7ff2bfb26000-7ff2bfd96000 rwxp 00000000 00:00 0 
7ff2bfd96000-7ff2c00b6000 ---p 00000000 00:00 0 
7ff2c00b6000-7ff2c0526000 rwxp 00000000 00:00 0 
7ff2c0526000-7ff2c75ee000 ---p 00000000 00:00 0 
7ff2c75ee000-7ff2c785e000 rwxp 00000000 00:00 0 
7ff2c785e000-7ff2ceb26000 ---p 00000000 00:00 0 
7ff2ceb26000-7ff2d8000000 r--s 00000000 08:02 5245900                    /usr/lib/jvm/java-11-openjdk-amd64/lib/modules
7ff2d8000000-7ff2d83be000 rw-p 00000000 00:00 0 
7ff2d83be000-7ff2dc000000 ---p 00000000 00:00 0 
7ff2dc00e000-7ff2dc015000 r--p 00000000 08:02 9185354                    /home/leanderson/.config/dconf/user (deleted)
7ff2dc015000-7ff2dc016000 r--s 00000000 00:32 39                         /run/user/1000/snap.eclipse/dconf/user
7ff2dc016000-7ff2dc02b000 r--p 00000000 08:02 6030667                    /usr/share/locale-langpack/pt/LC_MESSAGES/glib20.mo
7ff2dc02b000-7ff2dc051000 r--p 00000000 08:02 6031745                    /usr/share/locale-langpack/pt_BR/LC_MESSAGES/libc.mo
7ff2dc051000-7ff2dc082000 rw-p 00000000 00:00 0 
7ff2dc082000-7ff2dc083000 ---p 00000000 00:00 0 
7ff2dc083000-7ff2dc27d000 rw-p 00000000 00:00 0 
7ff2dc27d000-7ff2dc27e000 ---p 00000000 00:00 0 
7ff2dc27e000-7ff2dc37f000 rw-p 00000000 00:00 0 
7ff2dc37f000-7ff2dc380000 ---p 00000000 00:00 0 
7ff2dc380000-7ff2dc481000 rw-p 00000000 00:00 0 
7ff2dc481000-7ff2dc482000 ---p 00000000 00:00 0 
7ff2dc482000-7ff2dc583000 rw-p 00000000 00:00 0 
7ff2dc583000-7ff2dc584000 ---p 00000000 00:00 0 
7ff2dc584000-7ff2dc685000 rw-p 00000000 00:00 0 
7ff2dc685000-7ff2dc686000 ---p 00000000 00:00 0 
7ff2dc686000-7ff2dcb8b000 rw-p 00000000 00:00 0 
7ff2dcb8b000-7ff2dcb8c000 ---p 00000000 00:00 0 
7ff2dcb8c000-7ff2dcc8d000 rw-p 00000000 00:00 0 
7ff2dcc8d000-7ff2dcc8e000 ---p 00000000 00:00 0 
7ff2dcc8e000-7ff2dcdcd000 rw-p 00000000 00:00 0 
7ff2dcdcd000-7ff2dd165000 ---p 00000000 00:00 0 
7ff2dd165000-7ff2dd1a3000 rw-p 00000000 00:00 0 
7ff2dd1a3000-7ff2dd53b000 ---p 00000000 00:00 0 
7ff2dd53b000-7ff2dd579000 rw-p 00000000 00:00 0 
7ff2dd579000-7ff2dd911000 ---p 00000000 00:00 0 
7ff2dd911000-7ff2ddd15000 rw-p 00000000 00:00 0 
7ff2ddd15000-7ff2ddd16000 ---p 00000000 00:00 0 
7ff2ddd16000-7ff2dde17000 rw-p 00000000 00:00 0 
7ff2dde17000-7ff2dde18000 ---p 00000000 00:00 0 
7ff2dde18000-7ff2ddf19000 rw-p 00000000 00:00 0 
7ff2ddf19000-7ff2ddf1a000 ---p 00000000 00:00 0 
7ff2ddf1a000-7ff2de01b000 rw-p 00000000 00:00 0 
7ff2de01b000-7ff2de01c000 ---p 00000000 00:00 0 
7ff2de01c000-7ff2de122000 rw-p 00000000 00:00 0 
7ff2de122000-7ff2de208000 ---p 00000000 00:00 0 
7ff2de208000-7ff2de211000 rw-p 00000000 00:00 0 
7ff2de211000-7ff2de2f3000 ---p 00000000 00:00 0 
7ff2de2f3000-7ff2de2f8000 r-xp 00000000 08:02 5245859                    /usr/lib/jvm/java-11-openjdk-amd64/lib/libjimage.so
7ff2de2f8000-7ff2de4f7000 ---p 00005000 08:02 5245859                    /usr/lib/jvm/java-11-openjdk-amd64/lib/libjimage.so
7ff2de4f7000-7ff2de4f8000 r--p 00004000 08:02 5245859                    /usr/lib/jvm/java-11-openjdk-amd64/lib/libjimage.so
7ff2de4f8000-7ff2de4f9000 rw-p 00005000 08:02 5245859                    /usr/lib/jvm/java-11-openjdk-amd64/lib/libjimage.so
7ff2de4f9000-7ff2de500000 r-xp 00000000 08:02 5245898                    /usr/lib/jvm/java-11-openjdk-amd64/lib/libzip.so
7ff2de500000-7ff2de6ff000 ---p 00007000 08:02 5245898                    /usr/lib/jvm/java-11-openjdk-amd64/lib/libzip.so
7ff2de6ff000-7ff2de700000 r--p 00006000 08:02 5245898                    /usr/lib/jvm/java-11-openjdk-amd64/lib/libzip.so
7ff2de700000-7ff2de701000 rw-p 00007000 08:02 5245898                    /usr/lib/jvm/java-11-openjdk-amd64/lib/libzip.so
7ff2de701000-7ff2de70c000 r-xp 00000000 08:02 32248472                   /lib/x86_64-linux-gnu/libnss_files-2.27.so
7ff2de70c000-7ff2de90b000 ---p 0000b000 08:02 32248472                   /lib/x86_64-linux-gnu/libnss_files-2.27.so
7ff2de90b000-7ff2de90c000 r--p 0000a000 08:02 32248472                   /lib/x86_64-linux-gnu/libnss_files-2.27.so
7ff2de90c000-7ff2de90d000 rw-p 0000b000 08:02 32248472                   /lib/x86_64-linux-gnu/libnss_files-2.27.so
7ff2de90d000-7ff2de913000 rw-p 00000000 00:00 0 
7ff2de913000-7ff2de92a000 r-xp 00000000 08:02 32248466                   /lib/x86_64-linux-gnu/libnsl-2.27.so
7ff2de92a000-7ff2deb29000 ---p 00017000 08:02 32248466                   /lib/x86_64-linux-gnu/libnsl-2.27.so
7ff2deb29000-7ff2deb2a000 r--p 00016000 08:02 32248466                   /lib/x86_64-linux-gnu/libnsl-2.27.so
7ff2deb2a000-7ff2deb2b000 rw-p 00017000 08:02 32248466                   /lib/x86_64-linux-gnu/libnsl-2.27.so
7ff2deb2b000-7ff2deb2d000 rw-p 00000000 00:00 0 
7ff2deb2d000-7ff2deb38000 r-xp 00000000 08:02 32248483                   /lib/x86_64-linux-gnu/libnss_nis-2.27.so
7ff2deb38000-7ff2ded37000 ---p 0000b000 08:02 32248483                   /lib/x86_64-linux-gnu/libnss_nis-2.27.so
7ff2ded37000-7ff2ded38000 r--p 0000a000 08:02 32248483                   /lib/x86_64-linux-gnu/libnss_nis-2.27.so
7ff2ded38000-7ff2ded39000 rw-p 0000b000 08:02 32248483                   /lib/x86_64-linux-gnu/libnss_nis-2.27.so
7ff2ded39000-7ff2ded41000 r-xp 00000000 08:02 32248468                   /lib/x86_64-linux-gnu/libnss_compat-2.27.so
7ff2ded41000-7ff2def41000 ---p 00008000 08:02 32248468                   /lib/x86_64-linux-gnu/libnss_compat-2.27.so
7ff2def41000-7ff2def42000 r--p 00008000 08:02 32248468                   /lib/x86_64-linux-gnu/libnss_compat-2.27.so
7ff2def42000-7ff2def43000 rw-p 00009000 08:02 32248468                   /lib/x86_64-linux-gnu/libnss_compat-2.27.so
7ff2def43000-7ff2def6f000 r-xp 00000000 08:02 5245855                    /usr/lib/jvm/java-11-openjdk-amd64/lib/libjava.so
7ff2def6f000-7ff2df16e000 ---p 0002c000 08:02 5245855                    /usr/lib/jvm/java-11-openjdk-amd64/lib/libjava.so
7ff2df16e000-7ff2df16f000 r--p 0002b000 08:02 5245855                    /usr/lib/jvm/java-11-openjdk-amd64/lib/libjava.so
7ff2df16f000-7ff2df171000 rw-p 0002c000 08:02 5245855                    /usr/lib/jvm/java-11-openjdk-amd64/lib/libjava.so
7ff2df171000-7ff2df17e000 r-xp 00000000 08:02 5245896                    /usr/lib/jvm/java-11-openjdk-amd64/lib/libverify.so
7ff2df17e000-7ff2df37d000 ---p 0000d000 08:02 5245896                    /usr/lib/jvm/java-11-openjdk-amd64/lib/libverify.so
7ff2df37d000-7ff2df37f000 r--p 0000c000 08:02 5245896                    /usr/lib/jvm/java-11-openjdk-amd64/lib/libverify.so
7ff2df37f000-7ff2df380000 rw-p 0000e000 08:02 5245896                    /usr/lib/jvm/java-11-openjdk-amd64/lib/libverify.so
7ff2df380000-7ff2df387000 r-xp 00000000 08:02 32248523                   /lib/x86_64-linux-gnu/librt-2.27.so
7ff2df387000-7ff2df586000 ---p 00007000 08:02 32248523                   /lib/x86_64-linux-gnu/librt-2.27.so
7ff2df586000-7ff2df587000 r--p 00006000 08:02 32248523                   /lib/x86_64-linux-gnu/librt-2.27.so
7ff2df587000-7ff2df588000 rw-p 00007000 08:02 32248523                   /lib/x86_64-linux-gnu/librt-2.27.so
7ff2df588000-7ff2df59f000 r-xp 00000000 08:02 32248419                   /lib/x86_64-linux-gnu/libgcc_s.so.1
7ff2df59f000-7ff2df79e000 ---p 00017000 08:02 32248419                   /lib/x86_64-linux-gnu/libgcc_s.so.1
7ff2df79e000-7ff2df79f000 r--p 00016000 08:02 32248419                   /lib/x86_64-linux-gnu/libgcc_s.so.1
7ff2df79f000-7ff2df7a0000 rw-p 00017000 08:02 32248419                   /lib/x86_64-linux-gnu/libgcc_s.so.1
7ff2df7a0000-7ff2df93d000 r-xp 00000000 08:02 32248445                   /lib/x86_64-linux-gnu/libm-2.27.so
7ff2df93d000-7ff2dfb3c000 ---p 0019d000 08:02 32248445                   /lib/x86_64-linux-gnu/libm-2.27.so
7ff2dfb3c000-7ff2dfb3d000 r--p 0019c000 08:02 32248445                   /lib/x86_64-linux-gnu/libm-2.27.so
7ff2dfb3d000-7ff2dfb3e000 rw-p 0019d000 08:02 32248445                   /lib/x86_64-linux-gnu/libm-2.27.so
7ff2dfb3e000-7ff2dfcbc000 r-xp 00000000 08:02 4203143                    /usr/lib/x86_64-linux-gnu/libstdc++.so.6.0.25
7ff2dfcbc000-7ff2dfebc000 ---p 0017e000 08:02 4203143                    /usr/lib/x86_64-linux-gnu/libstdc++.so.6.0.25
7ff2dfebc000-7ff2dfec6000 r--p 0017e000 08:02 4203143                    /usr/lib/x86_64-linux-gnu/libstdc++.so.6.0.25
7ff2dfec6000-7ff2dfec8000 rw-p 00188000 08:02 4203143                    /usr/lib/x86_64-linux-gnu/libstdc++.so.6.0.25
7ff2dfec8000-7ff2dfecc000 rw-p 00000000 00:00 0 
7ff2dfecc000-7ff2e0e69000 r-xp 00000000 08:02 5245911                    /usr/lib/jvm/java-11-openjdk-amd64/lib/server/libjvm.so
7ff2e0e69000-7ff2e1069000 ---p 00f9d000 08:02 5245911                    /usr/lib/jvm/java-11-openjdk-amd64/lib/server/libjvm.so
7ff2e1069000-7ff2e112d000 r--p 00f9d000 08:02 5245911                    /usr/lib/jvm/java-11-openjdk-amd64/lib/server/libjvm.so
7ff2e112d000-7ff2e1165000 rw-p 01061000 08:02 5245911                    /usr/lib/jvm/java-11-openjdk-amd64/lib/server/libjvm.so
7ff2e1165000-7ff2e11ae000 rw-p 00000000 00:00 0 
7ff2e11ae000-7ff2e11c8000 r-xp 00000000 08:02 32248515                   /lib/x86_64-linux-gnu/libpthread-2.27.so
7ff2e11c8000-7ff2e13c7000 ---p 0001a000 08:02 32248515                   /lib/x86_64-linux-gnu/libpthread-2.27.so
7ff2e13c7000-7ff2e13c8000 r--p 00019000 08:02 32248515                   /lib/x86_64-linux-gnu/libpthread-2.27.so
7ff2e13c8000-7ff2e13c9000 rw-p 0001a000 08:02 32248515                   /lib/x86_64-linux-gnu/libpthread-2.27.so
7ff2e13c9000-7ff2e13cd000 rw-p 00000000 00:00 0 
7ff2e13cd000-7ff2e13d0000 r-xp 00000000 08:02 32248405                   /lib/x86_64-linux-gnu/libdl-2.27.so
7ff2e13d0000-7ff2e15cf000 ---p 00003000 08:02 32248405                   /lib/x86_64-linux-gnu/libdl-2.27.so
7ff2e15cf000-7ff2e15d0000 r--p 00002000 08:02 32248405                   /lib/x86_64-linux-gnu/libdl-2.27.so
7ff2e15d0000-7ff2e15d1000 rw-p 00003000 08:02 32248405                   /lib/x86_64-linux-gnu/libdl-2.27.so
7ff2e15d1000-7ff2e15ed000 r-xp 00000000 08:02 32248554                   /lib/x86_64-linux-gnu/libz.so.1.2.11
7ff2e15ed000-7ff2e17ec000 ---p 0001c000 08:02 32248554                   /lib/x86_64-linux-gnu/libz.so.1.2.11
7ff2e17ec000-7ff2e17ed000 r--p 0001b000 08:02 32248554                   /lib/x86_64-linux-gnu/libz.so.1.2.11
7ff2e17ed000-7ff2e17ee000 rw-p 0001c000 08:02 32248554                   /lib/x86_64-linux-gnu/libz.so.1.2.11
7ff2e17ee000-7ff2e19d5000 r-xp 00000000 08:02 32248382                   /lib/x86_64-linux-gnu/libc-2.27.so
7ff2e19d5000-7ff2e1bd5000 ---p 001e7000 08:02 32248382                   /lib/x86_64-linux-gnu/libc-2.27.so
7ff2e1bd5000-7ff2e1bd9000 r--p 001e7000 08:02 32248382                   /lib/x86_64-linux-gnu/libc-2.27.so
7ff2e1bd9000-7ff2e1bdb000 rw-p 001eb000 08:02 32248382                   /lib/x86_64-linux-gnu/libc-2.27.so
7ff2e1bdb000-7ff2e1bdf000 rw-p 00000000 00:00 0 
7ff2e1bdf000-7ff2e1bee000 r-xp 00000000 08:02 5245835                    /usr/lib/jvm/java-11-openjdk-amd64/lib/jli/libjli.so
7ff2e1bee000-7ff2e1ded000 ---p 0000f000 08:02 5245835                    /usr/lib/jvm/java-11-openjdk-amd64/lib/jli/libjli.so
7ff2e1ded000-7ff2e1dee000 r--p 0000e000 08:02 5245835                    /usr/lib/jvm/java-11-openjdk-amd64/lib/jli/libjli.so
7ff2e1dee000-7ff2e1def000 rw-p 0000f000 08:02 5245835                    /usr/lib/jvm/java-11-openjdk-amd64/lib/jli/libjli.so
7ff2e1def000-7ff2e1e16000 r-xp 00000000 08:02 32248354                   /lib/x86_64-linux-gnu/ld-2.27.so
7ff2e1e16000-7ff2e1e36000 r--p 00000000 08:02 6031017                    /usr/share/locale-langpack/pt_BR/LC_MESSAGES/glib20.mo
7ff2e1e36000-7ff2e1ef3000 rw-p 00000000 00:00 0 
7ff2e1ef3000-7ff2e1ef7000 ---p 00000000 00:00 0 
7ff2e1ef7000-7ff2e1ff6000 rw-p 00000000 00:00 0 
7ff2e1ff6000-7ff2e1ffd000 r--s 00000000 08:02 4459772                    /usr/lib/x86_64-linux-gnu/gconv/gconv-modules.cache
7ff2e1ffd000-7ff2e2003000 rw-p 00000000 00:00 0 
7ff2e2003000-7ff2e200a000 ---p 00000000 00:00 0 
7ff2e200a000-7ff2e2012000 rw-s 00000000 08:02 2100960                    /tmp/hsperfdata_leanderson/8454
7ff2e2012000-7ff2e2013000 ---p 00000000 00:00 0 
7ff2e2013000-7ff2e2014000 r--p 00000000 00:00 0 
7ff2e2014000-7ff2e2016000 rw-p 00000000 00:00 0 
7ff2e2016000-7ff2e2017000 r--p 00027000 08:02 32248354                   /lib/x86_64-linux-gnu/ld-2.27.so
7ff2e2017000-7ff2e2018000 rw-p 00028000 08:02 32248354                   /lib/x86_64-linux-gnu/ld-2.27.so
7ff2e2018000-7ff2e2019000 rw-p 00000000 00:00 0 
7ffddb2d6000-7ffddb2f7000 rw-p 00000000 00:00 0                          [stack]
7ffddb36b000-7ffddb36e000 r--p 00000000 00:00 0                          [vvar]
7ffddb36e000-7ffddb370000 r-xp 00000000 00:00 0                          [vdso]
ffffffffff600000-ffffffffff601000 r-xp 00000000 00:00 0                  [vsyscall]


VM Arguments:
jvm_args: -Dfile.encoding=UTF-8 
java_command: com.lanchonete.view.TelaInicial
java_class_path (initial): /home/leanderson/Documentos/workspace-eclypse/projeto_POO_lanchonete/projeto_lanchonete_poo/bin:/home/leanderson/Documentos/workspace-eclypse/projeto_POO_lanchonete/projeto_lanchonete_poo/jgoodies-forms-1.8.0.jar:/home/leanderson/Documentos/workspace-eclypse/projeto_POO_lanchonete/projeto_lanchonete_poo/miglayout15-swing.jar
Launcher Type: SUN_STANDARD

Logging:
Log output configuration:
#0: stdout all=warning uptime,level,tags
#1: stderr all=off uptime,level,tags

Environment Variables:
PATH=/usr/local/sbin:/usr/local/bin:/usr/sbin:/usr/bin:/sbin:/bin:/usr/games:/usr/local/games:/snap/bin
USERNAME=leanderson
SHELL=/bin/bash
DISPLAY=:0

Signal Handlers:
SIGSEGV: [libjvm.so+0xd28ad0], sa_mask[0]=11111111011111111101111111111110, sa_flags=SA_RESTART|SA_SIGINFO
SIGBUS: [libjvm.so+0xd28ad0], sa_mask[0]=11111111011111111101111111111110, sa_flags=SA_RESTART|SA_SIGINFO
SIGFPE: [libjvm.so+0xd28ad0], sa_mask[0]=11111111011111111101111111111110, sa_flags=SA_RESTART|SA_SIGINFO
SIGPIPE: SIG_IGN, sa_mask[0]=00000000000010000000000000000000, sa_flags=SA_RESTART
SIGXFSZ: [libjvm.so+0xb2a150], sa_mask[0]=11111111011111111101111111111110, sa_flags=SA_RESTART|SA_SIGINFO
SIGILL: [libjvm.so+0xd28ad0], sa_mask[0]=11111111011111111101111111111110, sa_flags=SA_RESTART|SA_SIGINFO
SIGUSR2: [libjvm.so+0xb29f90], sa_mask[0]=00100000000000000000000000000000, sa_flags=SA_RESTART|SA_SIGINFO
SIGHUP: [libjvm.so+0xb2a0e0], sa_mask[0]=11111111011111111101111111111110, sa_flags=SA_RESTART|SA_SIGINFO
SIGINT: [libjvm.so+0xb2a0e0], sa_mask[0]=11111111011111111101111111111110, sa_flags=SA_RESTART|SA_SIGINFO
SIGTERM: [libjvm.so+0xb2a0e0], sa_mask[0]=11111111011111111101111111111110, sa_flags=SA_RESTART|SA_SIGINFO
SIGQUIT: [libjvm.so+0xb2a0e0], sa_mask[0]=11111111011111111101111111111110, sa_flags=SA_RESTART|SA_SIGINFO


---------------  S Y S T E M  ---------------

OS:DISTRIB_ID=Ubuntu
DISTRIB_RELEASE=18.04
DISTRIB_CODENAME=bionic
DISTRIB_DESCRIPTION="Ubuntu 18.04.1 LTS"
uname:Linux 4.15.0-34-generic #37-Ubuntu SMP Mon Aug 27 15:21:48 UTC 2018 x86_64
libc:glibc 2.27 NPTL 2.27 
rlimit: STACK 8192k, CORE 0k, NPROC 30996, NOFILE 1048576, AS infinity, DATA infinity, FSIZE infinity
load average:1,49 1,71 1,27

/proc/meminfo:
MemTotal:        8040448 kB
MemFree:         1743424 kB
MemAvailable:    5248908 kB
Buffers:          284004 kB
Cached:          3671660 kB
SwapCached:            0 kB
Active:          3214052 kB
Inactive:        2695412 kB
Active(anon):    1714576 kB
Inactive(anon):   547236 kB
Active(file):    1499476 kB
Inactive(file):  2148176 kB
Unevictable:         136 kB
Mlocked:             136 kB
SwapTotal:       2097148 kB
SwapFree:        2097148 kB
Dirty:               152 kB
Writeback:             0 kB
AnonPages:       1954132 kB
Mapped:           498760 kB
Shmem:            307672 kB
Slab:             231124 kB
SReclaimable:     164676 kB
SUnreclaim:        66448 kB
KernelStack:       13728 kB
PageTables:        38140 kB
NFS_Unstable:          0 kB
Bounce:                0 kB
WritebackTmp:          0 kB
CommitLimit:     6117372 kB
Committed_AS:    6306280 kB
VmallocTotal:   34359738367 kB
VmallocUsed:           0 kB
VmallocChunk:          0 kB
HardwareCorrupted:     0 kB
AnonHugePages:         0 kB
ShmemHugePages:        0 kB
ShmemPmdMapped:        0 kB
CmaTotal:              0 kB
CmaFree:               0 kB
HugePages_Total:       0
HugePages_Free:        0
HugePages_Rsvd:        0
HugePages_Surp:        0
Hugepagesize:       2048 kB
DirectMap4k:      280564 kB
DirectMap2M:     7981056 kB
DirectMap1G:           0 kB

container (cgroup) information:
container_type: cgroupv1
cpu_cpuset_cpus: 0-3
cpu_memory_nodes: 0
active_processor_count: 4
cpu_quota: -1
cpu_period: 100000
cpu_shares: -1
memory_limit_in_bytes: -1
memory_and_swap_limit_in_bytes: -2
memory_soft_limit_in_bytes: -1
memory_usage_in_bytes: 6051446784
memory_max_usage_in_bytes: 0


CPU:total 4 (initial active 4) (2 cores per cpu, 2 threads per core) family 6 model 142 stepping 9, cmov, cx8, fxsr, mmx, sse, sse2, sse3, ssse3, sse4.1, sse4.2, popcnt, avx, avx2, aes, clmul, erms, 3dnowpref, lzcnt, ht, tsc, tscinvbit, bmi1, bmi2, adx, fma
CPU Model and flags from /proc/cpuinfo:
model name	: Intel(R) Core(TM) i7-7500U CPU @ 2.70GHz
flags		: fpu vme de pse tsc msr pae mce cx8 apic sep mtrr pge mca cmov pat pse36 clflush dts acpi mmx fxsr sse sse2 ss ht tm pbe syscall nx pdpe1gb rdtscp lm constant_tsc art arch_perfmon pebs bts rep_good nopl xtopology nonstop_tsc cpuid aperfmperf tsc_known_freq pni pclmulqdq dtes64 monitor ds_cpl vmx est tm2 ssse3 sdbg fma cx16 xtpr pdcm pcid sse4_1 sse4_2 x2apic movbe popcnt tsc_deadline_timer aes xsave avx f16c rdrand lahf_lm abm 3dnowprefetch cpuid_fault epb invpcid_single pti ssbd ibrs ibpb stibp tpr_shadow vnmi flexpriority ept vpid fsgsbase tsc_adjust bmi1 avx2 smep bmi2 erms invpcid mpx rdseed adx smap clflushopt intel_pt xsaveopt xsavec xgetbv1 xsaves dtherm ida arat pln pts hwp hwp_notify hwp_act_window hwp_epp flush_l1d

Memory: 4k page, physical 8040448k(1743424k free), swap 2097148k(2097148k free)

vm_info: OpenJDK 64-Bit Server VM (10.0.2+13-Ubuntu-1ubuntu0.18.04.2) for linux-amd64 JRE (10.0.2+13-Ubuntu-1ubuntu0.18.04.2), built on Aug 24 2018 17:36:24 by "buildd" with gcc 7.3.0

END.
