#
# A fatal error has been detected by the Java Runtime Environment:
#
#  SIGSEGV (0xb) at pc=0x00007f4997772b1e, pid=8339, tid=8372
#
# JRE version: OpenJDK Runtime Environment (10.0.2+13) (build 10.0.2+13-Ubuntu-1ubuntu0.18.04.2)
# Java VM: OpenJDK 64-Bit Server VM (10.0.2+13-Ubuntu-1ubuntu0.18.04.2, mixed mode, tiered, compressed oops, g1 gc, linux-amd64)
# Problematic frame:
# v  ~BufferBlob::jni_fast_GetLongField
#
# Core dump will be written. Default location: Core dumps may be processed with "/usr/share/apport/apport %p %s %c %d %P" (or dumping to /home/leanderson/Documentos/workspace-eclypse/projeto_POO_lanchonete/projeto_lanchonete_poo/core.8339)
#
# If you would like to submit a bug report, please visit:
#   http://bugreport.java.com/bugreport/crash.jsp
# The crash happened outside the Java Virtual Machine in native code.
# See problematic frame for where to report the bug.
#

---------------  S U M M A R Y ------------

Command Line: -Dfile.encoding=UTF-8 com.lanchonete.view.TelaInicial

Host: Intel(R) Core(TM) i7-7500U CPU @ 2.70GHz, 4 cores, 7G, Ubuntu 18.04.1 LTS
Time: Tue Oct  2 13:06:24 2018 -03 elapsed time: 8954 seconds (0d 2h 29m 14s)

---------------  T H R E A D  ---------------

Current thread (0x00007f49b035f000):  JavaThread "AWT-XAWT" daemon [_thread_in_native, id=8372, stack(0x00007f492b6fe000,0x00007f492b7ff000)]

Stack: [0x00007f492b6fe000,0x00007f492b7ff000],  sp=0x00007f492b7fd878,  free space=1022k
Native frames: (J=compiled Java code, A=aot compiled Java code, j=interpreted, Vv=VM code, C=native code)
v  ~BufferBlob::jni_fast_GetLongField
C  [libX11.so.6+0x64b1d]  _XimServerDestroy+0x3d

Java frames: (J=compiled Java code, j=interpreted, Vv=VM code)
J 1411  sun.awt.X11.XlibWrapper.XFilterEvent(JJ)Z java.desktop@10.0.2 (0 bytes) @ 0x00007f499f263904 [0x00007f499f2638c0+0x0000000000000044]
j  sun.awt.X11.XToolkit.run(Z)V+287 java.desktop@10.0.2
j  sun.awt.X11.XToolkit.run()V+5 java.desktop@10.0.2
j  java.lang.Thread.run()V+11 java.base@10.0.2
v  ~StubRoutines::call_stub

siginfo: si_signo: 11 (SIGSEGV), si_code: 1 (SEGV_MAPERR), si_addr: 0x0000000000000000

Register to memory mapping:

RAX=0x00007f49b6b06a80: <offset 0x0000000001274a80> in /usr/lib/jvm/java-11-openjdk-amd64/lib/server/libjvm.so at 0x00007f49b5892000
RBX=0x00007f49b035f200 is an unknown value
RCX=0x0000000000000000 is an unknown value
RDX=0x0000000000000042 is an unknown value
RSP=0x00007f492b7fd878 is pointing into the stack for thread: 0x00007f49b035f000
RBP=0x00007f492b7fd8a0 is pointing into the stack for thread: 0x00007f49b035f000
RSI=0x0000000000000000 is an unknown value
RDI=0x00007f49b035f200 is an unknown value
R8 =0x00007f4978cca9b0: <offset 0x000000000005c9b0> in /usr/lib/x86_64-linux-gnu/libX11.so.6 at 0x00007f4978c6e000
R9 =0x0000000000000000 is an unknown value
R10=0x000000000000011c is an unknown value
R11=0x00007f499f2638d8 is at entry_point+24 in (nmethod*)0x00007f499f263710
R12=0x0000000000000000 is an unknown value
R13=0x0000000000000000 is an unknown value
R14=0x00007f497941b5c0: <offset 0x00000000002635c0> in /usr/lib/jvm/java-11-openjdk-amd64/lib/libawt_xawt.so at 0x00007f49791b8000
R15=0x00007f49b035f000 is a thread


Registers:
RAX=0x00007f49b6b06a80, RBX=0x00007f49b035f200, RCX=0x0000000000000000, RDX=0x0000000000000042
RSP=0x00007f492b7fd878, RBP=0x00007f492b7fd8a0, RSI=0x0000000000000000, RDI=0x00007f49b035f200
R8 =0x00007f4978cca9b0, R9 =0x0000000000000000, R10=0x000000000000011c, R11=0x00007f499f2638d8
R12=0x0000000000000000, R13=0x0000000000000000, R14=0x00007f497941b5c0, R15=0x00007f49b035f000
RIP=0x00007f4997772b1e, EFLAGS=0x0000000000010246, CSGSFS=0x002b000000000033, ERR=0x0000000000000004
  TRAPNO=0x000000000000000e

Top of Stack: (sp=0x00007f492b7fd878)
0x00007f492b7fd878:   00007f49791ef1d4 00007f497b70cd28
0x00007f492b7fd888:   0000000000000000 00007f492b7fd948
0x00007f492b7fd898:   00007f492b7fd920 00007f491426f410
0x00007f492b7fd8a8:   00007f4978cd2b1d 00007f497b70cd28 

Instructions: (pc=0x00007f4997772b1e)
0x00007f4997772afe:   00 00 44 8b 15 7d f8 3d 1f 4c 8b ce 41 f6 c2 01
0x00007f4997772b0e:   0f 85 32 00 00 00 4d 33 ca 4d 33 ca 49 83 e1 fe
0x00007f4997772b1e:   4d 8b 09 4c 8b da 49 c1 eb 02 4b 8b 04 19 49 bb
0x00007f4997772b2e:   84 23 b5 b6 49 7f 00 00 4c 33 d8 4c 33 d8 45 3b 



---------------  P R O C E S S  ---------------

Threads class SMR info:
_java_thread_list=0x000055556d621d00, length=15, elements={
0x00007f49b0131800, 0x00007f49b0133800, 0x00007f49b013c800, 0x00007f49b0147000,
0x00007f49b0149000, 0x00007f49b014b000, 0x00007f49b014d000, 0x00007f49b01b9000,
0x00007f49b01c7000, 0x00007f49b035d800, 0x00007f49b035f000, 0x00007f49b0364800,
0x00007f49b0366000, 0x00007f49b0011800, 0x00007f4914273800
}

Java Threads: ( => current thread )
  0x00007f49b0131800 JavaThread "Reference Handler" daemon [_thread_blocked, id=8358, stack(0x00007f497adf0000,0x00007f497aef1000)]
  0x00007f49b0133800 JavaThread "Finalizer" daemon [_thread_blocked, id=8359, stack(0x00007f497acef000,0x00007f497adf0000)]
  0x00007f49b013c800 JavaThread "Signal Dispatcher" daemon [_thread_blocked, id=8360, stack(0x00007f497a21f000,0x00007f497a320000)]
  0x00007f49b0147000 JavaThread "C2 CompilerThread0" daemon [_thread_blocked, id=8361, stack(0x00007f497a11e000,0x00007f497a21f000)]
  0x00007f49b0149000 JavaThread "C2 CompilerThread1" daemon [_thread_blocked, id=8362, stack(0x00007f497a01d000,0x00007f497a11e000)]
  0x00007f49b014b000 JavaThread "C1 CompilerThread2" daemon [_thread_blocked, id=8363, stack(0x00007f4979f1c000,0x00007f497a01d000)]
  0x00007f49b014d000 JavaThread "Sweeper thread" daemon [_thread_blocked, id=8364, stack(0x00007f4979e1b000,0x00007f4979f1c000)]
  0x00007f49b01b9000 JavaThread "Service Thread" daemon [_thread_blocked, id=8365, stack(0x00007f4979d1a000,0x00007f4979e1b000)]
  0x00007f49b01c7000 JavaThread "Common-Cleaner" daemon [_thread_blocked, id=8367, stack(0x00007f4979b17000,0x00007f4979c18000)]
  0x00007f49b035d800 JavaThread "Java2D Disposer" daemon [_thread_blocked, id=8371, stack(0x00007f49340d0000,0x00007f49341d1000)]
=>0x00007f49b035f000 JavaThread "AWT-XAWT" daemon [_thread_in_native, id=8372, stack(0x00007f492b6fe000,0x00007f492b7ff000)]
  0x00007f49b0364800 JavaThread "AWT-Shutdown" [_thread_blocked, id=8373, stack(0x00007f492b5fd000,0x00007f492b6fe000)]
  0x00007f49b0366000 JavaThread "AWT-EventQueue-0" [_thread_blocked, id=8374, stack(0x00007f492b4fc000,0x00007f492b5fd000)]
  0x00007f49b0011800 JavaThread "DestroyJavaVM" [_thread_blocked, id=8345, stack(0x00007f49b78b9000,0x00007f49b79ba000)]
  0x00007f4914273800 JavaThread "TimerQueue" daemon [_thread_blocked, id=8375, stack(0x00007f492adfb000,0x00007f492aefc000)]

Other Threads:
  0x00007f49b0127800 VMThread "VM Thread" [stack: 0x00007f497aef3000,0x00007f497aff3000] [id=8357]
  0x00007f49b01bb000 WatcherThread [stack: 0x00007f4979c1a000,0x00007f4979d1a000] [id=8366]
  0x00007f49b0028000 GCTaskThread "GC Thread#0" [stack: 0x00007f4997442000,0x00007f4997542000] [id=8346]
  0x00007f49b0029800 GCTaskThread "GC Thread#1" [stack: 0x00007f4997340000,0x00007f4997440000] [id=8347]
  0x00007f49b002b000 GCTaskThread "GC Thread#2" [stack: 0x00007f499723e000,0x00007f499733e000] [id=8348]
  0x00007f49b002d000 GCTaskThread "GC Thread#3" [stack: 0x00007f499713c000,0x00007f499723c000] [id=8349]
  0x00007f49b0056000 ConcurrentGCThread "G1 Main Marker" [stack: 0x00007f4994204000,0x00007f4994304000] [id=8350]
  0x00007f49b0058000 ConcurrentGCThread "G1 Conc#0" [stack: 0x00007f4994102000,0x00007f4994202000] [id=8351]
  0x00007f49b00bf800 ConcurrentGCThread "G1 Refine#0" [stack: 0x00007f497bbfd000,0x00007f497bcfd000] [id=8352]
  0x00007f49b00c1800 ConcurrentGCThread "G1 Refine#1" [stack: 0x00007f497bafb000,0x00007f497bbfb000] [id=8353]
  0x00007f49b00c3000 ConcurrentGCThread "G1 Refine#2" [stack: 0x00007f497b9f9000,0x00007f497baf9000] [id=8354]
  0x00007f49b00c5000 ConcurrentGCThread "G1 Refine#3" [stack: 0x00007f497b8f7000,0x00007f497b9f7000] [id=8355]
  0x00007f49b00c6800 ConcurrentGCThread "G1 Young RemSet Sampling" [stack: 0x00007f497b7f5000,0x00007f497b8f5000] [id=8356]

Threads with active compile tasks:

VM state:not at safepoint (normal execution)

VM Mutex/Monitor currently owned by a thread: None

Heap address: 0x0000000085400000, size: 1964 MB, Compressed Oops mode: 32-bit
Narrow klass base: 0x0000000000000000, Narrow klass shift: 3
Compressed class space size: 1073741824 Address: 0x0000000100000000

Heap:
 garbage-first heap   total 126976K, used 9404K [0x0000000085400000, 0x0000000100000000)
  region size 1024K, 8 young (8192K), 2 survivors (2048K)
 Metaspace       used 21778K, capacity 22332K, committed 22704K, reserved 1069056K
  class space    used 2239K, capacity 2491K, committed 2560K, reserved 1048576K
Heap Regions: E=young(eden), S=young(survivor), O=old, HS=humongous(starts), HC=humongous(continues), CS=collection set, F=free, A=archive, TS=gc time stamp, AC=allocation context, TAMS=top-at-mark-start (previous, next)
|   0|0x0000000085400000, 0x0000000085500000, 0x0000000085500000|100%| O|  |TS  0|AC  0|TAMS 0x0000000085500000, 0x0000000085500000|
|   1|0x0000000085500000, 0x0000000085600000, 0x0000000085600000|100%| O|  |TS  0|AC  0|TAMS 0x0000000085600000, 0x0000000085600000|
|   2|0x0000000085600000, 0x0000000085700000, 0x0000000085700000|100%| O|  |TS  0|AC  0|TAMS 0x0000000085700000, 0x0000000085700000|
|   3|0x0000000085700000, 0x0000000085717600, 0x0000000085800000|  9%| O|  |TS  0|AC  0|TAMS 0x0000000085717600, 0x0000000085717600|
|   4|0x0000000085800000, 0x0000000085800000, 0x0000000085900000|  0%| F|  |TS  0|AC  0|TAMS 0x0000000085800000, 0x0000000085800000|
|   5|0x0000000085900000, 0x0000000085900000, 0x0000000085a00000|  0%| F|  |TS  0|AC  0|TAMS 0x0000000085900000, 0x0000000085900000|
|   6|0x0000000085a00000, 0x0000000085a00000, 0x0000000085b00000|  0%| F|  |TS  0|AC  0|TAMS 0x0000000085a00000, 0x0000000085a00000|
|   7|0x0000000085b00000, 0x0000000085b00000, 0x0000000085c00000|  0%| F|  |TS  0|AC  0|TAMS 0x0000000085b00000, 0x0000000085b00000|
|   8|0x0000000085c00000, 0x0000000085c00000, 0x0000000085d00000|  0%| F|  |TS  0|AC  0|TAMS 0x0000000085c00000, 0x0000000085c00000|
|   9|0x0000000085d00000, 0x0000000085d00000, 0x0000000085e00000|  0%| F|  |TS  0|AC  0|TAMS 0x0000000085d00000, 0x0000000085d00000|
|  10|0x0000000085e00000, 0x0000000085e00000, 0x0000000085f00000|  0%| F|  |TS  0|AC  0|TAMS 0x0000000085e00000, 0x0000000085e00000|
|  11|0x0000000085f00000, 0x0000000085f00000, 0x0000000086000000|  0%| F|  |TS  0|AC  0|TAMS 0x0000000085f00000, 0x0000000085f00000|
|  12|0x0000000086000000, 0x0000000086000000, 0x0000000086100000|  0%| F|  |TS  0|AC  0|TAMS 0x0000000086000000, 0x0000000086000000|
|  13|0x0000000086100000, 0x0000000086100000, 0x0000000086200000|  0%| F|  |TS  0|AC  0|TAMS 0x0000000086100000, 0x0000000086100000|
|  14|0x0000000086200000, 0x0000000086200000, 0x0000000086300000|  0%| F|  |TS  0|AC  0|TAMS 0x0000000086200000, 0x0000000086200000|
|  15|0x0000000086300000, 0x0000000086300000, 0x0000000086400000|  0%| F|  |TS  0|AC  0|TAMS 0x0000000086300000, 0x0000000086300000|
|  16|0x0000000086400000, 0x0000000086400000, 0x0000000086500000|  0%| F|  |TS  0|AC  0|TAMS 0x0000000086400000, 0x0000000086400000|
|  17|0x0000000086500000, 0x0000000086500000, 0x0000000086600000|  0%| F|  |TS  0|AC  0|TAMS 0x0000000086500000, 0x0000000086500000|
|  18|0x0000000086600000, 0x0000000086600000, 0x0000000086700000|  0%| F|  |TS  0|AC  0|TAMS 0x0000000086600000, 0x0000000086600000|
|  19|0x0000000086700000, 0x0000000086700000, 0x0000000086800000|  0%| F|  |TS  0|AC  0|TAMS 0x0000000086700000, 0x0000000086700000|
|  20|0x0000000086800000, 0x0000000086800000, 0x0000000086900000|  0%| F|  |TS  0|AC  0|TAMS 0x0000000086800000, 0x0000000086800000|
|  21|0x0000000086900000, 0x0000000086900000, 0x0000000086a00000|  0%| F|  |TS  0|AC  0|TAMS 0x0000000086900000, 0x0000000086900000|
|  22|0x0000000086a00000, 0x0000000086a00000, 0x0000000086b00000|  0%| F|  |TS  0|AC  0|TAMS 0x0000000086a00000, 0x0000000086a00000|
|  23|0x0000000086b00000, 0x0000000086b00000, 0x0000000086c00000|  0%| F|  |TS  0|AC  0|TAMS 0x0000000086b00000, 0x0000000086b00000|
|  24|0x0000000086c00000, 0x0000000086c00000, 0x0000000086d00000|  0%| F|  |TS  0|AC  0|TAMS 0x0000000086c00000, 0x0000000086c00000|
|  25|0x0000000086d00000, 0x0000000086d00000, 0x0000000086e00000|  0%| F|  |TS  0|AC  0|TAMS 0x0000000086d00000, 0x0000000086d00000|
|  26|0x0000000086e00000, 0x0000000086e00000, 0x0000000086f00000|  0%| F|  |TS  0|AC  0|TAMS 0x0000000086e00000, 0x0000000086e00000|
|  27|0x0000000086f00000, 0x0000000086f00000, 0x0000000087000000|  0%| F|  |TS  0|AC  0|TAMS 0x0000000086f00000, 0x0000000086f00000|
|  28|0x0000000087000000, 0x0000000087000000, 0x0000000087100000|  0%| F|  |TS  0|AC  0|TAMS 0x0000000087000000, 0x0000000087000000|
|  29|0x0000000087100000, 0x0000000087100000, 0x0000000087200000|  0%| F|  |TS  0|AC  0|TAMS 0x0000000087100000, 0x0000000087100000|
|  30|0x0000000087200000, 0x0000000087200000, 0x0000000087300000|  0%| F|  |TS  0|AC  0|TAMS 0x0000000087200000, 0x0000000087200000|
|  31|0x0000000087300000, 0x0000000087300000, 0x0000000087400000|  0%| F|  |TS  0|AC  0|TAMS 0x0000000087300000, 0x0000000087300000|
|  32|0x0000000087400000, 0x0000000087400000, 0x0000000087500000|  0%| F|  |TS  0|AC  0|TAMS 0x0000000087400000, 0x0000000087400000|
|  33|0x0000000087500000, 0x0000000087500000, 0x0000000087600000|  0%| F|  |TS  0|AC  0|TAMS 0x0000000087500000, 0x0000000087500000|
|  34|0x0000000087600000, 0x0000000087600000, 0x0000000087700000|  0%| F|  |TS  0|AC  0|TAMS 0x0000000087600000, 0x0000000087600000|
|  35|0x0000000087700000, 0x0000000087700000, 0x0000000087800000|  0%| F|  |TS  0|AC  0|TAMS 0x0000000087700000, 0x0000000087700000|
|  36|0x0000000087800000, 0x0000000087800000, 0x0000000087900000|  0%| F|  |TS  0|AC  0|TAMS 0x0000000087800000, 0x0000000087800000|
|  37|0x0000000087900000, 0x0000000087900000, 0x0000000087a00000|  0%| F|  |TS  0|AC  0|TAMS 0x0000000087900000, 0x0000000087900000|
|  38|0x0000000087a00000, 0x0000000087a00000, 0x0000000087b00000|  0%| F|  |TS  0|AC  0|TAMS 0x0000000087a00000, 0x0000000087a00000|
|  39|0x0000000087b00000, 0x0000000087b00000, 0x0000000087c00000|  0%| F|  |TS  0|AC  0|TAMS 0x0000000087b00000, 0x0000000087b00000|
|  40|0x0000000087c00000, 0x0000000087c00000, 0x0000000087d00000|  0%| F|  |TS  0|AC  0|TAMS 0x0000000087c00000, 0x0000000087c00000|
|  41|0x0000000087d00000, 0x0000000087d00000, 0x0000000087e00000|  0%| F|  |TS  0|AC  0|TAMS 0x0000000087d00000, 0x0000000087d00000|
|  42|0x0000000087e00000, 0x0000000087e00000, 0x0000000087f00000|  0%| F|  |TS  0|AC  0|TAMS 0x0000000087e00000, 0x0000000087e00000|
|  43|0x0000000087f00000, 0x0000000087f00000, 0x0000000088000000|  0%| F|  |TS  0|AC  0|TAMS 0x0000000087f00000, 0x0000000087f00000|
|  44|0x0000000088000000, 0x0000000088000000, 0x0000000088100000|  0%| F|  |TS  0|AC  0|TAMS 0x0000000088000000, 0x0000000088000000|
|  45|0x0000000088100000, 0x0000000088100000, 0x0000000088200000|  0%| F|  |TS  0|AC  0|TAMS 0x0000000088100000, 0x0000000088100000|
|  46|0x0000000088200000, 0x0000000088200000, 0x0000000088300000|  0%| F|  |TS  0|AC  0|TAMS 0x0000000088200000, 0x0000000088200000|
|  47|0x0000000088300000, 0x0000000088300000, 0x0000000088400000|  0%| F|  |TS  0|AC  0|TAMS 0x0000000088300000, 0x0000000088300000|
|  48|0x0000000088400000, 0x0000000088400000, 0x0000000088500000|  0%| F|  |TS  0|AC  0|TAMS 0x0000000088400000, 0x0000000088400000|
|  49|0x0000000088500000, 0x0000000088500000, 0x0000000088600000|  0%| F|  |TS  0|AC  0|TAMS 0x0000000088500000, 0x0000000088500000|
|  50|0x0000000088600000, 0x0000000088600000, 0x0000000088700000|  0%| F|  |TS  0|AC  0|TAMS 0x0000000088600000, 0x0000000088600000|
|  51|0x0000000088700000, 0x0000000088700000, 0x0000000088800000|  0%| F|  |TS  0|AC  0|TAMS 0x0000000088700000, 0x0000000088700000|
|  52|0x0000000088800000, 0x0000000088800000, 0x0000000088900000|  0%| F|  |TS  0|AC  0|TAMS 0x0000000088800000, 0x0000000088800000|
|  53|0x0000000088900000, 0x0000000088900000, 0x0000000088a00000|  0%| F|  |TS  0|AC  0|TAMS 0x0000000088900000, 0x0000000088900000|
|  54|0x0000000088a00000, 0x0000000088a00000, 0x0000000088b00000|  0%| F|  |TS  0|AC  0|TAMS 0x0000000088a00000, 0x0000000088a00000|
|  55|0x0000000088b00000, 0x0000000088b00000, 0x0000000088c00000|  0%| F|  |TS  0|AC  0|TAMS 0x0000000088b00000, 0x0000000088b00000|
|  56|0x0000000088c00000, 0x0000000088c00000, 0x0000000088d00000|  0%| F|  |TS  0|AC  0|TAMS 0x0000000088c00000, 0x0000000088c00000|
|  57|0x0000000088d00000, 0x0000000088d00000, 0x0000000088e00000|  0%| F|  |TS  0|AC  0|TAMS 0x0000000088d00000, 0x0000000088d00000|
|  58|0x0000000088e00000, 0x0000000088e00000, 0x0000000088f00000|  0%| F|  |TS  0|AC  0|TAMS 0x0000000088e00000, 0x0000000088e00000|
|  59|0x0000000088f00000, 0x0000000088f00000, 0x0000000089000000|  0%| F|  |TS  0|AC  0|TAMS 0x0000000088f00000, 0x0000000088f00000|
|  60|0x0000000089000000, 0x0000000089000000, 0x0000000089100000|  0%| F|  |TS  0|AC  0|TAMS 0x0000000089000000, 0x0000000089000000|
|  61|0x0000000089100000, 0x0000000089100000, 0x0000000089200000|  0%| F|  |TS  0|AC  0|TAMS 0x0000000089100000, 0x0000000089100000|
|  62|0x0000000089200000, 0x0000000089200000, 0x0000000089300000|  0%| F|  |TS  0|AC  0|TAMS 0x0000000089200000, 0x0000000089200000|
|  63|0x0000000089300000, 0x0000000089300000, 0x0000000089400000|  0%| F|  |TS  0|AC  0|TAMS 0x0000000089300000, 0x0000000089300000|
|  64|0x0000000089400000, 0x0000000089400000, 0x0000000089500000|  0%| F|  |TS  0|AC  0|TAMS 0x0000000089400000, 0x0000000089400000|
|  65|0x0000000089500000, 0x0000000089500000, 0x0000000089600000|  0%| F|  |TS  0|AC  0|TAMS 0x0000000089500000, 0x0000000089500000|
|  66|0x0000000089600000, 0x0000000089600000, 0x0000000089700000|  0%| F|  |TS  0|AC  0|TAMS 0x0000000089600000, 0x0000000089600000|
|  67|0x0000000089700000, 0x0000000089700000, 0x0000000089800000|  0%| F|  |TS  0|AC  0|TAMS 0x0000000089700000, 0x0000000089700000|
|  68|0x0000000089800000, 0x0000000089800000, 0x0000000089900000|  0%| F|  |TS  0|AC  0|TAMS 0x0000000089800000, 0x0000000089800000|
|  69|0x0000000089900000, 0x0000000089900000, 0x0000000089a00000|  0%| F|  |TS  0|AC  0|TAMS 0x0000000089900000, 0x0000000089900000|
|  70|0x0000000089a00000, 0x0000000089a00000, 0x0000000089b00000|  0%| F|  |TS  0|AC  0|TAMS 0x0000000089a00000, 0x0000000089a00000|
|  71|0x0000000089b00000, 0x0000000089b00000, 0x0000000089c00000|  0%| F|  |TS  0|AC  0|TAMS 0x0000000089b00000, 0x0000000089b00000|
|  72|0x0000000089c00000, 0x0000000089c00000, 0x0000000089d00000|  0%| F|  |TS  0|AC  0|TAMS 0x0000000089c00000, 0x0000000089c00000|
|  73|0x0000000089d00000, 0x0000000089d00000, 0x0000000089e00000|  0%| F|  |TS  0|AC  0|TAMS 0x0000000089d00000, 0x0000000089d00000|
|  74|0x0000000089e00000, 0x0000000089e00000, 0x0000000089f00000|  0%| F|  |TS  0|AC  0|TAMS 0x0000000089e00000, 0x0000000089e00000|
|  75|0x0000000089f00000, 0x0000000089f00000, 0x000000008a000000|  0%| F|  |TS  0|AC  0|TAMS 0x0000000089f00000, 0x0000000089f00000|
|  76|0x000000008a000000, 0x000000008a000000, 0x000000008a100000|  0%| F|  |TS  0|AC  0|TAMS 0x000000008a000000, 0x000000008a000000|
|  77|0x000000008a100000, 0x000000008a100000, 0x000000008a200000|  0%| F|  |TS  0|AC  0|TAMS 0x000000008a100000, 0x000000008a100000|
|  78|0x000000008a200000, 0x000000008a200000, 0x000000008a300000|  0%| F|  |TS  0|AC  0|TAMS 0x000000008a200000, 0x000000008a200000|
|  79|0x000000008a300000, 0x000000008a300000, 0x000000008a400000|  0%| F|  |TS  0|AC  0|TAMS 0x000000008a300000, 0x000000008a300000|
|  80|0x000000008a400000, 0x000000008a400000, 0x000000008a500000|  0%| F|  |TS  0|AC  0|TAMS 0x000000008a400000, 0x000000008a400000|
|  81|0x000000008a500000, 0x000000008a500000, 0x000000008a600000|  0%| F|  |TS  0|AC  0|TAMS 0x000000008a500000, 0x000000008a500000|
|  82|0x000000008a600000, 0x000000008a600000, 0x000000008a700000|  0%| F|  |TS  0|AC  0|TAMS 0x000000008a600000, 0x000000008a600000|
|  83|0x000000008a700000, 0x000000008a700000, 0x000000008a800000|  0%| F|  |TS  0|AC  0|TAMS 0x000000008a700000, 0x000000008a700000|
|  84|0x000000008a800000, 0x000000008a800000, 0x000000008a900000|  0%| F|  |TS  0|AC  0|TAMS 0x000000008a800000, 0x000000008a800000|
|  85|0x000000008a900000, 0x000000008a900000, 0x000000008aa00000|  0%| F|  |TS  0|AC  0|TAMS 0x000000008a900000, 0x000000008a900000|
|  86|0x000000008aa00000, 0x000000008aa00000, 0x000000008ab00000|  0%| F|  |TS  0|AC  0|TAMS 0x000000008aa00000, 0x000000008aa00000|
|  87|0x000000008ab00000, 0x000000008ab00000, 0x000000008ac00000|  0%| F|  |TS  0|AC  0|TAMS 0x000000008ab00000, 0x000000008ab00000|
|  88|0x000000008ac00000, 0x000000008ac00000, 0x000000008ad00000|  0%| F|  |TS  0|AC  0|TAMS 0x000000008ac00000, 0x000000008ac00000|
|  89|0x000000008ad00000, 0x000000008ad00000, 0x000000008ae00000|  0%| F|  |TS  0|AC  0|TAMS 0x000000008ad00000, 0x000000008ad00000|
|  90|0x000000008ae00000, 0x000000008ae00000, 0x000000008af00000|  0%| F|  |TS  0|AC  0|TAMS 0x000000008ae00000, 0x000000008ae00000|
|  91|0x000000008af00000, 0x000000008af00000, 0x000000008b000000|  0%| F|  |TS  0|AC  0|TAMS 0x000000008af00000, 0x000000008af00000|
|  92|0x000000008b000000, 0x000000008b000000, 0x000000008b100000|  0%| F|  |TS  0|AC  0|TAMS 0x000000008b000000, 0x000000008b000000|
|  93|0x000000008b100000, 0x000000008b100000, 0x000000008b200000|  0%| F|  |TS  0|AC  0|TAMS 0x000000008b100000, 0x000000008b100000|
|  94|0x000000008b200000, 0x000000008b200000, 0x000000008b300000|  0%| F|  |TS  0|AC  0|TAMS 0x000000008b200000, 0x000000008b200000|
|  95|0x000000008b300000, 0x000000008b300000, 0x000000008b400000|  0%| F|  |TS  0|AC  0|TAMS 0x000000008b300000, 0x000000008b300000|
|  96|0x000000008b400000, 0x000000008b400000, 0x000000008b500000|  0%| F|  |TS  0|AC  0|TAMS 0x000000008b400000, 0x000000008b400000|
|  97|0x000000008b500000, 0x000000008b500000, 0x000000008b600000|  0%| F|  |TS  0|AC  0|TAMS 0x000000008b500000, 0x000000008b500000|
|  98|0x000000008b600000, 0x000000008b600000, 0x000000008b700000|  0%| F|  |TS  0|AC  0|TAMS 0x000000008b600000, 0x000000008b600000|
|  99|0x000000008b700000, 0x000000008b700000, 0x000000008b800000|  0%| F|  |TS  0|AC  0|TAMS 0x000000008b700000, 0x000000008b700000|
| 100|0x000000008b800000, 0x000000008b800000, 0x000000008b900000|  0%| F|  |TS  0|AC  0|TAMS 0x000000008b800000, 0x000000008b800000|
| 101|0x000000008b900000, 0x000000008b900000, 0x000000008ba00000|  0%| F|  |TS  0|AC  0|TAMS 0x000000008b900000, 0x000000008b900000|
| 102|0x000000008ba00000, 0x000000008ba00000, 0x000000008bb00000|  0%| F|  |TS  0|AC  0|TAMS 0x000000008ba00000, 0x000000008ba00000|
| 103|0x000000008bb00000, 0x000000008bb00000, 0x000000008bc00000|  0%| F|  |TS  0|AC  0|TAMS 0x000000008bb00000, 0x000000008bb00000|
| 104|0x000000008bc00000, 0x000000008bc00000, 0x000000008bd00000|  0%| F|  |TS  0|AC  0|TAMS 0x000000008bc00000, 0x000000008bc00000|
| 105|0x000000008bd00000, 0x000000008bd00000, 0x000000008be00000|  0%| F|  |TS  0|AC  0|TAMS 0x000000008bd00000, 0x000000008bd00000|
| 106|0x000000008be00000, 0x000000008be00000, 0x000000008bf00000|  0%| F|  |TS  0|AC  0|TAMS 0x000000008be00000, 0x000000008be00000|
| 107|0x000000008bf00000, 0x000000008bf00000, 0x000000008c000000|  0%| F|  |TS  0|AC  0|TAMS 0x000000008bf00000, 0x000000008bf00000|
| 108|0x000000008c000000, 0x000000008c000000, 0x000000008c100000|  0%| F|  |TS  0|AC  0|TAMS 0x000000008c000000, 0x000000008c000000|
| 109|0x000000008c100000, 0x000000008c100000, 0x000000008c200000|  0%| F|  |TS  0|AC  0|TAMS 0x000000008c100000, 0x000000008c100000|
| 110|0x000000008c200000, 0x000000008c200000, 0x000000008c300000|  0%| F|  |TS  0|AC  0|TAMS 0x000000008c200000, 0x000000008c200000|
| 111|0x000000008c300000, 0x000000008c300000, 0x000000008c400000|  0%| F|  |TS  0|AC  0|TAMS 0x000000008c300000, 0x000000008c300000|
| 112|0x000000008c400000, 0x000000008c400000, 0x000000008c500000|  0%| F|  |TS  0|AC  0|TAMS 0x000000008c400000, 0x000000008c400000|
| 113|0x000000008c500000, 0x000000008c500000, 0x000000008c600000|  0%| F|  |TS  0|AC  0|TAMS 0x000000008c500000, 0x000000008c500000|
| 114|0x000000008c600000, 0x000000008c600000, 0x000000008c700000|  0%| F|  |TS  0|AC  0|TAMS 0x000000008c600000, 0x000000008c600000|
| 115|0x000000008c700000, 0x000000008c700000, 0x000000008c800000|  0%| F|  |TS  0|AC  0|TAMS 0x000000008c700000, 0x000000008c700000|
| 116|0x000000008c800000, 0x000000008c817ca8, 0x000000008c900000|  9%| S|CS|TS  0|AC  0|TAMS 0x000000008c800000, 0x000000008c800000|
| 117|0x000000008c900000, 0x000000008ca00000, 0x000000008ca00000|100%| S|CS|TS  0|AC  0|TAMS 0x000000008c900000, 0x000000008c900000|
| 118|0x000000008ca00000, 0x000000008caecf00, 0x000000008cb00000| 92%| E|  |TS  0|AC  0|TAMS 0x000000008ca00000, 0x000000008ca00000|
| 119|0x000000008cb00000, 0x000000008cc00000, 0x000000008cc00000|100%| E|CS|TS  0|AC  0|TAMS 0x000000008cb00000, 0x000000008cb00000|
| 120|0x000000008cc00000, 0x000000008cd00000, 0x000000008cd00000|100%| E|CS|TS  0|AC  0|TAMS 0x000000008cc00000, 0x000000008cc00000|
| 121|0x000000008cd00000, 0x000000008ce00000, 0x000000008ce00000|100%| E|CS|TS  0|AC  0|TAMS 0x000000008cd00000, 0x000000008cd00000|
| 122|0x000000008ce00000, 0x000000008cf00000, 0x000000008cf00000|100%| E|CS|TS  0|AC  0|TAMS 0x000000008ce00000, 0x000000008ce00000|
| 123|0x000000008cf00000, 0x000000008d000000, 0x000000008d000000|100%| E|CS|TS  0|AC  0|TAMS 0x000000008cf00000, 0x000000008cf00000|

Card table byte_map: [0x00007f499658a000,0x00007f4996960000] byte_map_base: 0x00007f4996160000

Marking Bits (Prev, Next): (CMBitMap*) 0x00007f49b0055418, (CMBitMap*) 0x00007f49b00553e0
 Prev Bits: [0x00007f4986150000, 0x00007f4988000000)
 Next Bits: [0x00007f4994304000, 0x00007f49961b4000)

Polling page: 0x00007f49b79d8000

CodeHeap 'non-profiled nmethods': size=120032Kb used=818Kb max_used=818Kb free=119213Kb
 bounds [0x00007f499f1e0000, 0x00007f499f450000, 0x00007f49a6718000]
CodeHeap 'profiled nmethods': size=120032Kb used=5097Kb max_used=5097Kb free=114934Kb
 bounds [0x00007f4997ca8000, 0x00007f49981a8000, 0x00007f499f1e0000]
CodeHeap 'non-nmethods': size=5696Kb used=1277Kb max_used=1293Kb free=4418Kb
 bounds [0x00007f4997718000, 0x00007f4997988000, 0x00007f4997ca8000]
 total_blobs=3521 nmethods=2408 adapters=615
 compilation: enabled

Compilation events (10 events):
Event: 2476,577 Thread 0x00007f49b014b000 2405   !   3       jdk.internal.ref.PhantomCleanable::isListEmpty (34 bytes)
Event: 2476,578 Thread 0x00007f49b014b000 nmethod 2405 0x00007f49981a0c90 code [0x00007f49981a0e40, 0x00007f49981a1190]
Event: 2476,578 Thread 0x00007f49b014b000 2406       3       jdk.internal.misc.InnocuousThread::eraseThreadLocals (23 bytes)
Event: 2476,578 Thread 0x00007f49b014b000 nmethod 2406 0x00007f49981a1290 code [0x00007f49981a1440, 0x00007f49981a1690]
Event: 3699,566 Thread 0x00007f49b014b000 2407       1       sun.awt.image.SunVolatileImage::getGraphicsConfig (5 bytes)
Event: 3699,566 Thread 0x00007f49b014b000 nmethod 2407 0x00007f499f2ac690 code [0x00007f499f2ac840, 0x00007f499f2ac950]
Event: 3699,688 Thread 0x00007f49b014b000 2408       3       sun.awt.XSettings$Update::needBytes (36 bytes)
Event: 3699,688 Thread 0x00007f49b014b000 nmethod 2408 0x00007f49981a1710 code [0x00007f49981a18e0, 0x00007f49981a1b78]
Event: 8454,636 Thread 0x00007f49b014b000 2409       3       sun.awt.X11.XClientMessageEvent::get_message_type (20 bytes)
Event: 8454,638 Thread 0x00007f49b014b000 nmethod 2409 0x00007f49981a1c90 code [0x00007f49981a1e80, 0x00007f49981a2328]

GC Heap History (4 events):
Event: 0,755 GC heap before
{Heap before GC invocations=0 (full 0):
 garbage-first heap   total 126976K, used 14336K [0x0000000085400000, 0x0000000100000000)
  region size 1024K, 14 young (14336K), 0 survivors (0K)
 Metaspace       used 17320K, capacity 17815K, committed 18176K, reserved 1064960K
  class space    used 1754K, capacity 2018K, committed 2048K, reserved 1048576K
}
Event: 0,762 GC heap after
{Heap after GC invocations=1 (full 0):
 garbage-first heap   total 126976K, used 3150K [0x0000000085400000, 0x0000000100000000)
  region size 1024K, 2 young (2048K), 2 survivors (2048K)
 Metaspace       used 17320K, capacity 17815K, committed 18176K, reserved 1064960K
  class space    used 1754K, capacity 2018K, committed 2048K, reserved 1048576K
}
Event: 16,548 GC heap before
{Heap before GC invocations=1 (full 0):
 garbage-first heap   total 126976K, used 8270K [0x0000000085400000, 0x0000000100000000)
  region size 1024K, 8 young (8192K), 2 survivors (2048K)
 Metaspace       used 20433K, capacity 20950K, committed 21296K, reserved 1069056K
  class space    used 2078K, capacity 2330K, committed 2432K, reserved 1048576K
}
Event: 16,558 GC heap after
{Heap after GC invocations=2 (full 0):
 garbage-first heap   total 126976K, used 4284K [0x0000000085400000, 0x0000000100000000)
  region size 1024K, 2 young (2048K), 2 survivors (2048K)
 Metaspace       used 20433K, capacity 20950K, committed 21296K, reserved 1069056K
  class space    used 2078K, capacity 2330K, committed 2432K, reserved 1048576K
}

Deoptimization events (10 events):
Event: 10,024 Thread 0x00007f49b0366000 Uncommon trap: reason=unstable_if action=reinterpret pc=0x00007f499f1fa820 method=java.lang.StringLatin1.replace([BCC)Ljava/lang/String; @ 19 c2
Event: 10,024 Thread 0x00007f49b0366000 Uncommon trap: reason=unstable_if action=reinterpret pc=0x00007f499f20fe74 method=jdk.internal.org.objectweb.asm.Type.getArgumentsAndReturnSizes(Ljava/lang/String;)I @ 88 c2
Event: 10,051 Thread 0x00007f49b0366000 Uncommon trap: reason=unstable_if action=reinterpret pc=0x00007f499f230e94 method=java.lang.AbstractStringBuilder.putStringAt(ILjava/lang/String;)V @ 8 c2
Event: 10,051 Thread 0x00007f49b0366000 Uncommon trap: reason=unstable_if action=reinterpret pc=0x00007f499f230034 method=java.lang.AbstractStringBuilder.putStringAt(ILjava/lang/String;)V @ 8 c2
Event: 10,051 Thread 0x00007f49b0366000 Uncommon trap: reason=unstable_if action=reinterpret pc=0x00007f499f21d36c method=java.lang.String.getBytes([BIB)V @ 5 c2
Event: 10,051 Thread 0x00007f49b0366000 Uncommon trap: reason=unstable_if action=reinterpret pc=0x00007f499f20bac0 method=java.lang.AbstractStringBuilder.isLatin1()Z @ 10 c2
Event: 10,051 Thread 0x00007f49b0366000 Uncommon trap: reason=unstable_if action=reinterpret pc=0x00007f499f20c3c0 method=java.lang.AbstractStringBuilder.isLatin1()Z @ 10 c2
Event: 10,093 Thread 0x00007f49b0366000 Uncommon trap: reason=intrinsic_or_type_checked_inlining action=make_not_entrant pc=0x00007f499f275570 method=java.util.Arrays.copyOf([Ljava/lang/Object;ILjava/lang/Class;)[Ljava/lang/Object; @ 35 c2
Event: 25,267 Thread 0x00007f49b0366000 Uncommon trap: reason=unstable_if action=reinterpret pc=0x00007f499f291514 method=sun.awt.SunToolkit.isInstanceOf(Ljava/lang/Class;Ljava/lang/String;)Z @ 14 c2
Event: 31,276 Thread 0x00007f49b0366000 Uncommon trap: reason=unstable_if action=reinterpret pc=0x00007f499f222a38 method=java.lang.ref.ReferenceQueue.poll()Ljava/lang/ref/Reference; @ 4 c2

Classes redefined (0 events):
No events

Internal exceptions (10 events):
Event: 18,939 Thread 0x00007f49b0366000 Exception <a 'java/lang/UnsupportedOperationException'{0x000000008cea4888}: > (0x000000008cea4888) thrown at [/build/openjdk-lts-xioZJb/openjdk-lts-10.0.2+13/src/hotspot/share/prims/jni.cpp, line 632]
Event: 21,533 Thread 0x00007f49b0366000 Exception <a 'java/lang/UnsupportedOperationException'{0x000000008ceffa10}: > (0x000000008ceffa10) thrown at [/build/openjdk-lts-xioZJb/openjdk-lts-10.0.2+13/src/hotspot/share/prims/jni.cpp, line 632]
Event: 23,266 Thread 0x00007f49b0366000 Exception <a 'java/lang/UnsupportedOperationException'{0x000000008cd76298}: > (0x000000008cd76298) thrown at [/build/openjdk-lts-xioZJb/openjdk-lts-10.0.2+13/src/hotspot/share/prims/jni.cpp, line 632]
Event: 24,458 Thread 0x00007f49b0366000 Exception <a 'java/lang/UnsupportedOperationException'{0x000000008cdb06c0}: > (0x000000008cdb06c0) thrown at [/build/openjdk-lts-xioZJb/openjdk-lts-10.0.2+13/src/hotspot/share/prims/jni.cpp, line 632]
Event: 25,321 Thread 0x00007f49b0366000 Exception <a 'java/lang/UnsupportedOperationException'{0x000000008cc23078}: > (0x000000008cc23078) thrown at [/build/openjdk-lts-xioZJb/openjdk-lts-10.0.2+13/src/hotspot/share/prims/jni.cpp, line 632]
Event: 27,097 Thread 0x00007f49b0366000 Exception <a 'java/lang/UnsupportedOperationException'{0x000000008cc76060}: > (0x000000008cc76060) thrown at [/build/openjdk-lts-xioZJb/openjdk-lts-10.0.2+13/src/hotspot/share/prims/jni.cpp, line 632]
Event: 28,156 Thread 0x00007f49b0366000 Exception <a 'java/lang/UnsupportedOperationException'{0x000000008ccd6c40}: > (0x000000008ccd6c40) thrown at [/build/openjdk-lts-xioZJb/openjdk-lts-10.0.2+13/src/hotspot/share/prims/jni.cpp, line 632]
Event: 28,915 Thread 0x00007f49b0366000 Exception <a 'java/lang/UnsupportedOperationException'{0x000000008ccffc70}: > (0x000000008ccffc70) thrown at [/build/openjdk-lts-xioZJb/openjdk-lts-10.0.2+13/src/hotspot/share/prims/jni.cpp, line 632]
Event: 29,887 Thread 0x00007f49b0366000 Exception <a 'java/lang/UnsupportedOperationException'{0x000000008cb42750}: > (0x000000008cb42750) thrown at [/build/openjdk-lts-xioZJb/openjdk-lts-10.0.2+13/src/hotspot/share/prims/jni.cpp, line 632]
Event: 31,366 Thread 0x00007f49b0366000 Exception <a 'java/lang/UnsupportedOperationException'{0x000000008cbc19a8}: > (0x000000008cbc19a8) thrown at [/build/openjdk-lts-xioZJb/openjdk-lts-10.0.2+13/src/hotspot/share/prims/jni.cpp, line 632]

Events (10 events):
Event: 3699,687 Executing VM operation: RevokeBias
Event: 3699,687 Executing VM operation: RevokeBias done
Event: 3699,687 Executing VM operation: RevokeBias
Event: 3699,687 Executing VM operation: RevokeBias done
Event: 3699,687 Executing VM operation: RevokeBias
Event: 3699,687 Executing VM operation: RevokeBias done
Event: 3699,688 Executing VM operation: RevokeBias
Event: 3699,688 Executing VM operation: RevokeBias done
Event: 3699,688 loading class sun/awt/X11/XAWTXSettings$1
Event: 3699,801 loading class sun/awt/X11/XAWTXSettings$1 done


Dynamic libraries:
85400000-8d000000 rw-p 00000000 00:00 0 
8d000000-100000000 ---p 00000000 00:00 0 
100000000-100280000 rw-p 00000000 00:00 0 
100280000-140000000 ---p 00000000 00:00 0 
55556c72c000-55556c72d000 r-xp 00000000 08:02 5114154                    /usr/lib/jvm/java-11-openjdk-amd64/bin/java
55556c92d000-55556c92e000 r--p 00001000 08:02 5114154                    /usr/lib/jvm/java-11-openjdk-amd64/bin/java
55556c92e000-55556c92f000 rw-p 00002000 08:02 5114154                    /usr/lib/jvm/java-11-openjdk-amd64/bin/java
55556d5f9000-55556d640000 rw-p 00000000 00:00 0                          [heap]
7f4908000000-7f4908021000 rw-p 00000000 00:00 0 
7f4908021000-7f490c000000 ---p 00000000 00:00 0 
7f4910000000-7f4910021000 rw-p 00000000 00:00 0 
7f4910021000-7f4914000000 ---p 00000000 00:00 0 
7f4914000000-7f49142d4000 rw-p 00000000 00:00 0 
7f49142d4000-7f4918000000 ---p 00000000 00:00 0 
7f4918000000-7f4918021000 rw-p 00000000 00:00 0 
7f4918021000-7f491c000000 ---p 00000000 00:00 0 
7f491c000000-7f491c021000 rw-p 00000000 00:00 0 
7f491c021000-7f4920000000 ---p 00000000 00:00 0 
7f4920000000-7f4920021000 rw-p 00000000 00:00 0 
7f4920021000-7f4924000000 ---p 00000000 00:00 0 
7f4924000000-7f4924021000 rw-p 00000000 00:00 0 
7f4924021000-7f4928000000 ---p 00000000 00:00 0 
7f492a8fa000-7f492aaa6000 rw-p 00000000 00:00 0 
7f492aaa6000-7f492aafe000 ---p 00000000 00:00 0 
7f492aafe000-7f492adfb000 rw-p 00000000 00:00 0 
7f492adfb000-7f492adff000 ---p 00000000 00:00 0 
7f492adff000-7f492b0fc000 rw-p 00000000 00:00 0 
7f492b0fc000-7f492b2fc000 rw-p 00000000 00:00 0 
7f492b2fc000-7f492b4fc000 rw-p 00000000 00:00 0 
7f492b4fc000-7f492b500000 ---p 00000000 00:00 0 
7f492b500000-7f492b5fd000 rw-p 00000000 00:00 0 
7f492b5fd000-7f492b601000 ---p 00000000 00:00 0 
7f492b601000-7f492b6fe000 rw-p 00000000 00:00 0 
7f492b6fe000-7f492b702000 ---p 00000000 00:00 0 
7f492b702000-7f492b7ff000 rw-p 00000000 00:00 0 
7f492b7ff000-7f492b800000 ---p 00000000 00:00 0 
7f492b800000-7f492c000000 rw-p 00000000 00:00 0 
7f492c000000-7f492c021000 rw-p 00000000 00:00 0 
7f492c021000-7f4930000000 ---p 00000000 00:00 0 
7f4930000000-7f4930021000 rw-p 00000000 00:00 0 
7f4930021000-7f4934000000 ---p 00000000 00:00 0 
7f49340d0000-7f49340d4000 ---p 00000000 00:00 0 
7f49340d4000-7f49341d1000 rw-p 00000000 00:00 0 
7f49341d1000-7f49341d6000 r-xp 00000000 08:02 4202137                    /usr/lib/x86_64-linux-gnu/libXfixes.so.3.1.0
7f49341d6000-7f49343d5000 ---p 00005000 08:02 4202137                    /usr/lib/x86_64-linux-gnu/libXfixes.so.3.1.0
7f49343d5000-7f49343d6000 r--p 00004000 08:02 4202137                    /usr/lib/x86_64-linux-gnu/libXfixes.so.3.1.0
7f49343d6000-7f49343d7000 rw-p 00005000 08:02 4202137                    /usr/lib/x86_64-linux-gnu/libXfixes.so.3.1.0
7f49343d7000-7f49343e0000 r-xp 00000000 08:02 4202129                    /usr/lib/x86_64-linux-gnu/libXcursor.so.1.0.2
7f49343e0000-7f49345df000 ---p 00009000 08:02 4202129                    /usr/lib/x86_64-linux-gnu/libXcursor.so.1.0.2
7f49345df000-7f49345e0000 r--p 00008000 08:02 4202129                    /usr/lib/x86_64-linux-gnu/libXcursor.so.1.0.2
7f49345e0000-7f49345e1000 rw-p 00009000 08:02 4202129                    /usr/lib/x86_64-linux-gnu/libXcursor.so.1.0.2
7f49345e1000-7f49345e2000 ---p 00000000 00:00 0 
7f49345e2000-7f4934de2000 rw-p 00000000 00:00 0 
7f4934de2000-7f4934de3000 ---p 00000000 00:00 0 
7f4934de3000-7f49355e3000 rw-p 00000000 00:00 0 
7f49355e3000-7f49355ef000 r-xp 00000000 08:02 4459896                    /usr/lib/x86_64-linux-gnu/gio/modules/libdconfsettings.so
7f49355ef000-7f49357ee000 ---p 0000c000 08:02 4459896                    /usr/lib/x86_64-linux-gnu/gio/modules/libdconfsettings.so
7f49357ee000-7f49357ef000 r--p 0000b000 08:02 4459896                    /usr/lib/x86_64-linux-gnu/gio/modules/libdconfsettings.so
7f49357ef000-7f49357f0000 rw-p 0000c000 08:02 4459896                    /usr/lib/x86_64-linux-gnu/gio/modules/libdconfsettings.so
7f49357f0000-7f49357f6000 r-xp 00000000 08:02 32248880                   /lib/x86_64-linux-gnu/libuuid.so.1.3.0
7f49357f6000-7f49359f5000 ---p 00006000 08:02 32248880                   /lib/x86_64-linux-gnu/libuuid.so.1.3.0
7f49359f5000-7f49359f6000 r--p 00005000 08:02 32248880                   /lib/x86_64-linux-gnu/libuuid.so.1.3.0
7f49359f6000-7f49359f7000 rw-p 00006000 08:02 32248880                   /lib/x86_64-linux-gnu/libuuid.so.1.3.0
7f49359f7000-7f4935a3e000 r-xp 00000000 08:02 32248549                   /lib/x86_64-linux-gnu/libblkid.so.1.1.0
7f4935a3e000-7f4935c3e000 ---p 00047000 08:02 32248549                   /lib/x86_64-linux-gnu/libblkid.so.1.1.0
7f4935c3e000-7f4935c42000 r--p 00047000 08:02 32248549                   /lib/x86_64-linux-gnu/libblkid.so.1.1.0
7f4935c42000-7f4935c43000 rw-p 0004b000 08:02 32248549                   /lib/x86_64-linux-gnu/libblkid.so.1.1.0
7f4935c43000-7f4935c44000 rw-p 00000000 00:00 0 
7f4935c44000-7f4935cb4000 r-xp 00000000 08:02 32248504                   /lib/x86_64-linux-gnu/libpcre.so.3.13.3
7f4935cb4000-7f4935eb4000 ---p 00070000 08:02 32248504                   /lib/x86_64-linux-gnu/libpcre.so.3.13.3
7f4935eb4000-7f4935eb5000 r--p 00070000 08:02 32248504                   /lib/x86_64-linux-gnu/libpcre.so.3.13.3
7f4935eb5000-7f4935eb6000 rw-p 00071000 08:02 32248504                   /lib/x86_64-linux-gnu/libpcre.so.3.13.3
7f4935eb6000-7f4935ebd000 r-xp 00000000 08:02 4202464                    /usr/lib/x86_64-linux-gnu/libffi.so.6.0.4
7f4935ebd000-7f49360bc000 ---p 00007000 08:02 4202464                    /usr/lib/x86_64-linux-gnu/libffi.so.6.0.4
7f49360bc000-7f49360bd000 r--p 00006000 08:02 4202464                    /usr/lib/x86_64-linux-gnu/libffi.so.6.0.4
7f49360bd000-7f49360be000 rw-p 00007000 08:02 4202464                    /usr/lib/x86_64-linux-gnu/libffi.so.6.0.4
7f49360be000-7f493610f000 r-xp 00000000 08:02 32248415                   /lib/x86_64-linux-gnu/libmount.so.1.1.0
7f493610f000-7f493630e000 ---p 00051000 08:02 32248415                   /lib/x86_64-linux-gnu/libmount.so.1.1.0
7f493630e000-7f4936310000 r--p 00050000 08:02 32248415                   /lib/x86_64-linux-gnu/libmount.so.1.1.0
7f4936310000-7f4936311000 rw-p 00052000 08:02 32248415                   /lib/x86_64-linux-gnu/libmount.so.1.1.0
7f4936311000-7f4936312000 rw-p 00000000 00:00 0 
7f4936312000-7f4936329000 r-xp 00000000 08:02 32248521                   /lib/x86_64-linux-gnu/libresolv-2.27.so
7f4936329000-7f4936529000 ---p 00017000 08:02 32248521                   /lib/x86_64-linux-gnu/libresolv-2.27.so
7f4936529000-7f493652a000 r--p 00017000 08:02 32248521                   /lib/x86_64-linux-gnu/libresolv-2.27.so
7f493652a000-7f493652b000 rw-p 00018000 08:02 32248521                   /lib/x86_64-linux-gnu/libresolv-2.27.so
7f493652b000-7f493652d000 rw-p 00000000 00:00 0 
7f493652d000-7f4936552000 r-xp 00000000 08:02 32248527                   /lib/x86_64-linux-gnu/libselinux.so.1
7f4936552000-7f4936751000 ---p 00025000 08:02 32248527                   /lib/x86_64-linux-gnu/libselinux.so.1
7f4936751000-7f4936752000 r--p 00024000 08:02 32248527                   /lib/x86_64-linux-gnu/libselinux.so.1
7f4936752000-7f4936753000 rw-p 00025000 08:02 32248527                   /lib/x86_64-linux-gnu/libselinux.so.1
7f4936753000-7f4936755000 rw-p 00000000 00:00 0 
7f4936755000-7f4936868000 r-xp 00000000 08:02 4194647                    /usr/lib/x86_64-linux-gnu/libglib-2.0.so.0.5600.2
7f4936868000-7f4936a68000 ---p 00113000 08:02 4194647                    /usr/lib/x86_64-linux-gnu/libglib-2.0.so.0.5600.2
7f4936a68000-7f4936a69000 r--p 00113000 08:02 4194647                    /usr/lib/x86_64-linux-gnu/libglib-2.0.so.0.5600.2
7f4936a69000-7f4936a6a000 rw-p 00114000 08:02 4194647                    /usr/lib/x86_64-linux-gnu/libglib-2.0.so.0.5600.2
7f4936a6a000-7f4936a6b000 rw-p 00000000 00:00 0 
7f4936a6b000-7f4936a6e000 r-xp 00000000 08:02 4194670                    /usr/lib/x86_64-linux-gnu/libgmodule-2.0.so.0.5600.2
7f4936a6e000-7f4936c6d000 ---p 00003000 08:02 4194670                    /usr/lib/x86_64-linux-gnu/libgmodule-2.0.so.0.5600.2
7f4936c6d000-7f4936c6e000 r--p 00002000 08:02 4194670                    /usr/lib/x86_64-linux-gnu/libgmodule-2.0.so.0.5600.2
7f4936c6e000-7f4936c6f000 rw-p 00003000 08:02 4194670                    /usr/lib/x86_64-linux-gnu/libgmodule-2.0.so.0.5600.2
7f4936c6f000-7f4936cc1000 r-xp 00000000 08:02 4194671                    /usr/lib/x86_64-linux-gnu/libgobject-2.0.so.0.5600.2
7f4936cc1000-7f4936ec1000 ---p 00052000 08:02 4194671                    /usr/lib/x86_64-linux-gnu/libgobject-2.0.so.0.5600.2
7f4936ec1000-7f4936ec2000 r--p 00052000 08:02 4194671                    /usr/lib/x86_64-linux-gnu/libgobject-2.0.so.0.5600.2
7f4936ec2000-7f4936ec3000 rw-p 00053000 08:02 4194671                    /usr/lib/x86_64-linux-gnu/libgobject-2.0.so.0.5600.2
7f4936ec3000-7f4937058000 r-xp 00000000 08:02 4194639                    /usr/lib/x86_64-linux-gnu/libgio-2.0.so.0.5600.2
7f4937058000-7f4937258000 ---p 00195000 08:02 4194639                    /usr/lib/x86_64-linux-gnu/libgio-2.0.so.0.5600.2
7f4937258000-7f493725f000 r--p 00195000 08:02 4194639                    /usr/lib/x86_64-linux-gnu/libgio-2.0.so.0.5600.2
7f493725f000-7f4937260000 rw-p 0019c000 08:02 4194639                    /usr/lib/x86_64-linux-gnu/libgio-2.0.so.0.5600.2
7f4937260000-7f4937262000 rw-p 00000000 00:00 0 
7f4937262000-7f493726c000 r-xp 00000000 08:02 4202153                    /usr/lib/x86_64-linux-gnu/libXrandr.so.2.2.0
7f493726c000-7f493746b000 ---p 0000a000 08:02 4202153                    /usr/lib/x86_64-linux-gnu/libXrandr.so.2.2.0
7f493746b000-7f493746c000 r--p 00009000 08:02 4202153                    /usr/lib/x86_64-linux-gnu/libXrandr.so.2.2.0
7f493746c000-7f493746d000 rw-p 0000a000 08:02 4202153                    /usr/lib/x86_64-linux-gnu/libXrandr.so.2.2.0
7f493746d000-7f493766d000 rw-p 00000000 00:00 0 
7f493766d000-7f493769e000 r-xp 00000000 08:02 4194945                    /usr/lib/x86_64-linux-gnu/libpng16.so.16.34.0
7f493769e000-7f493789d000 ---p 00031000 08:02 4194945                    /usr/lib/x86_64-linux-gnu/libpng16.so.16.34.0
7f493789d000-7f493789e000 r--p 00030000 08:02 4194945                    /usr/lib/x86_64-linux-gnu/libpng16.so.16.34.0
7f493789e000-7f493789f000 rw-p 00031000 08:02 4194945                    /usr/lib/x86_64-linux-gnu/libpng16.so.16.34.0
7f493789f000-7f493794c000 r-xp 00000000 08:02 4202496                    /usr/lib/x86_64-linux-gnu/libfreetype.so.6.15.0
7f493794c000-7f4937b4b000 ---p 000ad000 08:02 4202496                    /usr/lib/x86_64-linux-gnu/libfreetype.so.6.15.0
7f4937b4b000-7f4937b52000 r--p 000ac000 08:02 4202496                    /usr/lib/x86_64-linux-gnu/libfreetype.so.6.15.0
7f4937b52000-7f4937b53000 rw-p 000b3000 08:02 4202496                    /usr/lib/x86_64-linux-gnu/libfreetype.so.6.15.0
7f4937b53000-7f4937be8000 r-xp 00000000 08:02 5245845                    /usr/lib/jvm/java-11-openjdk-amd64/lib/libfontmanager.so
7f4937be8000-7f4937de8000 ---p 00095000 08:02 5245845                    /usr/lib/jvm/java-11-openjdk-amd64/lib/libfontmanager.so
7f4937de8000-7f4937de9000 r--p 00095000 08:02 5245845                    /usr/lib/jvm/java-11-openjdk-amd64/lib/libfontmanager.so
7f4937de9000-7f4937dea000 rw-p 00096000 08:02 5245845                    /usr/lib/jvm/java-11-openjdk-amd64/lib/libfontmanager.so
7f4937dea000-7f4937deb000 rw-p 00000000 00:00 0 
7f4937deb000-7f4937dfe000 r-xp 00000000 08:02 32248378                   /lib/x86_64-linux-gnu/libbsd.so.0.8.7
7f4937dfe000-7f4937ffd000 ---p 00013000 08:02 32248378                   /lib/x86_64-linux-gnu/libbsd.so.0.8.7
7f4937ffd000-7f4937ffe000 r--p 00012000 08:02 32248378                   /lib/x86_64-linux-gnu/libbsd.so.0.8.7
7f4937ffe000-7f4937fff000 rw-p 00013000 08:02 32248378                   /lib/x86_64-linux-gnu/libbsd.so.0.8.7
7f4937fff000-7f4938000000 rw-p 00000000 00:00 0 
7f4938000000-7f4938021000 rw-p 00000000 00:00 0 
7f4938021000-7f493c000000 ---p 00000000 00:00 0 
7f493c000000-7f493c021000 rw-p 00000000 00:00 0 
7f493c021000-7f4940000000 ---p 00000000 00:00 0 
7f4940000000-7f494068d000 rw-p 00000000 00:00 0 
7f494068d000-7f4944000000 ---p 00000000 00:00 0 
7f4944000000-7f4944021000 rw-p 00000000 00:00 0 
7f4944021000-7f4948000000 ---p 00000000 00:00 0 
7f4948000000-7f4948697000 rw-p 00000000 00:00 0 
7f4948697000-7f494c000000 ---p 00000000 00:00 0 
7f494c000000-7f494cb2e000 rw-p 00000000 00:00 0 
7f494cb2e000-7f4950000000 ---p 00000000 00:00 0 
7f4950000000-7f4950021000 rw-p 00000000 00:00 0 
7f4950021000-7f4954000000 ---p 00000000 00:00 0 
7f4954000000-7f4954021000 rw-p 00000000 00:00 0 
7f4954021000-7f4958000000 ---p 00000000 00:00 0 
7f4958000000-7f4958035000 rw-p 00000000 00:00 0 
7f4958035000-7f495c000000 ---p 00000000 00:00 0 
7f495c000000-7f495c021000 rw-p 00000000 00:00 0 
7f495c021000-7f4960000000 ---p 00000000 00:00 0 
7f4960000000-7f4960021000 rw-p 00000000 00:00 0 
7f4960021000-7f4964000000 ---p 00000000 00:00 0 
7f4964000000-7f4964021000 rw-p 00000000 00:00 0 
7f4964021000-7f4968000000 ---p 00000000 00:00 0 
7f4968000000-7f4968021000 rw-p 00000000 00:00 0 
7f4968021000-7f496c000000 ---p 00000000 00:00 0 
7f496c000000-7f496c021000 rw-p 00000000 00:00 0 
7f496c021000-7f4970000000 ---p 00000000 00:00 0 
7f4970000000-7f4970021000 rw-p 00000000 00:00 0 
7f4970021000-7f4974000000 ---p 00000000 00:00 0 
7f4974000000-7f4974021000 rw-p 00000000 00:00 0 
7f4974021000-7f4978000000 ---p 00000000 00:00 0 
7f497801c000-7f4978021000 r-xp 00000000 08:02 4202133                    /usr/lib/x86_64-linux-gnu/libXdmcp.so.6.0.0
7f4978021000-7f4978220000 ---p 00005000 08:02 4202133                    /usr/lib/x86_64-linux-gnu/libXdmcp.so.6.0.0
7f4978220000-7f4978221000 r--p 00004000 08:02 4202133                    /usr/lib/x86_64-linux-gnu/libXdmcp.so.6.0.0
7f4978221000-7f4978222000 rw-p 00005000 08:02 4202133                    /usr/lib/x86_64-linux-gnu/libXdmcp.so.6.0.0
7f4978222000-7f4978224000 r-xp 00000000 08:02 4202122                    /usr/lib/x86_64-linux-gnu/libXau.so.6.0.0
7f4978224000-7f4978424000 ---p 00002000 08:02 4202122                    /usr/lib/x86_64-linux-gnu/libXau.so.6.0.0
7f4978424000-7f4978425000 r--p 00002000 08:02 4202122                    /usr/lib/x86_64-linux-gnu/libXau.so.6.0.0
7f4978425000-7f4978426000 rw-p 00003000 08:02 4202122                    /usr/lib/x86_64-linux-gnu/libXau.so.6.0.0
7f4978426000-7f497844c000 r-xp 00000000 08:02 4203326                    /usr/lib/x86_64-linux-gnu/libxcb.so.1.1.0
7f497844c000-7f497864c000 ---p 00026000 08:02 4203326                    /usr/lib/x86_64-linux-gnu/libxcb.so.1.1.0
7f497864c000-7f497864d000 r--p 00026000 08:02 4203326                    /usr/lib/x86_64-linux-gnu/libxcb.so.1.1.0
7f497864d000-7f497864e000 rw-p 00027000 08:02 4203326                    /usr/lib/x86_64-linux-gnu/libxcb.so.1.1.0
7f497864e000-7f497865d000 r-xp 00000000 08:02 4202143                    /usr/lib/x86_64-linux-gnu/libXi.so.6.1.0
7f497865d000-7f497885c000 ---p 0000f000 08:02 4202143                    /usr/lib/x86_64-linux-gnu/libXi.so.6.1.0
7f497885c000-7f497885d000 r--p 0000e000 08:02 4202143                    /usr/lib/x86_64-linux-gnu/libXi.so.6.1.0
7f497885d000-7f497885e000 rw-p 0000f000 08:02 4202143                    /usr/lib/x86_64-linux-gnu/libXi.so.6.1.0
7f497885e000-7f4978863000 r-xp 00000000 08:02 4202161                    /usr/lib/x86_64-linux-gnu/libXtst.so.6.1.0
7f4978863000-7f4978a62000 ---p 00005000 08:02 4202161                    /usr/lib/x86_64-linux-gnu/libXtst.so.6.1.0
7f4978a62000-7f4978a63000 r--p 00004000 08:02 4202161                    /usr/lib/x86_64-linux-gnu/libXtst.so.6.1.0
7f4978a63000-7f4978a64000 rw-p 00005000 08:02 4202161                    /usr/lib/x86_64-linux-gnu/libXtst.so.6.1.0
7f4978a64000-7f4978a6d000 r-xp 00000000 08:02 4202155                    /usr/lib/x86_64-linux-gnu/libXrender.so.1.3.0
7f4978a6d000-7f4978c6c000 ---p 00009000 08:02 4202155                    /usr/lib/x86_64-linux-gnu/libXrender.so.1.3.0
7f4978c6c000-7f4978c6d000 r--p 00008000 08:02 4202155                    /usr/lib/x86_64-linux-gnu/libXrender.so.1.3.0
7f4978c6d000-7f4978c6e000 rw-p 00009000 08:02 4202155                    /usr/lib/x86_64-linux-gnu/libXrender.so.1.3.0
7f4978c6e000-7f4978da1000 r-xp 00000000 08:02 4196974                    /usr/lib/x86_64-linux-gnu/libX11.so.6.3.0
7f4978da1000-7f4978fa1000 ---p 00133000 08:02 4196974                    /usr/lib/x86_64-linux-gnu/libX11.so.6.3.0
7f4978fa1000-7f4978fa2000 r--p 00133000 08:02 4196974                    /usr/lib/x86_64-linux-gnu/libX11.so.6.3.0
7f4978fa2000-7f4978fa6000 rw-p 00134000 08:02 4196974                    /usr/lib/x86_64-linux-gnu/libX11.so.6.3.0
7f4978fa6000-7f4978fb7000 r-xp 00000000 08:02 4202135                    /usr/lib/x86_64-linux-gnu/libXext.so.6.4.0
7f4978fb7000-7f49791b6000 ---p 00011000 08:02 4202135                    /usr/lib/x86_64-linux-gnu/libXext.so.6.4.0
7f49791b6000-7f49791b7000 r--p 00010000 08:02 4202135                    /usr/lib/x86_64-linux-gnu/libXext.so.6.4.0
7f49791b7000-7f49791b8000 rw-p 00011000 08:02 4202135                    /usr/lib/x86_64-linux-gnu/libXext.so.6.4.0
7f49791b8000-7f4979217000 r-xp 00000000 08:02 5245842                    /usr/lib/jvm/java-11-openjdk-amd64/lib/libawt_xawt.so
7f4979217000-7f4979416000 ---p 0005f000 08:02 5245842                    /usr/lib/jvm/java-11-openjdk-amd64/lib/libawt_xawt.so
7f4979416000-7f4979417000 r--p 0005e000 08:02 5245842                    /usr/lib/jvm/java-11-openjdk-amd64/lib/libawt_xawt.so
7f4979417000-7f497941a000 rw-p 0005f000 08:02 5245842                    /usr/lib/jvm/java-11-openjdk-amd64/lib/libawt_xawt.so
7f497941a000-7f497941c000 rw-p 00000000 00:00 0 
7f497941c000-7f49794bc000 r-xp 00000000 08:02 5245839                    /usr/lib/jvm/java-11-openjdk-amd64/lib/libawt.so
7f49794bc000-7f49796bc000 ---p 000a0000 08:02 5245839                    /usr/lib/jvm/java-11-openjdk-amd64/lib/libawt.so
7f49796bc000-7f49796bd000 r--p 000a0000 08:02 5245839                    /usr/lib/jvm/java-11-openjdk-amd64/lib/libawt.so
7f49796bd000-7f49796c8000 rw-p 000a1000 08:02 5245839                    /usr/lib/jvm/java-11-openjdk-amd64/lib/libawt.so
7f49796c8000-7f49796ed000 rw-p 00000000 00:00 0 
7f49796ed000-7f4979704000 r-xp 00000000 08:02 5245867                    /usr/lib/jvm/java-11-openjdk-amd64/lib/libnet.so
7f4979704000-7f4979903000 ---p 00017000 08:02 5245867                    /usr/lib/jvm/java-11-openjdk-amd64/lib/libnet.so
7f4979903000-7f4979904000 r--p 00016000 08:02 5245867                    /usr/lib/jvm/java-11-openjdk-amd64/lib/libnet.so
7f4979904000-7f4979905000 rw-p 00017000 08:02 5245867                    /usr/lib/jvm/java-11-openjdk-amd64/lib/libnet.so
7f4979905000-7f4979916000 r-xp 00000000 08:02 5245868                    /usr/lib/jvm/java-11-openjdk-amd64/lib/libnio.so
7f4979916000-7f4979b15000 ---p 00011000 08:02 5245868                    /usr/lib/jvm/java-11-openjdk-amd64/lib/libnio.so
7f4979b15000-7f4979b16000 r--p 00010000 08:02 5245868                    /usr/lib/jvm/java-11-openjdk-amd64/lib/libnio.so
7f4979b16000-7f4979b17000 rw-p 00011000 08:02 5245868                    /usr/lib/jvm/java-11-openjdk-amd64/lib/libnio.so
7f4979b17000-7f4979b1b000 ---p 00000000 00:00 0 
7f4979b1b000-7f4979c18000 rw-p 00000000 00:00 0 
7f4979c18000-7f4979c19000 ---p 00000000 00:00 0 
7f4979c19000-7f4979d1a000 rw-p 00000000 00:00 0 
7f4979d1a000-7f4979d1e000 ---p 00000000 00:00 0 
7f4979d1e000-7f4979e1b000 rw-p 00000000 00:00 0 
7f4979e1b000-7f4979e1f000 ---p 00000000 00:00 0 
7f4979e1f000-7f4979f1c000 rw-p 00000000 00:00 0 
7f4979f1c000-7f4979f20000 ---p 00000000 00:00 0 
7f4979f20000-7f497a01d000 rw-p 00000000 00:00 0 
7f497a01d000-7f497a021000 ---p 00000000 00:00 0 
7f497a021000-7f497a11e000 rw-p 00000000 00:00 0 
7f497a11e000-7f497a122000 ---p 00000000 00:00 0 
7f497a122000-7f497a21f000 rw-p 00000000 00:00 0 
7f497a21f000-7f497a223000 ---p 00000000 00:00 0 
7f497a223000-7f497a320000 rw-p 00000000 00:00 0 
7f497a320000-7f497acef000 r--p 00000000 08:02 4201103                    /usr/lib/locale/locale-archive
7f497acef000-7f497acf3000 ---p 00000000 00:00 0 
7f497acf3000-7f497adf0000 rw-p 00000000 00:00 0 
7f497adf0000-7f497adf4000 ---p 00000000 00:00 0 
7f497adf4000-7f497aef1000 rw-p 00000000 00:00 0 
7f497aef1000-7f497aef2000 ---p 00000000 00:00 0 
7f497aef2000-7f497b7f3000 rw-p 00000000 00:00 0 
7f497b7f3000-7f497b7f4000 ---p 00000000 00:00 0 
7f497b7f4000-7f497b8f5000 rw-p 00000000 00:00 0 
7f497b8f5000-7f497b8f6000 ---p 00000000 00:00 0 
7f497b8f6000-7f497b9f7000 rw-p 00000000 00:00 0 
7f497b9f7000-7f497b9f8000 ---p 00000000 00:00 0 
7f497b9f8000-7f497baf9000 rw-p 00000000 00:00 0 
7f497baf9000-7f497bafa000 ---p 00000000 00:00 0 
7f497bafa000-7f497bbfb000 rw-p 00000000 00:00 0 
7f497bbfb000-7f497bbfc000 ---p 00000000 00:00 0 
7f497bbfc000-7f497c000000 rw-p 00000000 00:00 0 
7f497c000000-7f497c021000 rw-p 00000000 00:00 0 
7f497c021000-7f4980000000 ---p 00000000 00:00 0 
7f4980000000-7f4980021000 rw-p 00000000 00:00 0 
7f4980021000-7f4984000000 ---p 00000000 00:00 0 
7f4984022000-7f498403a000 r--p 00000000 08:02 6031431                    /usr/share/locale-langpack/pt/LC_MESSAGES/libc.mo
7f498403a000-7f498404f000 r--p 00000000 08:02 6030667                    /usr/share/locale-langpack/pt/LC_MESSAGES/glib20.mo
7f498404f000-7f4986340000 rw-p 00000000 00:00 0 
7f4986340000-7f4988000000 ---p 00000000 00:00 0 
7f4988000000-7f4988021000 rw-p 00000000 00:00 0 
7f4988021000-7f498c000000 ---p 00000000 00:00 0 
7f498c000000-7f498c021000 rw-p 00000000 00:00 0 
7f498c021000-7f4990000000 ---p 00000000 00:00 0 
7f4990000000-7f4990021000 rw-p 00000000 00:00 0 
7f4990021000-7f4994000000 ---p 00000000 00:00 0 
7f4994011000-7f4994064000 r--p 00000000 08:02 5246617                    /usr/share/glib-2.0/schemas/gschemas.compiled
7f4994064000-7f499408a000 r--p 00000000 08:02 6031745                    /usr/share/locale-langpack/pt_BR/LC_MESSAGES/libc.mo
7f499408a000-7f4994100000 rw-p 00000000 00:00 0 
7f4994100000-7f4994101000 ---p 00000000 00:00 0 
7f4994101000-7f4994202000 rw-p 00000000 00:00 0 
7f4994202000-7f4994203000 ---p 00000000 00:00 0 
7f4994203000-7f49944f4000 rw-p 00000000 00:00 0 
7f49944f4000-7f49961b4000 ---p 00000000 00:00 0 
7f49961b4000-7f49961f2000 rw-p 00000000 00:00 0 
7f49961f2000-7f499658a000 ---p 00000000 00:00 0 
7f499658a000-7f49965c8000 rw-p 00000000 00:00 0 
7f49965c8000-7f4996960000 ---p 00000000 00:00 0 
7f4996960000-7f499699e000 rw-p 00000000 00:00 0 
7f499699e000-7f4996d36000 ---p 00000000 00:00 0 
7f4996d36000-7f499713a000 rw-p 00000000 00:00 0 
7f499713a000-7f499713b000 ---p 00000000 00:00 0 
7f499713b000-7f499723c000 rw-p 00000000 00:00 0 
7f499723c000-7f499723d000 ---p 00000000 00:00 0 
7f499723d000-7f499733e000 rw-p 00000000 00:00 0 
7f499733e000-7f499733f000 ---p 00000000 00:00 0 
7f499733f000-7f4997440000 rw-p 00000000 00:00 0 
7f4997440000-7f4997441000 ---p 00000000 00:00 0 
7f4997441000-7f4997547000 rw-p 00000000 00:00 0 
7f4997547000-7f499762d000 ---p 00000000 00:00 0 
7f499762d000-7f4997637000 rw-p 00000000 00:00 0 
7f4997637000-7f4997718000 ---p 00000000 00:00 0 
7f4997718000-7f4997988000 rwxp 00000000 00:00 0 
7f4997988000-7f4997ca8000 ---p 00000000 00:00 0 
7f4997ca8000-7f49981a8000 rwxp 00000000 00:00 0 
7f49981a8000-7f499f1e0000 ---p 00000000 00:00 0 
7f499f1e0000-7f499f450000 rwxp 00000000 00:00 0 
7f499f450000-7f49a6718000 ---p 00000000 00:00 0 
7f49a6718000-7f49afbf2000 r--s 00000000 08:02 5245900                    /usr/lib/jvm/java-11-openjdk-amd64/lib/modules
7f49afbf2000-7f49afbf7000 r-xp 00000000 08:02 5245859                    /usr/lib/jvm/java-11-openjdk-amd64/lib/libjimage.so
7f49afbf7000-7f49afdf6000 ---p 00005000 08:02 5245859                    /usr/lib/jvm/java-11-openjdk-amd64/lib/libjimage.so
7f49afdf6000-7f49afdf7000 r--p 00004000 08:02 5245859                    /usr/lib/jvm/java-11-openjdk-amd64/lib/libjimage.so
7f49afdf7000-7f49afdf8000 rw-p 00005000 08:02 5245859                    /usr/lib/jvm/java-11-openjdk-amd64/lib/libjimage.so
7f49afdf8000-7f49afdff000 r-xp 00000000 08:02 5245898                    /usr/lib/jvm/java-11-openjdk-amd64/lib/libzip.so
7f49afdff000-7f49afffe000 ---p 00007000 08:02 5245898                    /usr/lib/jvm/java-11-openjdk-amd64/lib/libzip.so
7f49afffe000-7f49affff000 r--p 00006000 08:02 5245898                    /usr/lib/jvm/java-11-openjdk-amd64/lib/libzip.so
7f49affff000-7f49b0000000 rw-p 00007000 08:02 5245898                    /usr/lib/jvm/java-11-openjdk-amd64/lib/libzip.so
7f49b0000000-7f49b036a000 rw-p 00000000 00:00 0 
7f49b036a000-7f49b4000000 ---p 00000000 00:00 0 
7f49b400b000-7f49b4012000 r--p 00000000 08:02 9185354                    /home/leanderson/.config/dconf/user (deleted)
7f49b4012000-7f49b4013000 r--s 00000000 00:32 39                         /run/user/1000/snap.eclipse/dconf/user
7f49b4013000-7f49b40c7000 rw-p 00000000 00:00 0 
7f49b40c7000-7f49b40d2000 r-xp 00000000 08:02 32248472                   /lib/x86_64-linux-gnu/libnss_files-2.27.so
7f49b40d2000-7f49b42d1000 ---p 0000b000 08:02 32248472                   /lib/x86_64-linux-gnu/libnss_files-2.27.so
7f49b42d1000-7f49b42d2000 r--p 0000a000 08:02 32248472                   /lib/x86_64-linux-gnu/libnss_files-2.27.so
7f49b42d2000-7f49b42d3000 rw-p 0000b000 08:02 32248472                   /lib/x86_64-linux-gnu/libnss_files-2.27.so
7f49b42d3000-7f49b42d9000 rw-p 00000000 00:00 0 
7f49b42d9000-7f49b42f0000 r-xp 00000000 08:02 32248466                   /lib/x86_64-linux-gnu/libnsl-2.27.so
7f49b42f0000-7f49b44ef000 ---p 00017000 08:02 32248466                   /lib/x86_64-linux-gnu/libnsl-2.27.so
7f49b44ef000-7f49b44f0000 r--p 00016000 08:02 32248466                   /lib/x86_64-linux-gnu/libnsl-2.27.so
7f49b44f0000-7f49b44f1000 rw-p 00017000 08:02 32248466                   /lib/x86_64-linux-gnu/libnsl-2.27.so
7f49b44f1000-7f49b44f3000 rw-p 00000000 00:00 0 
7f49b44f3000-7f49b44fe000 r-xp 00000000 08:02 32248483                   /lib/x86_64-linux-gnu/libnss_nis-2.27.so
7f49b44fe000-7f49b46fd000 ---p 0000b000 08:02 32248483                   /lib/x86_64-linux-gnu/libnss_nis-2.27.so
7f49b46fd000-7f49b46fe000 r--p 0000a000 08:02 32248483                   /lib/x86_64-linux-gnu/libnss_nis-2.27.so
7f49b46fe000-7f49b46ff000 rw-p 0000b000 08:02 32248483                   /lib/x86_64-linux-gnu/libnss_nis-2.27.so
7f49b46ff000-7f49b4707000 r-xp 00000000 08:02 32248468                   /lib/x86_64-linux-gnu/libnss_compat-2.27.so
7f49b4707000-7f49b4907000 ---p 00008000 08:02 32248468                   /lib/x86_64-linux-gnu/libnss_compat-2.27.so
7f49b4907000-7f49b4908000 r--p 00008000 08:02 32248468                   /lib/x86_64-linux-gnu/libnss_compat-2.27.so
7f49b4908000-7f49b4909000 rw-p 00009000 08:02 32248468                   /lib/x86_64-linux-gnu/libnss_compat-2.27.so
7f49b4909000-7f49b4935000 r-xp 00000000 08:02 5245855                    /usr/lib/jvm/java-11-openjdk-amd64/lib/libjava.so
7f49b4935000-7f49b4b34000 ---p 0002c000 08:02 5245855                    /usr/lib/jvm/java-11-openjdk-amd64/lib/libjava.so
7f49b4b34000-7f49b4b35000 r--p 0002b000 08:02 5245855                    /usr/lib/jvm/java-11-openjdk-amd64/lib/libjava.so
7f49b4b35000-7f49b4b37000 rw-p 0002c000 08:02 5245855                    /usr/lib/jvm/java-11-openjdk-amd64/lib/libjava.so
7f49b4b37000-7f49b4b44000 r-xp 00000000 08:02 5245896                    /usr/lib/jvm/java-11-openjdk-amd64/lib/libverify.so
7f49b4b44000-7f49b4d43000 ---p 0000d000 08:02 5245896                    /usr/lib/jvm/java-11-openjdk-amd64/lib/libverify.so
7f49b4d43000-7f49b4d45000 r--p 0000c000 08:02 5245896                    /usr/lib/jvm/java-11-openjdk-amd64/lib/libverify.so
7f49b4d45000-7f49b4d46000 rw-p 0000e000 08:02 5245896                    /usr/lib/jvm/java-11-openjdk-amd64/lib/libverify.so
7f49b4d46000-7f49b4d4d000 r-xp 00000000 08:02 32248523                   /lib/x86_64-linux-gnu/librt-2.27.so
7f49b4d4d000-7f49b4f4c000 ---p 00007000 08:02 32248523                   /lib/x86_64-linux-gnu/librt-2.27.so
7f49b4f4c000-7f49b4f4d000 r--p 00006000 08:02 32248523                   /lib/x86_64-linux-gnu/librt-2.27.so
7f49b4f4d000-7f49b4f4e000 rw-p 00007000 08:02 32248523                   /lib/x86_64-linux-gnu/librt-2.27.so
7f49b4f4e000-7f49b4f65000 r-xp 00000000 08:02 32248419                   /lib/x86_64-linux-gnu/libgcc_s.so.1
7f49b4f65000-7f49b5164000 ---p 00017000 08:02 32248419                   /lib/x86_64-linux-gnu/libgcc_s.so.1
7f49b5164000-7f49b5165000 r--p 00016000 08:02 32248419                   /lib/x86_64-linux-gnu/libgcc_s.so.1
7f49b5165000-7f49b5166000 rw-p 00017000 08:02 32248419                   /lib/x86_64-linux-gnu/libgcc_s.so.1
7f49b5166000-7f49b5303000 r-xp 00000000 08:02 32248445                   /lib/x86_64-linux-gnu/libm-2.27.so
7f49b5303000-7f49b5502000 ---p 0019d000 08:02 32248445                   /lib/x86_64-linux-gnu/libm-2.27.so
7f49b5502000-7f49b5503000 r--p 0019c000 08:02 32248445                   /lib/x86_64-linux-gnu/libm-2.27.so
7f49b5503000-7f49b5504000 rw-p 0019d000 08:02 32248445                   /lib/x86_64-linux-gnu/libm-2.27.so
7f49b5504000-7f49b5682000 r-xp 00000000 08:02 4203143                    /usr/lib/x86_64-linux-gnu/libstdc++.so.6.0.25
7f49b5682000-7f49b5882000 ---p 0017e000 08:02 4203143                    /usr/lib/x86_64-linux-gnu/libstdc++.so.6.0.25
7f49b5882000-7f49b588c000 r--p 0017e000 08:02 4203143                    /usr/lib/x86_64-linux-gnu/libstdc++.so.6.0.25
7f49b588c000-7f49b588e000 rw-p 00188000 08:02 4203143                    /usr/lib/x86_64-linux-gnu/libstdc++.so.6.0.25
7f49b588e000-7f49b5892000 rw-p 00000000 00:00 0 
7f49b5892000-7f49b682f000 r-xp 00000000 08:02 5245911                    /usr/lib/jvm/java-11-openjdk-amd64/lib/server/libjvm.so
7f49b682f000-7f49b6a2f000 ---p 00f9d000 08:02 5245911                    /usr/lib/jvm/java-11-openjdk-amd64/lib/server/libjvm.so
7f49b6a2f000-7f49b6af3000 r--p 00f9d000 08:02 5245911                    /usr/lib/jvm/java-11-openjdk-amd64/lib/server/libjvm.so
7f49b6af3000-7f49b6b2b000 rw-p 01061000 08:02 5245911                    /usr/lib/jvm/java-11-openjdk-amd64/lib/server/libjvm.so
7f49b6b2b000-7f49b6b74000 rw-p 00000000 00:00 0 
7f49b6b74000-7f49b6b8e000 r-xp 00000000 08:02 32248515                   /lib/x86_64-linux-gnu/libpthread-2.27.so
7f49b6b8e000-7f49b6d8d000 ---p 0001a000 08:02 32248515                   /lib/x86_64-linux-gnu/libpthread-2.27.so
7f49b6d8d000-7f49b6d8e000 r--p 00019000 08:02 32248515                   /lib/x86_64-linux-gnu/libpthread-2.27.so
7f49b6d8e000-7f49b6d8f000 rw-p 0001a000 08:02 32248515                   /lib/x86_64-linux-gnu/libpthread-2.27.so
7f49b6d8f000-7f49b6d93000 rw-p 00000000 00:00 0 
7f49b6d93000-7f49b6d96000 r-xp 00000000 08:02 32248405                   /lib/x86_64-linux-gnu/libdl-2.27.so
7f49b6d96000-7f49b6f95000 ---p 00003000 08:02 32248405                   /lib/x86_64-linux-gnu/libdl-2.27.so
7f49b6f95000-7f49b6f96000 r--p 00002000 08:02 32248405                   /lib/x86_64-linux-gnu/libdl-2.27.so
7f49b6f96000-7f49b6f97000 rw-p 00003000 08:02 32248405                   /lib/x86_64-linux-gnu/libdl-2.27.so
7f49b6f97000-7f49b6fb3000 r-xp 00000000 08:02 32248554                   /lib/x86_64-linux-gnu/libz.so.1.2.11
7f49b6fb3000-7f49b71b2000 ---p 0001c000 08:02 32248554                   /lib/x86_64-linux-gnu/libz.so.1.2.11
7f49b71b2000-7f49b71b3000 r--p 0001b000 08:02 32248554                   /lib/x86_64-linux-gnu/libz.so.1.2.11
7f49b71b3000-7f49b71b4000 rw-p 0001c000 08:02 32248554                   /lib/x86_64-linux-gnu/libz.so.1.2.11
7f49b71b4000-7f49b739b000 r-xp 00000000 08:02 32248382                   /lib/x86_64-linux-gnu/libc-2.27.so
7f49b739b000-7f49b759b000 ---p 001e7000 08:02 32248382                   /lib/x86_64-linux-gnu/libc-2.27.so
7f49b759b000-7f49b759f000 r--p 001e7000 08:02 32248382                   /lib/x86_64-linux-gnu/libc-2.27.so
7f49b759f000-7f49b75a1000 rw-p 001eb000 08:02 32248382                   /lib/x86_64-linux-gnu/libc-2.27.so
7f49b75a1000-7f49b75a5000 rw-p 00000000 00:00 0 
7f49b75a5000-7f49b75b4000 r-xp 00000000 08:02 5245835                    /usr/lib/jvm/java-11-openjdk-amd64/lib/jli/libjli.so
7f49b75b4000-7f49b77b3000 ---p 0000f000 08:02 5245835                    /usr/lib/jvm/java-11-openjdk-amd64/lib/jli/libjli.so
7f49b77b3000-7f49b77b4000 r--p 0000e000 08:02 5245835                    /usr/lib/jvm/java-11-openjdk-amd64/lib/jli/libjli.so
7f49b77b4000-7f49b77b5000 rw-p 0000f000 08:02 5245835                    /usr/lib/jvm/java-11-openjdk-amd64/lib/jli/libjli.so
7f49b77b5000-7f49b77dc000 r-xp 00000000 08:02 32248354                   /lib/x86_64-linux-gnu/ld-2.27.so
7f49b77dc000-7f49b77fc000 r--p 00000000 08:02 6031017                    /usr/share/locale-langpack/pt_BR/LC_MESSAGES/glib20.mo
7f49b77fc000-7f49b78b9000 rw-p 00000000 00:00 0 
7f49b78b9000-7f49b78bd000 ---p 00000000 00:00 0 
7f49b78bd000-7f49b79bc000 rw-p 00000000 00:00 0 
7f49b79bc000-7f49b79c3000 r--s 00000000 08:02 4459772                    /usr/lib/x86_64-linux-gnu/gconv/gconv-modules.cache
7f49b79c3000-7f49b79c9000 rw-p 00000000 00:00 0 
7f49b79c9000-7f49b79d0000 ---p 00000000 00:00 0 
7f49b79d0000-7f49b79d8000 rw-s 00000000 08:02 2100959                    /tmp/hsperfdata_leanderson/8339
7f49b79d8000-7f49b79d9000 ---p 00000000 00:00 0 
7f49b79d9000-7f49b79da000 r--p 00000000 00:00 0 
7f49b79da000-7f49b79dc000 rw-p 00000000 00:00 0 
7f49b79dc000-7f49b79dd000 r--p 00027000 08:02 32248354                   /lib/x86_64-linux-gnu/ld-2.27.so
7f49b79dd000-7f49b79de000 rw-p 00028000 08:02 32248354                   /lib/x86_64-linux-gnu/ld-2.27.so
7f49b79de000-7f49b79df000 rw-p 00000000 00:00 0 
7ffc5a9b9000-7ffc5a9da000 rw-p 00000000 00:00 0                          [stack]
7ffc5a9f3000-7ffc5a9f6000 r--p 00000000 00:00 0                          [vvar]
7ffc5a9f6000-7ffc5a9f8000 r-xp 00000000 00:00 0                          [vdso]
ffffffffff600000-ffffffffff601000 r-xp 00000000 00:00 0                  [vsyscall]


VM Arguments:
jvm_args: -Dfile.encoding=UTF-8 
java_command: com.lanchonete.view.TelaInicial
java_class_path (initial): /home/leanderson/Documentos/workspace-eclypse/projeto_POO_lanchonete/projeto_lanchonete_poo/bin:/home/leanderson/Documentos/workspace-eclypse/projeto_POO_lanchonete/projeto_lanchonete_poo/jgoodies-forms-1.8.0.jar:/home/leanderson/Documentos/workspace-eclypse/projeto_POO_lanchonete/projeto_lanchonete_poo/miglayout15-swing.jar
Launcher Type: SUN_STANDARD

Logging:
Log output configuration:
#0: stdout all=warning uptime,level,tags
#1: stderr all=off uptime,level,tags

Environment Variables:
PATH=/usr/local/sbin:/usr/local/bin:/usr/sbin:/usr/bin:/sbin:/bin:/usr/games:/usr/local/games:/snap/bin
USERNAME=leanderson
SHELL=/bin/bash
DISPLAY=:0

Signal Handlers:
SIGSEGV: [libjvm.so+0xd28ad0], sa_mask[0]=11111111011111111101111111111110, sa_flags=SA_RESTART|SA_SIGINFO
SIGBUS: [libjvm.so+0xd28ad0], sa_mask[0]=11111111011111111101111111111110, sa_flags=SA_RESTART|SA_SIGINFO
SIGFPE: [libjvm.so+0xd28ad0], sa_mask[0]=11111111011111111101111111111110, sa_flags=SA_RESTART|SA_SIGINFO
SIGPIPE: SIG_IGN, sa_mask[0]=00000000000010000000000000000000, sa_flags=SA_RESTART
SIGXFSZ: [libjvm.so+0xb2a150], sa_mask[0]=11111111011111111101111111111110, sa_flags=SA_RESTART|SA_SIGINFO
SIGILL: [libjvm.so+0xd28ad0], sa_mask[0]=11111111011111111101111111111110, sa_flags=SA_RESTART|SA_SIGINFO
SIGUSR2: [libjvm.so+0xb29f90], sa_mask[0]=00100000000000000000000000000000, sa_flags=SA_RESTART|SA_SIGINFO
SIGHUP: [libjvm.so+0xb2a0e0], sa_mask[0]=11111111011111111101111111111110, sa_flags=SA_RESTART|SA_SIGINFO
SIGINT: [libjvm.so+0xb2a0e0], sa_mask[0]=11111111011111111101111111111110, sa_flags=SA_RESTART|SA_SIGINFO
SIGTERM: [libjvm.so+0xb2a0e0], sa_mask[0]=11111111011111111101111111111110, sa_flags=SA_RESTART|SA_SIGINFO
SIGQUIT: [libjvm.so+0xb2a0e0], sa_mask[0]=11111111011111111101111111111110, sa_flags=SA_RESTART|SA_SIGINFO


---------------  S Y S T E M  ---------------

OS:DISTRIB_ID=Ubuntu
DISTRIB_RELEASE=18.04
DISTRIB_CODENAME=bionic
DISTRIB_DESCRIPTION="Ubuntu 18.04.1 LTS"
uname:Linux 4.15.0-34-generic #37-Ubuntu SMP Mon Aug 27 15:21:48 UTC 2018 x86_64
libc:glibc 2.27 NPTL 2.27 
rlimit: STACK 8192k, CORE 0k, NPROC 30996, NOFILE 1048576, AS infinity, DATA infinity, FSIZE infinity
load average:1,49 1,71 1,27

/proc/meminfo:
MemTotal:        8040448 kB
MemFree:         1494524 kB
MemAvailable:    4999836 kB
Buffers:          284004 kB
Cached:          3671576 kB
SwapCached:            0 kB
Active:          3453992 kB
Inactive:        2695756 kB
Active(anon):    1954516 kB
Inactive(anon):   547752 kB
Active(file):    1499476 kB
Inactive(file):  2148004 kB
Unevictable:         136 kB
Mlocked:             136 kB
SwapTotal:       2097148 kB
SwapFree:        2097148 kB
Dirty:               152 kB
Writeback:             0 kB
AnonPages:       2194084 kB
Mapped:           517508 kB
Shmem:            307844 kB
Slab:             232156 kB
SReclaimable:     164676 kB
SUnreclaim:        67480 kB
KernelStack:       14652 kB
PageTables:        44796 kB
NFS_Unstable:          0 kB
Bounce:                0 kB
WritebackTmp:          0 kB
CommitLimit:     6117372 kB
Committed_AS:    7076876 kB
VmallocTotal:   34359738367 kB
VmallocUsed:           0 kB
VmallocChunk:          0 kB
HardwareCorrupted:     0 kB
AnonHugePages:         0 kB
ShmemHugePages:        0 kB
ShmemPmdMapped:        0 kB
CmaTotal:              0 kB
CmaFree:               0 kB
HugePages_Total:       0
HugePages_Free:        0
HugePages_Rsvd:        0
HugePages_Surp:        0
Hugepagesize:       2048 kB
DirectMap4k:      280564 kB
DirectMap2M:     7981056 kB
DirectMap1G:           0 kB

container (cgroup) information:
container_type: cgroupv1
cpu_cpuset_cpus: 0-3
cpu_memory_nodes: 0
active_processor_count: 4
cpu_quota: -1
cpu_period: 100000
cpu_shares: -1
memory_limit_in_bytes: -1
memory_and_swap_limit_in_bytes: -2
memory_soft_limit_in_bytes: -1
memory_usage_in_bytes: 6296850432
memory_max_usage_in_bytes: 0


CPU:total 4 (initial active 4) (2 cores per cpu, 2 threads per core) family 6 model 142 stepping 9, cmov, cx8, fxsr, mmx, sse, sse2, sse3, ssse3, sse4.1, sse4.2, popcnt, avx, avx2, aes, clmul, erms, 3dnowpref, lzcnt, ht, tsc, tscinvbit, bmi1, bmi2, adx, fma
CPU Model and flags from /proc/cpuinfo:
model name	: Intel(R) Core(TM) i7-7500U CPU @ 2.70GHz
flags		: fpu vme de pse tsc msr pae mce cx8 apic sep mtrr pge mca cmov pat pse36 clflush dts acpi mmx fxsr sse sse2 ss ht tm pbe syscall nx pdpe1gb rdtscp lm constant_tsc art arch_perfmon pebs bts rep_good nopl xtopology nonstop_tsc cpuid aperfmperf tsc_known_freq pni pclmulqdq dtes64 monitor ds_cpl vmx est tm2 ssse3 sdbg fma cx16 xtpr pdcm pcid sse4_1 sse4_2 x2apic movbe popcnt tsc_deadline_timer aes xsave avx f16c rdrand lahf_lm abm 3dnowprefetch cpuid_fault epb invpcid_single pti ssbd ibrs ibpb stibp tpr_shadow vnmi flexpriority ept vpid fsgsbase tsc_adjust bmi1 avx2 smep bmi2 erms invpcid mpx rdseed adx smap clflushopt intel_pt xsaveopt xsavec xgetbv1 xsaves dtherm ida arat pln pts hwp hwp_notify hwp_act_window hwp_epp flush_l1d

Memory: 4k page, physical 8040448k(1494524k free), swap 2097148k(2097148k free)

vm_info: OpenJDK 64-Bit Server VM (10.0.2+13-Ubuntu-1ubuntu0.18.04.2) for linux-amd64 JRE (10.0.2+13-Ubuntu-1ubuntu0.18.04.2), built on Aug 24 2018 17:36:24 by "buildd" with gcc 7.3.0

END.
