#
# A fatal error has been detected by the Java Runtime Environment:
#
#  SIGSEGV (0xb) at pc=0x00007f56c3b80b1e, pid=8143, tid=8176
#
# JRE version: OpenJDK Runtime Environment (10.0.2+13) (build 10.0.2+13-Ubuntu-1ubuntu0.18.04.2)
# Java VM: OpenJDK 64-Bit Server VM (10.0.2+13-Ubuntu-1ubuntu0.18.04.2, mixed mode, tiered, compressed oops, g1 gc, linux-amd64)
# Problematic frame:
# v  ~BufferBlob::jni_fast_GetLongField
#
# Core dump will be written. Default location: Core dumps may be processed with "/usr/share/apport/apport %p %s %c %d %P" (or dumping to /home/leanderson/Documentos/workspace-eclypse/projeto_POO_lanchonete/projeto_lanchonete_poo/core.8143)
#
# If you would like to submit a bug report, please visit:
#   http://bugreport.java.com/bugreport/crash.jsp
# The crash happened outside the Java Virtual Machine in native code.
# See problematic frame for where to report the bug.
#

---------------  S U M M A R Y ------------

Command Line: -Dfile.encoding=UTF-8 com.lanchonete.view.TelaInicial

Host: Intel(R) Core(TM) i7-7500U CPU @ 2.70GHz, 4 cores, 7G, Ubuntu 18.04.1 LTS
Time: Tue Oct  2 13:06:24 2018 -03 elapsed time: 9163 seconds (0d 2h 32m 43s)

---------------  T H R E A D  ---------------

Current thread (0x00007f56dc3c8000):  JavaThread "AWT-XAWT" daemon [_thread_in_native, id=8176, stack(0x00007f565c4df000,0x00007f565c5e0000)]

Stack: [0x00007f565c4df000,0x00007f565c5e0000],  sp=0x00007f565c5de878,  free space=1022k
Native frames: (J=compiled Java code, A=aot compiled Java code, j=interpreted, Vv=VM code, C=native code)
v  ~BufferBlob::jni_fast_GetLongField
C  [libX11.so.6+0x64b1d]  _XimServerDestroy+0x3d

Java frames: (J=compiled Java code, j=interpreted, Vv=VM code)
J 1412  sun.awt.X11.XlibWrapper.XFilterEvent(JJ)Z java.desktop@10.0.2 (0 bytes) @ 0x00007f56cb670584 [0x00007f56cb670540+0x0000000000000044]
j  sun.awt.X11.XToolkit.run(Z)V+287 java.desktop@10.0.2
j  sun.awt.X11.XToolkit.run()V+5 java.desktop@10.0.2
j  java.lang.Thread.run()V+11 java.base@10.0.2
v  ~StubRoutines::call_stub

siginfo: si_signo: 11 (SIGSEGV), si_code: 1 (SEGV_MAPERR), si_addr: 0x0000000000000000

Register to memory mapping:

RAX=0x00007f56e38fca80: <offset 0x0000000001274a80> in /usr/lib/jvm/java-11-openjdk-amd64/lib/server/libjvm.so at 0x00007f56e2688000
RBX=0x00007f56dc3c8200 is an unknown value
RCX=0x0000000000000000 is an unknown value
RDX=0x0000000000000042 is an unknown value
RSP=0x00007f565c5de878 is pointing into the stack for thread: 0x00007f56dc3c8000
RBP=0x00007f565c5de8a0 is pointing into the stack for thread: 0x00007f56dc3c8000
RSI=0x0000000000000000 is an unknown value
RDI=0x00007f56dc3c8200 is an unknown value
R8 =0x00007f568dade9b0: <offset 0x000000000005c9b0> in /usr/lib/x86_64-linux-gnu/libX11.so.6 at 0x00007f568da82000
R9 =0x0000000000000000 is an unknown value
R10=0x0000000000000166 is an unknown value
R11=0x00007f56cb670558 is at entry_point+24 in (nmethod*)0x00007f56cb670390
R12=0x0000000000000000 is pointing into the stack for thread: 0x00007f5678001000
R13=0x0000000000000000 is pointing into the stack for thread: 0x00007f5678001000
R14=0x00007f568e22f5c0: <offset 0x00000000002635c0> in /usr/lib/jvm/java-11-openjdk-amd64/lib/libawt_xawt.so at 0x00007f568dfcc000
R15=0x00007f56dc3c8000 is a thread


Registers:
RAX=0x00007f56e38fca80, RBX=0x00007f56dc3c8200, RCX=0x0000000000000000, RDX=0x0000000000000042
RSP=0x00007f565c5de878, RBP=0x00007f565c5de8a0, RSI=0x0000000000000000, RDI=0x00007f56dc3c8200
R8 =0x00007f568dade9b0, R9 =0x0000000000000000, R10=0x0000000000000166, R11=0x00007f56cb670558
R12=0x0000000000000000, R13=0x0000000000000000, R14=0x00007f568e22f5c0, R15=0x00007f56dc3c8000
RIP=0x00007f56c3b80b1e, EFLAGS=0x0000000000010246, CSGSFS=0x002b000000000033, ERR=0x0000000000000004
  TRAPNO=0x000000000000000e

Top of Stack: (sp=0x00007f565c5de878)
0x00007f565c5de878:   00007f568e0031d4 00007f568ff19d28
0x00007f565c5de888:   0000000000000000 00007f565c5de948
0x00007f565c5de898:   00007f565c5de920 00007f56442f9290
0x00007f565c5de8a8:   00007f568dae6b1d 00007f568ff19d28 

Instructions: (pc=0x00007f56c3b80b1e)
0x00007f56c3b80afe:   00 00 44 8b 15 7d 78 dc 1f 4c 8b ce 41 f6 c2 01
0x00007f56c3b80b0e:   0f 85 32 00 00 00 4d 33 ca 4d 33 ca 49 83 e1 fe
0x00007f56c3b80b1e:   4d 8b 09 4c 8b da 49 c1 eb 02 4b 8b 04 19 49 bb
0x00007f56c3b80b2e:   84 83 94 e3 56 7f 00 00 4c 33 d8 4c 33 d8 45 3b 



---------------  P R O C E S S  ---------------

Threads class SMR info:
_java_thread_list=0x00007f5638003050, length=17, elements={
0x00007f56dc131800, 0x00007f56dc133800, 0x00007f56dc13c800, 0x00007f56dc147000,
0x00007f56dc149000, 0x00007f56dc14b000, 0x00007f56dc14d000, 0x00007f56dc1c1800,
0x00007f56dc1d8000, 0x00007f56dc3c6800, 0x00007f56dc3c8000, 0x00007f56dc3cd800,
0x00007f56dc3cf000, 0x00007f56dc011800, 0x00007f56442fd800, 0x00007f5678001000,
0x00007f5638001800
}

Java Threads: ( => current thread )
  0x00007f56dc131800 JavaThread "Reference Handler" daemon [_thread_blocked, id=8162, stack(0x00007f56c0369000,0x00007f56c046a000)]
  0x00007f56dc133800 JavaThread "Finalizer" daemon [_thread_blocked, id=8163, stack(0x00007f56c0268000,0x00007f56c0369000)]
  0x00007f56dc13c800 JavaThread "Signal Dispatcher" daemon [_thread_blocked, id=8164, stack(0x00007f56c0167000,0x00007f56c0268000)]
  0x00007f56dc147000 JavaThread "C2 CompilerThread0" daemon [_thread_blocked, id=8165, stack(0x00007f56c0066000,0x00007f56c0167000)]
  0x00007f56dc149000 JavaThread "C2 CompilerThread1" daemon [_thread_blocked, id=8166, stack(0x00007f56b004f000,0x00007f56b0150000)]
  0x00007f56dc14b000 JavaThread "C1 CompilerThread2" daemon [_thread_blocked, id=8167, stack(0x00007f568ed30000,0x00007f568ee31000)]
  0x00007f56dc14d000 JavaThread "Sweeper thread" daemon [_thread_blocked, id=8168, stack(0x00007f568ec2f000,0x00007f568ed30000)]
  0x00007f56dc1c1800 JavaThread "Service Thread" daemon [_thread_blocked, id=8169, stack(0x00007f568eb2e000,0x00007f568ec2f000)]
  0x00007f56dc1d8000 JavaThread "Common-Cleaner" daemon [_thread_blocked, id=8171, stack(0x00007f568e92b000,0x00007f568ea2c000)]
  0x00007f56dc3c6800 JavaThread "Java2D Disposer" daemon [_thread_blocked, id=8175, stack(0x00007f565c66d000,0x00007f565c76e000)]
=>0x00007f56dc3c8000 JavaThread "AWT-XAWT" daemon [_thread_in_native, id=8176, stack(0x00007f565c4df000,0x00007f565c5e0000)]
  0x00007f56dc3cd800 JavaThread "AWT-Shutdown" [_thread_blocked, id=8177, stack(0x00007f565c3de000,0x00007f565c4df000)]
  0x00007f56dc3cf000 JavaThread "AWT-EventQueue-0" [_thread_blocked, id=8178, stack(0x00007f565c2dd000,0x00007f565c3de000)]
  0x00007f56dc011800 JavaThread "DestroyJavaVM" [_thread_blocked, id=8149, stack(0x00007f56e46af000,0x00007f56e47b0000)]
  0x00007f56442fd800 JavaThread "TimerQueue" daemon [_thread_blocked, id=8181, stack(0x00007f563faff000,0x00007f563fc00000)]
  0x00007f5678001000 JavaThread "SIGTERM handler" daemon [_thread_blocked, id=16082, stack(0x00007f563f7fe000,0x00007f563f8ff000)]
  0x00007f5638001800 JavaThread "XToolkt-Shutdown-Thread" [_thread_blocked, id=16088, stack(0x00007f563f4fd000,0x00007f563f5fe000)]

Other Threads:
  0x00007f56dc127800 VMThread "VM Thread" [stack: 0x00007f56c046c000,0x00007f56c056c000] [id=8161]
  0x00007f56dc1c4000 WatcherThread [stack: 0x00007f568ea2e000,0x00007f568eb2e000] [id=8170]
  0x00007f56dc028000 GCTaskThread "GC Thread#0" [stack: 0x00007f56e07d9000,0x00007f56e08d9000] [id=8150]
  0x00007f56dc029800 GCTaskThread "GC Thread#1" [stack: 0x00007f56e06d7000,0x00007f56e07d7000] [id=8151]
  0x00007f56dc02b000 GCTaskThread "GC Thread#2" [stack: 0x00007f56e05d5000,0x00007f56e06d5000] [id=8152]
  0x00007f56dc02d000 GCTaskThread "GC Thread#3" [stack: 0x00007f56e04d3000,0x00007f56e05d3000] [id=8153]
  0x00007f56dc056000 ConcurrentGCThread "G1 Main Marker" [stack: 0x00007f56c0ff4000,0x00007f56c10f4000] [id=8154]
  0x00007f56dc058000 ConcurrentGCThread "G1 Conc#0" [stack: 0x00007f56c0ef2000,0x00007f56c0ff2000] [id=8155]
  0x00007f56dc0bf800 ConcurrentGCThread "G1 Refine#0" [stack: 0x00007f56c09ec000,0x00007f56c0aec000] [id=8156]
  0x00007f56dc0c1800 ConcurrentGCThread "G1 Refine#1" [stack: 0x00007f56c08ea000,0x00007f56c09ea000] [id=8157]
  0x00007f56dc0c3000 ConcurrentGCThread "G1 Refine#2" [stack: 0x00007f56c07e8000,0x00007f56c08e8000] [id=8158]
  0x00007f56dc0c5000 ConcurrentGCThread "G1 Refine#3" [stack: 0x00007f56c06e6000,0x00007f56c07e6000] [id=8159]
  0x00007f56dc0c6800 ConcurrentGCThread "G1 Young RemSet Sampling" [stack: 0x00007f56c05e4000,0x00007f56c06e4000] [id=8160]

Threads with active compile tasks:

VM state:not at safepoint (normal execution)

VM Mutex/Monitor currently owned by a thread: None

Heap address: 0x0000000085400000, size: 1964 MB, Compressed Oops mode: 32-bit
Narrow klass base: 0x0000000000000000, Narrow klass shift: 3
Compressed class space size: 1073741824 Address: 0x0000000100000000

Heap:
 garbage-first heap   total 126976K, used 14665K [0x0000000085400000, 0x0000000100000000)
  region size 1024K, 13 young (13312K), 2 survivors (2048K)
 Metaspace       used 22141K, capacity 22668K, committed 22960K, reserved 1069056K
  class space    used 2250K, capacity 2492K, committed 2560K, reserved 1048576K
Heap Regions: E=young(eden), S=young(survivor), O=old, HS=humongous(starts), HC=humongous(continues), CS=collection set, F=free, A=archive, TS=gc time stamp, AC=allocation context, TAMS=top-at-mark-start (previous, next)
|   0|0x0000000085400000, 0x0000000085500000, 0x0000000085500000|100%| O|  |TS  0|AC  0|TAMS 0x0000000085500000, 0x0000000085500000|
|   1|0x0000000085500000, 0x0000000085600000, 0x0000000085600000|100%| O|  |TS  0|AC  0|TAMS 0x0000000085600000, 0x0000000085600000|
|   2|0x0000000085600000, 0x0000000085700000, 0x0000000085700000|100%| O|  |TS  0|AC  0|TAMS 0x0000000085700000, 0x0000000085700000|
|   3|0x0000000085700000, 0x0000000085722e00, 0x0000000085800000| 13%| O|  |TS  0|AC  0|TAMS 0x0000000085722e00, 0x0000000085722e00|
|   4|0x0000000085800000, 0x0000000085800000, 0x0000000085900000|  0%| F|  |TS  0|AC  0|TAMS 0x0000000085800000, 0x0000000085800000|
|   5|0x0000000085900000, 0x0000000085900000, 0x0000000085a00000|  0%| F|  |TS  0|AC  0|TAMS 0x0000000085900000, 0x0000000085900000|
|   6|0x0000000085a00000, 0x0000000085a00000, 0x0000000085b00000|  0%| F|  |TS  0|AC  0|TAMS 0x0000000085a00000, 0x0000000085a00000|
|   7|0x0000000085b00000, 0x0000000085b00000, 0x0000000085c00000|  0%| F|  |TS  0|AC  0|TAMS 0x0000000085b00000, 0x0000000085b00000|
|   8|0x0000000085c00000, 0x0000000085c00000, 0x0000000085d00000|  0%| F|  |TS  0|AC  0|TAMS 0x0000000085c00000, 0x0000000085c00000|
|   9|0x0000000085d00000, 0x0000000085d00000, 0x0000000085e00000|  0%| F|  |TS  0|AC  0|TAMS 0x0000000085d00000, 0x0000000085d00000|
|  10|0x0000000085e00000, 0x0000000085e00000, 0x0000000085f00000|  0%| F|  |TS  0|AC  0|TAMS 0x0000000085e00000, 0x0000000085e00000|
|  11|0x0000000085f00000, 0x0000000085f00000, 0x0000000086000000|  0%| F|  |TS  0|AC  0|TAMS 0x0000000085f00000, 0x0000000085f00000|
|  12|0x0000000086000000, 0x0000000086000000, 0x0000000086100000|  0%| F|  |TS  0|AC  0|TAMS 0x0000000086000000, 0x0000000086000000|
|  13|0x0000000086100000, 0x0000000086100000, 0x0000000086200000|  0%| F|  |TS  0|AC  0|TAMS 0x0000000086100000, 0x0000000086100000|
|  14|0x0000000086200000, 0x0000000086200000, 0x0000000086300000|  0%| F|  |TS  0|AC  0|TAMS 0x0000000086200000, 0x0000000086200000|
|  15|0x0000000086300000, 0x0000000086300000, 0x0000000086400000|  0%| F|  |TS  0|AC  0|TAMS 0x0000000086300000, 0x0000000086300000|
|  16|0x0000000086400000, 0x0000000086400000, 0x0000000086500000|  0%| F|  |TS  0|AC  0|TAMS 0x0000000086400000, 0x0000000086400000|
|  17|0x0000000086500000, 0x0000000086500000, 0x0000000086600000|  0%| F|  |TS  0|AC  0|TAMS 0x0000000086500000, 0x0000000086500000|
|  18|0x0000000086600000, 0x0000000086600000, 0x0000000086700000|  0%| F|  |TS  0|AC  0|TAMS 0x0000000086600000, 0x0000000086600000|
|  19|0x0000000086700000, 0x0000000086700000, 0x0000000086800000|  0%| F|  |TS  0|AC  0|TAMS 0x0000000086700000, 0x0000000086700000|
|  20|0x0000000086800000, 0x0000000086800000, 0x0000000086900000|  0%| F|  |TS  0|AC  0|TAMS 0x0000000086800000, 0x0000000086800000|
|  21|0x0000000086900000, 0x0000000086900000, 0x0000000086a00000|  0%| F|  |TS  0|AC  0|TAMS 0x0000000086900000, 0x0000000086900000|
|  22|0x0000000086a00000, 0x0000000086a00000, 0x0000000086b00000|  0%| F|  |TS  0|AC  0|TAMS 0x0000000086a00000, 0x0000000086a00000|
|  23|0x0000000086b00000, 0x0000000086b00000, 0x0000000086c00000|  0%| F|  |TS  0|AC  0|TAMS 0x0000000086b00000, 0x0000000086b00000|
|  24|0x0000000086c00000, 0x0000000086c00000, 0x0000000086d00000|  0%| F|  |TS  0|AC  0|TAMS 0x0000000086c00000, 0x0000000086c00000|
|  25|0x0000000086d00000, 0x0000000086d00000, 0x0000000086e00000|  0%| F|  |TS  0|AC  0|TAMS 0x0000000086d00000, 0x0000000086d00000|
|  26|0x0000000086e00000, 0x0000000086e00000, 0x0000000086f00000|  0%| F|  |TS  0|AC  0|TAMS 0x0000000086e00000, 0x0000000086e00000|
|  27|0x0000000086f00000, 0x0000000086f00000, 0x0000000087000000|  0%| F|  |TS  0|AC  0|TAMS 0x0000000086f00000, 0x0000000086f00000|
|  28|0x0000000087000000, 0x0000000087000000, 0x0000000087100000|  0%| F|  |TS  0|AC  0|TAMS 0x0000000087000000, 0x0000000087000000|
|  29|0x0000000087100000, 0x0000000087100000, 0x0000000087200000|  0%| F|  |TS  0|AC  0|TAMS 0x0000000087100000, 0x0000000087100000|
|  30|0x0000000087200000, 0x0000000087200000, 0x0000000087300000|  0%| F|  |TS  0|AC  0|TAMS 0x0000000087200000, 0x0000000087200000|
|  31|0x0000000087300000, 0x0000000087300000, 0x0000000087400000|  0%| F|  |TS  0|AC  0|TAMS 0x0000000087300000, 0x0000000087300000|
|  32|0x0000000087400000, 0x0000000087400000, 0x0000000087500000|  0%| F|  |TS  0|AC  0|TAMS 0x0000000087400000, 0x0000000087400000|
|  33|0x0000000087500000, 0x0000000087500000, 0x0000000087600000|  0%| F|  |TS  0|AC  0|TAMS 0x0000000087500000, 0x0000000087500000|
|  34|0x0000000087600000, 0x0000000087600000, 0x0000000087700000|  0%| F|  |TS  0|AC  0|TAMS 0x0000000087600000, 0x0000000087600000|
|  35|0x0000000087700000, 0x0000000087700000, 0x0000000087800000|  0%| F|  |TS  0|AC  0|TAMS 0x0000000087700000, 0x0000000087700000|
|  36|0x0000000087800000, 0x0000000087800000, 0x0000000087900000|  0%| F|  |TS  0|AC  0|TAMS 0x0000000087800000, 0x0000000087800000|
|  37|0x0000000087900000, 0x0000000087900000, 0x0000000087a00000|  0%| F|  |TS  0|AC  0|TAMS 0x0000000087900000, 0x0000000087900000|
|  38|0x0000000087a00000, 0x0000000087a00000, 0x0000000087b00000|  0%| F|  |TS  0|AC  0|TAMS 0x0000000087a00000, 0x0000000087a00000|
|  39|0x0000000087b00000, 0x0000000087b00000, 0x0000000087c00000|  0%| F|  |TS  0|AC  0|TAMS 0x0000000087b00000, 0x0000000087b00000|
|  40|0x0000000087c00000, 0x0000000087c00000, 0x0000000087d00000|  0%| F|  |TS  0|AC  0|TAMS 0x0000000087c00000, 0x0000000087c00000|
|  41|0x0000000087d00000, 0x0000000087d00000, 0x0000000087e00000|  0%| F|  |TS  0|AC  0|TAMS 0x0000000087d00000, 0x0000000087d00000|
|  42|0x0000000087e00000, 0x0000000087e00000, 0x0000000087f00000|  0%| F|  |TS  0|AC  0|TAMS 0x0000000087e00000, 0x0000000087e00000|
|  43|0x0000000087f00000, 0x0000000087f00000, 0x0000000088000000|  0%| F|  |TS  0|AC  0|TAMS 0x0000000087f00000, 0x0000000087f00000|
|  44|0x0000000088000000, 0x0000000088000000, 0x0000000088100000|  0%| F|  |TS  0|AC  0|TAMS 0x0000000088000000, 0x0000000088000000|
|  45|0x0000000088100000, 0x0000000088100000, 0x0000000088200000|  0%| F|  |TS  0|AC  0|TAMS 0x0000000088100000, 0x0000000088100000|
|  46|0x0000000088200000, 0x0000000088200000, 0x0000000088300000|  0%| F|  |TS  0|AC  0|TAMS 0x0000000088200000, 0x0000000088200000|
|  47|0x0000000088300000, 0x0000000088300000, 0x0000000088400000|  0%| F|  |TS  0|AC  0|TAMS 0x0000000088300000, 0x0000000088300000|
|  48|0x0000000088400000, 0x0000000088400000, 0x0000000088500000|  0%| F|  |TS  0|AC  0|TAMS 0x0000000088400000, 0x0000000088400000|
|  49|0x0000000088500000, 0x0000000088500000, 0x0000000088600000|  0%| F|  |TS  0|AC  0|TAMS 0x0000000088500000, 0x0000000088500000|
|  50|0x0000000088600000, 0x0000000088600000, 0x0000000088700000|  0%| F|  |TS  0|AC  0|TAMS 0x0000000088600000, 0x0000000088600000|
|  51|0x0000000088700000, 0x0000000088700000, 0x0000000088800000|  0%| F|  |TS  0|AC  0|TAMS 0x0000000088700000, 0x0000000088700000|
|  52|0x0000000088800000, 0x0000000088800000, 0x0000000088900000|  0%| F|  |TS  0|AC  0|TAMS 0x0000000088800000, 0x0000000088800000|
|  53|0x0000000088900000, 0x0000000088900000, 0x0000000088a00000|  0%| F|  |TS  0|AC  0|TAMS 0x0000000088900000, 0x0000000088900000|
|  54|0x0000000088a00000, 0x0000000088a00000, 0x0000000088b00000|  0%| F|  |TS  0|AC  0|TAMS 0x0000000088a00000, 0x0000000088a00000|
|  55|0x0000000088b00000, 0x0000000088b00000, 0x0000000088c00000|  0%| F|  |TS  0|AC  0|TAMS 0x0000000088b00000, 0x0000000088b00000|
|  56|0x0000000088c00000, 0x0000000088c00000, 0x0000000088d00000|  0%| F|  |TS  0|AC  0|TAMS 0x0000000088c00000, 0x0000000088c00000|
|  57|0x0000000088d00000, 0x0000000088d00000, 0x0000000088e00000|  0%| F|  |TS  0|AC  0|TAMS 0x0000000088d00000, 0x0000000088d00000|
|  58|0x0000000088e00000, 0x0000000088e00000, 0x0000000088f00000|  0%| F|  |TS  0|AC  0|TAMS 0x0000000088e00000, 0x0000000088e00000|
|  59|0x0000000088f00000, 0x0000000088f00000, 0x0000000089000000|  0%| F|  |TS  0|AC  0|TAMS 0x0000000088f00000, 0x0000000088f00000|
|  60|0x0000000089000000, 0x0000000089000000, 0x0000000089100000|  0%| F|  |TS  0|AC  0|TAMS 0x0000000089000000, 0x0000000089000000|
|  61|0x0000000089100000, 0x0000000089100000, 0x0000000089200000|  0%| F|  |TS  0|AC  0|TAMS 0x0000000089100000, 0x0000000089100000|
|  62|0x0000000089200000, 0x0000000089200000, 0x0000000089300000|  0%| F|  |TS  0|AC  0|TAMS 0x0000000089200000, 0x0000000089200000|
|  63|0x0000000089300000, 0x0000000089300000, 0x0000000089400000|  0%| F|  |TS  0|AC  0|TAMS 0x0000000089300000, 0x0000000089300000|
|  64|0x0000000089400000, 0x0000000089400000, 0x0000000089500000|  0%| F|  |TS  0|AC  0|TAMS 0x0000000089400000, 0x0000000089400000|
|  65|0x0000000089500000, 0x0000000089500000, 0x0000000089600000|  0%| F|  |TS  0|AC  0|TAMS 0x0000000089500000, 0x0000000089500000|
|  66|0x0000000089600000, 0x0000000089600000, 0x0000000089700000|  0%| F|  |TS  0|AC  0|TAMS 0x0000000089600000, 0x0000000089600000|
|  67|0x0000000089700000, 0x0000000089700000, 0x0000000089800000|  0%| F|  |TS  0|AC  0|TAMS 0x0000000089700000, 0x0000000089700000|
|  68|0x0000000089800000, 0x0000000089800000, 0x0000000089900000|  0%| F|  |TS  0|AC  0|TAMS 0x0000000089800000, 0x0000000089800000|
|  69|0x0000000089900000, 0x0000000089900000, 0x0000000089a00000|  0%| F|  |TS  0|AC  0|TAMS 0x0000000089900000, 0x0000000089900000|
|  70|0x0000000089a00000, 0x0000000089a00000, 0x0000000089b00000|  0%| F|  |TS  0|AC  0|TAMS 0x0000000089a00000, 0x0000000089a00000|
|  71|0x0000000089b00000, 0x0000000089b00000, 0x0000000089c00000|  0%| F|  |TS  0|AC  0|TAMS 0x0000000089b00000, 0x0000000089b00000|
|  72|0x0000000089c00000, 0x0000000089c00000, 0x0000000089d00000|  0%| F|  |TS  0|AC  0|TAMS 0x0000000089c00000, 0x0000000089c00000|
|  73|0x0000000089d00000, 0x0000000089d00000, 0x0000000089e00000|  0%| F|  |TS  0|AC  0|TAMS 0x0000000089d00000, 0x0000000089d00000|
|  74|0x0000000089e00000, 0x0000000089e00000, 0x0000000089f00000|  0%| F|  |TS  0|AC  0|TAMS 0x0000000089e00000, 0x0000000089e00000|
|  75|0x0000000089f00000, 0x0000000089f00000, 0x000000008a000000|  0%| F|  |TS  0|AC  0|TAMS 0x0000000089f00000, 0x0000000089f00000|
|  76|0x000000008a000000, 0x000000008a000000, 0x000000008a100000|  0%| F|  |TS  0|AC  0|TAMS 0x000000008a000000, 0x000000008a000000|
|  77|0x000000008a100000, 0x000000008a100000, 0x000000008a200000|  0%| F|  |TS  0|AC  0|TAMS 0x000000008a100000, 0x000000008a100000|
|  78|0x000000008a200000, 0x000000008a200000, 0x000000008a300000|  0%| F|  |TS  0|AC  0|TAMS 0x000000008a200000, 0x000000008a200000|
|  79|0x000000008a300000, 0x000000008a300000, 0x000000008a400000|  0%| F|  |TS  0|AC  0|TAMS 0x000000008a300000, 0x000000008a300000|
|  80|0x000000008a400000, 0x000000008a400000, 0x000000008a500000|  0%| F|  |TS  0|AC  0|TAMS 0x000000008a400000, 0x000000008a400000|
|  81|0x000000008a500000, 0x000000008a500000, 0x000000008a600000|  0%| F|  |TS  0|AC  0|TAMS 0x000000008a500000, 0x000000008a500000|
|  82|0x000000008a600000, 0x000000008a600000, 0x000000008a700000|  0%| F|  |TS  0|AC  0|TAMS 0x000000008a600000, 0x000000008a600000|
|  83|0x000000008a700000, 0x000000008a700000, 0x000000008a800000|  0%| F|  |TS  0|AC  0|TAMS 0x000000008a700000, 0x000000008a700000|
|  84|0x000000008a800000, 0x000000008a800000, 0x000000008a900000|  0%| F|  |TS  0|AC  0|TAMS 0x000000008a800000, 0x000000008a800000|
|  85|0x000000008a900000, 0x000000008a900000, 0x000000008aa00000|  0%| F|  |TS  0|AC  0|TAMS 0x000000008a900000, 0x000000008a900000|
|  86|0x000000008aa00000, 0x000000008aa00000, 0x000000008ab00000|  0%| F|  |TS  0|AC  0|TAMS 0x000000008aa00000, 0x000000008aa00000|
|  87|0x000000008ab00000, 0x000000008ab00000, 0x000000008ac00000|  0%| F|  |TS  0|AC  0|TAMS 0x000000008ab00000, 0x000000008ab00000|
|  88|0x000000008ac00000, 0x000000008ac00000, 0x000000008ad00000|  0%| F|  |TS  0|AC  0|TAMS 0x000000008ac00000, 0x000000008ac00000|
|  89|0x000000008ad00000, 0x000000008ad00000, 0x000000008ae00000|  0%| F|  |TS  0|AC  0|TAMS 0x000000008ad00000, 0x000000008ad00000|
|  90|0x000000008ae00000, 0x000000008ae00000, 0x000000008af00000|  0%| F|  |TS  0|AC  0|TAMS 0x000000008ae00000, 0x000000008ae00000|
|  91|0x000000008af00000, 0x000000008af00000, 0x000000008b000000|  0%| F|  |TS  0|AC  0|TAMS 0x000000008af00000, 0x000000008af00000|
|  92|0x000000008b000000, 0x000000008b000000, 0x000000008b100000|  0%| F|  |TS  0|AC  0|TAMS 0x000000008b000000, 0x000000008b000000|
|  93|0x000000008b100000, 0x000000008b100000, 0x000000008b200000|  0%| F|  |TS  0|AC  0|TAMS 0x000000008b100000, 0x000000008b100000|
|  94|0x000000008b200000, 0x000000008b200000, 0x000000008b300000|  0%| F|  |TS  0|AC  0|TAMS 0x000000008b200000, 0x000000008b200000|
|  95|0x000000008b300000, 0x000000008b300000, 0x000000008b400000|  0%| F|  |TS  0|AC  0|TAMS 0x000000008b300000, 0x000000008b300000|
|  96|0x000000008b400000, 0x000000008b400000, 0x000000008b500000|  0%| F|  |TS  0|AC  0|TAMS 0x000000008b400000, 0x000000008b400000|
|  97|0x000000008b500000, 0x000000008b500000, 0x000000008b600000|  0%| F|  |TS  0|AC  0|TAMS 0x000000008b500000, 0x000000008b500000|
|  98|0x000000008b600000, 0x000000008b600000, 0x000000008b700000|  0%| F|  |TS  0|AC  0|TAMS 0x000000008b600000, 0x000000008b600000|
|  99|0x000000008b700000, 0x000000008b700000, 0x000000008b800000|  0%| F|  |TS  0|AC  0|TAMS 0x000000008b700000, 0x000000008b700000|
| 100|0x000000008b800000, 0x000000008b800000, 0x000000008b900000|  0%| F|  |TS  0|AC  0|TAMS 0x000000008b800000, 0x000000008b800000|
| 101|0x000000008b900000, 0x000000008b900000, 0x000000008ba00000|  0%| F|  |TS  0|AC  0|TAMS 0x000000008b900000, 0x000000008b900000|
| 102|0x000000008ba00000, 0x000000008ba00000, 0x000000008bb00000|  0%| F|  |TS  0|AC  0|TAMS 0x000000008ba00000, 0x000000008ba00000|
| 103|0x000000008bb00000, 0x000000008bb00000, 0x000000008bc00000|  0%| F|  |TS  0|AC  0|TAMS 0x000000008bb00000, 0x000000008bb00000|
| 104|0x000000008bc00000, 0x000000008bc00000, 0x000000008bd00000|  0%| F|  |TS  0|AC  0|TAMS 0x000000008bc00000, 0x000000008bc00000|
| 105|0x000000008bd00000, 0x000000008bd00000, 0x000000008be00000|  0%| F|  |TS  0|AC  0|TAMS 0x000000008bd00000, 0x000000008bd00000|
| 106|0x000000008be00000, 0x000000008be00000, 0x000000008bf00000|  0%| F|  |TS  0|AC  0|TAMS 0x000000008be00000, 0x000000008be00000|
| 107|0x000000008bf00000, 0x000000008bf00000, 0x000000008c000000|  0%| F|  |TS  0|AC  0|TAMS 0x000000008bf00000, 0x000000008bf00000|
| 108|0x000000008c000000, 0x000000008c000000, 0x000000008c100000|  0%| F|  |TS  0|AC  0|TAMS 0x000000008c000000, 0x000000008c000000|
| 109|0x000000008c100000, 0x000000008c100000, 0x000000008c200000|  0%| F|  |TS  0|AC  0|TAMS 0x000000008c100000, 0x000000008c100000|
| 110|0x000000008c200000, 0x000000008c200000, 0x000000008c300000|  0%| F|  |TS  0|AC  0|TAMS 0x000000008c200000, 0x000000008c200000|
| 111|0x000000008c300000, 0x000000008c320870, 0x000000008c400000| 12%| E|  |TS  0|AC  0|TAMS 0x000000008c300000, 0x000000008c300000|
| 112|0x000000008c400000, 0x000000008c500000, 0x000000008c500000|100%| E|CS|TS  0|AC  0|TAMS 0x000000008c400000, 0x000000008c400000|
| 113|0x000000008c500000, 0x000000008c600000, 0x000000008c600000|100%| E|CS|TS  0|AC  0|TAMS 0x000000008c500000, 0x000000008c500000|
| 114|0x000000008c600000, 0x000000008c700000, 0x000000008c700000|100%| E|CS|TS  0|AC  0|TAMS 0x000000008c600000, 0x000000008c600000|
| 115|0x000000008c700000, 0x000000008c72f8c0, 0x000000008c800000| 18%| S|CS|TS  0|AC  0|TAMS 0x000000008c700000, 0x000000008c700000|
| 116|0x000000008c800000, 0x000000008c900000, 0x000000008c900000|100%| S|CS|TS  0|AC  0|TAMS 0x000000008c800000, 0x000000008c800000|
| 117|0x000000008c900000, 0x000000008ca00000, 0x000000008ca00000|100%| E|CS|TS  0|AC  0|TAMS 0x000000008c900000, 0x000000008c900000|
| 118|0x000000008ca00000, 0x000000008cb00000, 0x000000008cb00000|100%| E|CS|TS  0|AC  0|TAMS 0x000000008ca00000, 0x000000008ca00000|
| 119|0x000000008cb00000, 0x000000008cc00000, 0x000000008cc00000|100%| E|CS|TS  0|AC  0|TAMS 0x000000008cb00000, 0x000000008cb00000|
| 120|0x000000008cc00000, 0x000000008cd00000, 0x000000008cd00000|100%| E|CS|TS  0|AC  0|TAMS 0x000000008cc00000, 0x000000008cc00000|
| 121|0x000000008cd00000, 0x000000008ce00000, 0x000000008ce00000|100%| E|CS|TS  0|AC  0|TAMS 0x000000008cd00000, 0x000000008cd00000|
| 122|0x000000008ce00000, 0x000000008cf00000, 0x000000008cf00000|100%| E|CS|TS  0|AC  0|TAMS 0x000000008ce00000, 0x000000008ce00000|
| 123|0x000000008cf00000, 0x000000008d000000, 0x000000008d000000|100%| E|CS|TS  0|AC  0|TAMS 0x000000008cf00000, 0x000000008cf00000|

Card table byte_map: [0x00007f56c337a000,0x00007f56c3750000] byte_map_base: 0x00007f56c2f50000

Marking Bits (Prev, Next): (CMBitMap*) 0x00007f56dc055418, (CMBitMap*) 0x00007f56dc0553e0
 Prev Bits: [0x00007f56b2150000, 0x00007f56b4000000)
 Next Bits: [0x00007f56c10f4000, 0x00007f56c2fa4000)

Polling page: 0x00007f56e47ce000

CodeHeap 'non-profiled nmethods': size=120032Kb used=1066Kb max_used=1066Kb free=118965Kb
 bounds [0x00007f56cb5ee000, 0x00007f56cb85e000, 0x00007f56d2b26000]
CodeHeap 'profiled nmethods': size=120032Kb used=6353Kb max_used=6353Kb free=113678Kb
 bounds [0x00007f56c40b6000, 0x00007f56c46f6000, 0x00007f56cb5ee000]
CodeHeap 'non-nmethods': size=5696Kb used=1278Kb max_used=1310Kb free=4418Kb
 bounds [0x00007f56c3b26000, 0x00007f56c3d96000, 0x00007f56c40b6000]
 total_blobs=4118 nmethods=2882 adapters=615
 compilation: enabled

Compilation events (10 events):
Event: 3908,692 Thread 0x00007f56dc14b000 2879       3       sun.awt.XSettings$Update::needBytes (36 bytes)
Event: 3908,692 Thread 0x00007f56dc14b000 nmethod 2879 0x00007f56c46e8b90 code [0x00007f56c46e8d60, 0x00007f56c46e8ff8]
Event: 5529,705 Thread 0x00007f56dc14b000 2880       3       sun.awt.X11.XClientMessageEvent::get_message_type (20 bytes)
Event: 5529,706 Thread 0x00007f56dc14b000 nmethod 2880 0x00007f56c46e9110 code [0x00007f56c46e9300, 0x00007f56c46e97a8]
Event: 6617,031 Thread 0x00007f56dc14b000 2881       3       java.util.Collections$UnmodifiableCollection::iterator (9 bytes)
Event: 6617,032 Thread 0x00007f56dc14b000 nmethod 2881 0x00007f56c46e9990 code [0x00007f56c46e9b60, 0x00007f56c46e9f68]
Event: 6617,032 Thread 0x00007f56dc14b000 2882       3       java.util.Collections$UnmodifiableCollection$1::<init> (26 bytes)
Event: 6617,032 Thread 0x00007f56dc14b000 nmethod 2882 0x00007f56c46ea090 code [0x00007f56c46ea260, 0x00007f56c46ea5a8]
Event: 8669,688 Thread 0x00007f56dc149000 2883       4       java.util.Vector$Itr::hasNext (20 bytes)
Event: 8669,689 Thread 0x00007f56dc149000 nmethod 2883 0x00007f56cb6f8790 code [0x00007f56cb6f8920, 0x00007f56cb6f89b8]

GC Heap History (4 events):
Event: 0,619 GC heap before
{Heap before GC invocations=0 (full 0):
 garbage-first heap   total 126976K, used 14336K [0x0000000085400000, 0x0000000100000000)
  region size 1024K, 14 young (14336K), 0 survivors (0K)
 Metaspace       used 17291K, capacity 17812K, committed 18176K, reserved 1064960K
  class space    used 1753K, capacity 2017K, committed 2048K, reserved 1048576K
}
Event: 0,629 GC heap after
{Heap after GC invocations=1 (full 0):
 garbage-first heap   total 126976K, used 3155K [0x0000000085400000, 0x0000000100000000)
  region size 1024K, 2 young (2048K), 2 survivors (2048K)
 Metaspace       used 17291K, capacity 17812K, committed 18176K, reserved 1064960K
  class space    used 1753K, capacity 2017K, committed 2048K, reserved 1048576K
}
Event: 25,499 GC heap before
{Heap before GC invocations=1 (full 0):
 garbage-first heap   total 126976K, used 9299K [0x0000000085400000, 0x0000000100000000)
  region size 1024K, 9 young (9216K), 2 survivors (2048K)
 Metaspace       used 20501K, capacity 21026K, committed 21296K, reserved 1069056K
  class space    used 2079K, capacity 2331K, committed 2432K, reserved 1048576K
}
Event: 25,505 GC heap after
{Heap after GC invocations=2 (full 0):
 garbage-first heap   total 126976K, used 4425K [0x0000000085400000, 0x0000000100000000)
  region size 1024K, 2 young (2048K), 2 survivors (2048K)
 Metaspace       used 20501K, capacity 21026K, committed 21296K, reserved 1069056K
  class space    used 2079K, capacity 2331K, committed 2432K, reserved 1048576K
}

Deoptimization events (10 events):
Event: 9,913 Thread 0x00007f56dc3cf000 Uncommon trap: reason=unstable_if action=reinterpret pc=0x00007f56cb608800 method=java.lang.StringLatin1.replace([BCC)Ljava/lang/String; @ 19 c2
Event: 9,913 Thread 0x00007f56dc3cf000 Uncommon trap: reason=unstable_if action=reinterpret pc=0x00007f56cb61d174 method=jdk.internal.org.objectweb.asm.Type.getArgumentsAndReturnSizes(Ljava/lang/String;)I @ 88 c2
Event: 9,939 Thread 0x00007f56dc3cf000 Uncommon trap: reason=unstable_if action=reinterpret pc=0x00007f56cb667d94 method=java.lang.AbstractStringBuilder.putStringAt(ILjava/lang/String;)V @ 8 c2
Event: 9,939 Thread 0x00007f56dc3cf000 Uncommon trap: reason=unstable_if action=reinterpret pc=0x00007f56cb63c2b4 method=java.lang.AbstractStringBuilder.putStringAt(ILjava/lang/String;)V @ 8 c2
Event: 9,939 Thread 0x00007f56dc3cf000 Uncommon trap: reason=unstable_if action=reinterpret pc=0x00007f56cb63596c method=java.lang.String.getBytes([BIB)V @ 5 c2
Event: 9,939 Thread 0x00007f56dc3cf000 Uncommon trap: reason=unstable_if action=reinterpret pc=0x00007f56cb619b40 method=java.lang.AbstractStringBuilder.isLatin1()Z @ 10 c2
Event: 9,939 Thread 0x00007f56dc3cf000 Uncommon trap: reason=unstable_if action=reinterpret pc=0x00007f56cb636340 method=java.lang.AbstractStringBuilder.isLatin1()Z @ 10 c2
Event: 55,380 Thread 0x00007f56dc3cf000 Uncommon trap: reason=unstable_if action=reinterpret pc=0x00007f56cb69a838 method=sun.awt.SunToolkit.isInstanceOf(Ljava/lang/Class;Ljava/lang/String;)Z @ 14 c2
Event: 3908,677 Thread 0x00007f56dc3cf000 Uncommon trap: reason=unstable_if action=reinterpret pc=0x00007f56cb6baad0 method=java.awt.EventQueue.coalesceEvent(Ljava/awt/AWTEvent;I)Z @ 16 c2
Event: 3908,690 Thread 0x00007f56dc3c8000 Uncommon trap: reason=bimorphic_or_optimized_type_check action=maybe_recompile pc=0x00007f56cb6eb57c method=sun.awt.X11.XToolkit.dispatchEvent(Lsun/awt/X11/XEvent;)V @ 177 c2

Classes redefined (0 events):
No events

Internal exceptions (10 events):
Event: 57,503 Thread 0x00007f56dc3cf000 Exception <a 'java/lang/UnsupportedOperationException'{0x000000008caf8348}: > (0x000000008caf8348) thrown at [/build/openjdk-lts-xioZJb/openjdk-lts-10.0.2+13/src/hotspot/share/prims/jni.cpp, line 632]
Event: 58,069 Thread 0x00007f56dc3cf000 Exception <a 'java/lang/UnsupportedOperationException'{0x000000008c926c90}: > (0x000000008c926c90) thrown at [/build/openjdk-lts-xioZJb/openjdk-lts-10.0.2+13/src/hotspot/share/prims/jni.cpp, line 632]
Event: 58,224 Thread 0x00007f56dc3cf000 Exception <a 'java/lang/UnsupportedOperationException'{0x000000008c954970}: > (0x000000008c954970) thrown at [/build/openjdk-lts-xioZJb/openjdk-lts-10.0.2+13/src/hotspot/share/prims/jni.cpp, line 632]
Event: 59,062 Thread 0x00007f56dc3cf000 Exception <a 'java/lang/UnsupportedOperationException'{0x000000008c9b31b0}: > (0x000000008c9b31b0) thrown at [/build/openjdk-lts-xioZJb/openjdk-lts-10.0.2+13/src/hotspot/share/prims/jni.cpp, line 632]
Event: 59,213 Thread 0x00007f56dc3cf000 Exception <a 'java/lang/UnsupportedOperationException'{0x000000008c9df058}: > (0x000000008c9df058) thrown at [/build/openjdk-lts-xioZJb/openjdk-lts-10.0.2+13/src/hotspot/share/prims/jni.cpp, line 632]
Event: 60,796 Thread 0x00007f56dc3cf000 Exception <a 'java/lang/UnsupportedOperationException'{0x000000008c634c60}: > (0x000000008c634c60) thrown at [/build/openjdk-lts-xioZJb/openjdk-lts-10.0.2+13/src/hotspot/share/prims/jni.cpp, line 632]
Event: 61,569 Thread 0x00007f56dc3cf000 Exception <a 'java/lang/UnsupportedOperationException'{0x000000008c677048}: > (0x000000008c677048) thrown at [/build/openjdk-lts-xioZJb/openjdk-lts-10.0.2+13/src/hotspot/share/prims/jni.cpp, line 632]
Event: 62,775 Thread 0x00007f56dc3cf000 Exception <a 'java/lang/UnsupportedOperationException'{0x000000008c6a6368}: > (0x000000008c6a6368) thrown at [/build/openjdk-lts-xioZJb/openjdk-lts-10.0.2+13/src/hotspot/share/prims/jni.cpp, line 632]
Event: 66,483 Thread 0x00007f56dc3cf000 Exception <a 'java/lang/UnsupportedOperationException'{0x000000008c512700}: > (0x000000008c512700) thrown at [/build/openjdk-lts-xioZJb/openjdk-lts-10.0.2+13/src/hotspot/share/prims/jni.cpp, line 632]
Event: 68,715 Thread 0x00007f56dc3cf000 Exception <a 'java/lang/UnsupportedOperationException'{0x000000008c54d3c0}: > (0x000000008c54d3c0) thrown at [/build/openjdk-lts-xioZJb/openjdk-lts-10.0.2+13/src/hotspot/share/prims/jni.cpp, line 632]

Events (10 events):
Event: 3908,690 Executing VM operation: RevokeBias
Event: 3908,690 Executing VM operation: RevokeBias done
Event: 3908,690 Executing VM operation: RevokeBias
Event: 3908,690 Executing VM operation: RevokeBias done
Event: 3908,691 Executing VM operation: RevokeBias
Event: 3908,691 Executing VM operation: RevokeBias done
Event: 3908,692 loading class sun/awt/X11/XAWTXSettings$1
Event: 3908,805 loading class sun/awt/X11/XAWTXSettings$1 done
Event: 9163,583 loading class jdk/internal/misc/Signal$1
Event: 9163,583 loading class jdk/internal/misc/Signal$1 done


Dynamic libraries:
85400000-8d000000 rw-p 00000000 00:00 0 
8d000000-100000000 ---p 00000000 00:00 0 
100000000-100280000 rw-p 00000000 00:00 0 
100280000-140000000 ---p 00000000 00:00 0 
55944f0d1000-55944f0d2000 r-xp 00000000 08:02 5114154                    /usr/lib/jvm/java-11-openjdk-amd64/bin/java
55944f2d2000-55944f2d3000 r--p 00001000 08:02 5114154                    /usr/lib/jvm/java-11-openjdk-amd64/bin/java
55944f2d3000-55944f2d4000 rw-p 00002000 08:02 5114154                    /usr/lib/jvm/java-11-openjdk-amd64/bin/java
559450a26000-559450a6d000 rw-p 00000000 00:00 0                          [heap]
7f5638000000-7f5638021000 rw-p 00000000 00:00 0 
7f5638021000-7f563c000000 ---p 00000000 00:00 0 
7f563f4fd000-7f563f501000 ---p 00000000 00:00 0 
7f563f501000-7f563f7ea000 rw-p 00000000 00:00 0 
7f563f7ea000-7f563f7fe000 ---p 00000000 00:00 0 
7f563f7fe000-7f563f802000 ---p 00000000 00:00 0 
7f563f802000-7f563faff000 rw-p 00000000 00:00 0 
7f563faff000-7f563fb03000 ---p 00000000 00:00 0 
7f563fb03000-7f563fe00000 rw-p 00000000 00:00 0 
7f563fe00000-7f5640000000 rw-p 00000000 00:00 0 
7f5640000000-7f5640021000 rw-p 00000000 00:00 0 
7f5640021000-7f5644000000 ---p 00000000 00:00 0 
7f5644000000-7f5644307000 rw-p 00000000 00:00 0 
7f5644307000-7f5648000000 ---p 00000000 00:00 0 
7f5648000000-7f5648021000 rw-p 00000000 00:00 0 
7f5648021000-7f564c000000 ---p 00000000 00:00 0 
7f564c000000-7f564c02d000 rw-p 00000000 00:00 0 
7f564c02d000-7f5650000000 ---p 00000000 00:00 0 
7f5650000000-7f5650021000 rw-p 00000000 00:00 0 
7f5650021000-7f5654000000 ---p 00000000 00:00 0 
7f5654000000-7f5654021000 rw-p 00000000 00:00 0 
7f5654021000-7f5658000000 ---p 00000000 00:00 0 
7f5658000000-7f5658021000 rw-p 00000000 00:00 0 
7f5658021000-7f565c000000 ---p 00000000 00:00 0 
7f565c0dd000-7f565c2dd000 rw-p 00000000 00:00 0 
7f565c2dd000-7f565c2e1000 ---p 00000000 00:00 0 
7f565c2e1000-7f565c3de000 rw-p 00000000 00:00 0 
7f565c3de000-7f565c3e2000 ---p 00000000 00:00 0 
7f565c3e2000-7f565c4df000 rw-p 00000000 00:00 0 
7f565c4df000-7f565c4e3000 ---p 00000000 00:00 0 
7f565c4e3000-7f565c5e0000 rw-p 00000000 00:00 0 
7f565c66d000-7f565c671000 ---p 00000000 00:00 0 
7f565c671000-7f565c76e000 rw-p 00000000 00:00 0 
7f565c76e000-7f565c773000 r-xp 00000000 08:02 4202137                    /usr/lib/x86_64-linux-gnu/libXfixes.so.3.1.0
7f565c773000-7f565c972000 ---p 00005000 08:02 4202137                    /usr/lib/x86_64-linux-gnu/libXfixes.so.3.1.0
7f565c972000-7f565c973000 r--p 00004000 08:02 4202137                    /usr/lib/x86_64-linux-gnu/libXfixes.so.3.1.0
7f565c973000-7f565c974000 rw-p 00005000 08:02 4202137                    /usr/lib/x86_64-linux-gnu/libXfixes.so.3.1.0
7f565c974000-7f565c97d000 r-xp 00000000 08:02 4202129                    /usr/lib/x86_64-linux-gnu/libXcursor.so.1.0.2
7f565c97d000-7f565cb7c000 ---p 00009000 08:02 4202129                    /usr/lib/x86_64-linux-gnu/libXcursor.so.1.0.2
7f565cb7c000-7f565cb7d000 r--p 00008000 08:02 4202129                    /usr/lib/x86_64-linux-gnu/libXcursor.so.1.0.2
7f565cb7d000-7f565cb7e000 rw-p 00009000 08:02 4202129                    /usr/lib/x86_64-linux-gnu/libXcursor.so.1.0.2
7f565cb7e000-7f565cb7f000 ---p 00000000 00:00 0 
7f565cb7f000-7f565d37f000 rw-p 00000000 00:00 0 
7f565d37f000-7f565d380000 ---p 00000000 00:00 0 
7f565d380000-7f565db80000 rw-p 00000000 00:00 0 
7f565db80000-7f565db81000 ---p 00000000 00:00 0 
7f565db81000-7f565e381000 rw-p 00000000 00:00 0 
7f565e381000-7f565e38d000 r-xp 00000000 08:02 4459896                    /usr/lib/x86_64-linux-gnu/gio/modules/libdconfsettings.so
7f565e38d000-7f565e58c000 ---p 0000c000 08:02 4459896                    /usr/lib/x86_64-linux-gnu/gio/modules/libdconfsettings.so
7f565e58c000-7f565e58d000 r--p 0000b000 08:02 4459896                    /usr/lib/x86_64-linux-gnu/gio/modules/libdconfsettings.so
7f565e58d000-7f565e58e000 rw-p 0000c000 08:02 4459896                    /usr/lib/x86_64-linux-gnu/gio/modules/libdconfsettings.so
7f565e58e000-7f565e594000 r-xp 00000000 08:02 32248880                   /lib/x86_64-linux-gnu/libuuid.so.1.3.0
7f565e594000-7f565e793000 ---p 00006000 08:02 32248880                   /lib/x86_64-linux-gnu/libuuid.so.1.3.0
7f565e793000-7f565e794000 r--p 00005000 08:02 32248880                   /lib/x86_64-linux-gnu/libuuid.so.1.3.0
7f565e794000-7f565e795000 rw-p 00006000 08:02 32248880                   /lib/x86_64-linux-gnu/libuuid.so.1.3.0
7f565e795000-7f565e7dc000 r-xp 00000000 08:02 32248549                   /lib/x86_64-linux-gnu/libblkid.so.1.1.0
7f565e7dc000-7f565e9dc000 ---p 00047000 08:02 32248549                   /lib/x86_64-linux-gnu/libblkid.so.1.1.0
7f565e9dc000-7f565e9e0000 r--p 00047000 08:02 32248549                   /lib/x86_64-linux-gnu/libblkid.so.1.1.0
7f565e9e0000-7f565e9e1000 rw-p 0004b000 08:02 32248549                   /lib/x86_64-linux-gnu/libblkid.so.1.1.0
7f565e9e1000-7f565e9e2000 rw-p 00000000 00:00 0 
7f565e9e2000-7f565ea52000 r-xp 00000000 08:02 32248504                   /lib/x86_64-linux-gnu/libpcre.so.3.13.3
7f565ea52000-7f565ec52000 ---p 00070000 08:02 32248504                   /lib/x86_64-linux-gnu/libpcre.so.3.13.3
7f565ec52000-7f565ec53000 r--p 00070000 08:02 32248504                   /lib/x86_64-linux-gnu/libpcre.so.3.13.3
7f565ec53000-7f565ec54000 rw-p 00071000 08:02 32248504                   /lib/x86_64-linux-gnu/libpcre.so.3.13.3
7f565ec54000-7f565ec5b000 r-xp 00000000 08:02 4202464                    /usr/lib/x86_64-linux-gnu/libffi.so.6.0.4
7f565ec5b000-7f565ee5a000 ---p 00007000 08:02 4202464                    /usr/lib/x86_64-linux-gnu/libffi.so.6.0.4
7f565ee5a000-7f565ee5b000 r--p 00006000 08:02 4202464                    /usr/lib/x86_64-linux-gnu/libffi.so.6.0.4
7f565ee5b000-7f565ee5c000 rw-p 00007000 08:02 4202464                    /usr/lib/x86_64-linux-gnu/libffi.so.6.0.4
7f565ee5c000-7f565eead000 r-xp 00000000 08:02 32248415                   /lib/x86_64-linux-gnu/libmount.so.1.1.0
7f565eead000-7f565f0ac000 ---p 00051000 08:02 32248415                   /lib/x86_64-linux-gnu/libmount.so.1.1.0
7f565f0ac000-7f565f0ae000 r--p 00050000 08:02 32248415                   /lib/x86_64-linux-gnu/libmount.so.1.1.0
7f565f0ae000-7f565f0af000 rw-p 00052000 08:02 32248415                   /lib/x86_64-linux-gnu/libmount.so.1.1.0
7f565f0af000-7f565f0b0000 rw-p 00000000 00:00 0 
7f565f0b0000-7f565f0c7000 r-xp 00000000 08:02 32248521                   /lib/x86_64-linux-gnu/libresolv-2.27.so
7f565f0c7000-7f565f2c7000 ---p 00017000 08:02 32248521                   /lib/x86_64-linux-gnu/libresolv-2.27.so
7f565f2c7000-7f565f2c8000 r--p 00017000 08:02 32248521                   /lib/x86_64-linux-gnu/libresolv-2.27.so
7f565f2c8000-7f565f2c9000 rw-p 00018000 08:02 32248521                   /lib/x86_64-linux-gnu/libresolv-2.27.so
7f565f2c9000-7f565f2cb000 rw-p 00000000 00:00 0 
7f565f2cb000-7f565f2f0000 r-xp 00000000 08:02 32248527                   /lib/x86_64-linux-gnu/libselinux.so.1
7f565f2f0000-7f565f4ef000 ---p 00025000 08:02 32248527                   /lib/x86_64-linux-gnu/libselinux.so.1
7f565f4ef000-7f565f4f0000 r--p 00024000 08:02 32248527                   /lib/x86_64-linux-gnu/libselinux.so.1
7f565f4f0000-7f565f4f1000 rw-p 00025000 08:02 32248527                   /lib/x86_64-linux-gnu/libselinux.so.1
7f565f4f1000-7f565f4f3000 rw-p 00000000 00:00 0 
7f565f4f3000-7f565f606000 r-xp 00000000 08:02 4194647                    /usr/lib/x86_64-linux-gnu/libglib-2.0.so.0.5600.2
7f565f606000-7f565f806000 ---p 00113000 08:02 4194647                    /usr/lib/x86_64-linux-gnu/libglib-2.0.so.0.5600.2
7f565f806000-7f565f807000 r--p 00113000 08:02 4194647                    /usr/lib/x86_64-linux-gnu/libglib-2.0.so.0.5600.2
7f565f807000-7f565f808000 rw-p 00114000 08:02 4194647                    /usr/lib/x86_64-linux-gnu/libglib-2.0.so.0.5600.2
7f565f808000-7f565f809000 rw-p 00000000 00:00 0 
7f565f809000-7f565f80c000 r-xp 00000000 08:02 4194670                    /usr/lib/x86_64-linux-gnu/libgmodule-2.0.so.0.5600.2
7f565f80c000-7f565fa0b000 ---p 00003000 08:02 4194670                    /usr/lib/x86_64-linux-gnu/libgmodule-2.0.so.0.5600.2
7f565fa0b000-7f565fa0c000 r--p 00002000 08:02 4194670                    /usr/lib/x86_64-linux-gnu/libgmodule-2.0.so.0.5600.2
7f565fa0c000-7f565fa0d000 rw-p 00003000 08:02 4194670                    /usr/lib/x86_64-linux-gnu/libgmodule-2.0.so.0.5600.2
7f565fa0d000-7f565fa5f000 r-xp 00000000 08:02 4194671                    /usr/lib/x86_64-linux-gnu/libgobject-2.0.so.0.5600.2
7f565fa5f000-7f565fc5f000 ---p 00052000 08:02 4194671                    /usr/lib/x86_64-linux-gnu/libgobject-2.0.so.0.5600.2
7f565fc5f000-7f565fc60000 r--p 00052000 08:02 4194671                    /usr/lib/x86_64-linux-gnu/libgobject-2.0.so.0.5600.2
7f565fc60000-7f565fc61000 rw-p 00053000 08:02 4194671                    /usr/lib/x86_64-linux-gnu/libgobject-2.0.so.0.5600.2
7f565fc61000-7f565fdf6000 r-xp 00000000 08:02 4194639                    /usr/lib/x86_64-linux-gnu/libgio-2.0.so.0.5600.2
7f565fdf6000-7f565fff6000 ---p 00195000 08:02 4194639                    /usr/lib/x86_64-linux-gnu/libgio-2.0.so.0.5600.2
7f565fff6000-7f565fffd000 r--p 00195000 08:02 4194639                    /usr/lib/x86_64-linux-gnu/libgio-2.0.so.0.5600.2
7f565fffd000-7f565fffe000 rw-p 0019c000 08:02 4194639                    /usr/lib/x86_64-linux-gnu/libgio-2.0.so.0.5600.2
7f565fffe000-7f5660000000 rw-p 00000000 00:00 0 
7f5660000000-7f5660021000 rw-p 00000000 00:00 0 
7f5660021000-7f5664000000 ---p 00000000 00:00 0 
7f5664000000-7f5664021000 rw-p 00000000 00:00 0 
7f5664021000-7f5668000000 ---p 00000000 00:00 0 
7f5668000000-7f5668021000 rw-p 00000000 00:00 0 
7f5668021000-7f566c000000 ---p 00000000 00:00 0 
7f566c000000-7f566c021000 rw-p 00000000 00:00 0 
7f566c021000-7f5670000000 ---p 00000000 00:00 0 
7f5670000000-7f5670e89000 rw-p 00000000 00:00 0 
7f5670e89000-7f5674000000 ---p 00000000 00:00 0 
7f5674000000-7f5674c78000 rw-p 00000000 00:00 0 
7f5674c78000-7f5678000000 ---p 00000000 00:00 0 
7f5678000000-7f5678021000 rw-p 00000000 00:00 0 
7f5678021000-7f567c000000 ---p 00000000 00:00 0 
7f567c000000-7f567cfae000 rw-p 00000000 00:00 0 
7f567cfae000-7f5680000000 ---p 00000000 00:00 0 
7f5680000000-7f5680021000 rw-p 00000000 00:00 0 
7f5680021000-7f5684000000 ---p 00000000 00:00 0 
7f5684000000-7f5684021000 rw-p 00000000 00:00 0 
7f5684021000-7f5688000000 ---p 00000000 00:00 0 
7f5688000000-7f568805d000 rw-p 00000000 00:00 0 
7f568805d000-7f568c000000 ---p 00000000 00:00 0 
7f568c03f000-7f568c092000 r--p 00000000 08:02 5246617                    /usr/share/glib-2.0/schemas/gschemas.compiled
7f568c092000-7f568c09c000 r-xp 00000000 08:02 4202153                    /usr/lib/x86_64-linux-gnu/libXrandr.so.2.2.0
7f568c09c000-7f568c29b000 ---p 0000a000 08:02 4202153                    /usr/lib/x86_64-linux-gnu/libXrandr.so.2.2.0
7f568c29b000-7f568c29c000 r--p 00009000 08:02 4202153                    /usr/lib/x86_64-linux-gnu/libXrandr.so.2.2.0
7f568c29c000-7f568c29d000 rw-p 0000a000 08:02 4202153                    /usr/lib/x86_64-linux-gnu/libXrandr.so.2.2.0
7f568c29d000-7f568c49d000 rw-p 00000000 00:00 0 
7f568c49d000-7f568c4ce000 r-xp 00000000 08:02 4194945                    /usr/lib/x86_64-linux-gnu/libpng16.so.16.34.0
7f568c4ce000-7f568c6cd000 ---p 00031000 08:02 4194945                    /usr/lib/x86_64-linux-gnu/libpng16.so.16.34.0
7f568c6cd000-7f568c6ce000 r--p 00030000 08:02 4194945                    /usr/lib/x86_64-linux-gnu/libpng16.so.16.34.0
7f568c6ce000-7f568c6cf000 rw-p 00031000 08:02 4194945                    /usr/lib/x86_64-linux-gnu/libpng16.so.16.34.0
7f568c6cf000-7f568c77c000 r-xp 00000000 08:02 4202496                    /usr/lib/x86_64-linux-gnu/libfreetype.so.6.15.0
7f568c77c000-7f568c97b000 ---p 000ad000 08:02 4202496                    /usr/lib/x86_64-linux-gnu/libfreetype.so.6.15.0
7f568c97b000-7f568c982000 r--p 000ac000 08:02 4202496                    /usr/lib/x86_64-linux-gnu/libfreetype.so.6.15.0
7f568c982000-7f568c983000 rw-p 000b3000 08:02 4202496                    /usr/lib/x86_64-linux-gnu/libfreetype.so.6.15.0
7f568c983000-7f568ca18000 r-xp 00000000 08:02 5245845                    /usr/lib/jvm/java-11-openjdk-amd64/lib/libfontmanager.so
7f568ca18000-7f568cc18000 ---p 00095000 08:02 5245845                    /usr/lib/jvm/java-11-openjdk-amd64/lib/libfontmanager.so
7f568cc18000-7f568cc19000 r--p 00095000 08:02 5245845                    /usr/lib/jvm/java-11-openjdk-amd64/lib/libfontmanager.so
7f568cc19000-7f568cc1a000 rw-p 00096000 08:02 5245845                    /usr/lib/jvm/java-11-openjdk-amd64/lib/libfontmanager.so
7f568cc1a000-7f568cc1b000 rw-p 00000000 00:00 0 
7f568cc1b000-7f568cc2e000 r-xp 00000000 08:02 32248378                   /lib/x86_64-linux-gnu/libbsd.so.0.8.7
7f568cc2e000-7f568ce2d000 ---p 00013000 08:02 32248378                   /lib/x86_64-linux-gnu/libbsd.so.0.8.7
7f568ce2d000-7f568ce2e000 r--p 00012000 08:02 32248378                   /lib/x86_64-linux-gnu/libbsd.so.0.8.7
7f568ce2e000-7f568ce2f000 rw-p 00013000 08:02 32248378                   /lib/x86_64-linux-gnu/libbsd.so.0.8.7
7f568ce2f000-7f568ce30000 rw-p 00000000 00:00 0 
7f568ce30000-7f568ce35000 r-xp 00000000 08:02 4202133                    /usr/lib/x86_64-linux-gnu/libXdmcp.so.6.0.0
7f568ce35000-7f568d034000 ---p 00005000 08:02 4202133                    /usr/lib/x86_64-linux-gnu/libXdmcp.so.6.0.0
7f568d034000-7f568d035000 r--p 00004000 08:02 4202133                    /usr/lib/x86_64-linux-gnu/libXdmcp.so.6.0.0
7f568d035000-7f568d036000 rw-p 00005000 08:02 4202133                    /usr/lib/x86_64-linux-gnu/libXdmcp.so.6.0.0
7f568d036000-7f568d038000 r-xp 00000000 08:02 4202122                    /usr/lib/x86_64-linux-gnu/libXau.so.6.0.0
7f568d038000-7f568d238000 ---p 00002000 08:02 4202122                    /usr/lib/x86_64-linux-gnu/libXau.so.6.0.0
7f568d238000-7f568d239000 r--p 00002000 08:02 4202122                    /usr/lib/x86_64-linux-gnu/libXau.so.6.0.0
7f568d239000-7f568d23a000 rw-p 00003000 08:02 4202122                    /usr/lib/x86_64-linux-gnu/libXau.so.6.0.0
7f568d23a000-7f568d260000 r-xp 00000000 08:02 4203326                    /usr/lib/x86_64-linux-gnu/libxcb.so.1.1.0
7f568d260000-7f568d460000 ---p 00026000 08:02 4203326                    /usr/lib/x86_64-linux-gnu/libxcb.so.1.1.0
7f568d460000-7f568d461000 r--p 00026000 08:02 4203326                    /usr/lib/x86_64-linux-gnu/libxcb.so.1.1.0
7f568d461000-7f568d462000 rw-p 00027000 08:02 4203326                    /usr/lib/x86_64-linux-gnu/libxcb.so.1.1.0
7f568d462000-7f568d471000 r-xp 00000000 08:02 4202143                    /usr/lib/x86_64-linux-gnu/libXi.so.6.1.0
7f568d471000-7f568d670000 ---p 0000f000 08:02 4202143                    /usr/lib/x86_64-linux-gnu/libXi.so.6.1.0
7f568d670000-7f568d671000 r--p 0000e000 08:02 4202143                    /usr/lib/x86_64-linux-gnu/libXi.so.6.1.0
7f568d671000-7f568d672000 rw-p 0000f000 08:02 4202143                    /usr/lib/x86_64-linux-gnu/libXi.so.6.1.0
7f568d672000-7f568d677000 r-xp 00000000 08:02 4202161                    /usr/lib/x86_64-linux-gnu/libXtst.so.6.1.0
7f568d677000-7f568d876000 ---p 00005000 08:02 4202161                    /usr/lib/x86_64-linux-gnu/libXtst.so.6.1.0
7f568d876000-7f568d877000 r--p 00004000 08:02 4202161                    /usr/lib/x86_64-linux-gnu/libXtst.so.6.1.0
7f568d877000-7f568d878000 rw-p 00005000 08:02 4202161                    /usr/lib/x86_64-linux-gnu/libXtst.so.6.1.0
7f568d878000-7f568d881000 r-xp 00000000 08:02 4202155                    /usr/lib/x86_64-linux-gnu/libXrender.so.1.3.0
7f568d881000-7f568da80000 ---p 00009000 08:02 4202155                    /usr/lib/x86_64-linux-gnu/libXrender.so.1.3.0
7f568da80000-7f568da81000 r--p 00008000 08:02 4202155                    /usr/lib/x86_64-linux-gnu/libXrender.so.1.3.0
7f568da81000-7f568da82000 rw-p 00009000 08:02 4202155                    /usr/lib/x86_64-linux-gnu/libXrender.so.1.3.0
7f568da82000-7f568dbb5000 r-xp 00000000 08:02 4196974                    /usr/lib/x86_64-linux-gnu/libX11.so.6.3.0
7f568dbb5000-7f568ddb5000 ---p 00133000 08:02 4196974                    /usr/lib/x86_64-linux-gnu/libX11.so.6.3.0
7f568ddb5000-7f568ddb6000 r--p 00133000 08:02 4196974                    /usr/lib/x86_64-linux-gnu/libX11.so.6.3.0
7f568ddb6000-7f568ddba000 rw-p 00134000 08:02 4196974                    /usr/lib/x86_64-linux-gnu/libX11.so.6.3.0
7f568ddba000-7f568ddcb000 r-xp 00000000 08:02 4202135                    /usr/lib/x86_64-linux-gnu/libXext.so.6.4.0
7f568ddcb000-7f568dfca000 ---p 00011000 08:02 4202135                    /usr/lib/x86_64-linux-gnu/libXext.so.6.4.0
7f568dfca000-7f568dfcb000 r--p 00010000 08:02 4202135                    /usr/lib/x86_64-linux-gnu/libXext.so.6.4.0
7f568dfcb000-7f568dfcc000 rw-p 00011000 08:02 4202135                    /usr/lib/x86_64-linux-gnu/libXext.so.6.4.0
7f568dfcc000-7f568e02b000 r-xp 00000000 08:02 5245842                    /usr/lib/jvm/java-11-openjdk-amd64/lib/libawt_xawt.so
7f568e02b000-7f568e22a000 ---p 0005f000 08:02 5245842                    /usr/lib/jvm/java-11-openjdk-amd64/lib/libawt_xawt.so
7f568e22a000-7f568e22b000 r--p 0005e000 08:02 5245842                    /usr/lib/jvm/java-11-openjdk-amd64/lib/libawt_xawt.so
7f568e22b000-7f568e22e000 rw-p 0005f000 08:02 5245842                    /usr/lib/jvm/java-11-openjdk-amd64/lib/libawt_xawt.so
7f568e22e000-7f568e230000 rw-p 00000000 00:00 0 
7f568e230000-7f568e2d0000 r-xp 00000000 08:02 5245839                    /usr/lib/jvm/java-11-openjdk-amd64/lib/libawt.so
7f568e2d0000-7f568e4d0000 ---p 000a0000 08:02 5245839                    /usr/lib/jvm/java-11-openjdk-amd64/lib/libawt.so
7f568e4d0000-7f568e4d1000 r--p 000a0000 08:02 5245839                    /usr/lib/jvm/java-11-openjdk-amd64/lib/libawt.so
7f568e4d1000-7f568e4dc000 rw-p 000a1000 08:02 5245839                    /usr/lib/jvm/java-11-openjdk-amd64/lib/libawt.so
7f568e4dc000-7f568e501000 rw-p 00000000 00:00 0 
7f568e501000-7f568e518000 r-xp 00000000 08:02 5245867                    /usr/lib/jvm/java-11-openjdk-amd64/lib/libnet.so
7f568e518000-7f568e717000 ---p 00017000 08:02 5245867                    /usr/lib/jvm/java-11-openjdk-amd64/lib/libnet.so
7f568e717000-7f568e718000 r--p 00016000 08:02 5245867                    /usr/lib/jvm/java-11-openjdk-amd64/lib/libnet.so
7f568e718000-7f568e719000 rw-p 00017000 08:02 5245867                    /usr/lib/jvm/java-11-openjdk-amd64/lib/libnet.so
7f568e719000-7f568e72a000 r-xp 00000000 08:02 5245868                    /usr/lib/jvm/java-11-openjdk-amd64/lib/libnio.so
7f568e72a000-7f568e929000 ---p 00011000 08:02 5245868                    /usr/lib/jvm/java-11-openjdk-amd64/lib/libnio.so
7f568e929000-7f568e92a000 r--p 00010000 08:02 5245868                    /usr/lib/jvm/java-11-openjdk-amd64/lib/libnio.so
7f568e92a000-7f568e92b000 rw-p 00011000 08:02 5245868                    /usr/lib/jvm/java-11-openjdk-amd64/lib/libnio.so
7f568e92b000-7f568e92f000 ---p 00000000 00:00 0 
7f568e92f000-7f568ea2c000 rw-p 00000000 00:00 0 
7f568ea2c000-7f568ea2d000 ---p 00000000 00:00 0 
7f568ea2d000-7f568eb2e000 rw-p 00000000 00:00 0 
7f568eb2e000-7f568eb32000 ---p 00000000 00:00 0 
7f568eb32000-7f568ec2f000 rw-p 00000000 00:00 0 
7f568ec2f000-7f568ec33000 ---p 00000000 00:00 0 
7f568ec33000-7f568ed30000 rw-p 00000000 00:00 0 
7f568ed30000-7f568ed34000 ---p 00000000 00:00 0 
7f568ed34000-7f568ee31000 rw-p 00000000 00:00 0 
7f568ee31000-7f568f800000 r--p 00000000 08:02 4201103                    /usr/lib/locale/locale-archive
7f568f800000-7f5690000000 rw-p 00000000 00:00 0 
7f5690000000-7f5690021000 rw-p 00000000 00:00 0 
7f5690021000-7f5694000000 ---p 00000000 00:00 0 
7f5694000000-7f5694021000 rw-p 00000000 00:00 0 
7f5694021000-7f5698000000 ---p 00000000 00:00 0 
7f5698000000-7f5698021000 rw-p 00000000 00:00 0 
7f5698021000-7f569c000000 ---p 00000000 00:00 0 
7f569c000000-7f569c021000 rw-p 00000000 00:00 0 
7f569c021000-7f56a0000000 ---p 00000000 00:00 0 
7f56a0000000-7f56a0021000 rw-p 00000000 00:00 0 
7f56a0021000-7f56a4000000 ---p 00000000 00:00 0 
7f56a4000000-7f56a4021000 rw-p 00000000 00:00 0 
7f56a4021000-7f56a8000000 ---p 00000000 00:00 0 
7f56a8000000-7f56a8021000 rw-p 00000000 00:00 0 
7f56a8021000-7f56ac000000 ---p 00000000 00:00 0 
7f56ac000000-7f56ac021000 rw-p 00000000 00:00 0 
7f56ac021000-7f56b0000000 ---p 00000000 00:00 0 
7f56b004f000-7f56b0053000 ---p 00000000 00:00 0 
7f56b0053000-7f56b2340000 rw-p 00000000 00:00 0 
7f56b2340000-7f56b4000000 ---p 00000000 00:00 0 
7f56b4000000-7f56b4021000 rw-p 00000000 00:00 0 
7f56b4021000-7f56b8000000 ---p 00000000 00:00 0 
7f56b8000000-7f56b8021000 rw-p 00000000 00:00 0 
7f56b8021000-7f56bc000000 ---p 00000000 00:00 0 
7f56bc000000-7f56bc021000 rw-p 00000000 00:00 0 
7f56bc021000-7f56c0000000 ---p 00000000 00:00 0 
7f56c0021000-7f56c0028000 r--p 00000000 08:02 9185354                    /home/leanderson/.config/dconf/user (deleted)
7f56c0028000-7f56c0040000 r--p 00000000 08:02 6031431                    /usr/share/locale-langpack/pt/LC_MESSAGES/libc.mo
7f56c0040000-7f56c0066000 r--p 00000000 08:02 6031745                    /usr/share/locale-langpack/pt_BR/LC_MESSAGES/libc.mo
7f56c0066000-7f56c006a000 ---p 00000000 00:00 0 
7f56c006a000-7f56c0167000 rw-p 00000000 00:00 0 
7f56c0167000-7f56c016b000 ---p 00000000 00:00 0 
7f56c016b000-7f56c0268000 rw-p 00000000 00:00 0 
7f56c0268000-7f56c026c000 ---p 00000000 00:00 0 
7f56c026c000-7f56c0369000 rw-p 00000000 00:00 0 
7f56c0369000-7f56c036d000 ---p 00000000 00:00 0 
7f56c036d000-7f56c046a000 rw-p 00000000 00:00 0 
7f56c046a000-7f56c046b000 ---p 00000000 00:00 0 
7f56c046b000-7f56c05e2000 rw-p 00000000 00:00 0 
7f56c05e2000-7f56c05e3000 ---p 00000000 00:00 0 
7f56c05e3000-7f56c06e4000 rw-p 00000000 00:00 0 
7f56c06e4000-7f56c06e5000 ---p 00000000 00:00 0 
7f56c06e5000-7f56c07e6000 rw-p 00000000 00:00 0 
7f56c07e6000-7f56c07e7000 ---p 00000000 00:00 0 
7f56c07e7000-7f56c08e8000 rw-p 00000000 00:00 0 
7f56c08e8000-7f56c08e9000 ---p 00000000 00:00 0 
7f56c08e9000-7f56c09ea000 rw-p 00000000 00:00 0 
7f56c09ea000-7f56c09eb000 ---p 00000000 00:00 0 
7f56c09eb000-7f56c0ef0000 rw-p 00000000 00:00 0 
7f56c0ef0000-7f56c0ef1000 ---p 00000000 00:00 0 
7f56c0ef1000-7f56c0ff2000 rw-p 00000000 00:00 0 
7f56c0ff2000-7f56c0ff3000 ---p 00000000 00:00 0 
7f56c0ff3000-7f56c12e4000 rw-p 00000000 00:00 0 
7f56c12e4000-7f56c2fa4000 ---p 00000000 00:00 0 
7f56c2fa4000-7f56c2fe2000 rw-p 00000000 00:00 0 
7f56c2fe2000-7f56c337a000 ---p 00000000 00:00 0 
7f56c337a000-7f56c33b8000 rw-p 00000000 00:00 0 
7f56c33b8000-7f56c3750000 ---p 00000000 00:00 0 
7f56c3750000-7f56c378e000 rw-p 00000000 00:00 0 
7f56c378e000-7f56c3b26000 ---p 00000000 00:00 0 
7f56c3b26000-7f56c3d96000 rwxp 00000000 00:00 0 
7f56c3d96000-7f56c40b6000 ---p 00000000 00:00 0 
7f56c40b6000-7f56c46f6000 rwxp 00000000 00:00 0 
7f56c46f6000-7f56cb5ee000 ---p 00000000 00:00 0 
7f56cb5ee000-7f56cb85e000 rwxp 00000000 00:00 0 
7f56cb85e000-7f56d2b26000 ---p 00000000 00:00 0 
7f56d2b26000-7f56dc000000 r--s 00000000 08:02 5245900                    /usr/lib/jvm/java-11-openjdk-amd64/lib/modules
7f56dc000000-7f56dc3d3000 rw-p 00000000 00:00 0 
7f56dc3d3000-7f56e0000000 ---p 00000000 00:00 0 
7f56e0003000-7f56e0004000 r--s 00000000 00:32 39                         /run/user/1000/snap.eclipse/dconf/user
7f56e0004000-7f56e0019000 r--p 00000000 08:02 6030667                    /usr/share/locale-langpack/pt/LC_MESSAGES/glib20.mo
7f56e0019000-7f56e04d1000 rw-p 00000000 00:00 0 
7f56e04d1000-7f56e04d2000 ---p 00000000 00:00 0 
7f56e04d2000-7f56e05d3000 rw-p 00000000 00:00 0 
7f56e05d3000-7f56e05d4000 ---p 00000000 00:00 0 
7f56e05d4000-7f56e06d5000 rw-p 00000000 00:00 0 
7f56e06d5000-7f56e06d6000 ---p 00000000 00:00 0 
7f56e06d6000-7f56e07d7000 rw-p 00000000 00:00 0 
7f56e07d7000-7f56e07d8000 ---p 00000000 00:00 0 
7f56e07d8000-7f56e08de000 rw-p 00000000 00:00 0 
7f56e08de000-7f56e09c4000 ---p 00000000 00:00 0 
7f56e09c4000-7f56e09d1000 rw-p 00000000 00:00 0 
7f56e09d1000-7f56e0aaf000 ---p 00000000 00:00 0 
7f56e0aaf000-7f56e0ab4000 r-xp 00000000 08:02 5245859                    /usr/lib/jvm/java-11-openjdk-amd64/lib/libjimage.so
7f56e0ab4000-7f56e0cb3000 ---p 00005000 08:02 5245859                    /usr/lib/jvm/java-11-openjdk-amd64/lib/libjimage.so
7f56e0cb3000-7f56e0cb4000 r--p 00004000 08:02 5245859                    /usr/lib/jvm/java-11-openjdk-amd64/lib/libjimage.so
7f56e0cb4000-7f56e0cb5000 rw-p 00005000 08:02 5245859                    /usr/lib/jvm/java-11-openjdk-amd64/lib/libjimage.so
7f56e0cb5000-7f56e0cbc000 r-xp 00000000 08:02 5245898                    /usr/lib/jvm/java-11-openjdk-amd64/lib/libzip.so
7f56e0cbc000-7f56e0ebb000 ---p 00007000 08:02 5245898                    /usr/lib/jvm/java-11-openjdk-amd64/lib/libzip.so
7f56e0ebb000-7f56e0ebc000 r--p 00006000 08:02 5245898                    /usr/lib/jvm/java-11-openjdk-amd64/lib/libzip.so
7f56e0ebc000-7f56e0ebd000 rw-p 00007000 08:02 5245898                    /usr/lib/jvm/java-11-openjdk-amd64/lib/libzip.so
7f56e0ebd000-7f56e0ec8000 r-xp 00000000 08:02 32248472                   /lib/x86_64-linux-gnu/libnss_files-2.27.so
7f56e0ec8000-7f56e10c7000 ---p 0000b000 08:02 32248472                   /lib/x86_64-linux-gnu/libnss_files-2.27.so
7f56e10c7000-7f56e10c8000 r--p 0000a000 08:02 32248472                   /lib/x86_64-linux-gnu/libnss_files-2.27.so
7f56e10c8000-7f56e10c9000 rw-p 0000b000 08:02 32248472                   /lib/x86_64-linux-gnu/libnss_files-2.27.so
7f56e10c9000-7f56e10cf000 rw-p 00000000 00:00 0 
7f56e10cf000-7f56e10e6000 r-xp 00000000 08:02 32248466                   /lib/x86_64-linux-gnu/libnsl-2.27.so
7f56e10e6000-7f56e12e5000 ---p 00017000 08:02 32248466                   /lib/x86_64-linux-gnu/libnsl-2.27.so
7f56e12e5000-7f56e12e6000 r--p 00016000 08:02 32248466                   /lib/x86_64-linux-gnu/libnsl-2.27.so
7f56e12e6000-7f56e12e7000 rw-p 00017000 08:02 32248466                   /lib/x86_64-linux-gnu/libnsl-2.27.so
7f56e12e7000-7f56e12e9000 rw-p 00000000 00:00 0 
7f56e12e9000-7f56e12f4000 r-xp 00000000 08:02 32248483                   /lib/x86_64-linux-gnu/libnss_nis-2.27.so
7f56e12f4000-7f56e14f3000 ---p 0000b000 08:02 32248483                   /lib/x86_64-linux-gnu/libnss_nis-2.27.so
7f56e14f3000-7f56e14f4000 r--p 0000a000 08:02 32248483                   /lib/x86_64-linux-gnu/libnss_nis-2.27.so
7f56e14f4000-7f56e14f5000 rw-p 0000b000 08:02 32248483                   /lib/x86_64-linux-gnu/libnss_nis-2.27.so
7f56e14f5000-7f56e14fd000 r-xp 00000000 08:02 32248468                   /lib/x86_64-linux-gnu/libnss_compat-2.27.so
7f56e14fd000-7f56e16fd000 ---p 00008000 08:02 32248468                   /lib/x86_64-linux-gnu/libnss_compat-2.27.so
7f56e16fd000-7f56e16fe000 r--p 00008000 08:02 32248468                   /lib/x86_64-linux-gnu/libnss_compat-2.27.so
7f56e16fe000-7f56e16ff000 rw-p 00009000 08:02 32248468                   /lib/x86_64-linux-gnu/libnss_compat-2.27.so
7f56e16ff000-7f56e172b000 r-xp 00000000 08:02 5245855                    /usr/lib/jvm/java-11-openjdk-amd64/lib/libjava.so
7f56e172b000-7f56e192a000 ---p 0002c000 08:02 5245855                    /usr/lib/jvm/java-11-openjdk-amd64/lib/libjava.so
7f56e192a000-7f56e192b000 r--p 0002b000 08:02 5245855                    /usr/lib/jvm/java-11-openjdk-amd64/lib/libjava.so
7f56e192b000-7f56e192d000 rw-p 0002c000 08:02 5245855                    /usr/lib/jvm/java-11-openjdk-amd64/lib/libjava.so
7f56e192d000-7f56e193a000 r-xp 00000000 08:02 5245896                    /usr/lib/jvm/java-11-openjdk-amd64/lib/libverify.so
7f56e193a000-7f56e1b39000 ---p 0000d000 08:02 5245896                    /usr/lib/jvm/java-11-openjdk-amd64/lib/libverify.so
7f56e1b39000-7f56e1b3b000 r--p 0000c000 08:02 5245896                    /usr/lib/jvm/java-11-openjdk-amd64/lib/libverify.so
7f56e1b3b000-7f56e1b3c000 rw-p 0000e000 08:02 5245896                    /usr/lib/jvm/java-11-openjdk-amd64/lib/libverify.so
7f56e1b3c000-7f56e1b43000 r-xp 00000000 08:02 32248523                   /lib/x86_64-linux-gnu/librt-2.27.so
7f56e1b43000-7f56e1d42000 ---p 00007000 08:02 32248523                   /lib/x86_64-linux-gnu/librt-2.27.so
7f56e1d42000-7f56e1d43000 r--p 00006000 08:02 32248523                   /lib/x86_64-linux-gnu/librt-2.27.so
7f56e1d43000-7f56e1d44000 rw-p 00007000 08:02 32248523                   /lib/x86_64-linux-gnu/librt-2.27.so
7f56e1d44000-7f56e1d5b000 r-xp 00000000 08:02 32248419                   /lib/x86_64-linux-gnu/libgcc_s.so.1
7f56e1d5b000-7f56e1f5a000 ---p 00017000 08:02 32248419                   /lib/x86_64-linux-gnu/libgcc_s.so.1
7f56e1f5a000-7f56e1f5b000 r--p 00016000 08:02 32248419                   /lib/x86_64-linux-gnu/libgcc_s.so.1
7f56e1f5b000-7f56e1f5c000 rw-p 00017000 08:02 32248419                   /lib/x86_64-linux-gnu/libgcc_s.so.1
7f56e1f5c000-7f56e20f9000 r-xp 00000000 08:02 32248445                   /lib/x86_64-linux-gnu/libm-2.27.so
7f56e20f9000-7f56e22f8000 ---p 0019d000 08:02 32248445                   /lib/x86_64-linux-gnu/libm-2.27.so
7f56e22f8000-7f56e22f9000 r--p 0019c000 08:02 32248445                   /lib/x86_64-linux-gnu/libm-2.27.so
7f56e22f9000-7f56e22fa000 rw-p 0019d000 08:02 32248445                   /lib/x86_64-linux-gnu/libm-2.27.so
7f56e22fa000-7f56e2478000 r-xp 00000000 08:02 4203143                    /usr/lib/x86_64-linux-gnu/libstdc++.so.6.0.25
7f56e2478000-7f56e2678000 ---p 0017e000 08:02 4203143                    /usr/lib/x86_64-linux-gnu/libstdc++.so.6.0.25
7f56e2678000-7f56e2682000 r--p 0017e000 08:02 4203143                    /usr/lib/x86_64-linux-gnu/libstdc++.so.6.0.25
7f56e2682000-7f56e2684000 rw-p 00188000 08:02 4203143                    /usr/lib/x86_64-linux-gnu/libstdc++.so.6.0.25
7f56e2684000-7f56e2688000 rw-p 00000000 00:00 0 
7f56e2688000-7f56e3625000 r-xp 00000000 08:02 5245911                    /usr/lib/jvm/java-11-openjdk-amd64/lib/server/libjvm.so
7f56e3625000-7f56e3825000 ---p 00f9d000 08:02 5245911                    /usr/lib/jvm/java-11-openjdk-amd64/lib/server/libjvm.so
7f56e3825000-7f56e38e9000 r--p 00f9d000 08:02 5245911                    /usr/lib/jvm/java-11-openjdk-amd64/lib/server/libjvm.so
7f56e38e9000-7f56e3921000 rw-p 01061000 08:02 5245911                    /usr/lib/jvm/java-11-openjdk-amd64/lib/server/libjvm.so
7f56e3921000-7f56e396a000 rw-p 00000000 00:00 0 
7f56e396a000-7f56e3984000 r-xp 00000000 08:02 32248515                   /lib/x86_64-linux-gnu/libpthread-2.27.so
7f56e3984000-7f56e3b83000 ---p 0001a000 08:02 32248515                   /lib/x86_64-linux-gnu/libpthread-2.27.so
7f56e3b83000-7f56e3b84000 r--p 00019000 08:02 32248515                   /lib/x86_64-linux-gnu/libpthread-2.27.so
7f56e3b84000-7f56e3b85000 rw-p 0001a000 08:02 32248515                   /lib/x86_64-linux-gnu/libpthread-2.27.so
7f56e3b85000-7f56e3b89000 rw-p 00000000 00:00 0 
7f56e3b89000-7f56e3b8c000 r-xp 00000000 08:02 32248405                   /lib/x86_64-linux-gnu/libdl-2.27.so
7f56e3b8c000-7f56e3d8b000 ---p 00003000 08:02 32248405                   /lib/x86_64-linux-gnu/libdl-2.27.so
7f56e3d8b000-7f56e3d8c000 r--p 00002000 08:02 32248405                   /lib/x86_64-linux-gnu/libdl-2.27.so
7f56e3d8c000-7f56e3d8d000 rw-p 00003000 08:02 32248405                   /lib/x86_64-linux-gnu/libdl-2.27.so
7f56e3d8d000-7f56e3da9000 r-xp 00000000 08:02 32248554                   /lib/x86_64-linux-gnu/libz.so.1.2.11
7f56e3da9000-7f56e3fa8000 ---p 0001c000 08:02 32248554                   /lib/x86_64-linux-gnu/libz.so.1.2.11
7f56e3fa8000-7f56e3fa9000 r--p 0001b000 08:02 32248554                   /lib/x86_64-linux-gnu/libz.so.1.2.11
7f56e3fa9000-7f56e3faa000 rw-p 0001c000 08:02 32248554                   /lib/x86_64-linux-gnu/libz.so.1.2.11
7f56e3faa000-7f56e4191000 r-xp 00000000 08:02 32248382                   /lib/x86_64-linux-gnu/libc-2.27.so
7f56e4191000-7f56e4391000 ---p 001e7000 08:02 32248382                   /lib/x86_64-linux-gnu/libc-2.27.so
7f56e4391000-7f56e4395000 r--p 001e7000 08:02 32248382                   /lib/x86_64-linux-gnu/libc-2.27.so
7f56e4395000-7f56e4397000 rw-p 001eb000 08:02 32248382                   /lib/x86_64-linux-gnu/libc-2.27.so
7f56e4397000-7f56e439b000 rw-p 00000000 00:00 0 
7f56e439b000-7f56e43aa000 r-xp 00000000 08:02 5245835                    /usr/lib/jvm/java-11-openjdk-amd64/lib/jli/libjli.so
7f56e43aa000-7f56e45a9000 ---p 0000f000 08:02 5245835                    /usr/lib/jvm/java-11-openjdk-amd64/lib/jli/libjli.so
7f56e45a9000-7f56e45aa000 r--p 0000e000 08:02 5245835                    /usr/lib/jvm/java-11-openjdk-amd64/lib/jli/libjli.so
7f56e45aa000-7f56e45ab000 rw-p 0000f000 08:02 5245835                    /usr/lib/jvm/java-11-openjdk-amd64/lib/jli/libjli.so
7f56e45ab000-7f56e45d2000 r-xp 00000000 08:02 32248354                   /lib/x86_64-linux-gnu/ld-2.27.so
7f56e45d2000-7f56e45f2000 r--p 00000000 08:02 6031017                    /usr/share/locale-langpack/pt_BR/LC_MESSAGES/glib20.mo
7f56e45f2000-7f56e46af000 rw-p 00000000 00:00 0 
7f56e46af000-7f56e46b3000 ---p 00000000 00:00 0 
7f56e46b3000-7f56e47b2000 rw-p 00000000 00:00 0 
7f56e47b2000-7f56e47b9000 r--s 00000000 08:02 4459772                    /usr/lib/x86_64-linux-gnu/gconv/gconv-modules.cache
7f56e47b9000-7f56e47bf000 rw-p 00000000 00:00 0 
7f56e47bf000-7f56e47c6000 ---p 00000000 00:00 0 
7f56e47c6000-7f56e47ce000 rw-s 00000000 08:02 2100957                    /tmp/hsperfdata_leanderson/8143
7f56e47ce000-7f56e47cf000 ---p 00000000 00:00 0 
7f56e47cf000-7f56e47d0000 r--p 00000000 00:00 0 
7f56e47d0000-7f56e47d2000 rw-p 00000000 00:00 0 
7f56e47d2000-7f56e47d3000 r--p 00027000 08:02 32248354                   /lib/x86_64-linux-gnu/ld-2.27.so
7f56e47d3000-7f56e47d4000 rw-p 00028000 08:02 32248354                   /lib/x86_64-linux-gnu/ld-2.27.so
7f56e47d4000-7f56e47d5000 rw-p 00000000 00:00 0 
7ffc051fb000-7ffc0521c000 rw-p 00000000 00:00 0                          [stack]
7ffc052a9000-7ffc052ac000 r--p 00000000 00:00 0                          [vvar]
7ffc052ac000-7ffc052ae000 r-xp 00000000 00:00 0                          [vdso]
ffffffffff600000-ffffffffff601000 r-xp 00000000 00:00 0                  [vsyscall]


VM Arguments:
jvm_args: -Dfile.encoding=UTF-8 
java_command: com.lanchonete.view.TelaInicial
java_class_path (initial): /home/leanderson/Documentos/workspace-eclypse/projeto_POO_lanchonete/projeto_lanchonete_poo/bin:/home/leanderson/Documentos/workspace-eclypse/projeto_POO_lanchonete/projeto_lanchonete_poo/jgoodies-forms-1.8.0.jar:/home/leanderson/Documentos/workspace-eclypse/projeto_POO_lanchonete/projeto_lanchonete_poo/miglayout15-swing.jar
Launcher Type: SUN_STANDARD

Logging:
Log output configuration:
#0: stdout all=warning uptime,level,tags
#1: stderr all=off uptime,level,tags

Environment Variables:
PATH=/usr/local/sbin:/usr/local/bin:/usr/sbin:/usr/bin:/sbin:/bin:/usr/games:/usr/local/games:/snap/bin
USERNAME=leanderson
SHELL=/bin/bash
DISPLAY=:0

Signal Handlers:
SIGSEGV: [libjvm.so+0xd28ad0], sa_mask[0]=11111111011111111101111111111110, sa_flags=SA_RESTART|SA_SIGINFO
SIGBUS: [libjvm.so+0xd28ad0], sa_mask[0]=11111111011111111101111111111110, sa_flags=SA_RESTART|SA_SIGINFO
SIGFPE: [libjvm.so+0xd28ad0], sa_mask[0]=11111111011111111101111111111110, sa_flags=SA_RESTART|SA_SIGINFO
SIGPIPE: SIG_IGN, sa_mask[0]=00000000000010000000000000000000, sa_flags=SA_RESTART
SIGXFSZ: [libjvm.so+0xb2a150], sa_mask[0]=11111111011111111101111111111110, sa_flags=SA_RESTART|SA_SIGINFO
SIGILL: [libjvm.so+0xd28ad0], sa_mask[0]=11111111011111111101111111111110, sa_flags=SA_RESTART|SA_SIGINFO
SIGUSR2: [libjvm.so+0xb29f90], sa_mask[0]=00100000000000000000000000000000, sa_flags=SA_RESTART|SA_SIGINFO
SIGHUP: [libjvm.so+0xb2a0e0], sa_mask[0]=11111111011111111101111111111110, sa_flags=SA_RESTART|SA_SIGINFO
SIGINT: [libjvm.so+0xb2a0e0], sa_mask[0]=11111111011111111101111111111110, sa_flags=SA_RESTART|SA_SIGINFO
SIGTERM: [libjvm.so+0xb2a0e0], sa_mask[0]=11111111011111111101111111111110, sa_flags=SA_RESTART|SA_SIGINFO
SIGQUIT: [libjvm.so+0xb2a0e0], sa_mask[0]=11111111011111111101111111111110, sa_flags=SA_RESTART|SA_SIGINFO


---------------  S Y S T E M  ---------------

OS:DISTRIB_ID=Ubuntu
DISTRIB_RELEASE=18.04
DISTRIB_CODENAME=bionic
DISTRIB_DESCRIPTION="Ubuntu 18.04.1 LTS"
uname:Linux 4.15.0-34-generic #37-Ubuntu SMP Mon Aug 27 15:21:48 UTC 2018 x86_64
libc:glibc 2.27 NPTL 2.27 
rlimit: STACK 8192k, CORE 0k, NPROC 30996, NOFILE 1048576, AS infinity, DATA infinity, FSIZE infinity
load average:1,49 1,71 1,27

/proc/meminfo:
MemTotal:        8040448 kB
MemFree:         1743608 kB
MemAvailable:    5249176 kB
Buffers:          284004 kB
Cached:          3671660 kB
SwapCached:            0 kB
Active:          3214740 kB
Inactive:        2695584 kB
Active(anon):    1715264 kB
Inactive(anon):   547236 kB
Active(file):    1499476 kB
Inactive(file):  2148348 kB
Unevictable:         136 kB
Mlocked:             136 kB
SwapTotal:       2097148 kB
SwapFree:        2097148 kB
Dirty:               324 kB
Writeback:             0 kB
AnonPages:       1935532 kB
Mapped:           498760 kB
Shmem:            307672 kB
Slab:             230776 kB
SReclaimable:     164500 kB
SUnreclaim:        66276 kB
KernelStack:       13640 kB
PageTables:        38140 kB
NFS_Unstable:          0 kB
Bounce:                0 kB
WritebackTmp:          0 kB
CommitLimit:     6117372 kB
Committed_AS:    6267556 kB
VmallocTotal:   34359738367 kB
VmallocUsed:           0 kB
VmallocChunk:          0 kB
HardwareCorrupted:     0 kB
AnonHugePages:         0 kB
ShmemHugePages:        0 kB
ShmemPmdMapped:        0 kB
CmaTotal:              0 kB
CmaFree:               0 kB
HugePages_Total:       0
HugePages_Free:        0
HugePages_Rsvd:        0
HugePages_Surp:        0
Hugepagesize:       2048 kB
DirectMap4k:      280564 kB
DirectMap2M:     7981056 kB
DirectMap1G:           0 kB

container (cgroup) information:
container_type: cgroupv1
cpu_cpuset_cpus: 0-3
cpu_memory_nodes: 0
active_processor_count: 4
cpu_quota: -1
cpu_period: 100000
cpu_shares: -1
memory_limit_in_bytes: -1
memory_and_swap_limit_in_bytes: -2
memory_soft_limit_in_bytes: -1
memory_usage_in_bytes: 6050029568
memory_max_usage_in_bytes: 0


CPU:total 4 (initial active 4) (2 cores per cpu, 2 threads per core) family 6 model 142 stepping 9, cmov, cx8, fxsr, mmx, sse, sse2, sse3, ssse3, sse4.1, sse4.2, popcnt, avx, avx2, aes, clmul, erms, 3dnowpref, lzcnt, ht, tsc, tscinvbit, bmi1, bmi2, adx, fma
CPU Model and flags from /proc/cpuinfo:
model name	: Intel(R) Core(TM) i7-7500U CPU @ 2.70GHz
flags		: fpu vme de pse tsc msr pae mce cx8 apic sep mtrr pge mca cmov pat pse36 clflush dts acpi mmx fxsr sse sse2 ss ht tm pbe syscall nx pdpe1gb rdtscp lm constant_tsc art arch_perfmon pebs bts rep_good nopl xtopology nonstop_tsc cpuid aperfmperf tsc_known_freq pni pclmulqdq dtes64 monitor ds_cpl vmx est tm2 ssse3 sdbg fma cx16 xtpr pdcm pcid sse4_1 sse4_2 x2apic movbe popcnt tsc_deadline_timer aes xsave avx f16c rdrand lahf_lm abm 3dnowprefetch cpuid_fault epb invpcid_single pti ssbd ibrs ibpb stibp tpr_shadow vnmi flexpriority ept vpid fsgsbase tsc_adjust bmi1 avx2 smep bmi2 erms invpcid mpx rdseed adx smap clflushopt intel_pt xsaveopt xsavec xgetbv1 xsaves dtherm ida arat pln pts hwp hwp_notify hwp_act_window hwp_epp flush_l1d

Memory: 4k page, physical 8040448k(1749456k free), swap 2097148k(2097148k free)

vm_info: OpenJDK 64-Bit Server VM (10.0.2+13-Ubuntu-1ubuntu0.18.04.2) for linux-amd64 JRE (10.0.2+13-Ubuntu-1ubuntu0.18.04.2), built on Aug 24 2018 17:36:24 by "buildd" with gcc 7.3.0

END.
