#
# A fatal error has been detected by the Java Runtime Environment:
#
#  SIGSEGV (0xb) at pc=0x00007ff5f7b80b1e, pid=8237, tid=8270
#
# JRE version: OpenJDK Runtime Environment (10.0.2+13) (build 10.0.2+13-Ubuntu-1ubuntu0.18.04.2)
# Java VM: OpenJDK 64-Bit Server VM (10.0.2+13-Ubuntu-1ubuntu0.18.04.2, mixed mode, tiered, compressed oops, g1 gc, linux-amd64)
# Problematic frame:
# v  ~BufferBlob::jni_fast_GetLongField
#
# Core dump will be written. Default location: Core dumps may be processed with "/usr/share/apport/apport %p %s %c %d %P" (or dumping to /home/leanderson/Documentos/workspace-eclypse/projeto_POO_lanchonete/projeto_lanchonete_poo/core.8237)
#
# If you would like to submit a bug report, please visit:
#   http://bugreport.java.com/bugreport/crash.jsp
# The crash happened outside the Java Virtual Machine in native code.
# See problematic frame for where to report the bug.
#

---------------  S U M M A R Y ------------

Command Line: -Dfile.encoding=UTF-8 com.lanchonete.view.TelaInicial

Host: Intel(R) Core(TM) i7-7500U CPU @ 2.70GHz, 4 cores, 7G, Ubuntu 18.04.1 LTS
Time: Tue Oct  2 13:06:24 2018 -03 elapsed time: 9044 seconds (0d 2h 30m 44s)

---------------  T H R E A D  ---------------

Current thread (0x00007ff6103c1800):  JavaThread "AWT-XAWT" daemon [_thread_in_native, id=8270, stack(0x00007ff583eff000,0x00007ff584000000)]

Stack: [0x00007ff583eff000,0x00007ff584000000],  sp=0x00007ff583ffe878,  free space=1022k
Native frames: (J=compiled Java code, A=aot compiled Java code, j=interpreted, Vv=VM code, C=native code)
v  ~BufferBlob::jni_fast_GetLongField
C  [libX11.so.6+0x64b1d]  _XimServerDestroy+0x3d

Java frames: (J=compiled Java code, j=interpreted, Vv=VM code)
J 1536  sun.awt.X11.XlibWrapper.XFilterEvent(JJ)Z java.desktop@10.0.2 (0 bytes) @ 0x00007ff5ff67c884 [0x00007ff5ff67c840+0x0000000000000044]
j  sun.awt.X11.XToolkit.run(Z)V+287 java.desktop@10.0.2
j  sun.awt.X11.XToolkit.run()V+5 java.desktop@10.0.2
j  java.lang.Thread.run()V+11 java.base@10.0.2
v  ~StubRoutines::call_stub

siginfo: si_signo: 11 (SIGSEGV), si_code: 1 (SEGV_MAPERR), si_addr: 0x0000000000000000

Register to memory mapping:

RAX=0x00007ff617268a80: <offset 0x0000000001274a80> in /usr/lib/jvm/java-11-openjdk-amd64/lib/server/libjvm.so at 0x00007ff615ff4000
RBX=0x00007ff6103c1a00 is an unknown value
RCX=0x0000000000000000 is an unknown value
RDX=0x0000000000000042 is an unknown value
RSP=0x00007ff583ffe878 is pointing into the stack for thread: 0x00007ff6103c1800
RBP=0x00007ff583ffe8a0 is pointing into the stack for thread: 0x00007ff6103c1800
RSI=0x0000000000000000 is an unknown value
RDI=0x00007ff6103c1a00 is an unknown value
R8 =0x00007ff5c14d79b0: <offset 0x000000000005c9b0> in /usr/lib/x86_64-linux-gnu/libX11.so.6 at 0x00007ff5c147b000
R9 =0x0000000000000000 is an unknown value
R10=0x0000000000000114 is an unknown value
R11=0x00007ff5ff67c858 is at entry_point+24 in (nmethod*)0x00007ff5ff67c690
R12=0x0000000000000000 is an unknown value
R13=0x0000000000000000 is an unknown value
R14=0x00007ff5c1c285c0: <offset 0x00000000002635c0> in /usr/lib/jvm/java-11-openjdk-amd64/lib/libawt_xawt.so at 0x00007ff5c19c5000
R15=0x00007ff6103c1800 is a thread


Registers:
RAX=0x00007ff617268a80, RBX=0x00007ff6103c1a00, RCX=0x0000000000000000, RDX=0x0000000000000042
RSP=0x00007ff583ffe878, RBP=0x00007ff583ffe8a0, RSI=0x0000000000000000, RDI=0x00007ff6103c1a00
R8 =0x00007ff5c14d79b0, R9 =0x0000000000000000, R10=0x0000000000000114, R11=0x00007ff5ff67c858
R12=0x0000000000000000, R13=0x0000000000000000, R14=0x00007ff5c1c285c0, R15=0x00007ff6103c1800
RIP=0x00007ff5f7b80b1e, EFLAGS=0x0000000000010246, CSGSFS=0x002b000000000033, ERR=0x0000000000000004
  TRAPNO=0x000000000000000e

Top of Stack: (sp=0x00007ff583ffe878)
0x00007ff583ffe878:   00007ff5c19fc1d4 00007ff5c3f19d28
0x00007ff583ffe888:   0000000000000000 00007ff583ffe948
0x00007ff583ffe898:   00007ff583ffe920 00007ff574297530
0x00007ff583ffe8a8:   00007ff5c14dfb1d 00007ff5c3f19d28 

Instructions: (pc=0x00007ff5f7b80b1e)
0x00007ff5f7b80afe:   00 00 44 8b 15 7d 38 73 1f 4c 8b ce 41 f6 c2 01
0x00007ff5f7b80b0e:   0f 85 32 00 00 00 4d 33 ca 4d 33 ca 49 83 e1 fe
0x00007ff5f7b80b1e:   4d 8b 09 4c 8b da 49 c1 eb 02 4b 8b 04 19 49 bb
0x00007ff5f7b80b2e:   84 43 2b 17 f6 7f 00 00 4c 33 d8 4c 33 d8 45 3b 



---------------  P R O C E S S  ---------------

Threads class SMR info:
_java_thread_list=0x000055a8cb5dbcf0, length=15, elements={
0x00007ff610131800, 0x00007ff610133800, 0x00007ff610147000, 0x00007ff610149000,
0x00007ff61014b000, 0x00007ff61014d000, 0x00007ff61014f000, 0x00007ff6101d3800,
0x00007ff6101e1800, 0x00007ff6103c0000, 0x00007ff6103c1800, 0x00007ff6103c7000,
0x00007ff6103c8800, 0x00007ff610011800, 0x00007ff57429c000
}

Java Threads: ( => current thread )
  0x00007ff610131800 JavaThread "Reference Handler" daemon [_thread_blocked, id=8256, stack(0x00007ff5c35fd000,0x00007ff5c36fe000)]
  0x00007ff610133800 JavaThread "Finalizer" daemon [_thread_blocked, id=8257, stack(0x00007ff5c34fc000,0x00007ff5c35fd000)]
  0x00007ff610147000 JavaThread "Signal Dispatcher" daemon [_thread_blocked, id=8258, stack(0x00007ff5c2a2c000,0x00007ff5c2b2d000)]
  0x00007ff610149000 JavaThread "C2 CompilerThread0" daemon [_thread_blocked, id=8259, stack(0x00007ff5c292b000,0x00007ff5c2a2c000)]
  0x00007ff61014b000 JavaThread "C2 CompilerThread1" daemon [_thread_blocked, id=8260, stack(0x00007ff5c282a000,0x00007ff5c292b000)]
  0x00007ff61014d000 JavaThread "C1 CompilerThread2" daemon [_thread_blocked, id=8261, stack(0x00007ff5c2729000,0x00007ff5c282a000)]
  0x00007ff61014f000 JavaThread "Sweeper thread" daemon [_thread_blocked, id=8262, stack(0x00007ff5c2628000,0x00007ff5c2729000)]
  0x00007ff6101d3800 JavaThread "Service Thread" daemon [_thread_blocked, id=8263, stack(0x00007ff5c2527000,0x00007ff5c2628000)]
  0x00007ff6101e1800 JavaThread "Common-Cleaner" daemon [_thread_blocked, id=8265, stack(0x00007ff5c2324000,0x00007ff5c2425000)]
  0x00007ff6103c0000 JavaThread "Java2D Disposer" daemon [_thread_blocked, id=8269, stack(0x00007ff590030000,0x00007ff590131000)]
=>0x00007ff6103c1800 JavaThread "AWT-XAWT" daemon [_thread_in_native, id=8270, stack(0x00007ff583eff000,0x00007ff584000000)]
  0x00007ff6103c7000 JavaThread "AWT-Shutdown" [_thread_blocked, id=8271, stack(0x00007ff583dfe000,0x00007ff583eff000)]
  0x00007ff6103c8800 JavaThread "AWT-EventQueue-0" [_thread_blocked, id=8272, stack(0x00007ff583cfd000,0x00007ff583dfe000)]
  0x00007ff610011800 JavaThread "DestroyJavaVM" [_thread_blocked, id=8243, stack(0x00007ff61801b000,0x00007ff61811c000)]
  0x00007ff57429c000 JavaThread "TimerQueue" daemon [_thread_blocked, id=8273, stack(0x00007ff5835fc000,0x00007ff5836fd000)]

Other Threads:
  0x00007ff610127800 VMThread "VM Thread" [stack: 0x00007ff5c3700000,0x00007ff5c3800000] [id=8255]
  0x00007ff6101d5800 WatcherThread [stack: 0x00007ff5c2427000,0x00007ff5c2527000] [id=8264]
  0x00007ff610028000 GCTaskThread "GC Thread#0" [stack: 0x00007ff614145000,0x00007ff614245000] [id=8244]
  0x00007ff610029800 GCTaskThread "GC Thread#1" [stack: 0x00007ff614043000,0x00007ff614143000] [id=8245]
  0x00007ff61002b000 GCTaskThread "GC Thread#2" [stack: 0x00007ff5f7a26000,0x00007ff5f7b26000] [id=8246]
  0x00007ff61002d000 GCTaskThread "GC Thread#3" [stack: 0x00007ff5f7924000,0x00007ff5f7a24000] [id=8247]
  0x00007ff610056000 ConcurrentGCThread "G1 Main Marker" [stack: 0x00007ff5f49ec000,0x00007ff5f4aec000] [id=8248]
  0x00007ff610058000 ConcurrentGCThread "G1 Conc#0" [stack: 0x00007ff5f48ea000,0x00007ff5f49ea000] [id=8249]
  0x00007ff6100bf800 ConcurrentGCThread "G1 Refine#0" [stack: 0x00007ff5f43e4000,0x00007ff5f44e4000] [id=8250]
  0x00007ff6100c1800 ConcurrentGCThread "G1 Refine#1" [stack: 0x00007ff5f42e2000,0x00007ff5f43e2000] [id=8251]
  0x00007ff6100c3000 ConcurrentGCThread "G1 Refine#2" [stack: 0x00007ff5f41e0000,0x00007ff5f42e0000] [id=8252]
  0x00007ff6100c5000 ConcurrentGCThread "G1 Refine#3" [stack: 0x00007ff5f40de000,0x00007ff5f41de000] [id=8253]
  0x00007ff6100c6800 ConcurrentGCThread "G1 Young RemSet Sampling" [stack: 0x00007ff5e4050000,0x00007ff5e4150000] [id=8254]

Threads with active compile tasks:

VM state:not at safepoint (normal execution)

VM Mutex/Monitor currently owned by a thread: None

Heap address: 0x0000000085400000, size: 1964 MB, Compressed Oops mode: 32-bit
Narrow klass base: 0x0000000000000000, Narrow klass shift: 3
Compressed class space size: 1073741824 Address: 0x0000000100000000

Heap:
 garbage-first heap   total 126976K, used 9527K [0x0000000085400000, 0x0000000100000000)
  region size 1024K, 7 young (7168K), 1 survivors (1024K)
 Metaspace       used 21108K, capacity 21665K, committed 22064K, reserved 1069056K
  class space    used 2139K, capacity 2395K, committed 2432K, reserved 1048576K
Heap Regions: E=young(eden), S=young(survivor), O=old, HS=humongous(starts), HC=humongous(continues), CS=collection set, F=free, A=archive, TS=gc time stamp, AC=allocation context, TAMS=top-at-mark-start (previous, next)
|   0|0x0000000085400000, 0x0000000085500000, 0x0000000085500000|100%| O|  |TS  0|AC  0|TAMS 0x0000000085500000, 0x0000000085500000|
|   1|0x0000000085500000, 0x0000000085600000, 0x0000000085600000|100%| O|  |TS  0|AC  0|TAMS 0x0000000085600000, 0x0000000085600000|
|   2|0x0000000085600000, 0x0000000085700000, 0x0000000085700000|100%| O|  |TS  0|AC  0|TAMS 0x0000000085700000, 0x0000000085700000|
|   3|0x0000000085700000, 0x000000008574de00, 0x0000000085800000| 30%| O|  |TS  0|AC  0|TAMS 0x000000008574de00, 0x000000008574de00|
|   4|0x0000000085800000, 0x0000000085800000, 0x0000000085900000|  0%| F|  |TS  0|AC  0|TAMS 0x0000000085800000, 0x0000000085800000|
|   5|0x0000000085900000, 0x0000000085900000, 0x0000000085a00000|  0%| F|  |TS  0|AC  0|TAMS 0x0000000085900000, 0x0000000085900000|
|   6|0x0000000085a00000, 0x0000000085a00000, 0x0000000085b00000|  0%| F|  |TS  0|AC  0|TAMS 0x0000000085a00000, 0x0000000085a00000|
|   7|0x0000000085b00000, 0x0000000085b00000, 0x0000000085c00000|  0%| F|  |TS  0|AC  0|TAMS 0x0000000085b00000, 0x0000000085b00000|
|   8|0x0000000085c00000, 0x0000000085c00000, 0x0000000085d00000|  0%| F|  |TS  0|AC  0|TAMS 0x0000000085c00000, 0x0000000085c00000|
|   9|0x0000000085d00000, 0x0000000085d00000, 0x0000000085e00000|  0%| F|  |TS  0|AC  0|TAMS 0x0000000085d00000, 0x0000000085d00000|
|  10|0x0000000085e00000, 0x0000000085e00000, 0x0000000085f00000|  0%| F|  |TS  0|AC  0|TAMS 0x0000000085e00000, 0x0000000085e00000|
|  11|0x0000000085f00000, 0x0000000085f00000, 0x0000000086000000|  0%| F|  |TS  0|AC  0|TAMS 0x0000000085f00000, 0x0000000085f00000|
|  12|0x0000000086000000, 0x0000000086000000, 0x0000000086100000|  0%| F|  |TS  0|AC  0|TAMS 0x0000000086000000, 0x0000000086000000|
|  13|0x0000000086100000, 0x0000000086100000, 0x0000000086200000|  0%| F|  |TS  0|AC  0|TAMS 0x0000000086100000, 0x0000000086100000|
|  14|0x0000000086200000, 0x0000000086200000, 0x0000000086300000|  0%| F|  |TS  0|AC  0|TAMS 0x0000000086200000, 0x0000000086200000|
|  15|0x0000000086300000, 0x0000000086300000, 0x0000000086400000|  0%| F|  |TS  0|AC  0|TAMS 0x0000000086300000, 0x0000000086300000|
|  16|0x0000000086400000, 0x0000000086400000, 0x0000000086500000|  0%| F|  |TS  0|AC  0|TAMS 0x0000000086400000, 0x0000000086400000|
|  17|0x0000000086500000, 0x0000000086500000, 0x0000000086600000|  0%| F|  |TS  0|AC  0|TAMS 0x0000000086500000, 0x0000000086500000|
|  18|0x0000000086600000, 0x0000000086600000, 0x0000000086700000|  0%| F|  |TS  0|AC  0|TAMS 0x0000000086600000, 0x0000000086600000|
|  19|0x0000000086700000, 0x0000000086700000, 0x0000000086800000|  0%| F|  |TS  0|AC  0|TAMS 0x0000000086700000, 0x0000000086700000|
|  20|0x0000000086800000, 0x0000000086800000, 0x0000000086900000|  0%| F|  |TS  0|AC  0|TAMS 0x0000000086800000, 0x0000000086800000|
|  21|0x0000000086900000, 0x0000000086900000, 0x0000000086a00000|  0%| F|  |TS  0|AC  0|TAMS 0x0000000086900000, 0x0000000086900000|
|  22|0x0000000086a00000, 0x0000000086a00000, 0x0000000086b00000|  0%| F|  |TS  0|AC  0|TAMS 0x0000000086a00000, 0x0000000086a00000|
|  23|0x0000000086b00000, 0x0000000086b00000, 0x0000000086c00000|  0%| F|  |TS  0|AC  0|TAMS 0x0000000086b00000, 0x0000000086b00000|
|  24|0x0000000086c00000, 0x0000000086c00000, 0x0000000086d00000|  0%| F|  |TS  0|AC  0|TAMS 0x0000000086c00000, 0x0000000086c00000|
|  25|0x0000000086d00000, 0x0000000086d00000, 0x0000000086e00000|  0%| F|  |TS  0|AC  0|TAMS 0x0000000086d00000, 0x0000000086d00000|
|  26|0x0000000086e00000, 0x0000000086e00000, 0x0000000086f00000|  0%| F|  |TS  0|AC  0|TAMS 0x0000000086e00000, 0x0000000086e00000|
|  27|0x0000000086f00000, 0x0000000086f00000, 0x0000000087000000|  0%| F|  |TS  0|AC  0|TAMS 0x0000000086f00000, 0x0000000086f00000|
|  28|0x0000000087000000, 0x0000000087000000, 0x0000000087100000|  0%| F|  |TS  0|AC  0|TAMS 0x0000000087000000, 0x0000000087000000|
|  29|0x0000000087100000, 0x0000000087100000, 0x0000000087200000|  0%| F|  |TS  0|AC  0|TAMS 0x0000000087100000, 0x0000000087100000|
|  30|0x0000000087200000, 0x0000000087200000, 0x0000000087300000|  0%| F|  |TS  0|AC  0|TAMS 0x0000000087200000, 0x0000000087200000|
|  31|0x0000000087300000, 0x0000000087300000, 0x0000000087400000|  0%| F|  |TS  0|AC  0|TAMS 0x0000000087300000, 0x0000000087300000|
|  32|0x0000000087400000, 0x0000000087400000, 0x0000000087500000|  0%| F|  |TS  0|AC  0|TAMS 0x0000000087400000, 0x0000000087400000|
|  33|0x0000000087500000, 0x0000000087500000, 0x0000000087600000|  0%| F|  |TS  0|AC  0|TAMS 0x0000000087500000, 0x0000000087500000|
|  34|0x0000000087600000, 0x0000000087600000, 0x0000000087700000|  0%| F|  |TS  0|AC  0|TAMS 0x0000000087600000, 0x0000000087600000|
|  35|0x0000000087700000, 0x0000000087700000, 0x0000000087800000|  0%| F|  |TS  0|AC  0|TAMS 0x0000000087700000, 0x0000000087700000|
|  36|0x0000000087800000, 0x0000000087800000, 0x0000000087900000|  0%| F|  |TS  0|AC  0|TAMS 0x0000000087800000, 0x0000000087800000|
|  37|0x0000000087900000, 0x0000000087900000, 0x0000000087a00000|  0%| F|  |TS  0|AC  0|TAMS 0x0000000087900000, 0x0000000087900000|
|  38|0x0000000087a00000, 0x0000000087a00000, 0x0000000087b00000|  0%| F|  |TS  0|AC  0|TAMS 0x0000000087a00000, 0x0000000087a00000|
|  39|0x0000000087b00000, 0x0000000087b00000, 0x0000000087c00000|  0%| F|  |TS  0|AC  0|TAMS 0x0000000087b00000, 0x0000000087b00000|
|  40|0x0000000087c00000, 0x0000000087c00000, 0x0000000087d00000|  0%| F|  |TS  0|AC  0|TAMS 0x0000000087c00000, 0x0000000087c00000|
|  41|0x0000000087d00000, 0x0000000087d00000, 0x0000000087e00000|  0%| F|  |TS  0|AC  0|TAMS 0x0000000087d00000, 0x0000000087d00000|
|  42|0x0000000087e00000, 0x0000000087e00000, 0x0000000087f00000|  0%| F|  |TS  0|AC  0|TAMS 0x0000000087e00000, 0x0000000087e00000|
|  43|0x0000000087f00000, 0x0000000087f00000, 0x0000000088000000|  0%| F|  |TS  0|AC  0|TAMS 0x0000000087f00000, 0x0000000087f00000|
|  44|0x0000000088000000, 0x0000000088000000, 0x0000000088100000|  0%| F|  |TS  0|AC  0|TAMS 0x0000000088000000, 0x0000000088000000|
|  45|0x0000000088100000, 0x0000000088100000, 0x0000000088200000|  0%| F|  |TS  0|AC  0|TAMS 0x0000000088100000, 0x0000000088100000|
|  46|0x0000000088200000, 0x0000000088200000, 0x0000000088300000|  0%| F|  |TS  0|AC  0|TAMS 0x0000000088200000, 0x0000000088200000|
|  47|0x0000000088300000, 0x0000000088300000, 0x0000000088400000|  0%| F|  |TS  0|AC  0|TAMS 0x0000000088300000, 0x0000000088300000|
|  48|0x0000000088400000, 0x0000000088400000, 0x0000000088500000|  0%| F|  |TS  0|AC  0|TAMS 0x0000000088400000, 0x0000000088400000|
|  49|0x0000000088500000, 0x0000000088500000, 0x0000000088600000|  0%| F|  |TS  0|AC  0|TAMS 0x0000000088500000, 0x0000000088500000|
|  50|0x0000000088600000, 0x0000000088600000, 0x0000000088700000|  0%| F|  |TS  0|AC  0|TAMS 0x0000000088600000, 0x0000000088600000|
|  51|0x0000000088700000, 0x0000000088700000, 0x0000000088800000|  0%| F|  |TS  0|AC  0|TAMS 0x0000000088700000, 0x0000000088700000|
|  52|0x0000000088800000, 0x0000000088800000, 0x0000000088900000|  0%| F|  |TS  0|AC  0|TAMS 0x0000000088800000, 0x0000000088800000|
|  53|0x0000000088900000, 0x0000000088900000, 0x0000000088a00000|  0%| F|  |TS  0|AC  0|TAMS 0x0000000088900000, 0x0000000088900000|
|  54|0x0000000088a00000, 0x0000000088a00000, 0x0000000088b00000|  0%| F|  |TS  0|AC  0|TAMS 0x0000000088a00000, 0x0000000088a00000|
|  55|0x0000000088b00000, 0x0000000088b00000, 0x0000000088c00000|  0%| F|  |TS  0|AC  0|TAMS 0x0000000088b00000, 0x0000000088b00000|
|  56|0x0000000088c00000, 0x0000000088c00000, 0x0000000088d00000|  0%| F|  |TS  0|AC  0|TAMS 0x0000000088c00000, 0x0000000088c00000|
|  57|0x0000000088d00000, 0x0000000088d00000, 0x0000000088e00000|  0%| F|  |TS  0|AC  0|TAMS 0x0000000088d00000, 0x0000000088d00000|
|  58|0x0000000088e00000, 0x0000000088e00000, 0x0000000088f00000|  0%| F|  |TS  0|AC  0|TAMS 0x0000000088e00000, 0x0000000088e00000|
|  59|0x0000000088f00000, 0x0000000088f00000, 0x0000000089000000|  0%| F|  |TS  0|AC  0|TAMS 0x0000000088f00000, 0x0000000088f00000|
|  60|0x0000000089000000, 0x0000000089000000, 0x0000000089100000|  0%| F|  |TS  0|AC  0|TAMS 0x0000000089000000, 0x0000000089000000|
|  61|0x0000000089100000, 0x0000000089100000, 0x0000000089200000|  0%| F|  |TS  0|AC  0|TAMS 0x0000000089100000, 0x0000000089100000|
|  62|0x0000000089200000, 0x0000000089200000, 0x0000000089300000|  0%| F|  |TS  0|AC  0|TAMS 0x0000000089200000, 0x0000000089200000|
|  63|0x0000000089300000, 0x0000000089300000, 0x0000000089400000|  0%| F|  |TS  0|AC  0|TAMS 0x0000000089300000, 0x0000000089300000|
|  64|0x0000000089400000, 0x0000000089400000, 0x0000000089500000|  0%| F|  |TS  0|AC  0|TAMS 0x0000000089400000, 0x0000000089400000|
|  65|0x0000000089500000, 0x0000000089500000, 0x0000000089600000|  0%| F|  |TS  0|AC  0|TAMS 0x0000000089500000, 0x0000000089500000|
|  66|0x0000000089600000, 0x0000000089600000, 0x0000000089700000|  0%| F|  |TS  0|AC  0|TAMS 0x0000000089600000, 0x0000000089600000|
|  67|0x0000000089700000, 0x0000000089700000, 0x0000000089800000|  0%| F|  |TS  0|AC  0|TAMS 0x0000000089700000, 0x0000000089700000|
|  68|0x0000000089800000, 0x0000000089800000, 0x0000000089900000|  0%| F|  |TS  0|AC  0|TAMS 0x0000000089800000, 0x0000000089800000|
|  69|0x0000000089900000, 0x0000000089900000, 0x0000000089a00000|  0%| F|  |TS  0|AC  0|TAMS 0x0000000089900000, 0x0000000089900000|
|  70|0x0000000089a00000, 0x0000000089a00000, 0x0000000089b00000|  0%| F|  |TS  0|AC  0|TAMS 0x0000000089a00000, 0x0000000089a00000|
|  71|0x0000000089b00000, 0x0000000089b00000, 0x0000000089c00000|  0%| F|  |TS  0|AC  0|TAMS 0x0000000089b00000, 0x0000000089b00000|
|  72|0x0000000089c00000, 0x0000000089c00000, 0x0000000089d00000|  0%| F|  |TS  0|AC  0|TAMS 0x0000000089c00000, 0x0000000089c00000|
|  73|0x0000000089d00000, 0x0000000089d00000, 0x0000000089e00000|  0%| F|  |TS  0|AC  0|TAMS 0x0000000089d00000, 0x0000000089d00000|
|  74|0x0000000089e00000, 0x0000000089e00000, 0x0000000089f00000|  0%| F|  |TS  0|AC  0|TAMS 0x0000000089e00000, 0x0000000089e00000|
|  75|0x0000000089f00000, 0x0000000089f00000, 0x000000008a000000|  0%| F|  |TS  0|AC  0|TAMS 0x0000000089f00000, 0x0000000089f00000|
|  76|0x000000008a000000, 0x000000008a000000, 0x000000008a100000|  0%| F|  |TS  0|AC  0|TAMS 0x000000008a000000, 0x000000008a000000|
|  77|0x000000008a100000, 0x000000008a100000, 0x000000008a200000|  0%| F|  |TS  0|AC  0|TAMS 0x000000008a100000, 0x000000008a100000|
|  78|0x000000008a200000, 0x000000008a200000, 0x000000008a300000|  0%| F|  |TS  0|AC  0|TAMS 0x000000008a200000, 0x000000008a200000|
|  79|0x000000008a300000, 0x000000008a300000, 0x000000008a400000|  0%| F|  |TS  0|AC  0|TAMS 0x000000008a300000, 0x000000008a300000|
|  80|0x000000008a400000, 0x000000008a400000, 0x000000008a500000|  0%| F|  |TS  0|AC  0|TAMS 0x000000008a400000, 0x000000008a400000|
|  81|0x000000008a500000, 0x000000008a500000, 0x000000008a600000|  0%| F|  |TS  0|AC  0|TAMS 0x000000008a500000, 0x000000008a500000|
|  82|0x000000008a600000, 0x000000008a600000, 0x000000008a700000|  0%| F|  |TS  0|AC  0|TAMS 0x000000008a600000, 0x000000008a600000|
|  83|0x000000008a700000, 0x000000008a700000, 0x000000008a800000|  0%| F|  |TS  0|AC  0|TAMS 0x000000008a700000, 0x000000008a700000|
|  84|0x000000008a800000, 0x000000008a800000, 0x000000008a900000|  0%| F|  |TS  0|AC  0|TAMS 0x000000008a800000, 0x000000008a800000|
|  85|0x000000008a900000, 0x000000008a900000, 0x000000008aa00000|  0%| F|  |TS  0|AC  0|TAMS 0x000000008a900000, 0x000000008a900000|
|  86|0x000000008aa00000, 0x000000008aa00000, 0x000000008ab00000|  0%| F|  |TS  0|AC  0|TAMS 0x000000008aa00000, 0x000000008aa00000|
|  87|0x000000008ab00000, 0x000000008ab00000, 0x000000008ac00000|  0%| F|  |TS  0|AC  0|TAMS 0x000000008ab00000, 0x000000008ab00000|
|  88|0x000000008ac00000, 0x000000008ac00000, 0x000000008ad00000|  0%| F|  |TS  0|AC  0|TAMS 0x000000008ac00000, 0x000000008ac00000|
|  89|0x000000008ad00000, 0x000000008ad00000, 0x000000008ae00000|  0%| F|  |TS  0|AC  0|TAMS 0x000000008ad00000, 0x000000008ad00000|
|  90|0x000000008ae00000, 0x000000008ae00000, 0x000000008af00000|  0%| F|  |TS  0|AC  0|TAMS 0x000000008ae00000, 0x000000008ae00000|
|  91|0x000000008af00000, 0x000000008af00000, 0x000000008b000000|  0%| F|  |TS  0|AC  0|TAMS 0x000000008af00000, 0x000000008af00000|
|  92|0x000000008b000000, 0x000000008b000000, 0x000000008b100000|  0%| F|  |TS  0|AC  0|TAMS 0x000000008b000000, 0x000000008b000000|
|  93|0x000000008b100000, 0x000000008b100000, 0x000000008b200000|  0%| F|  |TS  0|AC  0|TAMS 0x000000008b100000, 0x000000008b100000|
|  94|0x000000008b200000, 0x000000008b200000, 0x000000008b300000|  0%| F|  |TS  0|AC  0|TAMS 0x000000008b200000, 0x000000008b200000|
|  95|0x000000008b300000, 0x000000008b300000, 0x000000008b400000|  0%| F|  |TS  0|AC  0|TAMS 0x000000008b300000, 0x000000008b300000|
|  96|0x000000008b400000, 0x000000008b400000, 0x000000008b500000|  0%| F|  |TS  0|AC  0|TAMS 0x000000008b400000, 0x000000008b400000|
|  97|0x000000008b500000, 0x000000008b500000, 0x000000008b600000|  0%| F|  |TS  0|AC  0|TAMS 0x000000008b500000, 0x000000008b500000|
|  98|0x000000008b600000, 0x000000008b600000, 0x000000008b700000|  0%| F|  |TS  0|AC  0|TAMS 0x000000008b600000, 0x000000008b600000|
|  99|0x000000008b700000, 0x000000008b700000, 0x000000008b800000|  0%| F|  |TS  0|AC  0|TAMS 0x000000008b700000, 0x000000008b700000|
| 100|0x000000008b800000, 0x000000008b800000, 0x000000008b900000|  0%| F|  |TS  0|AC  0|TAMS 0x000000008b800000, 0x000000008b800000|
| 101|0x000000008b900000, 0x000000008b900000, 0x000000008ba00000|  0%| F|  |TS  0|AC  0|TAMS 0x000000008b900000, 0x000000008b900000|
| 102|0x000000008ba00000, 0x000000008ba00000, 0x000000008bb00000|  0%| F|  |TS  0|AC  0|TAMS 0x000000008ba00000, 0x000000008ba00000|
| 103|0x000000008bb00000, 0x000000008bb00000, 0x000000008bc00000|  0%| F|  |TS  0|AC  0|TAMS 0x000000008bb00000, 0x000000008bb00000|
| 104|0x000000008bc00000, 0x000000008bc00000, 0x000000008bd00000|  0%| F|  |TS  0|AC  0|TAMS 0x000000008bc00000, 0x000000008bc00000|
| 105|0x000000008bd00000, 0x000000008bd00000, 0x000000008be00000|  0%| F|  |TS  0|AC  0|TAMS 0x000000008bd00000, 0x000000008bd00000|
| 106|0x000000008be00000, 0x000000008be00000, 0x000000008bf00000|  0%| F|  |TS  0|AC  0|TAMS 0x000000008be00000, 0x000000008be00000|
| 107|0x000000008bf00000, 0x000000008bf00000, 0x000000008c000000|  0%| F|  |TS  0|AC  0|TAMS 0x000000008bf00000, 0x000000008bf00000|
| 108|0x000000008c000000, 0x000000008c000000, 0x000000008c100000|  0%| F|  |TS  0|AC  0|TAMS 0x000000008c000000, 0x000000008c000000|
| 109|0x000000008c100000, 0x000000008c100000, 0x000000008c200000|  0%| F|  |TS  0|AC  0|TAMS 0x000000008c100000, 0x000000008c100000|
| 110|0x000000008c200000, 0x000000008c200000, 0x000000008c300000|  0%| F|  |TS  0|AC  0|TAMS 0x000000008c200000, 0x000000008c200000|
| 111|0x000000008c300000, 0x000000008c300000, 0x000000008c400000|  0%| F|  |TS  0|AC  0|TAMS 0x000000008c300000, 0x000000008c300000|
| 112|0x000000008c400000, 0x000000008c400000, 0x000000008c500000|  0%| F|  |TS  0|AC  0|TAMS 0x000000008c400000, 0x000000008c400000|
| 113|0x000000008c500000, 0x000000008c500000, 0x000000008c600000|  0%| F|  |TS  0|AC  0|TAMS 0x000000008c500000, 0x000000008c500000|
| 114|0x000000008c600000, 0x000000008c600000, 0x000000008c700000|  0%| F|  |TS  0|AC  0|TAMS 0x000000008c600000, 0x000000008c600000|
| 115|0x000000008c700000, 0x000000008c700000, 0x000000008c800000|  0%| F|  |TS  0|AC  0|TAMS 0x000000008c700000, 0x000000008c700000|
| 116|0x000000008c800000, 0x000000008c800000, 0x000000008c900000|  0%| F|  |TS  0|AC  0|TAMS 0x000000008c800000, 0x000000008c800000|
| 117|0x000000008c900000, 0x000000008ca00000, 0x000000008ca00000|100%| S|CS|TS  0|AC  0|TAMS 0x000000008c900000, 0x000000008c900000|
| 118|0x000000008ca00000, 0x000000008cae43f0, 0x000000008cb00000| 89%| E|  |TS  0|AC  0|TAMS 0x000000008ca00000, 0x000000008ca00000|
| 119|0x000000008cb00000, 0x000000008cc00000, 0x000000008cc00000|100%| E|CS|TS  0|AC  0|TAMS 0x000000008cb00000, 0x000000008cb00000|
| 120|0x000000008cc00000, 0x000000008cd00000, 0x000000008cd00000|100%| E|CS|TS  0|AC  0|TAMS 0x000000008cc00000, 0x000000008cc00000|
| 121|0x000000008cd00000, 0x000000008ce00000, 0x000000008ce00000|100%| E|CS|TS  0|AC  0|TAMS 0x000000008cd00000, 0x000000008cd00000|
| 122|0x000000008ce00000, 0x000000008cf00000, 0x000000008cf00000|100%| E|CS|TS  0|AC  0|TAMS 0x000000008ce00000, 0x000000008ce00000|
| 123|0x000000008cf00000, 0x000000008d000000, 0x000000008d000000|100%| E|CS|TS  0|AC  0|TAMS 0x000000008cf00000, 0x000000008cf00000|

Card table byte_map: [0x00007ff5f6d72000,0x00007ff5f7148000] byte_map_base: 0x00007ff5f6948000

Marking Bits (Prev, Next): (CMBitMap*) 0x00007ff610055418, (CMBitMap*) 0x00007ff6100553e0
 Prev Bits: [0x00007ff5e6150000, 0x00007ff5e8000000)
 Next Bits: [0x00007ff5f4aec000, 0x00007ff5f699c000)

Polling page: 0x00007ff61813a000

CodeHeap 'non-profiled nmethods': size=120032Kb used=794Kb max_used=794Kb free=119237Kb
 bounds [0x00007ff5ff5ee000, 0x00007ff5ff85e000, 0x00007ff606b26000]
CodeHeap 'profiled nmethods': size=120032Kb used=4891Kb max_used=4891Kb free=115140Kb
 bounds [0x00007ff5f80b6000, 0x00007ff5f8586000, 0x00007ff5ff5ee000]
CodeHeap 'non-nmethods': size=5696Kb used=1273Kb max_used=1291Kb free=4422Kb
 bounds [0x00007ff5f7b26000, 0x00007ff5f7d96000, 0x00007ff5f80b6000]
 total_blobs=3462 nmethods=2370 adapters=614
 compilation: enabled

Compilation events (10 events):
Event: 2475,362 Thread 0x00007ff61014d000 2366       3       jdk.internal.misc.InnocuousThread::eraseThreadLocals (23 bytes)
Event: 2475,363 Thread 0x00007ff61014d000 nmethod 2366 0x00007ff5f857b110 code [0x00007ff5f857b2c0, 0x00007ff5f857b510]
Event: 3789,230 Thread 0x00007ff61014d000 2367       3       java.awt.Component::updateGraphicsData (59 bytes)
Event: 3789,230 Thread 0x00007ff61014d000 nmethod 2367 0x00007ff5f857b590 code [0x00007ff5f857b7a0, 0x00007ff5f857be18]
Event: 3789,378 Thread 0x00007ff61014d000 2368       3       sun.awt.XSettings$Update::needBytes (36 bytes)
Event: 3789,379 Thread 0x00007ff61014d000 nmethod 2368 0x00007ff5f857bf90 code [0x00007ff5f857c160, 0x00007ff5f857c3f8]
Event: 8544,327 Thread 0x00007ff61014d000 2369       3       sun.awt.X11.XClientMessageEvent::get_message_type (20 bytes)
Event: 8544,329 Thread 0x00007ff61014d000 nmethod 2369 0x00007ff5f857c510 code [0x00007ff5f857c700, 0x00007ff5f857cba8]
Event: 9011,148 Thread 0x00007ff61014b000 2370   !   4       sun.awt.X11.XAwtState::getGrabWindow (67 bytes)
Event: 9011,182 Thread 0x00007ff61014b000 nmethod 2370 0x00007ff5ff6b2910 code [0x00007ff5ff6b2b60, 0x00007ff5ff6b4520]

GC Heap History (4 events):
Event: 1,542 GC heap before
{Heap before GC invocations=0 (full 0):
 garbage-first heap   total 126976K, used 14336K [0x0000000085400000, 0x0000000100000000)
  region size 1024K, 14 young (14336K), 0 survivors (0K)
 Metaspace       used 17501K, capacity 18007K, committed 18432K, reserved 1064960K
  class space    used 1765K, capacity 2018K, committed 2048K, reserved 1048576K
}
Event: 1,559 GC heap after
{Heap after GC invocations=1 (full 0):
 garbage-first heap   total 126976K, used 3252K [0x0000000085400000, 0x0000000100000000)
  region size 1024K, 2 young (2048K), 2 survivors (2048K)
 Metaspace       used 17501K, capacity 18007K, committed 18432K, reserved 1064960K
  class space    used 1765K, capacity 2018K, committed 2048K, reserved 1048576K
}
Event: 15,340 GC heap before
{Heap before GC invocations=1 (full 0):
 garbage-first heap   total 126976K, used 8372K [0x0000000085400000, 0x0000000100000000)
  region size 1024K, 8 young (8192K), 2 survivors (2048K)
 Metaspace       used 20447K, capacity 20982K, committed 21296K, reserved 1069056K
  class space    used 2092K, capacity 2362K, committed 2432K, reserved 1048576K
}
Event: 15,344 GC heap after
{Heap after GC invocations=2 (full 0):
 garbage-first heap   total 126976K, used 4407K [0x0000000085400000, 0x0000000100000000)
  region size 1024K, 1 young (1024K), 1 survivors (1024K)
 Metaspace       used 20447K, capacity 20982K, committed 21296K, reserved 1069056K
  class space    used 2092K, capacity 2362K, committed 2432K, reserved 1048576K
}

Deoptimization events (10 events):
Event: 8,835 Thread 0x00007ff6103c8800 Uncommon trap: reason=unstable_if action=reinterpret pc=0x00007ff5ff5f678c method=java.lang.String.isLatin1()Z @ 10 c2
Event: 8,845 Thread 0x00007ff6103c8800 Uncommon trap: reason=unstable_if action=reinterpret pc=0x00007ff5ff607a80 method=java.lang.StringLatin1.replace([BCC)Ljava/lang/String; @ 19 c2
Event: 8,845 Thread 0x00007ff6103c8800 Uncommon trap: reason=unstable_if action=reinterpret pc=0x00007ff5ff61cbf4 method=jdk.internal.org.objectweb.asm.Type.getArgumentsAndReturnSizes(Ljava/lang/String;)I @ 88 c2
Event: 8,874 Thread 0x00007ff6103c8800 Uncommon trap: reason=unstable_if action=reinterpret pc=0x00007ff5ff668d94 method=java.lang.AbstractStringBuilder.putStringAt(ILjava/lang/String;)V @ 8 c2
Event: 8,875 Thread 0x00007ff6103c8800 Uncommon trap: reason=unstable_if action=reinterpret pc=0x00007ff5ff650eb4 method=java.lang.AbstractStringBuilder.putStringAt(ILjava/lang/String;)V @ 8 c2
Event: 8,875 Thread 0x00007ff6103c8800 Uncommon trap: reason=unstable_if action=reinterpret pc=0x00007ff5ff62ea6c method=java.lang.String.getBytes([BIB)V @ 5 c2
Event: 8,875 Thread 0x00007ff6103c8800 Uncommon trap: reason=unstable_if action=reinterpret pc=0x00007ff5ff618cc0 method=java.lang.AbstractStringBuilder.isLatin1()Z @ 10 c2
Event: 8,875 Thread 0x00007ff6103c8800 Uncommon trap: reason=unstable_if action=reinterpret pc=0x00007ff5ff633840 method=java.lang.AbstractStringBuilder.isLatin1()Z @ 10 c2
Event: 10,623 Thread 0x00007ff6103c8800 Uncommon trap: reason=intrinsic_or_type_checked_inlining action=make_not_entrant pc=0x00007ff5ff6854f0 method=java.util.Arrays.copyOf([Ljava/lang/Object;ILjava/lang/Class;)[Ljava/lang/Object; @ 35 c2
Event: 56,286 Thread 0x00007ff6103c1800 Uncommon trap: reason=unstable_if action=reinterpret pc=0x00007ff5ff6a289c method=sun.awt.X11.XWindow.getModifiers(IIIZ)I @ 123 c2

Classes redefined (0 events):
No events

Internal exceptions (10 events):
Event: 10,602 Thread 0x00007ff5741ac000 Exception <a 'java/lang/NoSuchMethodError'{0x000000008cb93528}: method resolution failed> (0x000000008cb93528) thrown at [/build/openjdk-lts-xioZJb/openjdk-lts-10.0.2+13/src/hotspot/share/prims/methodHandles.cpp, line 1226]
Event: 10,704 Thread 0x00007ff6103c8800 Exception <a 'java/lang/UnsupportedOperationException'{0x000000008cbd4df8}: > (0x000000008cbd4df8) thrown at [/build/openjdk-lts-xioZJb/openjdk-lts-10.0.2+13/src/hotspot/share/prims/jni.cpp, line 632]
Event: 15,334 Thread 0x00007ff6103c8800 Exception <a 'java/lang/NoSuchMethodError'{0x000000008ca2c8c8}: <clinit>> (0x000000008ca2c8c8) thrown at [/build/openjdk-lts-xioZJb/openjdk-lts-10.0.2+13/src/hotspot/share/prims/jni.cpp, line 1366]
Event: 15,450 Thread 0x00007ff6103c8800 Exception <a 'java/lang/UnsupportedOperationException'{0x000000008cf34e60}: > (0x000000008cf34e60) thrown at [/build/openjdk-lts-xioZJb/openjdk-lts-10.0.2+13/src/hotspot/share/prims/jni.cpp, line 632]
Event: 17,686 Thread 0x00007ff6103c8800 Exception <a 'java/lang/UnsupportedOperationException'{0x000000008ce6b1c0}: > (0x000000008ce6b1c0) thrown at [/build/openjdk-lts-xioZJb/openjdk-lts-10.0.2+13/src/hotspot/share/prims/jni.cpp, line 632]
Event: 20,180 Thread 0x00007ff6103c8800 Exception <a 'java/lang/UnsupportedOperationException'{0x000000008ceee1f8}: > (0x000000008ceee1f8) thrown at [/build/openjdk-lts-xioZJb/openjdk-lts-10.0.2+13/src/hotspot/share/prims/jni.cpp, line 632]
Event: 21,347 Thread 0x00007ff6103c8800 Exception <a 'java/lang/UnsupportedOperationException'{0x000000008cd4c3c8}: > (0x000000008cd4c3c8) thrown at [/build/openjdk-lts-xioZJb/openjdk-lts-10.0.2+13/src/hotspot/share/prims/jni.cpp, line 632]
Event: 24,188 Thread 0x00007ff6103c8800 Exception <a 'java/lang/UnsupportedOperationException'{0x000000008cdcdf18}: > (0x000000008cdcdf18) thrown at [/build/openjdk-lts-xioZJb/openjdk-lts-10.0.2+13/src/hotspot/share/prims/jni.cpp, line 632]
Event: 26,942 Thread 0x00007ff6103c8800 Exception <a 'java/lang/UnsupportedOperationException'{0x000000008cc4f900}: > (0x000000008cc4f900) thrown at [/build/openjdk-lts-xioZJb/openjdk-lts-10.0.2+13/src/hotspot/share/prims/jni.cpp, line 632]
Event: 29,064 Thread 0x00007ff6103c8800 Exception <a 'java/lang/UnsupportedOperationException'{0x000000008cca3e30}: > (0x000000008cca3e30) thrown at [/build/openjdk-lts-xioZJb/openjdk-lts-10.0.2+13/src/hotspot/share/prims/jni.cpp, line 632]

Events (10 events):
Event: 3789,376 Executing VM operation: RevokeBias
Event: 3789,377 Executing VM operation: RevokeBias done
Event: 3789,377 Executing VM operation: RevokeBias
Event: 3789,377 Executing VM operation: RevokeBias done
Event: 3789,377 Executing VM operation: RevokeBias
Event: 3789,377 Executing VM operation: RevokeBias done
Event: 3789,378 Executing VM operation: RevokeBias
Event: 3789,378 Executing VM operation: RevokeBias done
Event: 3789,378 loading class sun/awt/X11/XAWTXSettings$1
Event: 3789,492 loading class sun/awt/X11/XAWTXSettings$1 done


Dynamic libraries:
85400000-8d000000 rw-p 00000000 00:00 0 
8d000000-100000000 ---p 00000000 00:00 0 
100000000-100260000 rw-p 00000000 00:00 0 
100260000-140000000 ---p 00000000 00:00 0 
55a8ca02d000-55a8ca02e000 r-xp 00000000 08:02 5114154                    /usr/lib/jvm/java-11-openjdk-amd64/bin/java
55a8ca22e000-55a8ca22f000 r--p 00001000 08:02 5114154                    /usr/lib/jvm/java-11-openjdk-amd64/bin/java
55a8ca22f000-55a8ca230000 rw-p 00002000 08:02 5114154                    /usr/lib/jvm/java-11-openjdk-amd64/bin/java
55a8cb5b5000-55a8cb5fa000 rw-p 00000000 00:00 0                          [heap]
7ff568000000-7ff568021000 rw-p 00000000 00:00 0 
7ff568021000-7ff56c000000 ---p 00000000 00:00 0 
7ff570000000-7ff570021000 rw-p 00000000 00:00 0 
7ff570021000-7ff574000000 ---p 00000000 00:00 0 
7ff574000000-7ff5743a7000 rw-p 00000000 00:00 0 
7ff5743a7000-7ff578000000 ---p 00000000 00:00 0 
7ff578000000-7ff578021000 rw-p 00000000 00:00 0 
7ff578021000-7ff57c000000 ---p 00000000 00:00 0 
7ff57c000000-7ff57c021000 rw-p 00000000 00:00 0 
7ff57c021000-7ff580000000 ---p 00000000 00:00 0 
7ff5830fb000-7ff583227000 rw-p 00000000 00:00 0 
7ff583227000-7ff5832ff000 ---p 00000000 00:00 0 
7ff5832ff000-7ff5835fc000 rw-p 00000000 00:00 0 
7ff5835fc000-7ff583600000 ---p 00000000 00:00 0 
7ff583600000-7ff5838fd000 rw-p 00000000 00:00 0 
7ff5838fd000-7ff583afd000 rw-p 00000000 00:00 0 
7ff583afd000-7ff583cfd000 rw-p 00000000 00:00 0 
7ff583cfd000-7ff583d01000 ---p 00000000 00:00 0 
7ff583d01000-7ff583dfe000 rw-p 00000000 00:00 0 
7ff583dfe000-7ff583e02000 ---p 00000000 00:00 0 
7ff583e02000-7ff583eff000 rw-p 00000000 00:00 0 
7ff583eff000-7ff583f03000 ---p 00000000 00:00 0 
7ff583f03000-7ff584000000 rw-p 00000000 00:00 0 
7ff584000000-7ff584021000 rw-p 00000000 00:00 0 
7ff584021000-7ff588000000 ---p 00000000 00:00 0 
7ff588000000-7ff588021000 rw-p 00000000 00:00 0 
7ff588021000-7ff58c000000 ---p 00000000 00:00 0 
7ff58c000000-7ff58c021000 rw-p 00000000 00:00 0 
7ff58c021000-7ff590000000 ---p 00000000 00:00 0 
7ff590030000-7ff590034000 ---p 00000000 00:00 0 
7ff590034000-7ff590131000 rw-p 00000000 00:00 0 
7ff590131000-7ff590136000 r-xp 00000000 08:02 4202137                    /usr/lib/x86_64-linux-gnu/libXfixes.so.3.1.0
7ff590136000-7ff590335000 ---p 00005000 08:02 4202137                    /usr/lib/x86_64-linux-gnu/libXfixes.so.3.1.0
7ff590335000-7ff590336000 r--p 00004000 08:02 4202137                    /usr/lib/x86_64-linux-gnu/libXfixes.so.3.1.0
7ff590336000-7ff590337000 rw-p 00005000 08:02 4202137                    /usr/lib/x86_64-linux-gnu/libXfixes.so.3.1.0
7ff590337000-7ff590340000 r-xp 00000000 08:02 4202129                    /usr/lib/x86_64-linux-gnu/libXcursor.so.1.0.2
7ff590340000-7ff59053f000 ---p 00009000 08:02 4202129                    /usr/lib/x86_64-linux-gnu/libXcursor.so.1.0.2
7ff59053f000-7ff590540000 r--p 00008000 08:02 4202129                    /usr/lib/x86_64-linux-gnu/libXcursor.so.1.0.2
7ff590540000-7ff590541000 rw-p 00009000 08:02 4202129                    /usr/lib/x86_64-linux-gnu/libXcursor.so.1.0.2
7ff590541000-7ff590542000 ---p 00000000 00:00 0 
7ff590542000-7ff590d42000 rw-p 00000000 00:00 0 
7ff590d42000-7ff590d43000 ---p 00000000 00:00 0 
7ff590d43000-7ff591543000 rw-p 00000000 00:00 0 
7ff591543000-7ff591544000 ---p 00000000 00:00 0 
7ff591544000-7ff591d44000 rw-p 00000000 00:00 0 
7ff591d44000-7ff591d50000 r-xp 00000000 08:02 4459896                    /usr/lib/x86_64-linux-gnu/gio/modules/libdconfsettings.so
7ff591d50000-7ff591f4f000 ---p 0000c000 08:02 4459896                    /usr/lib/x86_64-linux-gnu/gio/modules/libdconfsettings.so
7ff591f4f000-7ff591f50000 r--p 0000b000 08:02 4459896                    /usr/lib/x86_64-linux-gnu/gio/modules/libdconfsettings.so
7ff591f50000-7ff591f51000 rw-p 0000c000 08:02 4459896                    /usr/lib/x86_64-linux-gnu/gio/modules/libdconfsettings.so
7ff591f51000-7ff591f57000 r-xp 00000000 08:02 32248880                   /lib/x86_64-linux-gnu/libuuid.so.1.3.0
7ff591f57000-7ff592156000 ---p 00006000 08:02 32248880                   /lib/x86_64-linux-gnu/libuuid.so.1.3.0
7ff592156000-7ff592157000 r--p 00005000 08:02 32248880                   /lib/x86_64-linux-gnu/libuuid.so.1.3.0
7ff592157000-7ff592158000 rw-p 00006000 08:02 32248880                   /lib/x86_64-linux-gnu/libuuid.so.1.3.0
7ff592158000-7ff59219f000 r-xp 00000000 08:02 32248549                   /lib/x86_64-linux-gnu/libblkid.so.1.1.0
7ff59219f000-7ff59239f000 ---p 00047000 08:02 32248549                   /lib/x86_64-linux-gnu/libblkid.so.1.1.0
7ff59239f000-7ff5923a3000 r--p 00047000 08:02 32248549                   /lib/x86_64-linux-gnu/libblkid.so.1.1.0
7ff5923a3000-7ff5923a4000 rw-p 0004b000 08:02 32248549                   /lib/x86_64-linux-gnu/libblkid.so.1.1.0
7ff5923a4000-7ff5923a5000 rw-p 00000000 00:00 0 
7ff5923a5000-7ff592415000 r-xp 00000000 08:02 32248504                   /lib/x86_64-linux-gnu/libpcre.so.3.13.3
7ff592415000-7ff592615000 ---p 00070000 08:02 32248504                   /lib/x86_64-linux-gnu/libpcre.so.3.13.3
7ff592615000-7ff592616000 r--p 00070000 08:02 32248504                   /lib/x86_64-linux-gnu/libpcre.so.3.13.3
7ff592616000-7ff592617000 rw-p 00071000 08:02 32248504                   /lib/x86_64-linux-gnu/libpcre.so.3.13.3
7ff592617000-7ff59261e000 r-xp 00000000 08:02 4202464                    /usr/lib/x86_64-linux-gnu/libffi.so.6.0.4
7ff59261e000-7ff59281d000 ---p 00007000 08:02 4202464                    /usr/lib/x86_64-linux-gnu/libffi.so.6.0.4
7ff59281d000-7ff59281e000 r--p 00006000 08:02 4202464                    /usr/lib/x86_64-linux-gnu/libffi.so.6.0.4
7ff59281e000-7ff59281f000 rw-p 00007000 08:02 4202464                    /usr/lib/x86_64-linux-gnu/libffi.so.6.0.4
7ff59281f000-7ff592870000 r-xp 00000000 08:02 32248415                   /lib/x86_64-linux-gnu/libmount.so.1.1.0
7ff592870000-7ff592a6f000 ---p 00051000 08:02 32248415                   /lib/x86_64-linux-gnu/libmount.so.1.1.0
7ff592a6f000-7ff592a71000 r--p 00050000 08:02 32248415                   /lib/x86_64-linux-gnu/libmount.so.1.1.0
7ff592a71000-7ff592a72000 rw-p 00052000 08:02 32248415                   /lib/x86_64-linux-gnu/libmount.so.1.1.0
7ff592a72000-7ff592a73000 rw-p 00000000 00:00 0 
7ff592a73000-7ff592a8a000 r-xp 00000000 08:02 32248521                   /lib/x86_64-linux-gnu/libresolv-2.27.so
7ff592a8a000-7ff592c8a000 ---p 00017000 08:02 32248521                   /lib/x86_64-linux-gnu/libresolv-2.27.so
7ff592c8a000-7ff592c8b000 r--p 00017000 08:02 32248521                   /lib/x86_64-linux-gnu/libresolv-2.27.so
7ff592c8b000-7ff592c8c000 rw-p 00018000 08:02 32248521                   /lib/x86_64-linux-gnu/libresolv-2.27.so
7ff592c8c000-7ff592c8e000 rw-p 00000000 00:00 0 
7ff592c8e000-7ff592cb3000 r-xp 00000000 08:02 32248527                   /lib/x86_64-linux-gnu/libselinux.so.1
7ff592cb3000-7ff592eb2000 ---p 00025000 08:02 32248527                   /lib/x86_64-linux-gnu/libselinux.so.1
7ff592eb2000-7ff592eb3000 r--p 00024000 08:02 32248527                   /lib/x86_64-linux-gnu/libselinux.so.1
7ff592eb3000-7ff592eb4000 rw-p 00025000 08:02 32248527                   /lib/x86_64-linux-gnu/libselinux.so.1
7ff592eb4000-7ff592eb6000 rw-p 00000000 00:00 0 
7ff592eb6000-7ff592fc9000 r-xp 00000000 08:02 4194647                    /usr/lib/x86_64-linux-gnu/libglib-2.0.so.0.5600.2
7ff592fc9000-7ff5931c9000 ---p 00113000 08:02 4194647                    /usr/lib/x86_64-linux-gnu/libglib-2.0.so.0.5600.2
7ff5931c9000-7ff5931ca000 r--p 00113000 08:02 4194647                    /usr/lib/x86_64-linux-gnu/libglib-2.0.so.0.5600.2
7ff5931ca000-7ff5931cb000 rw-p 00114000 08:02 4194647                    /usr/lib/x86_64-linux-gnu/libglib-2.0.so.0.5600.2
7ff5931cb000-7ff5931cc000 rw-p 00000000 00:00 0 
7ff5931cc000-7ff5931cf000 r-xp 00000000 08:02 4194670                    /usr/lib/x86_64-linux-gnu/libgmodule-2.0.so.0.5600.2
7ff5931cf000-7ff5933ce000 ---p 00003000 08:02 4194670                    /usr/lib/x86_64-linux-gnu/libgmodule-2.0.so.0.5600.2
7ff5933ce000-7ff5933cf000 r--p 00002000 08:02 4194670                    /usr/lib/x86_64-linux-gnu/libgmodule-2.0.so.0.5600.2
7ff5933cf000-7ff5933d0000 rw-p 00003000 08:02 4194670                    /usr/lib/x86_64-linux-gnu/libgmodule-2.0.so.0.5600.2
7ff5933d0000-7ff593422000 r-xp 00000000 08:02 4194671                    /usr/lib/x86_64-linux-gnu/libgobject-2.0.so.0.5600.2
7ff593422000-7ff593622000 ---p 00052000 08:02 4194671                    /usr/lib/x86_64-linux-gnu/libgobject-2.0.so.0.5600.2
7ff593622000-7ff593623000 r--p 00052000 08:02 4194671                    /usr/lib/x86_64-linux-gnu/libgobject-2.0.so.0.5600.2
7ff593623000-7ff593624000 rw-p 00053000 08:02 4194671                    /usr/lib/x86_64-linux-gnu/libgobject-2.0.so.0.5600.2
7ff593624000-7ff5937b9000 r-xp 00000000 08:02 4194639                    /usr/lib/x86_64-linux-gnu/libgio-2.0.so.0.5600.2
7ff5937b9000-7ff5939b9000 ---p 00195000 08:02 4194639                    /usr/lib/x86_64-linux-gnu/libgio-2.0.so.0.5600.2
7ff5939b9000-7ff5939c0000 r--p 00195000 08:02 4194639                    /usr/lib/x86_64-linux-gnu/libgio-2.0.so.0.5600.2
7ff5939c0000-7ff5939c1000 rw-p 0019c000 08:02 4194639                    /usr/lib/x86_64-linux-gnu/libgio-2.0.so.0.5600.2
7ff5939c1000-7ff5939c3000 rw-p 00000000 00:00 0 
7ff5939c3000-7ff5939cd000 r-xp 00000000 08:02 4202153                    /usr/lib/x86_64-linux-gnu/libXrandr.so.2.2.0
7ff5939cd000-7ff593bcc000 ---p 0000a000 08:02 4202153                    /usr/lib/x86_64-linux-gnu/libXrandr.so.2.2.0
7ff593bcc000-7ff593bcd000 r--p 00009000 08:02 4202153                    /usr/lib/x86_64-linux-gnu/libXrandr.so.2.2.0
7ff593bcd000-7ff593bce000 rw-p 0000a000 08:02 4202153                    /usr/lib/x86_64-linux-gnu/libXrandr.so.2.2.0
7ff593bce000-7ff593dce000 rw-p 00000000 00:00 0 
7ff593dce000-7ff593dff000 r-xp 00000000 08:02 4194945                    /usr/lib/x86_64-linux-gnu/libpng16.so.16.34.0
7ff593dff000-7ff593ffe000 ---p 00031000 08:02 4194945                    /usr/lib/x86_64-linux-gnu/libpng16.so.16.34.0
7ff593ffe000-7ff593fff000 r--p 00030000 08:02 4194945                    /usr/lib/x86_64-linux-gnu/libpng16.so.16.34.0
7ff593fff000-7ff594000000 rw-p 00031000 08:02 4194945                    /usr/lib/x86_64-linux-gnu/libpng16.so.16.34.0
7ff594000000-7ff594021000 rw-p 00000000 00:00 0 
7ff594021000-7ff598000000 ---p 00000000 00:00 0 
7ff598000000-7ff598021000 rw-p 00000000 00:00 0 
7ff598021000-7ff59c000000 ---p 00000000 00:00 0 
7ff59c000000-7ff59c021000 rw-p 00000000 00:00 0 
7ff59c021000-7ff5a0000000 ---p 00000000 00:00 0 
7ff5a0000000-7ff5a0021000 rw-p 00000000 00:00 0 
7ff5a0021000-7ff5a4000000 ---p 00000000 00:00 0 
7ff5a4000000-7ff5a4984000 rw-p 00000000 00:00 0 
7ff5a4984000-7ff5a8000000 ---p 00000000 00:00 0 
7ff5a8000000-7ff5a8ac7000 rw-p 00000000 00:00 0 
7ff5a8ac7000-7ff5ac000000 ---p 00000000 00:00 0 
7ff5ac000000-7ff5ac021000 rw-p 00000000 00:00 0 
7ff5ac021000-7ff5b0000000 ---p 00000000 00:00 0 
7ff5b0000000-7ff5b079f000 rw-p 00000000 00:00 0 
7ff5b079f000-7ff5b4000000 ---p 00000000 00:00 0 
7ff5b4000000-7ff5b4021000 rw-p 00000000 00:00 0 
7ff5b4021000-7ff5b8000000 ---p 00000000 00:00 0 
7ff5b8000000-7ff5b8021000 rw-p 00000000 00:00 0 
7ff5b8021000-7ff5bc000000 ---p 00000000 00:00 0 
7ff5bc000000-7ff5bc021000 rw-p 00000000 00:00 0 
7ff5bc021000-7ff5c0000000 ---p 00000000 00:00 0 
7ff5c004f000-7ff5c00a2000 r--p 00000000 08:02 5246617                    /usr/share/glib-2.0/schemas/gschemas.compiled
7ff5c00a2000-7ff5c014f000 r-xp 00000000 08:02 4202496                    /usr/lib/x86_64-linux-gnu/libfreetype.so.6.15.0
7ff5c014f000-7ff5c034e000 ---p 000ad000 08:02 4202496                    /usr/lib/x86_64-linux-gnu/libfreetype.so.6.15.0
7ff5c034e000-7ff5c0355000 r--p 000ac000 08:02 4202496                    /usr/lib/x86_64-linux-gnu/libfreetype.so.6.15.0
7ff5c0355000-7ff5c0356000 rw-p 000b3000 08:02 4202496                    /usr/lib/x86_64-linux-gnu/libfreetype.so.6.15.0
7ff5c0356000-7ff5c03eb000 r-xp 00000000 08:02 5245845                    /usr/lib/jvm/java-11-openjdk-amd64/lib/libfontmanager.so
7ff5c03eb000-7ff5c05eb000 ---p 00095000 08:02 5245845                    /usr/lib/jvm/java-11-openjdk-amd64/lib/libfontmanager.so
7ff5c05eb000-7ff5c05ec000 r--p 00095000 08:02 5245845                    /usr/lib/jvm/java-11-openjdk-amd64/lib/libfontmanager.so
7ff5c05ec000-7ff5c05ed000 rw-p 00096000 08:02 5245845                    /usr/lib/jvm/java-11-openjdk-amd64/lib/libfontmanager.so
7ff5c05ed000-7ff5c05ee000 rw-p 00000000 00:00 0 
7ff5c05ee000-7ff5c0614000 r--p 00000000 08:02 6031745                    /usr/share/locale-langpack/pt_BR/LC_MESSAGES/libc.mo
7ff5c0614000-7ff5c0627000 r-xp 00000000 08:02 32248378                   /lib/x86_64-linux-gnu/libbsd.so.0.8.7
7ff5c0627000-7ff5c0826000 ---p 00013000 08:02 32248378                   /lib/x86_64-linux-gnu/libbsd.so.0.8.7
7ff5c0826000-7ff5c0827000 r--p 00012000 08:02 32248378                   /lib/x86_64-linux-gnu/libbsd.so.0.8.7
7ff5c0827000-7ff5c0828000 rw-p 00013000 08:02 32248378                   /lib/x86_64-linux-gnu/libbsd.so.0.8.7
7ff5c0828000-7ff5c0829000 rw-p 00000000 00:00 0 
7ff5c0829000-7ff5c082e000 r-xp 00000000 08:02 4202133                    /usr/lib/x86_64-linux-gnu/libXdmcp.so.6.0.0
7ff5c082e000-7ff5c0a2d000 ---p 00005000 08:02 4202133                    /usr/lib/x86_64-linux-gnu/libXdmcp.so.6.0.0
7ff5c0a2d000-7ff5c0a2e000 r--p 00004000 08:02 4202133                    /usr/lib/x86_64-linux-gnu/libXdmcp.so.6.0.0
7ff5c0a2e000-7ff5c0a2f000 rw-p 00005000 08:02 4202133                    /usr/lib/x86_64-linux-gnu/libXdmcp.so.6.0.0
7ff5c0a2f000-7ff5c0a31000 r-xp 00000000 08:02 4202122                    /usr/lib/x86_64-linux-gnu/libXau.so.6.0.0
7ff5c0a31000-7ff5c0c31000 ---p 00002000 08:02 4202122                    /usr/lib/x86_64-linux-gnu/libXau.so.6.0.0
7ff5c0c31000-7ff5c0c32000 r--p 00002000 08:02 4202122                    /usr/lib/x86_64-linux-gnu/libXau.so.6.0.0
7ff5c0c32000-7ff5c0c33000 rw-p 00003000 08:02 4202122                    /usr/lib/x86_64-linux-gnu/libXau.so.6.0.0
7ff5c0c33000-7ff5c0c59000 r-xp 00000000 08:02 4203326                    /usr/lib/x86_64-linux-gnu/libxcb.so.1.1.0
7ff5c0c59000-7ff5c0e59000 ---p 00026000 08:02 4203326                    /usr/lib/x86_64-linux-gnu/libxcb.so.1.1.0
7ff5c0e59000-7ff5c0e5a000 r--p 00026000 08:02 4203326                    /usr/lib/x86_64-linux-gnu/libxcb.so.1.1.0
7ff5c0e5a000-7ff5c0e5b000 rw-p 00027000 08:02 4203326                    /usr/lib/x86_64-linux-gnu/libxcb.so.1.1.0
7ff5c0e5b000-7ff5c0e6a000 r-xp 00000000 08:02 4202143                    /usr/lib/x86_64-linux-gnu/libXi.so.6.1.0
7ff5c0e6a000-7ff5c1069000 ---p 0000f000 08:02 4202143                    /usr/lib/x86_64-linux-gnu/libXi.so.6.1.0
7ff5c1069000-7ff5c106a000 r--p 0000e000 08:02 4202143                    /usr/lib/x86_64-linux-gnu/libXi.so.6.1.0
7ff5c106a000-7ff5c106b000 rw-p 0000f000 08:02 4202143                    /usr/lib/x86_64-linux-gnu/libXi.so.6.1.0
7ff5c106b000-7ff5c1070000 r-xp 00000000 08:02 4202161                    /usr/lib/x86_64-linux-gnu/libXtst.so.6.1.0
7ff5c1070000-7ff5c126f000 ---p 00005000 08:02 4202161                    /usr/lib/x86_64-linux-gnu/libXtst.so.6.1.0
7ff5c126f000-7ff5c1270000 r--p 00004000 08:02 4202161                    /usr/lib/x86_64-linux-gnu/libXtst.so.6.1.0
7ff5c1270000-7ff5c1271000 rw-p 00005000 08:02 4202161                    /usr/lib/x86_64-linux-gnu/libXtst.so.6.1.0
7ff5c1271000-7ff5c127a000 r-xp 00000000 08:02 4202155                    /usr/lib/x86_64-linux-gnu/libXrender.so.1.3.0
7ff5c127a000-7ff5c1479000 ---p 00009000 08:02 4202155                    /usr/lib/x86_64-linux-gnu/libXrender.so.1.3.0
7ff5c1479000-7ff5c147a000 r--p 00008000 08:02 4202155                    /usr/lib/x86_64-linux-gnu/libXrender.so.1.3.0
7ff5c147a000-7ff5c147b000 rw-p 00009000 08:02 4202155                    /usr/lib/x86_64-linux-gnu/libXrender.so.1.3.0
7ff5c147b000-7ff5c15ae000 r-xp 00000000 08:02 4196974                    /usr/lib/x86_64-linux-gnu/libX11.so.6.3.0
7ff5c15ae000-7ff5c17ae000 ---p 00133000 08:02 4196974                    /usr/lib/x86_64-linux-gnu/libX11.so.6.3.0
7ff5c17ae000-7ff5c17af000 r--p 00133000 08:02 4196974                    /usr/lib/x86_64-linux-gnu/libX11.so.6.3.0
7ff5c17af000-7ff5c17b3000 rw-p 00134000 08:02 4196974                    /usr/lib/x86_64-linux-gnu/libX11.so.6.3.0
7ff5c17b3000-7ff5c17c4000 r-xp 00000000 08:02 4202135                    /usr/lib/x86_64-linux-gnu/libXext.so.6.4.0
7ff5c17c4000-7ff5c19c3000 ---p 00011000 08:02 4202135                    /usr/lib/x86_64-linux-gnu/libXext.so.6.4.0
7ff5c19c3000-7ff5c19c4000 r--p 00010000 08:02 4202135                    /usr/lib/x86_64-linux-gnu/libXext.so.6.4.0
7ff5c19c4000-7ff5c19c5000 rw-p 00011000 08:02 4202135                    /usr/lib/x86_64-linux-gnu/libXext.so.6.4.0
7ff5c19c5000-7ff5c1a24000 r-xp 00000000 08:02 5245842                    /usr/lib/jvm/java-11-openjdk-amd64/lib/libawt_xawt.so
7ff5c1a24000-7ff5c1c23000 ---p 0005f000 08:02 5245842                    /usr/lib/jvm/java-11-openjdk-amd64/lib/libawt_xawt.so
7ff5c1c23000-7ff5c1c24000 r--p 0005e000 08:02 5245842                    /usr/lib/jvm/java-11-openjdk-amd64/lib/libawt_xawt.so
7ff5c1c24000-7ff5c1c27000 rw-p 0005f000 08:02 5245842                    /usr/lib/jvm/java-11-openjdk-amd64/lib/libawt_xawt.so
7ff5c1c27000-7ff5c1c29000 rw-p 00000000 00:00 0 
7ff5c1c29000-7ff5c1cc9000 r-xp 00000000 08:02 5245839                    /usr/lib/jvm/java-11-openjdk-amd64/lib/libawt.so
7ff5c1cc9000-7ff5c1ec9000 ---p 000a0000 08:02 5245839                    /usr/lib/jvm/java-11-openjdk-amd64/lib/libawt.so
7ff5c1ec9000-7ff5c1eca000 r--p 000a0000 08:02 5245839                    /usr/lib/jvm/java-11-openjdk-amd64/lib/libawt.so
7ff5c1eca000-7ff5c1ed5000 rw-p 000a1000 08:02 5245839                    /usr/lib/jvm/java-11-openjdk-amd64/lib/libawt.so
7ff5c1ed5000-7ff5c1efa000 rw-p 00000000 00:00 0 
7ff5c1efa000-7ff5c1f11000 r-xp 00000000 08:02 5245867                    /usr/lib/jvm/java-11-openjdk-amd64/lib/libnet.so
7ff5c1f11000-7ff5c2110000 ---p 00017000 08:02 5245867                    /usr/lib/jvm/java-11-openjdk-amd64/lib/libnet.so
7ff5c2110000-7ff5c2111000 r--p 00016000 08:02 5245867                    /usr/lib/jvm/java-11-openjdk-amd64/lib/libnet.so
7ff5c2111000-7ff5c2112000 rw-p 00017000 08:02 5245867                    /usr/lib/jvm/java-11-openjdk-amd64/lib/libnet.so
7ff5c2112000-7ff5c2123000 r-xp 00000000 08:02 5245868                    /usr/lib/jvm/java-11-openjdk-amd64/lib/libnio.so
7ff5c2123000-7ff5c2322000 ---p 00011000 08:02 5245868                    /usr/lib/jvm/java-11-openjdk-amd64/lib/libnio.so
7ff5c2322000-7ff5c2323000 r--p 00010000 08:02 5245868                    /usr/lib/jvm/java-11-openjdk-amd64/lib/libnio.so
7ff5c2323000-7ff5c2324000 rw-p 00011000 08:02 5245868                    /usr/lib/jvm/java-11-openjdk-amd64/lib/libnio.so
7ff5c2324000-7ff5c2328000 ---p 00000000 00:00 0 
7ff5c2328000-7ff5c2425000 rw-p 00000000 00:00 0 
7ff5c2425000-7ff5c2426000 ---p 00000000 00:00 0 
7ff5c2426000-7ff5c2527000 rw-p 00000000 00:00 0 
7ff5c2527000-7ff5c252b000 ---p 00000000 00:00 0 
7ff5c252b000-7ff5c2628000 rw-p 00000000 00:00 0 
7ff5c2628000-7ff5c262c000 ---p 00000000 00:00 0 
7ff5c262c000-7ff5c2729000 rw-p 00000000 00:00 0 
7ff5c2729000-7ff5c272d000 ---p 00000000 00:00 0 
7ff5c272d000-7ff5c282a000 rw-p 00000000 00:00 0 
7ff5c282a000-7ff5c282e000 ---p 00000000 00:00 0 
7ff5c282e000-7ff5c292b000 rw-p 00000000 00:00 0 
7ff5c292b000-7ff5c292f000 ---p 00000000 00:00 0 
7ff5c292f000-7ff5c2a2c000 rw-p 00000000 00:00 0 
7ff5c2a2c000-7ff5c2a30000 ---p 00000000 00:00 0 
7ff5c2a30000-7ff5c2b2d000 rw-p 00000000 00:00 0 
7ff5c2b2d000-7ff5c34fc000 r--p 00000000 08:02 4201103                    /usr/lib/locale/locale-archive
7ff5c34fc000-7ff5c3500000 ---p 00000000 00:00 0 
7ff5c3500000-7ff5c35fd000 rw-p 00000000 00:00 0 
7ff5c35fd000-7ff5c3601000 ---p 00000000 00:00 0 
7ff5c3601000-7ff5c36fe000 rw-p 00000000 00:00 0 
7ff5c36fe000-7ff5c36ff000 ---p 00000000 00:00 0 
7ff5c36ff000-7ff5c4000000 rw-p 00000000 00:00 0 
7ff5c4000000-7ff5c4021000 rw-p 00000000 00:00 0 
7ff5c4021000-7ff5c8000000 ---p 00000000 00:00 0 
7ff5c8000000-7ff5c8021000 rw-p 00000000 00:00 0 
7ff5c8021000-7ff5cc000000 ---p 00000000 00:00 0 
7ff5cc000000-7ff5cc021000 rw-p 00000000 00:00 0 
7ff5cc021000-7ff5d0000000 ---p 00000000 00:00 0 
7ff5d0000000-7ff5d0021000 rw-p 00000000 00:00 0 
7ff5d0021000-7ff5d4000000 ---p 00000000 00:00 0 
7ff5d4000000-7ff5d4021000 rw-p 00000000 00:00 0 
7ff5d4021000-7ff5d8000000 ---p 00000000 00:00 0 
7ff5d8000000-7ff5d8021000 rw-p 00000000 00:00 0 
7ff5d8021000-7ff5dc000000 ---p 00000000 00:00 0 
7ff5dc000000-7ff5dc021000 rw-p 00000000 00:00 0 
7ff5dc021000-7ff5e0000000 ---p 00000000 00:00 0 
7ff5e0000000-7ff5e0021000 rw-p 00000000 00:00 0 
7ff5e0021000-7ff5e4000000 ---p 00000000 00:00 0 
7ff5e4005000-7ff5e401d000 r--p 00000000 08:02 6031431                    /usr/share/locale-langpack/pt/LC_MESSAGES/libc.mo
7ff5e401d000-7ff5e404e000 rw-p 00000000 00:00 0 
7ff5e404e000-7ff5e404f000 ---p 00000000 00:00 0 
7ff5e404f000-7ff5e6340000 rw-p 00000000 00:00 0 
7ff5e6340000-7ff5e8000000 ---p 00000000 00:00 0 
7ff5e8000000-7ff5e8021000 rw-p 00000000 00:00 0 
7ff5e8021000-7ff5ec000000 ---p 00000000 00:00 0 
7ff5ec000000-7ff5ec021000 rw-p 00000000 00:00 0 
7ff5ec021000-7ff5f0000000 ---p 00000000 00:00 0 
7ff5f0000000-7ff5f0021000 rw-p 00000000 00:00 0 
7ff5f0021000-7ff5f4000000 ---p 00000000 00:00 0 
7ff5f4004000-7ff5f400b000 r--p 00000000 08:02 9185354                    /home/leanderson/.config/dconf/user (deleted)
7ff5f400b000-7ff5f40dc000 rw-p 00000000 00:00 0 
7ff5f40dc000-7ff5f40dd000 ---p 00000000 00:00 0 
7ff5f40dd000-7ff5f41de000 rw-p 00000000 00:00 0 
7ff5f41de000-7ff5f41df000 ---p 00000000 00:00 0 
7ff5f41df000-7ff5f42e0000 rw-p 00000000 00:00 0 
7ff5f42e0000-7ff5f42e1000 ---p 00000000 00:00 0 
7ff5f42e1000-7ff5f43e2000 rw-p 00000000 00:00 0 
7ff5f43e2000-7ff5f43e3000 ---p 00000000 00:00 0 
7ff5f43e3000-7ff5f48e8000 rw-p 00000000 00:00 0 
7ff5f48e8000-7ff5f48e9000 ---p 00000000 00:00 0 
7ff5f48e9000-7ff5f49ea000 rw-p 00000000 00:00 0 
7ff5f49ea000-7ff5f49eb000 ---p 00000000 00:00 0 
7ff5f49eb000-7ff5f4cdc000 rw-p 00000000 00:00 0 
7ff5f4cdc000-7ff5f699c000 ---p 00000000 00:00 0 
7ff5f699c000-7ff5f69da000 rw-p 00000000 00:00 0 
7ff5f69da000-7ff5f6d72000 ---p 00000000 00:00 0 
7ff5f6d72000-7ff5f6db0000 rw-p 00000000 00:00 0 
7ff5f6db0000-7ff5f7148000 ---p 00000000 00:00 0 
7ff5f7148000-7ff5f7186000 rw-p 00000000 00:00 0 
7ff5f7186000-7ff5f751e000 ---p 00000000 00:00 0 
7ff5f751e000-7ff5f7922000 rw-p 00000000 00:00 0 
7ff5f7922000-7ff5f7923000 ---p 00000000 00:00 0 
7ff5f7923000-7ff5f7a24000 rw-p 00000000 00:00 0 
7ff5f7a24000-7ff5f7a25000 ---p 00000000 00:00 0 
7ff5f7a25000-7ff5f7b26000 rw-p 00000000 00:00 0 
7ff5f7b26000-7ff5f7d96000 rwxp 00000000 00:00 0 
7ff5f7d96000-7ff5f80b6000 ---p 00000000 00:00 0 
7ff5f80b6000-7ff5f8586000 rwxp 00000000 00:00 0 
7ff5f8586000-7ff5ff5ee000 ---p 00000000 00:00 0 
7ff5ff5ee000-7ff5ff85e000 rwxp 00000000 00:00 0 
7ff5ff85e000-7ff606b26000 ---p 00000000 00:00 0 
7ff606b26000-7ff610000000 r--s 00000000 08:02 5245900                    /usr/lib/jvm/java-11-openjdk-amd64/lib/modules
7ff610000000-7ff6103cd000 rw-p 00000000 00:00 0 
7ff6103cd000-7ff614000000 ---p 00000000 00:00 0 
7ff614003000-7ff614004000 r--s 00000000 00:32 39                         /run/user/1000/snap.eclipse/dconf/user
7ff614004000-7ff614019000 r--p 00000000 08:02 6030667                    /usr/share/locale-langpack/pt/LC_MESSAGES/glib20.mo
7ff614019000-7ff614041000 rw-p 00000000 00:00 0 
7ff614041000-7ff614042000 ---p 00000000 00:00 0 
7ff614042000-7ff614143000 rw-p 00000000 00:00 0 
7ff614143000-7ff614144000 ---p 00000000 00:00 0 
7ff614144000-7ff61424a000 rw-p 00000000 00:00 0 
7ff61424a000-7ff614330000 ---p 00000000 00:00 0 
7ff614330000-7ff61433a000 rw-p 00000000 00:00 0 
7ff61433a000-7ff61441b000 ---p 00000000 00:00 0 
7ff61441b000-7ff614420000 r-xp 00000000 08:02 5245859                    /usr/lib/jvm/java-11-openjdk-amd64/lib/libjimage.so
7ff614420000-7ff61461f000 ---p 00005000 08:02 5245859                    /usr/lib/jvm/java-11-openjdk-amd64/lib/libjimage.so
7ff61461f000-7ff614620000 r--p 00004000 08:02 5245859                    /usr/lib/jvm/java-11-openjdk-amd64/lib/libjimage.so
7ff614620000-7ff614621000 rw-p 00005000 08:02 5245859                    /usr/lib/jvm/java-11-openjdk-amd64/lib/libjimage.so
7ff614621000-7ff614628000 r-xp 00000000 08:02 5245898                    /usr/lib/jvm/java-11-openjdk-amd64/lib/libzip.so
7ff614628000-7ff614827000 ---p 00007000 08:02 5245898                    /usr/lib/jvm/java-11-openjdk-amd64/lib/libzip.so
7ff614827000-7ff614828000 r--p 00006000 08:02 5245898                    /usr/lib/jvm/java-11-openjdk-amd64/lib/libzip.so
7ff614828000-7ff614829000 rw-p 00007000 08:02 5245898                    /usr/lib/jvm/java-11-openjdk-amd64/lib/libzip.so
7ff614829000-7ff614834000 r-xp 00000000 08:02 32248472                   /lib/x86_64-linux-gnu/libnss_files-2.27.so
7ff614834000-7ff614a33000 ---p 0000b000 08:02 32248472                   /lib/x86_64-linux-gnu/libnss_files-2.27.so
7ff614a33000-7ff614a34000 r--p 0000a000 08:02 32248472                   /lib/x86_64-linux-gnu/libnss_files-2.27.so
7ff614a34000-7ff614a35000 rw-p 0000b000 08:02 32248472                   /lib/x86_64-linux-gnu/libnss_files-2.27.so
7ff614a35000-7ff614a3b000 rw-p 00000000 00:00 0 
7ff614a3b000-7ff614a52000 r-xp 00000000 08:02 32248466                   /lib/x86_64-linux-gnu/libnsl-2.27.so
7ff614a52000-7ff614c51000 ---p 00017000 08:02 32248466                   /lib/x86_64-linux-gnu/libnsl-2.27.so
7ff614c51000-7ff614c52000 r--p 00016000 08:02 32248466                   /lib/x86_64-linux-gnu/libnsl-2.27.so
7ff614c52000-7ff614c53000 rw-p 00017000 08:02 32248466                   /lib/x86_64-linux-gnu/libnsl-2.27.so
7ff614c53000-7ff614c55000 rw-p 00000000 00:00 0 
7ff614c55000-7ff614c60000 r-xp 00000000 08:02 32248483                   /lib/x86_64-linux-gnu/libnss_nis-2.27.so
7ff614c60000-7ff614e5f000 ---p 0000b000 08:02 32248483                   /lib/x86_64-linux-gnu/libnss_nis-2.27.so
7ff614e5f000-7ff614e60000 r--p 0000a000 08:02 32248483                   /lib/x86_64-linux-gnu/libnss_nis-2.27.so
7ff614e60000-7ff614e61000 rw-p 0000b000 08:02 32248483                   /lib/x86_64-linux-gnu/libnss_nis-2.27.so
7ff614e61000-7ff614e69000 r-xp 00000000 08:02 32248468                   /lib/x86_64-linux-gnu/libnss_compat-2.27.so
7ff614e69000-7ff615069000 ---p 00008000 08:02 32248468                   /lib/x86_64-linux-gnu/libnss_compat-2.27.so
7ff615069000-7ff61506a000 r--p 00008000 08:02 32248468                   /lib/x86_64-linux-gnu/libnss_compat-2.27.so
7ff61506a000-7ff61506b000 rw-p 00009000 08:02 32248468                   /lib/x86_64-linux-gnu/libnss_compat-2.27.so
7ff61506b000-7ff615097000 r-xp 00000000 08:02 5245855                    /usr/lib/jvm/java-11-openjdk-amd64/lib/libjava.so
7ff615097000-7ff615296000 ---p 0002c000 08:02 5245855                    /usr/lib/jvm/java-11-openjdk-amd64/lib/libjava.so
7ff615296000-7ff615297000 r--p 0002b000 08:02 5245855                    /usr/lib/jvm/java-11-openjdk-amd64/lib/libjava.so
7ff615297000-7ff615299000 rw-p 0002c000 08:02 5245855                    /usr/lib/jvm/java-11-openjdk-amd64/lib/libjava.so
7ff615299000-7ff6152a6000 r-xp 00000000 08:02 5245896                    /usr/lib/jvm/java-11-openjdk-amd64/lib/libverify.so
7ff6152a6000-7ff6154a5000 ---p 0000d000 08:02 5245896                    /usr/lib/jvm/java-11-openjdk-amd64/lib/libverify.so
7ff6154a5000-7ff6154a7000 r--p 0000c000 08:02 5245896                    /usr/lib/jvm/java-11-openjdk-amd64/lib/libverify.so
7ff6154a7000-7ff6154a8000 rw-p 0000e000 08:02 5245896                    /usr/lib/jvm/java-11-openjdk-amd64/lib/libverify.so
7ff6154a8000-7ff6154af000 r-xp 00000000 08:02 32248523                   /lib/x86_64-linux-gnu/librt-2.27.so
7ff6154af000-7ff6156ae000 ---p 00007000 08:02 32248523                   /lib/x86_64-linux-gnu/librt-2.27.so
7ff6156ae000-7ff6156af000 r--p 00006000 08:02 32248523                   /lib/x86_64-linux-gnu/librt-2.27.so
7ff6156af000-7ff6156b0000 rw-p 00007000 08:02 32248523                   /lib/x86_64-linux-gnu/librt-2.27.so
7ff6156b0000-7ff6156c7000 r-xp 00000000 08:02 32248419                   /lib/x86_64-linux-gnu/libgcc_s.so.1
7ff6156c7000-7ff6158c6000 ---p 00017000 08:02 32248419                   /lib/x86_64-linux-gnu/libgcc_s.so.1
7ff6158c6000-7ff6158c7000 r--p 00016000 08:02 32248419                   /lib/x86_64-linux-gnu/libgcc_s.so.1
7ff6158c7000-7ff6158c8000 rw-p 00017000 08:02 32248419                   /lib/x86_64-linux-gnu/libgcc_s.so.1
7ff6158c8000-7ff615a65000 r-xp 00000000 08:02 32248445                   /lib/x86_64-linux-gnu/libm-2.27.so
7ff615a65000-7ff615c64000 ---p 0019d000 08:02 32248445                   /lib/x86_64-linux-gnu/libm-2.27.so
7ff615c64000-7ff615c65000 r--p 0019c000 08:02 32248445                   /lib/x86_64-linux-gnu/libm-2.27.so
7ff615c65000-7ff615c66000 rw-p 0019d000 08:02 32248445                   /lib/x86_64-linux-gnu/libm-2.27.so
7ff615c66000-7ff615de4000 r-xp 00000000 08:02 4203143                    /usr/lib/x86_64-linux-gnu/libstdc++.so.6.0.25
7ff615de4000-7ff615fe4000 ---p 0017e000 08:02 4203143                    /usr/lib/x86_64-linux-gnu/libstdc++.so.6.0.25
7ff615fe4000-7ff615fee000 r--p 0017e000 08:02 4203143                    /usr/lib/x86_64-linux-gnu/libstdc++.so.6.0.25
7ff615fee000-7ff615ff0000 rw-p 00188000 08:02 4203143                    /usr/lib/x86_64-linux-gnu/libstdc++.so.6.0.25
7ff615ff0000-7ff615ff4000 rw-p 00000000 00:00 0 
7ff615ff4000-7ff616f91000 r-xp 00000000 08:02 5245911                    /usr/lib/jvm/java-11-openjdk-amd64/lib/server/libjvm.so
7ff616f91000-7ff617191000 ---p 00f9d000 08:02 5245911                    /usr/lib/jvm/java-11-openjdk-amd64/lib/server/libjvm.so
7ff617191000-7ff617255000 r--p 00f9d000 08:02 5245911                    /usr/lib/jvm/java-11-openjdk-amd64/lib/server/libjvm.so
7ff617255000-7ff61728d000 rw-p 01061000 08:02 5245911                    /usr/lib/jvm/java-11-openjdk-amd64/lib/server/libjvm.so
7ff61728d000-7ff6172d6000 rw-p 00000000 00:00 0 
7ff6172d6000-7ff6172f0000 r-xp 00000000 08:02 32248515                   /lib/x86_64-linux-gnu/libpthread-2.27.so
7ff6172f0000-7ff6174ef000 ---p 0001a000 08:02 32248515                   /lib/x86_64-linux-gnu/libpthread-2.27.so
7ff6174ef000-7ff6174f0000 r--p 00019000 08:02 32248515                   /lib/x86_64-linux-gnu/libpthread-2.27.so
7ff6174f0000-7ff6174f1000 rw-p 0001a000 08:02 32248515                   /lib/x86_64-linux-gnu/libpthread-2.27.so
7ff6174f1000-7ff6174f5000 rw-p 00000000 00:00 0 
7ff6174f5000-7ff6174f8000 r-xp 00000000 08:02 32248405                   /lib/x86_64-linux-gnu/libdl-2.27.so
7ff6174f8000-7ff6176f7000 ---p 00003000 08:02 32248405                   /lib/x86_64-linux-gnu/libdl-2.27.so
7ff6176f7000-7ff6176f8000 r--p 00002000 08:02 32248405                   /lib/x86_64-linux-gnu/libdl-2.27.so
7ff6176f8000-7ff6176f9000 rw-p 00003000 08:02 32248405                   /lib/x86_64-linux-gnu/libdl-2.27.so
7ff6176f9000-7ff617715000 r-xp 00000000 08:02 32248554                   /lib/x86_64-linux-gnu/libz.so.1.2.11
7ff617715000-7ff617914000 ---p 0001c000 08:02 32248554                   /lib/x86_64-linux-gnu/libz.so.1.2.11
7ff617914000-7ff617915000 r--p 0001b000 08:02 32248554                   /lib/x86_64-linux-gnu/libz.so.1.2.11
7ff617915000-7ff617916000 rw-p 0001c000 08:02 32248554                   /lib/x86_64-linux-gnu/libz.so.1.2.11
7ff617916000-7ff617afd000 r-xp 00000000 08:02 32248382                   /lib/x86_64-linux-gnu/libc-2.27.so
7ff617afd000-7ff617cfd000 ---p 001e7000 08:02 32248382                   /lib/x86_64-linux-gnu/libc-2.27.so
7ff617cfd000-7ff617d01000 r--p 001e7000 08:02 32248382                   /lib/x86_64-linux-gnu/libc-2.27.so
7ff617d01000-7ff617d03000 rw-p 001eb000 08:02 32248382                   /lib/x86_64-linux-gnu/libc-2.27.so
7ff617d03000-7ff617d07000 rw-p 00000000 00:00 0 
7ff617d07000-7ff617d16000 r-xp 00000000 08:02 5245835                    /usr/lib/jvm/java-11-openjdk-amd64/lib/jli/libjli.so
7ff617d16000-7ff617f15000 ---p 0000f000 08:02 5245835                    /usr/lib/jvm/java-11-openjdk-amd64/lib/jli/libjli.so
7ff617f15000-7ff617f16000 r--p 0000e000 08:02 5245835                    /usr/lib/jvm/java-11-openjdk-amd64/lib/jli/libjli.so
7ff617f16000-7ff617f17000 rw-p 0000f000 08:02 5245835                    /usr/lib/jvm/java-11-openjdk-amd64/lib/jli/libjli.so
7ff617f17000-7ff617f3e000 r-xp 00000000 08:02 32248354                   /lib/x86_64-linux-gnu/ld-2.27.so
7ff617f3e000-7ff617f5e000 r--p 00000000 08:02 6031017                    /usr/share/locale-langpack/pt_BR/LC_MESSAGES/glib20.mo
7ff617f5e000-7ff61801b000 rw-p 00000000 00:00 0 
7ff61801b000-7ff61801f000 ---p 00000000 00:00 0 
7ff61801f000-7ff61811e000 rw-p 00000000 00:00 0 
7ff61811e000-7ff618125000 r--s 00000000 08:02 4459772                    /usr/lib/x86_64-linux-gnu/gconv/gconv-modules.cache
7ff618125000-7ff61812b000 rw-p 00000000 00:00 0 
7ff61812b000-7ff618132000 ---p 00000000 00:00 0 
7ff618132000-7ff61813a000 rw-s 00000000 08:02 2100958                    /tmp/hsperfdata_leanderson/8237
7ff61813a000-7ff61813b000 ---p 00000000 00:00 0 
7ff61813b000-7ff61813c000 r--p 00000000 00:00 0 
7ff61813c000-7ff61813e000 rw-p 00000000 00:00 0 
7ff61813e000-7ff61813f000 r--p 00027000 08:02 32248354                   /lib/x86_64-linux-gnu/ld-2.27.so
7ff61813f000-7ff618140000 rw-p 00028000 08:02 32248354                   /lib/x86_64-linux-gnu/ld-2.27.so
7ff618140000-7ff618141000 rw-p 00000000 00:00 0 
7ffe1924d000-7ffe1926e000 rw-p 00000000 00:00 0                          [stack]
7ffe193eb000-7ffe193ee000 r--p 00000000 00:00 0                          [vvar]
7ffe193ee000-7ffe193f0000 r-xp 00000000 00:00 0                          [vdso]
ffffffffff600000-ffffffffff601000 r-xp 00000000 00:00 0                  [vsyscall]


VM Arguments:
jvm_args: -Dfile.encoding=UTF-8 
java_command: com.lanchonete.view.TelaInicial
java_class_path (initial): /home/leanderson/Documentos/workspace-eclypse/projeto_POO_lanchonete/projeto_lanchonete_poo/bin:/home/leanderson/Documentos/workspace-eclypse/projeto_POO_lanchonete/projeto_lanchonete_poo/jgoodies-forms-1.8.0.jar:/home/leanderson/Documentos/workspace-eclypse/projeto_POO_lanchonete/projeto_lanchonete_poo/miglayout15-swing.jar
Launcher Type: SUN_STANDARD

Logging:
Log output configuration:
#0: stdout all=warning uptime,level,tags
#1: stderr all=off uptime,level,tags

Environment Variables:
PATH=/usr/local/sbin:/usr/local/bin:/usr/sbin:/usr/bin:/sbin:/bin:/usr/games:/usr/local/games:/snap/bin
USERNAME=leanderson
SHELL=/bin/bash
DISPLAY=:0

Signal Handlers:
SIGSEGV: [libjvm.so+0xd28ad0], sa_mask[0]=11111111011111111101111111111110, sa_flags=SA_RESTART|SA_SIGINFO
SIGBUS: [libjvm.so+0xd28ad0], sa_mask[0]=11111111011111111101111111111110, sa_flags=SA_RESTART|SA_SIGINFO
SIGFPE: [libjvm.so+0xd28ad0], sa_mask[0]=11111111011111111101111111111110, sa_flags=SA_RESTART|SA_SIGINFO
SIGPIPE: SIG_IGN, sa_mask[0]=00000000000010000000000000000000, sa_flags=SA_RESTART
SIGXFSZ: [libjvm.so+0xb2a150], sa_mask[0]=11111111011111111101111111111110, sa_flags=SA_RESTART|SA_SIGINFO
SIGILL: [libjvm.so+0xd28ad0], sa_mask[0]=11111111011111111101111111111110, sa_flags=SA_RESTART|SA_SIGINFO
SIGUSR2: [libjvm.so+0xb29f90], sa_mask[0]=00100000000000000000000000000000, sa_flags=SA_RESTART|SA_SIGINFO
SIGHUP: [libjvm.so+0xb2a0e0], sa_mask[0]=11111111011111111101111111111110, sa_flags=SA_RESTART|SA_SIGINFO
SIGINT: [libjvm.so+0xb2a0e0], sa_mask[0]=11111111011111111101111111111110, sa_flags=SA_RESTART|SA_SIGINFO
SIGTERM: [libjvm.so+0xb2a0e0], sa_mask[0]=11111111011111111101111111111110, sa_flags=SA_RESTART|SA_SIGINFO
SIGQUIT: [libjvm.so+0xb2a0e0], sa_mask[0]=11111111011111111101111111111110, sa_flags=SA_RESTART|SA_SIGINFO


---------------  S Y S T E M  ---------------

OS:DISTRIB_ID=Ubuntu
DISTRIB_RELEASE=18.04
DISTRIB_CODENAME=bionic
DISTRIB_DESCRIPTION="Ubuntu 18.04.1 LTS"
uname:Linux 4.15.0-34-generic #37-Ubuntu SMP Mon Aug 27 15:21:48 UTC 2018 x86_64
libc:glibc 2.27 NPTL 2.27 
rlimit: STACK 8192k, CORE 0k, NPROC 30996, NOFILE 1048576, AS infinity, DATA infinity, FSIZE infinity
load average:1,49 1,71 1,27

/proc/meminfo:
MemTotal:        8040448 kB
MemFree:         1743424 kB
MemAvailable:    5248908 kB
Buffers:          284004 kB
Cached:          3671660 kB
SwapCached:            0 kB
Active:          3214568 kB
Inactive:        2695412 kB
Active(anon):    1715092 kB
Inactive(anon):   547236 kB
Active(file):    1499476 kB
Inactive(file):  2148176 kB
Unevictable:         136 kB
Mlocked:             136 kB
SwapTotal:       2097148 kB
SwapFree:        2097148 kB
Dirty:               152 kB
Writeback:             0 kB
AnonPages:       1954476 kB
Mapped:           498760 kB
Shmem:            307672 kB
Slab:             231124 kB
SReclaimable:     164676 kB
SUnreclaim:        66448 kB
KernelStack:       13728 kB
PageTables:        38140 kB
NFS_Unstable:          0 kB
Bounce:                0 kB
WritebackTmp:          0 kB
CommitLimit:     6117372 kB
Committed_AS:    6267556 kB
VmallocTotal:   34359738367 kB
VmallocUsed:           0 kB
VmallocChunk:          0 kB
HardwareCorrupted:     0 kB
AnonHugePages:         0 kB
ShmemHugePages:        0 kB
ShmemPmdMapped:        0 kB
CmaTotal:              0 kB
CmaFree:               0 kB
HugePages_Total:       0
HugePages_Free:        0
HugePages_Rsvd:        0
HugePages_Surp:        0
Hugepagesize:       2048 kB
DirectMap4k:      280564 kB
DirectMap2M:     7981056 kB
DirectMap1G:           0 kB

container (cgroup) information:
container_type: cgroupv1
cpu_cpuset_cpus: 0-3
cpu_memory_nodes: 0
active_processor_count: 4
cpu_quota: -1
cpu_period: 100000
cpu_shares: -1
memory_limit_in_bytes: -1
memory_and_swap_limit_in_bytes: -2
memory_soft_limit_in_bytes: -1
memory_usage_in_bytes: 6051835904
memory_max_usage_in_bytes: 0


CPU:total 4 (initial active 4) (2 cores per cpu, 2 threads per core) family 6 model 142 stepping 9, cmov, cx8, fxsr, mmx, sse, sse2, sse3, ssse3, sse4.1, sse4.2, popcnt, avx, avx2, aes, clmul, erms, 3dnowpref, lzcnt, ht, tsc, tscinvbit, bmi1, bmi2, adx, fma
CPU Model and flags from /proc/cpuinfo:
model name	: Intel(R) Core(TM) i7-7500U CPU @ 2.70GHz
flags		: fpu vme de pse tsc msr pae mce cx8 apic sep mtrr pge mca cmov pat pse36 clflush dts acpi mmx fxsr sse sse2 ss ht tm pbe syscall nx pdpe1gb rdtscp lm constant_tsc art arch_perfmon pebs bts rep_good nopl xtopology nonstop_tsc cpuid aperfmperf tsc_known_freq pni pclmulqdq dtes64 monitor ds_cpl vmx est tm2 ssse3 sdbg fma cx16 xtpr pdcm pcid sse4_1 sse4_2 x2apic movbe popcnt tsc_deadline_timer aes xsave avx f16c rdrand lahf_lm abm 3dnowprefetch cpuid_fault epb invpcid_single pti ssbd ibrs ibpb stibp tpr_shadow vnmi flexpriority ept vpid fsgsbase tsc_adjust bmi1 avx2 smep bmi2 erms invpcid mpx rdseed adx smap clflushopt intel_pt xsaveopt xsavec xgetbv1 xsaves dtherm ida arat pln pts hwp hwp_notify hwp_act_window hwp_epp flush_l1d

Memory: 4k page, physical 8040448k(1743424k free), swap 2097148k(2097148k free)

vm_info: OpenJDK 64-Bit Server VM (10.0.2+13-Ubuntu-1ubuntu0.18.04.2) for linux-amd64 JRE (10.0.2+13-Ubuntu-1ubuntu0.18.04.2), built on Aug 24 2018 17:36:24 by "buildd" with gcc 7.3.0

END.
